[root@openeuler-riscv64 testsuite]# runtest -v --tool gcc dg.exp=patchable_function_entry-decl.c
Expect binary is expect
Using /home/install_runtest/share/dejagnu/runtest.exp as main test driver
Verbose level is 1
Login name is root
Using test sources in .
Using test binaries in /home/gcc/gcc/testsuite
Tool root directory is /home/gcc
Using /home/install_runtest/share/dejagnu to find libraries
Found /home/install_runtest/share/dejagnu/libexec/config.guess
Assuming build host is riscv64-unknown-linux-gnu
WARNING: Couldn't find the global config file.
Loading /home/install_runtest/share/dejagnu/utils.exp
Loading /home/install_runtest/share/dejagnu/framework.exp
Loading /home/install_runtest/share/dejagnu/debugger.exp
Loading /home/install_runtest/share/dejagnu/remote.exp
Loading /home/install_runtest/share/dejagnu/telnet.exp
Loading /home/install_runtest/share/dejagnu/rlogin.exp
Loading /home/install_runtest/share/dejagnu/kermit.exp
Loading /home/install_runtest/share/dejagnu/tip.exp
Loading /home/install_runtest/share/dejagnu/rsh.exp
Loading /home/install_runtest/share/dejagnu/ssh.exp
Loading /home/install_runtest/share/dejagnu/ftp.exp
Loading /home/install_runtest/share/dejagnu/target.exp
Loading /home/install_runtest/share/dejagnu/targetdb.exp
Loading /home/install_runtest/share/dejagnu/libgloss.exp
Loading library file ./lib/gcc.exp
Loading ./lib/prune.exp
Loading ./lib/multiline.exp
Loading ./lib/gcc-defs.exp
Loading ./lib/target-libpath.exp
Loading ./lib/wrapper.exp
Loading ./lib/target-utils.exp
Loading ./lib/target-supports.exp
Loading ./lib/timeout.exp
Testing gcc
Running only tests dg.exp=patchable_function_entry-decl.c
Opening log files in .
Test run by root on Wed May 17 22:36:24 2023
Native configuration is riscv64-unknown-linux-gnu

                === gcc tests ===

setting trap for SIGINT to interrupted by user
setting trap for SIGQUIT to interrupted by user
setting trap for SIGTERM to terminated
dirlist is /home/install_runtest/share/dejagnu/baseboards
pushing config for build, name is openeuler-riscv64
dirlist is /home/install_runtest/share/dejagnu/baseboards
pushing config for host, name is openeuler-riscv64
Schedule of variations:
    unix

target is unix
Running target unix
dirlist is /home/install_runtest/share/dejagnu/baseboards/openeuler-riscv64 /home/install_runtest/share/dejagnu/baseboards
Using /home/install_runtest/share/dejagnu/baseboards/unix.exp as board description file for target.
Using /home/install_runtest/share/dejagnu/config/unix.exp as generic interface file for target.
Using ./config/default.exp as tool-and-target-specific interface file.
Loading /home/install_runtest/share/dejagnu/standard.exp
pushing config for target, name is unix
Running ./gcc.dg/dg.exp ...
Loading ./lib/gcc-dg.exp
Loading /home/install_runtest/share/dejagnu/dg.exp
Loading ./lib/file-format.exp
Loading ./lib/target-supports-dg.exp
Loading ./lib/scanasm.exp
Loading ./lib/scanrtl.exp
Loading ./lib/scandump.exp
Loading ./lib/scantree.exp
Loading ./lib/scanltranstree.exp
Loading ./lib/scanipa.exp
Loading ./lib/scanwpaipa.exp
Loading ./lib/scanlang.exp
Loading ./lib/timeout-dg.exp
Loading ./lib/torture-options.exp
Loading ./lib/fortran-modules.exp
pid is 2417 -2417
pid is -1
output is /usr/lib/gcc/riscv64-linux-gnu/10.3.1/libgcc_s.so
 status 0
pid is 2421 -2421
pid is -1
output is .
 status 0
pid is 2424 -2424
pid is -1
output is .;
 status 0
LD_LIBRARY_PATH=:/usr/lib/gcc/riscv64-linux-gnu/10.3.1
LD_RUN_PATH=:/usr/lib/gcc/riscv64-linux-gnu/10.3.1
SHLIB_PATH=:/usr/lib/gcc/riscv64-linux-gnu/10.3.1
LD_LIBRARY_PATH_32=:/usr/lib/gcc/riscv64-linux-gnu/10.3.1
LD_LIBRARY_PATH_64=:/usr/lib/gcc/riscv64-linux-gnu/10.3.1
DYLD_LIBRARY_PATH=:/usr/lib/gcc/riscv64-linux-gnu/10.3.1
check_compile tool: gcc for lto
doing compile
pid is 2427 -2427
pid is -1
output is  status 0
check_compile tool: gcc for linker_plugin
doing compile
pid is 2432 -2432
pid is -1
output is  status 0