[root@openeuler-riscv64 testsuite]# runtest -v --tool gcc tree-ssa.exp=phi-opt-22.c
Expect binary is expect
Using /home/install_runtest/share/dejagnu/runtest.exp as main test driver
Verbose level is 1
Login name is root
Using test sources in .
Using test binaries in /home/gcc/gcc/testsuite
Tool root directory is /home/gcc
Using /home/install_runtest/share/dejagnu to find libraries
Found /home/install_runtest/share/dejagnu/libexec/config.guess
Assuming build host is riscv64-unknown-linux-gnu
WARNING: Couldn't find the global config file.
Loading /home/install_runtest/share/dejagnu/utils.exp
Loading /home/install_runtest/share/dejagnu/framework.exp
Loading /home/install_runtest/share/dejagnu/debugger.exp
Loading /home/install_runtest/share/dejagnu/remote.exp
Loading /home/install_runtest/share/dejagnu/telnet.exp
Loading /home/install_runtest/share/dejagnu/rlogin.exp
Loading /home/install_runtest/share/dejagnu/kermit.exp
Loading /home/install_runtest/share/dejagnu/tip.exp
Loading /home/install_runtest/share/dejagnu/rsh.exp
Loading /home/install_runtest/share/dejagnu/ssh.exp
Loading /home/install_runtest/share/dejagnu/ftp.exp
Loading /home/install_runtest/share/dejagnu/target.exp
Loading /home/install_runtest/share/dejagnu/targetdb.exp
Loading /home/install_runtest/share/dejagnu/libgloss.exp
Loading library file ./lib/gcc.exp
Loading ./lib/prune.exp
Loading ./lib/multiline.exp
Loading ./lib/gcc-defs.exp
Loading ./lib/target-libpath.exp
Loading ./lib/wrapper.exp
Loading ./lib/target-utils.exp
Loading ./lib/target-supports.exp
Loading ./lib/timeout.exp
Testing gcc
Running only tests tree-ssa.exp=phi-opt-22.c
Opening log files in .
Test run by root on Wed May 17 19:45:13 2023
Native configuration is riscv64-unknown-linux-gnu

                === gcc tests ===

setting trap for SIGINT to interrupted by user
setting trap for SIGQUIT to interrupted by user
setting trap for SIGTERM to terminated
dirlist is /home/install_runtest/share/dejagnu/baseboards
pushing config for build, name is openeuler-riscv64
dirlist is /home/install_runtest/share/dejagnu/baseboards
pushing config for host, name is openeuler-riscv64
Schedule of variations:
    unix

target is unix
Running target unix
dirlist is /home/install_runtest/share/dejagnu/baseboards/openeuler-riscv64 /home/install_runtest/share/dejagnu/baseboards
Using /home/install_runtest/share/dejagnu/baseboards/unix.exp as board description file for target.
Using /home/install_runtest/share/dejagnu/config/unix.exp as generic interface file for target.
Using ./config/default.exp as tool-and-target-specific interface file.
Loading /home/install_runtest/share/dejagnu/standard.exp
pushing config for target, name is unix
Running ./gcc.dg/tree-ssa/tree-ssa.exp ...
Loading ./lib/gcc-dg.exp
Loading /home/install_runtest/share/dejagnu/dg.exp
Loading ./lib/file-format.exp
Loading ./lib/target-supports-dg.exp
Loading ./lib/scanasm.exp
Loading ./lib/scanrtl.exp
Loading ./lib/scandump.exp
Loading ./lib/scantree.exp
Loading ./lib/scanltranstree.exp
Loading ./lib/scanipa.exp
Loading ./lib/scanwpaipa.exp
Loading ./lib/scanlang.exp
Loading ./lib/timeout-dg.exp
Loading ./lib/torture-options.exp
Loading ./lib/fortran-modules.exp
pid is 1411 -1411
pid is -1
output is /usr/lib/gcc/riscv64-linux-gnu/10.3.1/libgcc_s.so
 status 0
pid is 1415 -1415
pid is -1
output is .
 status 0
pid is 1418 -1418
pid is -1
output is .;
 status 0
LD_LIBRARY_PATH=:/usr/lib/gcc/riscv64-linux-gnu/10.3.1
LD_RUN_PATH=:/usr/lib/gcc/riscv64-linux-gnu/10.3.1
SHLIB_PATH=:/usr/lib/gcc/riscv64-linux-gnu/10.3.1
LD_LIBRARY_PATH_32=:/usr/lib/gcc/riscv64-linux-gnu/10.3.1
LD_LIBRARY_PATH_64=:/usr/lib/gcc/riscv64-linux-gnu/10.3.1
DYLD_LIBRARY_PATH=:/usr/lib/gcc/riscv64-linux-gnu/10.3.1
check_compile tool: gcc for lto
doing compile
pid is 1421 -1421
pid is -1
output is  status 0
check_compile tool: gcc for linker_plugin
doing compile
pid is 1426 -1426
pid is -1
output is  status 0
check_compile tool: gcc for offload_gcn
doing compile
pid is 1439 -1439
pid is -1
close result is 1439 exp6 0 1
output is gcc: fatal error: GCC is not configured to support amdgcn-amdhsa as offload target
compilation terminated.
 status 1
compiler exited with status 1
Testing tree-ssa/phi-opt-22.c
doing compile
pid is 1442 -1442
pid is -1
output is  status 0
check_compile tool: gcc for exceptions_enabled
doing compile
pid is 1446 -1446
pid is -1
close result is 1446 exp6 0 1
output is exceptions_enabled1363.c: In function 'foo':
exceptions_enabled1363.c:4:7: error: 'throw' undeclared (first use in this function)
exceptions_enabled1363.c:4:7: note: each undeclared identifier is reported only once for each function it appears in
exceptions_enabled1363.c:4:12: error: expected ';' before numeric constant
 status 1
compiler exited with status 1
FAIL: gcc.dg/tree-ssa/phi-opt-22.c scan-tree-dump-not phiopt2 "if"
gcc.dg/tree-ssa/phi-opt-22.c: pattern found 0 times
FAIL: gcc.dg/tree-ssa/phi-opt-22.c scan-tree-dump-times phiopt2 " << " 3

                === gcc Summary ===

# of expected passes            1
# of unexpected failures        2
pid is 1450 -1450
pid is -1
output is Using built-in specs.
COLLECT_GCC=gcc
COLLECT_LTO_WRAPPER=/usr/libexec/gcc/riscv64-linux-gnu/10.3.1/lto-wrapper
Target: riscv64-linux-gnu
Configured with: ../configure --prefix=/usr --mandir=/usr/share/man --infodir=/usr/share/info --enable-shared --enable-threads=posix --enable-checking=release --with-system-zlib --enable-__cxa_atexit --disable-libunwind-exceptions --enable-gnu-unique-object --enable-linker-build-id --with-linker-hash-style=gnu --enable-languages=c,c++,fortran,objc,obj-c++,lto --enable-plugin --enable-initfini-array --disable-libgcj --without-isl --without-cloog --enable-gnu-indirect-function --build=riscv64-linux-gnu --with-stage1-ldflags=' -Wl,-z,relro,-z,now' --with-boot-ldflags=' -Wl,-z,relro,-z,now' --disable-bootstrap --with-arch=rv64g --with-abi=lp64d --disable-libquadmath --disable-multilib
Thread model: posix
Supported LTO compression algorithms: zlib
gcc version 10.3.1 (GCC) 
 status 0
/usr/bin/gcc  version 10.3.1 (GCC) 

runtest completed at Wed May 17 19:45:23 2023