[Current] DELIVERY - Takes(s): 9.7, Count: 27, TPM: 167.4, Sum(ms): 4833.6, Avg(ms): 178.3, 50th(ms): 167.8, 90th(ms): 285.2, 95th(ms): 318.8, 99th(ms): 318.8, 99.9th(ms): 318.8, Max(ms): 318.8
[Current] NEW_ORDER - Takes(s): 9.8, Count: 254, TPM: 1548.4, Sum(ms): 36923.4, Avg(ms): 145.8, 50th(ms): 117.4, 90th(ms): 268.4, 95th(ms): 402.7, 99th(ms): 570.4, 99.9th(ms): 838.9, Max(ms): 838.9
[Current] ORDER_STATUS - Takes(s): 9.8, Count: 15, TPM: 92.2, Sum(ms): 106.6, Avg(ms): 7.1, 50th(ms): 7.9, 90th(ms): 8.9, 95th(ms): 8.9, 99th(ms): 11.5, 99.9th(ms): 11.5, Max(ms): 11.5
[Current] PAYMENT - Takes(s): 9.9, Count: 245, TPM: 1491.9, Sum(ms): 54135.3, Avg(ms): 220.9, 50th(ms): 167.8, 90th(ms): 486.5, 95th(ms): 604.0, 99th(ms): 805.3, 99.9th(ms): 1140.9, Max(ms): 1140.9
[Current] STOCK_LEVEL - Takes(s): 9.8, Count: 22, TPM: 135.1, Sum(ms): 452.0, Avg(ms): 20.6, 50th(ms): 11.0, 90th(ms): 21.0, 95th(ms): 100.7, 99th(ms): 121.6, 99.9th(ms): 121.6, Max(ms): 121.6
[Current] DELIVERY - Takes(s): 9.8, Count: 27, TPM: 165.8, Sum(ms): 4231.1, Avg(ms): 156.2, 50th(ms): 159.4, 90th(ms): 201.3, 95th(ms): 226.5, 99th(ms): 285.2, 99.9th(ms): 285.2, Max(ms): 285.2
[Current] NEW_ORDER - Takes(s): 10.0, Count: 274, TPM: 1644.8, Sum(ms): 37307.5, Avg(ms): 136.4, 50th(ms): 109.1, 90th(ms): 218.1, 95th(ms): 335.5, 99th(ms): 570.4, 99.9th(ms): 738.2, Max(ms): 738.2
[Current] ORDER_STATUS - Takes(s): 9.6, Count: 27, TPM: 168.7, Sum(ms): 164.3, Avg(ms): 6.0, 50th(ms): 6.3, 90th(ms): 8.4, 95th(ms): 8.9, 99th(ms): 9.4, 99.9th(ms): 9.4, Max(ms): 9.4
[Current] PAYMENT - Takes(s): 10.0, Count: 294, TPM: 1764.8, Sum(ms): 59295.4, Avg(ms): 202.0, 50th(ms): 167.8, 90th(ms): 385.9, 95th(ms): 469.8, 99th(ms): 604.0, 99.9th(ms): 1140.9, Max(ms): 1140.9
[Current] STOCK_LEVEL - Takes(s): 8.2, Count: 17, TPM: 124.2, Sum(ms): 448.3, Avg(ms): 26.4, 50th(ms): 10.0, 90th(ms): 58.7, 95th(ms): 100.7, 99th(ms): 121.6, 99.9th(ms): 121.6, Max(ms): 121.6
[Current] DELIVERY - Takes(s): 9.6, Count: 17, TPM: 106.5, Sum(ms): 3166.5, Avg(ms): 186.4, 50th(ms): 167.8, 90th(ms): 260.0, 95th(ms): 285.2, 99th(ms): 352.3, 99.9th(ms): 352.3, Max(ms): 352.3
[Current] NEW_ORDER - Takes(s): 9.9, Count: 221, TPM: 1333.4, Sum(ms): 32598.4, Avg(ms): 147.5, 50th(ms): 121.6, 90th(ms): 268.4, 95th(ms): 402.7, 99th(ms): 536.9, 99.9th(ms): 973.1, Max(ms): 973.1
[Current] ORDER_STATUS - Takes(s): 9.9, Count: 23, TPM: 139.7, Sum(ms): 128.5, Avg(ms): 5.6, 50th(ms): 6.3, 90th(ms): 7.3, 95th(ms): 7.3, 99th(ms): 7.9, 99.9th(ms): 7.9, Max(ms): 7.9
[Current] PAYMENT - Takes(s): 10.0, Count: 259, TPM: 1555.8, Sum(ms): 62392.6, Avg(ms): 241.4, 50th(ms): 201.3, 90th(ms): 503.3, 95th(ms): 604.0, 99th(ms): 906.0, 99.9th(ms): 1006.6, Max(ms): 1006.6
[Current] STOCK_LEVEL - Takes(s): 9.9, Count: 15, TPM: 90.9, Sum(ms): 432.3, Avg(ms): 29.0, 50th(ms): 8.4, 90th(ms): 79.7, 95th(ms): 79.7, 99th(ms): 92.3, 99.9th(ms): 92.3, Max(ms): 92.3
[Current] DELIVERY - Takes(s): 9.7, Count: 17, TPM: 104.8, Sum(ms): 2626.2, Avg(ms): 154.3, 50th(ms): 151.0, 90th(ms): 201.3, 95th(ms): 201.3, 99th(ms): 218.1, 99.9th(ms): 218.1, Max(ms): 218.1
[Current] NEW_ORDER - Takes(s): 9.9, Count: 269, TPM: 1628.9, Sum(ms): 37367.3, Avg(ms): 138.9, 50th(ms): 113.2, 90th(ms): 226.5, 95th(ms): 318.8, 99th(ms): 503.3, 99.9th(ms): 637.5, Max(ms): 637.5
[Current] ORDER_STATUS - Takes(s): 9.9, Count: 17, TPM: 103.0, Sum(ms): 109.8, Avg(ms): 6.4, 50th(ms): 6.8, 90th(ms): 7.9, 95th(ms): 7.9, 99th(ms): 7.9, 99.9th(ms): 7.9, Max(ms): 7.9
[Current] PAYMENT - Takes(s): 10.0, Count: 269, TPM: 1615.2, Sum(ms): 60915.7, Avg(ms): 226.7, 50th(ms): 184.5, 90th(ms): 453.0, 95th(ms): 570.4, 99th(ms): 704.6, 99.9th(ms): 805.3, Max(ms): 805.3
[Current] STOCK_LEVEL - Takes(s): 9.5, Count: 19, TPM: 119.9, Sum(ms): 362.2, Avg(ms): 19.1, 50th(ms): 8.4, 90th(ms): 60.8, 95th(ms): 60.8, 99th(ms): 75.5, 99.9th(ms): 75.5, Max(ms): 75.5
[Current] DELIVERY - Takes(s): 8.7, Count: 20, TPM: 138.3, Sum(ms): 3824.8, Avg(ms): 191.8, 50th(ms): 176.2, 90th(ms): 243.3, 95th(ms): 402.7, 99th(ms): 453.0, 99.9th(ms): 453.0, Max(ms): 453.0
[Current] NEW_ORDER - Takes(s): 10.0, Count: 286, TPM: 1723.1, Sum(ms): 40497.7, Avg(ms): 141.7, 50th(ms): 121.6, 90th(ms): 226.5, 95th(ms): 302.0, 99th(ms): 520.1, 99.9th(ms): 671.1, Max(ms): 671.1
[Current] ORDER_STATUS - Takes(s): 9.8, Count: 15, TPM: 91.7, Sum(ms): 89.7, Avg(ms): 6.0, 50th(ms): 6.3, 90th(ms): 7.9, 95th(ms): 7.9, 99th(ms): 8.4, 99.9th(ms): 8.4, Max(ms): 8.4
[Current] PAYMENT - Takes(s): 10.0, Count: 252, TPM: 1518.2, Sum(ms): 54594.8, Avg(ms): 216.5, 50th(ms): 201.3, 90th(ms): 436.2, 95th(ms): 503.3, 99th(ms): 637.5, 99.9th(ms): 704.6, Max(ms): 704.6
[Current] STOCK_LEVEL - Takes(s): 8.8, Count: 21, TPM: 143.5, Sum(ms): 688.2, Avg(ms): 32.8, 50th(ms): 8.9, 90th(ms): 113.2, 95th(ms): 117.4, 99th(ms): 130.0, 99.9th(ms): 130.0, Max(ms): 130.0
[Current] DELIVERY - Takes(s): 9.0, Count: 19, TPM: 127.1, Sum(ms): 3490.8, Avg(ms): 184.0, 50th(ms): 176.2, 90th(ms): 268.4, 95th(ms): 318.8, 99th(ms): 402.7, 99.9th(ms): 402.7, Max(ms): 402.7
[Current] NEW_ORDER - Takes(s): 10.0, Count: 285, TPM: 1711.2, Sum(ms): 38450.7, Avg(ms): 135.1, 50th(ms): 117.4, 90th(ms): 218.1, 95th(ms): 318.8, 99th(ms): 536.9, 99.9th(ms): 838.9, Max(ms): 838.9
[Current] ORDER_STATUS - Takes(s): 9.9, Count: 20, TPM: 121.2, Sum(ms): 121.4, Avg(ms): 6.1, 50th(ms): 6.3, 90th(ms): 7.9, 95th(ms): 7.9, 99th(ms): 7.9, 99.9th(ms): 7.9, Max(ms): 7.9
[Current] PAYMENT - Takes(s): 10.0, Count: 273, TPM: 1641.9, Sum(ms): 56534.6, Avg(ms): 207.3, 50th(ms): 176.2, 90th(ms): 419.4, 95th(ms): 503.3, 99th(ms): 704.6, 99.9th(ms): 771.8, Max(ms): 771.8
[Current] STOCK_LEVEL - Takes(s): 9.8, Count: 25, TPM: 153.0, Sum(ms): 603.9, Avg(ms): 24.2, 50th(ms): 8.4, 90th(ms): 83.9, 95th(ms): 88.1, 99th(ms): 100.7, 99.9th(ms): 100.7, Max(ms): 100.7
[Current] DELIVERY - Takes(s): 10.0, Count: 14, TPM: 84.2, Sum(ms): 2259.4, Avg(ms): 160.3, 50th(ms): 159.4, 90th(ms): 192.9, 95th(ms): 192.9, 99th(ms): 251.7, 99.9th(ms): 251.7, Max(ms): 251.7
[Current] NEW_ORDER - Takes(s): 9.9, Count: 260, TPM: 1570.0, Sum(ms): 36354.0, Avg(ms): 140.3, 50th(ms): 113.2, 90th(ms): 226.5, 95th(ms): 352.3, 99th(ms): 604.0, 99.9th(ms): 704.6, Max(ms): 704.6
[Current] ORDER_STATUS - Takes(s): 9.2, Count: 24, TPM: 156.9, Sum(ms): 185.6, Avg(ms): 7.8, 50th(ms): 5.2, 90th(ms): 7.9, 95th(ms): 7.9, 99th(ms): 58.7, 99.9th(ms): 58.7, Max(ms): 58.7
[Current] PAYMENT - Takes(s): 10.0, Count: 267, TPM: 1605.6, Sum(ms): 60956.6, Avg(ms): 228.7, 50th(ms): 176.2, 90th(ms): 503.3, 95th(ms): 604.0, 99th(ms): 704.6, 99.9th(ms): 771.8, Max(ms): 771.8
[Current] STOCK_LEVEL - Takes(s): 9.5, Count: 9, TPM: 56.6, Sum(ms): 335.1, Avg(ms): 37.1, 50th(ms): 9.4, 90th(ms): 83.9, 95th(ms): 100.7, 99th(ms): 100.7, 99.9th(ms): 100.7, Max(ms): 100.7
[Current] DELIVERY - Takes(s): 9.8, Count: 29, TPM: 178.3, Sum(ms): 5459.0, Avg(ms): 189.3, 50th(ms): 184.5, 90th(ms): 285.2, 95th(ms): 335.5, 99th(ms): 352.3, 99.9th(ms): 352.3, Max(ms): 352.3
[Current] NEW_ORDER - Takes(s): 10.0, Count: 262, TPM: 1574.2, Sum(ms): 39647.1, Avg(ms): 151.5, 50th(ms): 130.0, 90th(ms): 268.4, 95th(ms): 369.1, 99th(ms): 671.1, 99.9th(ms): 872.4, Max(ms): 872.4
[Current] ORDER_STATUS - Takes(s): 9.7, Count: 21, TPM: 130.0, Sum(ms): 119.3, Avg(ms): 5.6, 50th(ms): 6.3, 90th(ms): 7.3, 95th(ms): 7.3, 99th(ms): 8.9, 99.9th(ms): 8.9, Max(ms): 8.9
[Current] PAYMENT - Takes(s): 10.0, Count: 246, TPM: 1483.4, Sum(ms): 53868.7, Avg(ms): 219.0, 50th(ms): 167.8, 90th(ms): 469.8, 95th(ms): 570.4, 99th(ms): 704.6, 99.9th(ms): 771.8, Max(ms): 771.8
[Current] STOCK_LEVEL - Takes(s): 9.7, Count: 25, TPM: 154.7, Sum(ms): 668.3, Avg(ms): 26.8, 50th(ms): 8.4, 90th(ms): 75.5, 95th(ms): 75.5, 99th(ms): 125.8, 99.9th(ms): 125.8, Max(ms): 125.8
[Current] DELIVERY - Takes(s): 9.3, Count: 31, TPM: 199.3, Sum(ms): 5076.4, Avg(ms): 163.9, 50th(ms): 167.8, 90th(ms): 218.1, 95th(ms): 234.9, 99th(ms): 302.0, 99.9th(ms): 302.0, Max(ms): 302.0
[Current] NEW_ORDER - Takes(s): 10.0, Count: 297, TPM: 1789.8, Sum(ms): 37431.1, Avg(ms): 126.1, 50th(ms): 100.7, 90th(ms): 226.5, 95th(ms): 335.5, 99th(ms): 570.4, 99.9th(ms): 704.6, Max(ms): 704.6
[Current] ORDER_STATUS - Takes(s): 9.8, Count: 21, TPM: 128.1, Sum(ms): 124.8, Avg(ms): 6.0, 50th(ms): 6.8, 90th(ms): 7.3, 95th(ms): 7.9, 99th(ms): 7.9, 99.9th(ms): 7.9, Max(ms): 7.9
[Current] PAYMENT - Takes(s): 10.0, Count: 279, TPM: 1681.3, Sum(ms): 56340.3, Avg(ms): 202.0, 50th(ms): 159.4, 90th(ms): 436.2, 95th(ms): 570.4, 99th(ms): 738.2, 99.9th(ms): 805.3, Max(ms): 805.3
[Current] STOCK_LEVEL - Takes(s): 10.0, Count: 30, TPM: 180.1, Sum(ms): 733.8, Avg(ms): 24.4, 50th(ms): 8.4, 90th(ms): 88.1, 95th(ms): 92.3, 99th(ms): 109.1, 99.9th(ms): 109.1, Max(ms): 109.1
[Current] DELIVERY - Takes(s): 9.1, Count: 18, TPM: 118.0, Sum(ms): 3133.6, Avg(ms): 174.4, 50th(ms): 159.4, 90th(ms): 234.9, 95th(ms): 243.3, 99th(ms): 285.2, 99.9th(ms): 285.2, Max(ms): 285.2
[Current] NEW_ORDER - Takes(s): 9.9, Count: 310, TPM: 1874.5, Sum(ms): 43313.4, Avg(ms): 139.9, 50th(ms): 113.2, 90th(ms): 243.3, 95th(ms): 352.3, 99th(ms): 469.8, 99.9th(ms): 637.5, Max(ms): 637.5
[Current] ORDER_STATUS - Takes(s): 9.8, Count: 28, TPM: 170.9, Sum(ms): 167.2, Avg(ms): 6.0, 50th(ms): 6.8, 90th(ms): 7.3, 95th(ms): 7.3, 99th(ms): 9.4, 99.9th(ms): 9.4, Max(ms): 9.4
[Current] PAYMENT - Takes(s): 9.9, Count: 265, TPM: 1602.4, Sum(ms): 52318.8, Avg(ms): 197.4, 50th(ms): 159.4, 90th(ms): 402.7, 95th(ms): 469.8, 99th(ms): 637.5, 99.9th(ms): 939.5, Max(ms): 939.5
[Current] STOCK_LEVEL - Takes(s): 9.9, Count: 41, TPM: 248.1, Sum(ms): 802.3, Avg(ms): 19.6, 50th(ms): 8.9, 90th(ms): 56.6, 95th(ms): 71.3, 99th(ms): 142.6, 99.9th(ms): 142.6, Max(ms): 142.6
[Current] DELIVERY - Takes(s): 9.4, Count: 24, TPM: 152.9, Sum(ms): 4383.4, Avg(ms): 183.5, 50th(ms): 167.8, 90th(ms): 260.0, 95th(ms): 302.0, 99th(ms): 369.1, 99.9th(ms): 369.1, Max(ms): 369.1
[Current] NEW_ORDER - Takes(s): 9.9, Count: 247, TPM: 1491.0, Sum(ms): 34053.8, Avg(ms): 137.9, 50th(ms): 117.4, 90th(ms): 226.5, 95th(ms): 335.5, 99th(ms): 570.4, 99.9th(ms): 637.5, Max(ms): 637.5
[Current] ORDER_STATUS - Takes(s): 10.0, Count: 25, TPM: 150.2, Sum(ms): 148.4, Avg(ms): 6.0, 50th(ms): 6.8, 90th(ms): 8.4, 95th(ms): 8.4, 99th(ms): 9.4, 99.9th(ms): 9.4, Max(ms): 9.4
[Current] PAYMENT - Takes(s): 10.0, Count: 251, TPM: 1507.3, Sum(ms): 61451.8, Avg(ms): 245.0, 50th(ms): 201.3, 90th(ms): 520.1, 95th(ms): 604.0, 99th(ms): 738.2, 99.9th(ms): 838.9, Max(ms): 838.9
[Current] STOCK_LEVEL - Takes(s): 9.9, Count: 19, TPM: 114.8, Sum(ms): 320.6, Avg(ms): 16.8, 50th(ms): 8.4, 90th(ms): 48.2, 95th(ms): 52.4, 99th(ms): 88.1, 99.9th(ms): 88.1, Max(ms): 88.1
[Current] DELIVERY - Takes(s): 8.4, Count: 21, TPM: 150.0, Sum(ms): 3719.5, Avg(ms): 177.2, 50th(ms): 176.2, 90th(ms): 209.7, 95th(ms): 218.1, 99th(ms): 352.3, 99.9th(ms): 352.3, Max(ms): 352.3
[Current] NEW_ORDER - Takes(s): 9.9, Count: 270, TPM: 1630.1, Sum(ms): 39305.2, Avg(ms): 145.6, 50th(ms): 121.6, 90th(ms): 260.0, 95th(ms): 385.9, 99th(ms): 570.4, 99.9th(ms): 738.2, Max(ms): 738.2
[Current] ORDER_STATUS - Takes(s): 9.9, Count: 16, TPM: 96.7, Sum(ms): 96.2, Avg(ms): 6.1, 50th(ms): 6.8, 90th(ms): 7.3, 95th(ms): 7.3, 99th(ms): 8.9, 99.9th(ms): 8.9, Max(ms): 8.9
[Current] PAYMENT - Takes(s): 9.9, Count: 224, TPM: 1352.4, Sum(ms): 54168.0, Avg(ms): 241.9, 50th(ms): 176.2, 90th(ms): 520.1, 95th(ms): 637.5, 99th(ms): 939.5, 99.9th(ms): 1073.7, Max(ms): 1073.7
[Current] STOCK_LEVEL - Takes(s): 9.9, Count: 26, TPM: 157.5, Sum(ms): 715.7, Avg(ms): 27.6, 50th(ms): 8.4, 90th(ms): 92.3, 95th(ms): 104.9, 99th(ms): 142.6, 99.9th(ms): 142.6, Max(ms): 142.6
[Current] DELIVERY - Takes(s): 8.8, Count: 27, TPM: 184.0, Sum(ms): 4708.0, Avg(ms): 174.1, 50th(ms): 176.2, 90th(ms): 226.5, 95th(ms): 251.7, 99th(ms): 285.2, 99.9th(ms): 285.2, Max(ms): 285.2
[Current] NEW_ORDER - Takes(s): 10.0, Count: 299, TPM: 1800.9, Sum(ms): 41206.1, Avg(ms): 137.8, 50th(ms): 113.2, 90th(ms): 234.9, 95th(ms): 335.5, 99th(ms): 536.9, 99.9th(ms): 771.8, Max(ms): 771.8
[Current] ORDER_STATUS - Takes(s): 9.7, Count: 13, TPM: 80.1, Sum(ms): 74.6, Avg(ms): 5.7, 50th(ms): 6.3, 90th(ms): 6.8, 95th(ms): 6.8, 99th(ms): 7.3, 99.9th(ms): 7.3, Max(ms): 7.3
[Current] PAYMENT - Takes(s): 9.8, Count: 255, TPM: 1553.7, Sum(ms): 55199.0, Avg(ms): 216.4, 50th(ms): 176.2, 90th(ms): 486.5, 95th(ms): 570.4, 99th(ms): 671.1, 99.9th(ms): 704.6, Max(ms): 704.6
[Current] STOCK_LEVEL - Takes(s): 9.5, Count: 17, TPM: 107.7, Sum(ms): 286.9, Avg(ms): 16.9, 50th(ms): 7.9, 90th(ms): 39.8, 95th(ms): 44.0, 99th(ms): 83.9, 99.9th(ms): 83.9, Max(ms): 83.9
[Current] DELIVERY - Takes(s): 9.9, Count: 19, TPM: 114.6, Sum(ms): 2984.3, Avg(ms): 157.8, 50th(ms): 167.8, 90th(ms): 192.9, 95th(ms): 218.1, 99th(ms): 234.9, 99.9th(ms): 234.9, Max(ms): 234.9
[Current] NEW_ORDER - Takes(s): 10.0, Count: 229, TPM: 1380.1, Sum(ms): 35062.7, Avg(ms): 153.3, 50th(ms): 117.4, 90th(ms): 260.0, 95th(ms): 385.9, 99th(ms): 771.8, 99.9th(ms): 805.3, Max(ms): 805.3
[Current] ORDER_STATUS - Takes(s): 9.9, Count: 20, TPM: 121.0, Sum(ms): 119.2, Avg(ms): 5.9, 50th(ms): 6.3, 90th(ms): 7.9, 95th(ms): 7.9, 99th(ms): 7.9, 99.9th(ms): 7.9, Max(ms): 7.9
[Current] PAYMENT - Takes(s): 9.9, Count: 227, TPM: 1372.9, Sum(ms): 60715.0, Avg(ms): 267.3, 50th(ms): 218.1, 90th(ms): 570.4, 95th(ms): 637.5, 99th(ms): 838.9, 99.9th(ms): 906.0, Max(ms): 906.0
[Current] STOCK_LEVEL - Takes(s): 9.3, Count: 23, TPM: 147.6, Sum(ms): 637.9, Avg(ms): 27.4, 50th(ms): 9.4, 90th(ms): 75.5, 95th(ms): 96.5, 99th(ms): 184.5, 99.9th(ms): 184.5, Max(ms): 184.5
[Current] DELIVERY - Takes(s): 8.8, Count: 27, TPM: 183.2, Sum(ms): 4923.1, Avg(ms): 182.0, 50th(ms): 176.2, 90th(ms): 251.7, 95th(ms): 260.0, 99th(ms): 318.8, 99.9th(ms): 318.8, Max(ms): 318.8
[Current] NEW_ORDER - Takes(s): 10.0, Count: 264, TPM: 1588.2, Sum(ms): 41370.3, Avg(ms): 157.0, 50th(ms): 130.0, 90th(ms): 268.4, 95th(ms): 385.9, 99th(ms): 671.1, 99.9th(ms): 771.8, Max(ms): 771.8
[Current] ORDER_STATUS - Takes(s): 9.9, Count: 24, TPM: 145.6, Sum(ms): 151.9, Avg(ms): 6.4, 50th(ms): 6.8, 90th(ms): 7.9, 95th(ms): 7.9, 99th(ms): 8.4, 99.9th(ms): 8.4, Max(ms): 8.4
[Current] PAYMENT - Takes(s): 10.0, Count: 228, TPM: 1371.6, Sum(ms): 53244.5, Avg(ms): 233.2, 50th(ms): 201.3, 90th(ms): 453.0, 95th(ms): 570.4, 99th(ms): 671.1, 99.9th(ms): 704.6, Max(ms): 704.6
[Current] STOCK_LEVEL - Takes(s): 9.8, Count: 27, TPM: 165.8, Sum(ms): 871.3, Avg(ms): 32.2, 50th(ms): 9.4, 90th(ms): 100.7, 95th(ms): 117.4, 99th(ms): 134.2, 99.9th(ms): 134.2, Max(ms): 134.2
[Current] DELIVERY - Takes(s): 9.9, Count: 29, TPM: 175.8, Sum(ms): 4785.4, Avg(ms): 164.4, 50th(ms): 159.4, 90th(ms): 234.9, 95th(ms): 285.2, 99th(ms): 369.1, 99.9th(ms): 369.1, Max(ms): 369.1
[Current] NEW_ORDER - Takes(s): 9.9, Count: 307, TPM: 1860.8, Sum(ms): 39121.5, Avg(ms): 127.4, 50th(ms): 104.9, 90th(ms): 226.5, 95th(ms): 318.8, 99th(ms): 503.3, 99.9th(ms): 637.5, Max(ms): 637.5
[Current] ORDER_STATUS - Takes(s): 9.8, Count: 28, TPM: 171.7, Sum(ms): 163.8, Avg(ms): 5.9, 50th(ms): 6.3, 90th(ms): 7.9, 95th(ms): 8.4, 99th(ms): 8.4, 99.9th(ms): 8.4, Max(ms): 8.4
[Current] PAYMENT - Takes(s): 9.9, Count: 290, TPM: 1752.8, Sum(ms): 55067.4, Avg(ms): 189.7, 50th(ms): 167.8, 90th(ms): 385.9, 95th(ms): 453.0, 99th(ms): 503.3, 99.9th(ms): 570.4, Max(ms): 570.4
[Current] STOCK_LEVEL - Takes(s): 9.7, Count: 17, TPM: 105.4, Sum(ms): 326.9, Avg(ms): 19.2, 50th(ms): 8.4, 90th(ms): 48.2, 95th(ms): 75.5, 99th(ms): 79.7, 99.9th(ms): 79.7, Max(ms): 79.7
[Current] DELIVERY - Takes(s): 10.0, Count: 41, TPM: 246.0, Sum(ms): 6521.9, Avg(ms): 159.3, 50th(ms): 151.0, 90th(ms): 226.5, 95th(ms): 234.9, 99th(ms): 419.4, 99.9th(ms): 419.4, Max(ms): 419.4
[Current] NEW_ORDER - Takes(s): 10.0, Count: 316, TPM: 1896.9, Sum(ms): 36614.1, Avg(ms): 115.9, 50th(ms): 100.7, 90th(ms): 201.3, 95th(ms): 251.7, 99th(ms): 402.7, 99.9th(ms): 637.5, Max(ms): 637.5
[Current] ORDER_STATUS - Takes(s): 10.0, Count: 31, TPM: 186.9, Sum(ms): 172.8, Avg(ms): 5.5, 50th(ms): 5.8, 90th(ms): 7.9, 95th(ms): 7.9, 99th(ms): 7.9, 99.9th(ms): 7.9, Max(ms): 7.9
[Current] PAYMENT - Takes(s): 10.0, Count: 311, TPM: 1866.0, Sum(ms): 56907.1, Avg(ms): 183.2, 50th(ms): 151.0, 90th(ms): 385.9, 95th(ms): 436.2, 99th(ms): 570.4, 99.9th(ms): 771.8, Max(ms): 771.8
[Current] STOCK_LEVEL - Takes(s): 9.7, Count: 30, TPM: 186.0, Sum(ms): 410.1, Avg(ms): 13.7, 50th(ms): 7.9, 90th(ms): 13.6, 95th(ms): 62.9, 99th(ms): 96.5, 99.9th(ms): 96.5, Max(ms): 96.5
[Current] DELIVERY - Takes(s): 9.9, Count: 36, TPM: 217.5, Sum(ms): 5718.1, Avg(ms): 158.7, 50th(ms): 151.0, 90th(ms): 234.9, 95th(ms): 251.7, 99th(ms): 268.4, 99.9th(ms): 268.4, Max(ms): 268.4
[Current] NEW_ORDER - Takes(s): 10.0, Count: 316, TPM: 1900.7, Sum(ms): 40949.7, Avg(ms): 129.6, 50th(ms): 100.7, 90th(ms): 251.7, 95th(ms): 352.3, 99th(ms): 469.8, 99.9th(ms): 838.9, Max(ms): 838.9
[Current] ORDER_STATUS - Takes(s): 9.7, Count: 25, TPM: 153.9, Sum(ms): 146.0, Avg(ms): 5.8, 50th(ms): 6.8, 90th(ms): 7.9, 95th(ms): 7.9, 99th(ms): 7.9, 99.9th(ms): 7.9, Max(ms): 7.9
[Current] PAYMENT - Takes(s): 10.0, Count: 292, TPM: 1756.3, Sum(ms): 51752.5, Avg(ms): 177.2, 50th(ms): 125.8, 90th(ms): 402.7, 95th(ms): 469.8, 99th(ms): 637.5, 99.9th(ms): 939.5, Max(ms): 939.5
[Current] STOCK_LEVEL - Takes(s): 9.9, Count: 30, TPM: 181.8, Sum(ms): 637.5, Avg(ms): 21.4, 50th(ms): 8.9, 90th(ms): 52.4, 95th(ms): 79.7, 99th(ms): 100.7, 99.9th(ms): 100.7, Max(ms): 100.7
[Current] DELIVERY - Takes(s): 9.9, Count: 27, TPM: 164.4, Sum(ms): 4285.1, Avg(ms): 158.9, 50th(ms): 151.0, 90th(ms): 201.3, 95th(ms): 226.5, 99th(ms): 226.5, 99.9th(ms): 226.5, Max(ms): 226.5
[Current] NEW_ORDER - Takes(s): 10.0, Count: 252, TPM: 1515.3, Sum(ms): 35677.2, Avg(ms): 141.8, 50th(ms): 109.1, 90th(ms): 243.3, 95th(ms): 335.5, 99th(ms): 570.4, 99.9th(ms): 604.0, Max(ms): 604.0
[Current] ORDER_STATUS - Takes(s): 9.8, Count: 21, TPM: 128.9, Sum(ms): 116.9, Avg(ms): 5.6, 50th(ms): 6.3, 90th(ms): 7.3, 95th(ms): 7.9, 99th(ms): 7.9, 99.9th(ms): 7.9, Max(ms): 7.9
[Current] PAYMENT - Takes(s): 10.0, Count: 263, TPM: 1579.9, Sum(ms): 58762.7, Avg(ms): 223.5, 50th(ms): 176.2, 90th(ms): 486.5, 95th(ms): 637.5, 99th(ms): 805.3, 99.9th(ms): 906.0, Max(ms): 906.0
[Current] STOCK_LEVEL - Takes(s): 10.0, Count: 18, TPM: 108.0, Sum(ms): 562.3, Avg(ms): 31.4, 50th(ms): 8.9, 90th(ms): 83.9, 95th(ms): 92.3, 99th(ms): 121.6, 99.9th(ms): 121.6, Max(ms): 121.6
[Current] DELIVERY - Takes(s): 9.4, Count: 21, TPM: 134.1, Sum(ms): 3160.8, Avg(ms): 150.4, 50th(ms): 142.6, 90th(ms): 201.3, 95th(ms): 218.1, 99th(ms): 251.7, 99.9th(ms): 251.7, Max(ms): 251.7
[Current] NEW_ORDER - Takes(s): 10.0, Count: 284, TPM: 1706.5, Sum(ms): 35694.9, Avg(ms): 126.0, 50th(ms): 100.7, 90th(ms): 226.5, 95th(ms): 285.2, 99th(ms): 520.1, 99.9th(ms): 771.8, Max(ms): 771.8
[Current] ORDER_STATUS - Takes(s): 9.7, Count: 32, TPM: 198.9, Sum(ms): 184.3, Avg(ms): 5.7, 50th(ms): 6.3, 90th(ms): 7.3, 95th(ms): 7.3, 99th(ms): 7.9, 99.9th(ms): 7.9, Max(ms): 7.9
[Current] PAYMENT - Takes(s): 10.0, Count: 260, TPM: 1562.3, Sum(ms): 60117.8, Avg(ms): 231.6, 50th(ms): 184.5, 90th(ms): 486.5, 95th(ms): 570.4, 99th(ms): 671.1, 99.9th(ms): 738.2, Max(ms): 738.2
[Current] STOCK_LEVEL - Takes(s): 9.5, Count: 20, TPM: 126.1, Sum(ms): 452.6, Avg(ms): 22.5, 50th(ms): 8.4, 90th(ms): 52.4, 95th(ms): 54.5, 99th(ms): 96.5, 99.9th(ms): 96.5, Max(ms): 96.5
[Current] DELIVERY - Takes(s): 8.4, Count: 19, TPM: 135.7, Sum(ms): 3092.1, Avg(ms): 162.7, 50th(ms): 151.0, 90th(ms): 218.1, 95th(ms): 260.0, 99th(ms): 369.1, 99.9th(ms): 369.1, Max(ms): 369.1
[Current] NEW_ORDER - Takes(s): 10.0, Count: 285, TPM: 1711.5, Sum(ms): 35969.4, Avg(ms): 126.2, 50th(ms): 104.9, 90th(ms): 243.3, 95th(ms): 335.5, 99th(ms): 453.0, 99.9th(ms): 570.4, Max(ms): 570.4
[Current] ORDER_STATUS - Takes(s): 10.0, Count: 27, TPM: 162.2, Sum(ms): 156.9, Avg(ms): 5.8, 50th(ms): 6.3, 90th(ms): 7.3, 95th(ms): 7.9, 99th(ms): 8.4, 99.9th(ms): 8.4, Max(ms): 8.4
[Current] PAYMENT - Takes(s): 10.0, Count: 292, TPM: 1753.4, Sum(ms): 59137.7, Avg(ms): 202.7, 50th(ms): 176.2, 90th(ms): 402.7, 95th(ms): 469.8, 99th(ms): 637.5, 99.9th(ms): 838.9, Max(ms): 838.9
[Current] STOCK_LEVEL - Takes(s): 9.9, Count: 28, TPM: 169.4, Sum(ms): 897.7, Avg(ms): 32.0, 50th(ms): 8.4, 90th(ms): 109.1, 95th(ms): 113.2, 99th(ms): 142.6, 99.9th(ms): 142.6, Max(ms): 142.6
[Current] DELIVERY - Takes(s): 9.0, Count: 19, TPM: 126.3, Sum(ms): 2963.7, Avg(ms): 156.2, 50th(ms): 151.0, 90th(ms): 201.3, 95th(ms): 209.7, 99th(ms): 251.7, 99.9th(ms): 251.7, Max(ms): 251.7
[Current] NEW_ORDER - Takes(s): 10.0, Count: 250, TPM: 1502.9, Sum(ms): 36497.1, Avg(ms): 145.7, 50th(ms): 117.4, 90th(ms): 251.7, 95th(ms): 335.5, 99th(ms): 738.2, 99.9th(ms): 1208.0, Max(ms): 1208.0
[Current] ORDER_STATUS - Takes(s): 9.9, Count: 28, TPM: 169.0, Sum(ms): 160.2, Avg(ms): 5.7, 50th(ms): 6.3, 90th(ms): 7.3, 95th(ms): 7.3, 99th(ms): 7.9, 99.9th(ms): 7.9, Max(ms): 7.9
[Current] PAYMENT - Takes(s): 9.9, Count: 233, TPM: 1405.6, Sum(ms): 60233.7, Avg(ms): 259.1, 50th(ms): 192.9, 90th(ms): 520.1, 95th(ms): 671.1, 99th(ms): 1275.1, 99.9th(ms): 1610.6, Max(ms): 1610.6
[Current] STOCK_LEVEL - Takes(s): 9.8, Count: 20, TPM: 122.1, Sum(ms): 428.5, Avg(ms): 21.5, 50th(ms): 8.4, 90th(ms): 75.5, 95th(ms): 88.1, 99th(ms): 88.1, 99.9th(ms): 88.1, Max(ms): 88.1
[Current] DELIVERY - Takes(s): 9.8, Count: 17, TPM: 103.9, Sum(ms): 3482.3, Avg(ms): 205.5, 50th(ms): 209.7, 90th(ms): 285.2, 95th(ms): 302.0, 99th(ms): 385.9, 99.9th(ms): 385.9, Max(ms): 385.9
[Current] NEW_ORDER - Takes(s): 10.0, Count: 246, TPM: 1479.4, Sum(ms): 35386.1, Avg(ms): 143.7, 50th(ms): 113.2, 90th(ms): 268.4, 95th(ms): 385.9, 99th(ms): 604.0, 99.9th(ms): 738.2, Max(ms): 738.2
[Current] ORDER_STATUS - Takes(s): 8.8, Count: 15, TPM: 102.7, Sum(ms): 81.3, Avg(ms): 5.4, 50th(ms): 5.2, 90th(ms): 7.3, 95th(ms): 7.3, 99th(ms): 7.9, 99.9th(ms): 7.9, Max(ms): 7.9
[Current] PAYMENT - Takes(s): 10.0, Count: 258, TPM: 1551.6, Sum(ms): 60821.9, Avg(ms): 235.3, 50th(ms): 184.5, 90th(ms): 469.8, 95th(ms): 570.4, 99th(ms): 704.6, 99.9th(ms): 906.0, Max(ms): 906.0
[Current] STOCK_LEVEL - Takes(s): 9.8, Count: 20, TPM: 122.3, Sum(ms): 397.8, Avg(ms): 19.8, 50th(ms): 8.9, 90th(ms): 50.3, 95th(ms): 71.3, 99th(ms): 96.5, 99.9th(ms): 96.5, Max(ms): 96.5
[Current] DELIVERY - Takes(s): 9.7, Count: 18, TPM: 110.8, Sum(ms): 3492.7, Avg(ms): 192.9, 50th(ms): 192.9, 90th(ms): 234.9, 95th(ms): 251.7, 99th(ms): 369.1, 99.9th(ms): 369.1, Max(ms): 369.1
[Current] NEW_ORDER - Takes(s): 10.0, Count: 241, TPM: 1446.0, Sum(ms): 37668.2, Avg(ms): 156.4, 50th(ms): 130.0, 90th(ms): 285.2, 95th(ms): 335.5, 99th(ms): 637.5, 99.9th(ms): 973.1, Max(ms): 973.1
[Current] ORDER_STATUS - Takes(s): 9.9, Count: 18, TPM: 109.0, Sum(ms): 96.9, Avg(ms): 5.4, 50th(ms): 5.2, 90th(ms): 6.8, 95th(ms): 7.3, 99th(ms): 7.3, 99.9th(ms): 7.3, Max(ms): 7.3
[Current] PAYMENT - Takes(s): 10.0, Count: 221, TPM: 1326.0, Sum(ms): 57897.0, Avg(ms): 261.7, 50th(ms): 218.1, 90th(ms): 520.1, 95th(ms): 671.1, 99th(ms): 838.9, 99.9th(ms): 939.5, Max(ms): 939.5
[Current] STOCK_LEVEL - Takes(s): 9.9, Count: 21, TPM: 127.2, Sum(ms): 557.4, Avg(ms): 26.5, 50th(ms): 7.9, 90th(ms): 67.1, 95th(ms): 75.5, 99th(ms): 104.9, 99.9th(ms): 104.9, Max(ms): 104.9
[Current] DELIVERY - Takes(s): 9.8, Count: 23, TPM: 140.3, Sum(ms): 6161.1, Avg(ms): 267.8, 50th(ms): 243.3, 90th(ms): 419.4, 95th(ms): 570.4, 99th(ms): 671.1, 99.9th(ms): 671.1, Max(ms): 671.1
[Current] NEW_ORDER - Takes(s): 10.0, Count: 215, TPM: 1291.0, Sum(ms): 35040.6, Avg(ms): 163.0, 50th(ms): 142.6, 90th(ms): 268.4, 95th(ms): 352.3, 99th(ms): 671.1, 99.9th(ms): 939.5, Max(ms): 939.5
[Current] ORDER_STATUS - Takes(s): 9.3, Count: 19, TPM: 122.2, Sum(ms): 116.2, Avg(ms): 6.2, 50th(ms): 6.8, 90th(ms): 8.4, 95th(ms): 8.4, 99th(ms): 8.4, 99.9th(ms): 8.4, Max(ms): 8.4
[Current] PAYMENT - Takes(s): 10.0, Count: 207, TPM: 1242.9, Sum(ms): 59083.2, Avg(ms): 285.5, 50th(ms): 218.1, 90th(ms): 637.5, 95th(ms): 738.2, 99th(ms): 872.4, 99.9th(ms): 872.4, Max(ms): 872.4
[Current] STOCK_LEVEL - Takes(s): 9.3, Count: 20, TPM: 128.6, Sum(ms): 711.8, Avg(ms): 35.5, 50th(ms): 9.4, 90th(ms): 71.3, 95th(ms): 92.3, 99th(ms): 167.8, 99.9th(ms): 167.8, Max(ms): 167.8
[Current] DELIVERY - Takes(s): 9.9, Count: 23, TPM: 138.8, Sum(ms): 4953.3, Avg(ms): 214.9, 50th(ms): 201.3, 90th(ms): 302.0, 95th(ms): 318.8, 99th(ms): 570.4, 99.9th(ms): 570.4, Max(ms): 570.4
[Current] NEW_ORDER - Takes(s): 10.0, Count: 214, TPM: 1288.3, Sum(ms): 37343.7, Avg(ms): 174.6, 50th(ms): 142.6, 90th(ms): 318.8, 95th(ms): 469.8, 99th(ms): 604.0, 99.9th(ms): 973.1, Max(ms): 973.1
[Current] ORDER_STATUS - Takes(s): 9.8, Count: 14, TPM: 85.3, Sum(ms): 103.7, Avg(ms): 7.5, 50th(ms): 6.8, 90th(ms): 8.9, 95th(ms): 8.9, 99th(ms): 16.3, 99.9th(ms): 16.3, Max(ms): 16.3
[Current] PAYMENT - Takes(s): 10.0, Count: 206, TPM: 1237.5, Sum(ms): 55581.9, Avg(ms): 269.7, 50th(ms): 218.1, 90th(ms): 570.4, 95th(ms): 704.6, 99th(ms): 939.5, 99.9th(ms): 1140.9, Max(ms): 1140.9
[Current] STOCK_LEVEL - Takes(s): 9.6, Count: 24, TPM: 150.3, Sum(ms): 640.8, Avg(ms): 26.4, 50th(ms): 7.9, 90th(ms): 75.5, 95th(ms): 109.1, 99th(ms): 226.5, 99.9th(ms): 226.5, Max(ms): 226.5
[Current] DELIVERY - Takes(s): 9.4, Count: 27, TPM: 173.0, Sum(ms): 5880.4, Avg(ms): 218.8, 50th(ms): 201.3, 90th(ms): 285.2, 95th(ms): 402.7, 99th(ms): 419.4, 99.9th(ms): 419.4, Max(ms): 419.4
[Current] NEW_ORDER - Takes(s): 10.0, Count: 233, TPM: 1400.2, Sum(ms): 42864.7, Avg(ms): 184.3, 50th(ms): 151.0, 90th(ms): 318.8, 95th(ms): 402.7, 99th(ms): 872.4, 99.9th(ms): 1040.2, Max(ms): 1040.2
[Current] ORDER_STATUS - Takes(s): 8.3, Count: 13, TPM: 93.6, Sum(ms): 72.2, Avg(ms): 5.5, 50th(ms): 5.2, 90th(ms): 7.9, 95th(ms): 7.9, 99th(ms): 7.9, 99.9th(ms): 7.9, Max(ms): 7.9
[Current] PAYMENT - Takes(s): 10.0, Count: 202, TPM: 1213.9, Sum(ms): 50775.9, Avg(ms): 251.2, 50th(ms): 192.9, 90th(ms): 486.5, 95th(ms): 637.5, 99th(ms): 1208.0, 99.9th(ms): 1409.3, Max(ms): 1409.3
[Current] STOCK_LEVEL - Takes(s): 9.6, Count: 30, TPM: 187.3, Sum(ms): 880.8, Avg(ms): 29.4, 50th(ms): 7.9, 90th(ms): 109.1, 95th(ms): 121.6, 99th(ms): 151.0, 99.9th(ms): 151.0, Max(ms): 151.0
[Current] DELIVERY - Takes(s): 9.8, Count: 25, TPM: 153.6, Sum(ms): 4448.2, Avg(ms): 177.4, 50th(ms): 176.2, 90th(ms): 260.0, 95th(ms): 260.0, 99th(ms): 285.2, 99.9th(ms): 285.2, Max(ms): 285.2
[Current] NEW_ORDER - Takes(s): 10.0, Count: 266, TPM: 1601.5, Sum(ms): 39377.6, Avg(ms): 148.2, 50th(ms): 121.6, 90th(ms): 318.8, 95th(ms): 369.1, 99th(ms): 503.3, 99.9th(ms): 704.6, Max(ms): 704.6
[Current] ORDER_STATUS - Takes(s): 9.2, Count: 19, TPM: 123.6, Sum(ms): 109.5, Avg(ms): 5.8, 50th(ms): 6.3, 90th(ms): 7.3, 95th(ms): 7.3, 99th(ms): 7.9, 99.9th(ms): 7.9, Max(ms): 7.9
[Current] PAYMENT - Takes(s): 9.9, Count: 255, TPM: 1538.0, Sum(ms): 55756.5, Avg(ms): 218.7, 50th(ms): 192.9, 90th(ms): 453.0, 95th(ms): 536.9, 99th(ms): 671.1, 99.9th(ms): 838.9, Max(ms): 838.9
[Current] STOCK_LEVEL - Takes(s): 10.0, Count: 28, TPM: 168.7, Sum(ms): 566.3, Avg(ms): 20.2, 50th(ms): 8.9, 90th(ms): 52.4, 95th(ms): 100.7, 99th(ms): 113.2, 99.9th(ms): 113.2, Max(ms): 113.2
[Current] DELIVERY - Takes(s): 9.9, Count: 23, TPM: 139.0, Sum(ms): 4941.1, Avg(ms): 215.0, 50th(ms): 201.3, 90th(ms): 318.8, 95th(ms): 352.3, 99th(ms): 352.3, 99.9th(ms): 352.3, Max(ms): 352.3
[Current] NEW_ORDER - Takes(s): 10.0, Count: 205, TPM: 1232.8, Sum(ms): 36283.5, Avg(ms): 176.9, 50th(ms): 151.0, 90th(ms): 302.0, 95th(ms): 469.8, 99th(ms): 771.8, 99.9th(ms): 1006.6, Max(ms): 1006.6
[Current] ORDER_STATUS - Takes(s): 10.0, Count: 23, TPM: 138.4, Sum(ms): 173.0, Avg(ms): 7.5, 50th(ms): 6.8, 90th(ms): 7.9, 95th(ms): 8.9, 99th(ms): 41.9, 99.9th(ms): 41.9, Max(ms): 41.9
[Current] PAYMENT - Takes(s): 10.0, Count: 205, TPM: 1231.4, Sum(ms): 57158.7, Avg(ms): 278.8, 50th(ms): 234.9, 90th(ms): 570.4, 95th(ms): 671.1, 99th(ms): 771.8, 99.9th(ms): 939.5, Max(ms): 939.5
[Current] STOCK_LEVEL - Takes(s): 10.0, Count: 16, TPM: 96.2, Sum(ms): 619.8, Avg(ms): 38.6, 50th(ms): 8.9, 90th(ms): 104.9, 95th(ms): 184.5, 99th(ms): 192.9, 99.9th(ms): 192.9, Max(ms): 192.9
[Current] DELIVERY - Takes(s): 9.9, Count: 18, TPM: 109.2, Sum(ms): 3730.0, Avg(ms): 207.0, 50th(ms): 192.9, 90th(ms): 260.0, 95th(ms): 318.8, 99th(ms): 385.9, 99.9th(ms): 385.9, Max(ms): 385.9
[Current] NEW_ORDER - Takes(s): 10.0, Count: 180, TPM: 1082.0, Sum(ms): 35802.5, Avg(ms): 199.4, 50th(ms): 151.0, 90th(ms): 402.7, 95th(ms): 604.0, 99th(ms): 771.8, 99.9th(ms): 906.0, Max(ms): 906.0
[Current] ORDER_STATUS - Takes(s): 10.0, Count: 11, TPM: 66.2, Sum(ms): 62.5, Avg(ms): 5.6, 50th(ms): 5.2, 90th(ms): 7.3, 95th(ms): 7.3, 99th(ms): 8.4, 99.9th(ms): 8.4, Max(ms): 8.4
[Current] PAYMENT - Takes(s): 10.0, Count: 193, TPM: 1160.1, Sum(ms): 59142.7, Avg(ms): 306.7, 50th(ms): 234.9, 90th(ms): 604.0, 95th(ms): 872.4, 99th(ms): 1073.7, 99.9th(ms): 1140.9, Max(ms): 1140.9
[Current] STOCK_LEVEL - Takes(s): 8.5, Count: 19, TPM: 134.2, Sum(ms): 942.3, Avg(ms): 49.3, 50th(ms): 10.0, 90th(ms): 134.2, 95th(ms): 151.0, 99th(ms): 159.4, 99.9th(ms): 159.4, Max(ms): 159.4
[Current] DELIVERY - Takes(s): 10.0, Count: 27, TPM: 162.7, Sum(ms): 5874.1, Avg(ms): 218.6, 50th(ms): 218.1, 90th(ms): 285.2, 95th(ms): 402.7, 99th(ms): 419.4, 99.9th(ms): 419.4, Max(ms): 419.4
[Current] NEW_ORDER - Takes(s): 10.0, Count: 271, TPM: 1627.0, Sum(ms): 41016.3, Avg(ms): 151.3, 50th(ms): 121.6, 90th(ms): 318.8, 95th(ms): 369.1, 99th(ms): 486.5, 99.9th(ms): 738.2, Max(ms): 738.2
[Current] ORDER_STATUS - Takes(s): 9.7, Count: 25, TPM: 154.2, Sum(ms): 138.7, Avg(ms): 5.5, 50th(ms): 6.3, 90th(ms): 7.3, 95th(ms): 7.3, 99th(ms): 8.4, 99.9th(ms): 8.4, Max(ms): 8.4
[Current] PAYMENT - Takes(s): 10.0, Count: 230, TPM: 1380.8, Sum(ms): 52341.1, Avg(ms): 227.4, 50th(ms): 201.3, 90th(ms): 453.0, 95th(ms): 536.9, 99th(ms): 704.6, 99.9th(ms): 738.2, Max(ms): 738.2
[Current] STOCK_LEVEL - Takes(s): 9.6, Count: 24, TPM: 149.6, Sum(ms): 820.4, Avg(ms): 33.9, 50th(ms): 8.9, 90th(ms): 88.1, 95th(ms): 109.1, 99th(ms): 121.6, 99.9th(ms): 121.6, Max(ms): 121.6
[Current] DELIVERY - Takes(s): 9.4, Count: 12, TPM: 77.0, Sum(ms): 2158.4, Avg(ms): 179.3, 50th(ms): 176.2, 90th(ms): 226.5, 95th(ms): 226.5, 99th(ms): 335.5, 99.9th(ms): 335.5, Max(ms): 335.5
[Current] NEW_ORDER - Takes(s): 10.0, Count: 230, TPM: 1382.1, Sum(ms): 36259.7, Avg(ms): 158.1, 50th(ms): 121.6, 90th(ms): 302.0, 95th(ms): 402.7, 99th(ms): 704.6, 99.9th(ms): 771.8, Max(ms): 771.8
[Current] ORDER_STATUS - Takes(s): 9.8, Count: 24, TPM: 147.6, Sum(ms): 138.9, Avg(ms): 5.7, 50th(ms): 5.2, 90th(ms): 7.9, 95th(ms): 8.4, 99th(ms): 8.4, 99.9th(ms): 8.4, Max(ms): 8.4
[Current] PAYMENT - Takes(s): 10.0, Count: 247, TPM: 1484.3, Sum(ms): 60094.4, Avg(ms): 243.3, 50th(ms): 192.9, 90th(ms): 520.1, 95th(ms): 637.5, 99th(ms): 838.9, 99.9th(ms): 1006.6, Max(ms): 1006.6
[Current] STOCK_LEVEL - Takes(s): 9.4, Count: 24, TPM: 153.4, Sum(ms): 815.9, Avg(ms): 34.0, 50th(ms): 8.9, 90th(ms): 96.5, 95th(ms): 104.9, 99th(ms): 104.9, 99.9th(ms): 104.9, Max(ms): 104.9
[Current] DELIVERY - Takes(s): 9.7, Count: 21, TPM: 129.3, Sum(ms): 4504.0, Avg(ms): 215.4, 50th(ms): 218.1, 90th(ms): 302.0, 95th(ms): 318.8, 99th(ms): 402.7, 99.9th(ms): 402.7, Max(ms): 402.7
[Current] NEW_ORDER - Takes(s): 10.0, Count: 248, TPM: 1493.7, Sum(ms): 42748.7, Avg(ms): 172.3, 50th(ms): 142.6, 90th(ms): 302.0, 95th(ms): 453.0, 99th(ms): 805.3, 99.9th(ms): 1073.7, Max(ms): 1073.7
[Current] ORDER_STATUS - Takes(s): 9.8, Count: 22, TPM: 134.5, Sum(ms): 198.9, Avg(ms): 9.1, 50th(ms): 6.8, 90th(ms): 7.9, 95th(ms): 8.4, 99th(ms): 67.1, 99.9th(ms): 67.1, Max(ms): 67.1
[Current] PAYMENT - Takes(s): 9.8, Count: 209, TPM: 1275.0, Sum(ms): 51902.7, Avg(ms): 248.0, 50th(ms): 201.3, 90th(ms): 469.8, 95th(ms): 570.4, 99th(ms): 838.9, 99.9th(ms): 1006.6, Max(ms): 1006.6
[Current] STOCK_LEVEL - Takes(s): 8.8, Count: 15, TPM: 101.9, Sum(ms): 279.5, Avg(ms): 18.7, 50th(ms): 8.9, 90th(ms): 58.7, 95th(ms): 58.7, 99th(ms): 109.1, 99.9th(ms): 109.1, Max(ms): 109.1
[Current] DELIVERY - Takes(s): 9.3, Count: 21, TPM: 135.3, Sum(ms): 4309.0, Avg(ms): 205.5, 50th(ms): 209.7, 90th(ms): 318.8, 95th(ms): 352.3, 99th(ms): 352.3, 99.9th(ms): 352.3, Max(ms): 352.3
[Current] NEW_ORDER - Takes(s): 9.9, Count: 250, TPM: 1520.1, Sum(ms): 36519.2, Avg(ms): 145.9, 50th(ms): 117.4, 90th(ms): 251.7, 95th(ms): 335.5, 99th(ms): 637.5, 99.9th(ms): 939.5, Max(ms): 939.5
[Current] ORDER_STATUS - Takes(s): 8.4, Count: 11, TPM: 78.4, Sum(ms): 114.2, Avg(ms): 10.4, 50th(ms): 6.8, 90th(ms): 7.9, 95th(ms): 7.9, 99th(ms): 54.5, 99.9th(ms): 54.5, Max(ms): 54.5
[Current] PAYMENT - Takes(s): 9.9, Count: 224, TPM: 1355.4, Sum(ms): 58864.8, Avg(ms): 263.0, 50th(ms): 218.1, 90th(ms): 570.4, 95th(ms): 704.6, 99th(ms): 838.9, 99.9th(ms): 973.1, Max(ms): 973.1
[Current] STOCK_LEVEL - Takes(s): 9.2, Count: 24, TPM: 156.9, Sum(ms): 591.2, Avg(ms): 24.6, 50th(ms): 8.9, 90th(ms): 67.1, 95th(ms): 79.7, 99th(ms): 167.8, 99.9th(ms): 167.8, Max(ms): 167.8
[Current] DELIVERY - Takes(s): 9.9, Count: 19, TPM: 115.0, Sum(ms): 3505.9, Avg(ms): 184.5, 50th(ms): 167.8, 90th(ms): 251.7, 95th(ms): 302.0, 99th(ms): 352.3, 99.9th(ms): 352.3, Max(ms): 352.3
[Current] NEW_ORDER - Takes(s): 9.9, Count: 279, TPM: 1685.8, Sum(ms): 37676.0, Avg(ms): 135.3, 50th(ms): 113.2, 90th(ms): 260.0, 95th(ms): 335.5, 99th(ms): 436.2, 99.9th(ms): 604.0, Max(ms): 604.0
[Current] ORDER_STATUS - Takes(s): 9.9, Count: 35, TPM: 211.8, Sum(ms): 272.8, Avg(ms): 7.8, 50th(ms): 6.3, 90th(ms): 8.4, 95th(ms): 8.9, 99th(ms): 41.9, 99.9th(ms): 41.9, Max(ms): 41.9
[Current] PAYMENT - Takes(s): 9.9, Count: 279, TPM: 1682.9, Sum(ms): 57106.6, Avg(ms): 204.8, 50th(ms): 176.2, 90th(ms): 402.7, 95th(ms): 453.0, 99th(ms): 570.4, 99.9th(ms): 738.2, Max(ms): 738.2
[Current] STOCK_LEVEL - Takes(s): 9.8, Count: 32, TPM: 196.6, Sum(ms): 826.6, Avg(ms): 25.9, 50th(ms): 7.9, 90th(ms): 83.9, 95th(ms): 92.3, 99th(ms): 121.6, 99.9th(ms): 121.6, Max(ms): 121.6
[Current] DELIVERY - Takes(s): 9.8, Count: 30, TPM: 184.2, Sum(ms): 4853.5, Avg(ms): 161.9, 50th(ms): 159.4, 90th(ms): 234.9, 95th(ms): 285.2, 99th(ms): 285.2, 99.9th(ms): 285.2, Max(ms): 285.2
[Current] NEW_ORDER - Takes(s): 10.0, Count: 286, TPM: 1716.5, Sum(ms): 39475.3, Avg(ms): 138.3, 50th(ms): 113.2, 90th(ms): 234.9, 95th(ms): 335.5, 99th(ms): 486.5, 99.9th(ms): 671.1, Max(ms): 671.1
[Current] ORDER_STATUS - Takes(s): 9.5, Count: 22, TPM: 138.4, Sum(ms): 123.8, Avg(ms): 5.6, 50th(ms): 5.2, 90th(ms): 7.3, 95th(ms): 7.9, 99th(ms): 7.9, 99.9th(ms): 7.9, Max(ms): 7.9
[Current] PAYMENT - Takes(s): 10.0, Count: 288, TPM: 1733.0, Sum(ms): 55867.9, Avg(ms): 194.1, 50th(ms): 159.4, 90th(ms): 402.7, 95th(ms): 469.8, 99th(ms): 570.4, 99.9th(ms): 671.1, Max(ms): 671.1
[Current] STOCK_LEVEL - Takes(s): 9.9, Count: 30, TPM: 182.3, Sum(ms): 416.2, Avg(ms): 14.0, 50th(ms): 7.9, 90th(ms): 24.1, 95th(ms): 60.8, 99th(ms): 88.1, 99.9th(ms): 88.1, Max(ms): 88.1
[Current] DELIVERY - Takes(s): 9.9, Count: 22, TPM: 133.5, Sum(ms): 3904.5, Avg(ms): 177.0, 50th(ms): 167.8, 90th(ms): 268.4, 95th(ms): 268.4, 99th(ms): 318.8, 99.9th(ms): 318.8, Max(ms): 318.8
[Current] NEW_ORDER - Takes(s): 10.0, Count: 249, TPM: 1494.5, Sum(ms): 35642.9, Avg(ms): 143.4, 50th(ms): 121.6, 90th(ms): 251.7, 95th(ms): 335.5, 99th(ms): 436.2, 99.9th(ms): 536.9, Max(ms): 536.9
[Current] ORDER_STATUS - Takes(s): 9.7, Count: 29, TPM: 180.0, Sum(ms): 156.4, Avg(ms): 5.4, 50th(ms): 5.2, 90th(ms): 7.3, 95th(ms): 7.9, 99th(ms): 8.4, 99.9th(ms): 8.4, Max(ms): 8.4
[Current] PAYMENT - Takes(s): 10.0, Count: 239, TPM: 1439.1, Sum(ms): 57097.5, Avg(ms): 239.2, 50th(ms): 192.9, 90th(ms): 486.5, 95th(ms): 570.4, 99th(ms): 906.0, 99.9th(ms): 973.1, Max(ms): 973.1
[Current] STOCK_LEVEL - Takes(s): 9.6, Count: 29, TPM: 182.1, Sum(ms): 826.0, Avg(ms): 28.6, 50th(ms): 8.4, 90th(ms): 75.5, 95th(ms): 104.9, 99th(ms): 167.8, 99.9th(ms): 167.8, Max(ms): 167.8
[Current] DELIVERY - Takes(s): 9.4, Count: 18, TPM: 115.0, Sum(ms): 3100.7, Avg(ms): 172.7, 50th(ms): 176.2, 90th(ms): 209.7, 95th(ms): 268.4, 99th(ms): 268.4, 99.9th(ms): 268.4, Max(ms): 268.4
[Current] NEW_ORDER - Takes(s): 10.0, Count: 265, TPM: 1591.0, Sum(ms): 37553.0, Avg(ms): 141.9, 50th(ms): 121.6, 90th(ms): 234.9, 95th(ms): 318.8, 99th(ms): 570.4, 99.9th(ms): 704.6, Max(ms): 704.6
[Current] ORDER_STATUS - Takes(s): 9.6, Count: 25, TPM: 155.9, Sum(ms): 140.4, Avg(ms): 5.7, 50th(ms): 5.8, 90th(ms): 7.3, 95th(ms): 7.3, 99th(ms): 8.4, 99.9th(ms): 8.4, Max(ms): 8.4
[Current] PAYMENT - Takes(s): 9.9, Count: 271, TPM: 1635.5, Sum(ms): 60742.6, Avg(ms): 224.2, 50th(ms): 167.8, 90th(ms): 520.1, 95th(ms): 604.0, 99th(ms): 771.8, 99.9th(ms): 973.1, Max(ms): 973.1
[Current] STOCK_LEVEL - Takes(s): 9.9, Count: 20, TPM: 121.8, Sum(ms): 633.1, Avg(ms): 31.9, 50th(ms): 8.9, 90th(ms): 96.5, 95th(ms): 142.6, 99th(ms): 142.6, 99.9th(ms): 142.6, Max(ms): 142.6
[Current] DELIVERY - Takes(s): 9.9, Count: 30, TPM: 181.6, Sum(ms): 5184.7, Avg(ms): 173.3, 50th(ms): 151.0, 90th(ms): 234.9, 95th(ms): 352.3, 99th(ms): 369.1, 99.9th(ms): 369.1, Max(ms): 369.1
[Current] NEW_ORDER - Takes(s): 10.0, Count: 269, TPM: 1618.1, Sum(ms): 35873.4, Avg(ms): 133.3, 50th(ms): 104.9, 90th(ms): 226.5, 95th(ms): 335.5, 99th(ms): 469.8, 99.9th(ms): 520.1, Max(ms): 520.1
[Current] ORDER_STATUS - Takes(s): 9.9, Count: 21, TPM: 127.6, Sum(ms): 119.0, Avg(ms): 5.6, 50th(ms): 5.2, 90th(ms): 7.3, 95th(ms): 7.9, 99th(ms): 7.9, 99.9th(ms): 7.9, Max(ms): 7.9
[Current] PAYMENT - Takes(s): 10.0, Count: 277, TPM: 1668.2, Sum(ms): 57979.3, Avg(ms): 209.3, 50th(ms): 167.8, 90th(ms): 436.2, 95th(ms): 503.3, 99th(ms): 604.0, 99.9th(ms): 738.2, Max(ms): 738.2
[Current] STOCK_LEVEL - Takes(s): 9.7, Count: 22, TPM: 136.5, Sum(ms): 457.0, Avg(ms): 20.8, 50th(ms): 8.4, 90th(ms): 52.4, 95th(ms): 83.9, 99th(ms): 125.8, 99.9th(ms): 125.8, Max(ms): 125.8
[Current] DELIVERY - Takes(s): 9.5, Count: 18, TPM: 113.6, Sum(ms): 3237.9, Avg(ms): 180.4, 50th(ms): 192.9, 90th(ms): 234.9, 95th(ms): 234.9, 99th(ms): 243.3, 99.9th(ms): 243.3, Max(ms): 243.3
[Current] NEW_ORDER - Takes(s): 10.0, Count: 290, TPM: 1743.8, Sum(ms): 43555.2, Avg(ms): 150.2, 50th(ms): 121.6, 90th(ms): 268.4, 95th(ms): 352.3, 99th(ms): 520.1, 99.9th(ms): 637.5, Max(ms): 637.5
[Current] ORDER_STATUS - Takes(s): 9.3, Count: 23, TPM: 148.7, Sum(ms): 130.6, Avg(ms): 5.6, 50th(ms): 5.8, 90th(ms): 7.3, 95th(ms): 7.3, 99th(ms): 10.5, 99.9th(ms): 10.5, Max(ms): 10.5
[Current] PAYMENT - Takes(s): 10.0, Count: 263, TPM: 1581.4, Sum(ms): 52716.8, Avg(ms): 200.5, 50th(ms): 167.8, 90th(ms): 419.4, 95th(ms): 486.5, 99th(ms): 570.4, 99.9th(ms): 637.5, Max(ms): 637.5
[Current] STOCK_LEVEL - Takes(s): 10.0, Count: 27, TPM: 162.5, Sum(ms): 535.3, Avg(ms): 19.8, 50th(ms): 8.9, 90th(ms): 46.1, 95th(ms): 79.7, 99th(ms): 79.7, 99.9th(ms): 79.7, Max(ms): 79.7
[Current] DELIVERY - Takes(s): 8.9, Count: 23, TPM: 154.2, Sum(ms): 4307.9, Avg(ms): 187.3, 50th(ms): 184.5, 90th(ms): 285.2, 95th(ms): 318.8, 99th(ms): 318.8, 99.9th(ms): 318.8, Max(ms): 318.8
[Current] NEW_ORDER - Takes(s): 9.9, Count: 219, TPM: 1321.1, Sum(ms): 35033.1, Avg(ms): 159.9, 50th(ms): 130.0, 90th(ms): 302.0, 95th(ms): 419.4, 99th(ms): 637.5, 99.9th(ms): 771.8, Max(ms): 771.8
[Current] ORDER_STATUS - Takes(s): 9.9, Count: 24, TPM: 145.5, Sum(ms): 151.2, Avg(ms): 6.3, 50th(ms): 6.8, 90th(ms): 7.9, 95th(ms): 7.9, 99th(ms): 8.4, 99.9th(ms): 8.4, Max(ms): 8.4
[Current] PAYMENT - Takes(s): 9.9, Count: 239, TPM: 1448.6, Sum(ms): 60027.3, Avg(ms): 251.3, 50th(ms): 201.3, 90th(ms): 536.9, 95th(ms): 637.5, 99th(ms): 738.2, 99.9th(ms): 973.1, Max(ms): 973.1
[Current] STOCK_LEVEL - Takes(s): 9.8, Count: 22, TPM: 135.4, Sum(ms): 791.2, Avg(ms): 35.8, 50th(ms): 8.9, 90th(ms): 117.4, 95th(ms): 159.4, 99th(ms): 176.2, 99.9th(ms): 176.2, Max(ms): 176.2
[Current] DELIVERY - Takes(s): 9.9, Count: 22, TPM: 133.1, Sum(ms): 3884.3, Avg(ms): 176.4, 50th(ms): 159.4, 90th(ms): 260.0, 95th(ms): 302.0, 99th(ms): 352.3, 99.9th(ms): 352.3, Max(ms): 352.3
[Current] NEW_ORDER - Takes(s): 10.0, Count: 292, TPM: 1757.2, Sum(ms): 40071.9, Avg(ms): 137.2, 50th(ms): 117.4, 90th(ms): 251.7, 95th(ms): 302.0, 99th(ms): 402.7, 99.9th(ms): 973.1, Max(ms): 973.1
[Current] ORDER_STATUS - Takes(s): 9.8, Count: 28, TPM: 172.3, Sum(ms): 165.2, Avg(ms): 5.9, 50th(ms): 5.8, 90th(ms): 7.3, 95th(ms): 8.4, 99th(ms): 8.4, 99.9th(ms): 8.4, Max(ms): 8.4
[Current] PAYMENT - Takes(s): 10.0, Count: 264, TPM: 1586.3, Sum(ms): 53784.6, Avg(ms): 204.3, 50th(ms): 159.4, 90th(ms): 436.2, 95th(ms): 536.9, 99th(ms): 805.3, 99.9th(ms): 973.1, Max(ms): 973.1
[Current] STOCK_LEVEL - Takes(s): 9.9, Count: 34, TPM: 206.6, Sum(ms): 775.0, Avg(ms): 22.7, 50th(ms): 8.9, 90th(ms): 50.3, 95th(ms): 58.7, 99th(ms): 159.4, 99.9th(ms): 159.4, Max(ms): 159.4
[Current] DELIVERY - Takes(s): 9.7, Count: 26, TPM: 160.2, Sum(ms): 4477.8, Avg(ms): 172.6, 50th(ms): 159.4, 90th(ms): 226.5, 95th(ms): 268.4, 99th(ms): 318.8, 99.9th(ms): 318.8, Max(ms): 318.8
[Current] NEW_ORDER - Takes(s): 10.0, Count: 276, TPM: 1662.1, Sum(ms): 36689.2, Avg(ms): 133.0, 50th(ms): 109.1, 90th(ms): 226.5, 95th(ms): 318.8, 99th(ms): 469.8, 99.9th(ms): 704.6, Max(ms): 704.6
[Current] ORDER_STATUS - Takes(s): 9.7, Count: 18, TPM: 111.4, Sum(ms): 107.8, Avg(ms): 6.1, 50th(ms): 6.8, 90th(ms): 7.3, 95th(ms): 7.9, 99th(ms): 8.4, 99.9th(ms): 8.4, Max(ms): 8.4
[Current] PAYMENT - Takes(s): 10.0, Count: 264, TPM: 1589.8, Sum(ms): 58220.3, Avg(ms): 220.4, 50th(ms): 184.5, 90th(ms): 436.2, 95th(ms): 570.4, 99th(ms): 704.6, 99.9th(ms): 872.4, Max(ms): 872.4
[Current] STOCK_LEVEL - Takes(s): 9.9, Count: 30, TPM: 181.2, Sum(ms): 829.1, Avg(ms): 27.8, 50th(ms): 8.9, 90th(ms): 71.3, 95th(ms): 79.7, 99th(ms): 176.2, 99.9th(ms): 176.2, Max(ms): 176.2
[Current] DELIVERY - Takes(s): 8.3, Count: 20, TPM: 145.0, Sum(ms): 3462.6, Avg(ms): 173.3, 50th(ms): 159.4, 90th(ms): 226.5, 95th(ms): 260.0, 99th(ms): 419.4, 99.9th(ms): 419.4, Max(ms): 419.4
[Current] NEW_ORDER - Takes(s): 9.9, Count: 279, TPM: 1685.1, Sum(ms): 36418.9, Avg(ms): 130.6, 50th(ms): 100.7, 90th(ms): 226.5, 95th(ms): 352.3, 99th(ms): 520.1, 99.9th(ms): 704.6, Max(ms): 704.6
[Current] ORDER_STATUS - Takes(s): 9.6, Count: 25, TPM: 157.0, Sum(ms): 156.0, Avg(ms): 6.3, 50th(ms): 6.8, 90th(ms): 7.9, 95th(ms): 8.4, 99th(ms): 8.9, 99.9th(ms): 8.9, Max(ms): 8.9
[Current] PAYMENT - Takes(s): 9.9, Count: 285, TPM: 1719.2, Sum(ms): 59667.6, Avg(ms): 209.4, 50th(ms): 184.5, 90th(ms): 419.4, 95th(ms): 469.8, 99th(ms): 604.0, 99.9th(ms): 771.8, Max(ms): 771.8
[Current] STOCK_LEVEL - Takes(s): 9.9, Count: 36, TPM: 218.9, Sum(ms): 731.0, Avg(ms): 20.2, 50th(ms): 8.4, 90th(ms): 67.1, 95th(ms): 71.3, 99th(ms): 104.9, 99.9th(ms): 104.9, Max(ms): 104.9
[Current] DELIVERY - Takes(s): 9.9, Count: 23, TPM: 139.8, Sum(ms): 3849.8, Avg(ms): 167.5, 50th(ms): 167.8, 90th(ms): 260.0, 95th(ms): 268.4, 99th(ms): 285.2, 99.9th(ms): 285.2, Max(ms): 285.2
[Current] NEW_ORDER - Takes(s): 9.8, Count: 273, TPM: 1669.3, Sum(ms): 36913.4, Avg(ms): 135.2, 50th(ms): 113.2, 90th(ms): 243.3, 95th(ms): 318.8, 99th(ms): 570.4, 99.9th(ms): 637.5, Max(ms): 637.5
[Current] ORDER_STATUS - Takes(s): 10.0, Count: 33, TPM: 198.3, Sum(ms): 188.1, Avg(ms): 5.6, 50th(ms): 6.3, 90th(ms): 7.3, 95th(ms): 7.3, 99th(ms): 7.3, 99.9th(ms): 7.3, Max(ms): 7.3
[Current] PAYMENT - Takes(s): 10.0, Count: 274, TPM: 1644.5, Sum(ms): 56986.3, Avg(ms): 208.0, 50th(ms): 176.2, 90th(ms): 486.5, 95th(ms): 536.9, 99th(ms): 671.1, 99.9th(ms): 771.8, Max(ms): 771.8
[Current] STOCK_LEVEL - Takes(s): 10.0, Count: 27, TPM: 162.2, Sum(ms): 601.7, Avg(ms): 22.2, 50th(ms): 8.4, 90th(ms): 71.3, 95th(ms): 83.9, 99th(ms): 96.5, 99.9th(ms): 96.5, Max(ms): 96.5
[Current] DELIVERY - Takes(s): 9.5, Count: 26, TPM: 163.5, Sum(ms): 3934.8, Avg(ms): 151.2, 50th(ms): 151.0, 90th(ms): 201.3, 95th(ms): 260.0, 99th(ms): 335.5, 99.9th(ms): 335.5, Max(ms): 335.5
[Current] NEW_ORDER - Takes(s): 9.9, Count: 329, TPM: 1988.4, Sum(ms): 41308.3, Avg(ms): 125.4, 50th(ms): 100.7, 90th(ms): 218.1, 95th(ms): 335.5, 99th(ms): 536.9, 99.9th(ms): 637.5, Max(ms): 637.5
[Current] ORDER_STATUS - Takes(s): 9.9, Count: 26, TPM: 158.1, Sum(ms): 155.9, Avg(ms): 6.0, 50th(ms): 6.3, 90th(ms): 7.3, 95th(ms): 7.3, 99th(ms): 7.9, 99.9th(ms): 7.9, Max(ms): 7.9
[Current] PAYMENT - Takes(s): 10.0, Count: 319, TPM: 1914.9, Sum(ms): 55358.0, Avg(ms): 173.8, 50th(ms): 151.0, 90th(ms): 352.3, 95th(ms): 419.4, 99th(ms): 570.4, 99.9th(ms): 637.5, Max(ms): 637.5
[Current] STOCK_LEVEL - Takes(s): 10.0, Count: 33, TPM: 198.3, Sum(ms): 491.9, Avg(ms): 14.9, 50th(ms): 8.4, 90th(ms): 41.9, 95th(ms): 46.1, 99th(ms): 79.7, 99.9th(ms): 79.7, Max(ms): 79.7
[Current] DELIVERY - Takes(s): 9.7, Count: 29, TPM: 180.3, Sum(ms): 4740.2, Avg(ms): 163.2, 50th(ms): 159.4, 90th(ms): 218.1, 95th(ms): 243.3, 99th(ms): 251.7, 99.9th(ms): 251.7, Max(ms): 251.7
[Current] NEW_ORDER - Takes(s): 10.0, Count: 245, TPM: 1472.7, Sum(ms): 36691.1, Avg(ms): 149.7, 50th(ms): 113.2, 90th(ms): 302.0, 95th(ms): 453.0, 99th(ms): 637.5, 99.9th(ms): 671.1, Max(ms): 671.1
[Current] ORDER_STATUS - Takes(s): 9.9, Count: 23, TPM: 139.3, Sum(ms): 174.7, Avg(ms): 7.6, 50th(ms): 6.3, 90th(ms): 7.9, 95th(ms): 9.4, 99th(ms): 44.0, 99.9th(ms): 44.0, Max(ms): 44.0
[Current] PAYMENT - Takes(s): 10.0, Count: 272, TPM: 1635.0, Sum(ms): 56587.5, Avg(ms): 208.4, 50th(ms): 151.0, 90th(ms): 486.5, 95th(ms): 570.4, 99th(ms): 671.1, 99.9th(ms): 771.8, Max(ms): 771.8
[Current] STOCK_LEVEL - Takes(s): 9.7, Count: 24, TPM: 149.0, Sum(ms): 493.4, Avg(ms): 20.6, 50th(ms): 8.9, 90th(ms): 60.8, 95th(ms): 62.9, 99th(ms): 65.0, 99.9th(ms): 65.0, Max(ms): 65.0
[Current] DELIVERY - Takes(s): 8.9, Count: 20, TPM: 134.2, Sum(ms): 3770.8, Avg(ms): 188.7, 50th(ms): 176.2, 90th(ms): 260.0, 95th(ms): 285.2, 99th(ms): 318.8, 99.9th(ms): 318.8, Max(ms): 318.8
[Current] NEW_ORDER - Takes(s): 10.0, Count: 286, TPM: 1724.3, Sum(ms): 40038.9, Avg(ms): 140.0, 50th(ms): 117.4, 90th(ms): 243.3, 95th(ms): 335.5, 99th(ms): 520.1, 99.9th(ms): 637.5, Max(ms): 637.5
[Current] ORDER_STATUS - Takes(s): 9.5, Count: 25, TPM: 158.4, Sum(ms): 161.2, Avg(ms): 6.4, 50th(ms): 6.8, 90th(ms): 8.4, 95th(ms): 8.4, 99th(ms): 11.0, 99.9th(ms): 11.0, Max(ms): 11.0
[Current] PAYMENT - Takes(s): 10.0, Count: 278, TPM: 1668.4, Sum(ms): 56475.5, Avg(ms): 203.4, 50th(ms): 159.4, 90th(ms): 436.2, 95th(ms): 503.3, 99th(ms): 604.0, 99.9th(ms): 671.1, Max(ms): 671.1
[Current] STOCK_LEVEL - Takes(s): 9.1, Count: 28, TPM: 184.7, Sum(ms): 902.9, Avg(ms): 32.3, 50th(ms): 8.4, 90th(ms): 109.1, 95th(ms): 159.4, 99th(ms): 176.2, 99.9th(ms): 176.2, Max(ms): 176.2
[Current] DELIVERY - Takes(s): 9.8, Count: 31, TPM: 190.2, Sum(ms): 5068.9, Avg(ms): 163.0, 50th(ms): 151.0, 90th(ms): 251.7, 95th(ms): 260.0, 99th(ms): 285.2, 99.9th(ms): 285.2, Max(ms): 285.2
[Current] NEW_ORDER - Takes(s): 10.0, Count: 274, TPM: 1651.0, Sum(ms): 34691.4, Avg(ms): 126.5, 50th(ms): 96.5, 90th(ms): 234.9, 95th(ms): 302.0, 99th(ms): 536.9, 99.9th(ms): 637.5, Max(ms): 637.5
[Current] ORDER_STATUS - Takes(s): 9.7, Count: 22, TPM: 135.6, Sum(ms): 122.7, Avg(ms): 5.6, 50th(ms): 5.2, 90th(ms): 7.3, 95th(ms): 7.9, 99th(ms): 8.4, 99.9th(ms): 8.4, Max(ms): 8.4
[Current] PAYMENT - Takes(s): 9.9, Count: 255, TPM: 1540.2, Sum(ms): 59059.8, Avg(ms): 231.4, 50th(ms): 209.7, 90th(ms): 469.8, 95th(ms): 570.4, 99th(ms): 637.5, 99.9th(ms): 671.1, Max(ms): 671.1
[Current] STOCK_LEVEL - Takes(s): 9.8, Count: 37, TPM: 226.7, Sum(ms): 663.3, Avg(ms): 18.0, 50th(ms): 8.4, 90th(ms): 44.0, 95th(ms): 79.7, 99th(ms): 88.1, 99.9th(ms): 88.1, Max(ms): 88.1
[Current] DELIVERY - Takes(s): 9.9, Count: 17, TPM: 103.0, Sum(ms): 2808.8, Avg(ms): 165.6, 50th(ms): 176.2, 90th(ms): 201.3, 95th(ms): 201.3, 99th(ms): 226.5, 99.9th(ms): 226.5, Max(ms): 226.5
[Current] NEW_ORDER - Takes(s): 10.0, Count: 280, TPM: 1687.5, Sum(ms): 40761.9, Avg(ms): 145.9, 50th(ms): 121.6, 90th(ms): 251.7, 95th(ms): 302.0, 99th(ms): 536.9, 99.9th(ms): 637.5, Max(ms): 637.5
[Current] ORDER_STATUS - Takes(s): 9.7, Count: 22, TPM: 136.7, Sum(ms): 135.6, Avg(ms): 6.1, 50th(ms): 6.3, 90th(ms): 7.9, 95th(ms): 7.9, 99th(ms): 8.9, 99.9th(ms): 8.9, Max(ms): 8.9
[Current] PAYMENT - Takes(s): 10.0, Count: 251, TPM: 1512.7, Sum(ms): 54436.2, Avg(ms): 217.0, 50th(ms): 176.2, 90th(ms): 436.2, 95th(ms): 520.1, 99th(ms): 570.4, 99.9th(ms): 637.5, Max(ms): 637.5
[Current] STOCK_LEVEL - Takes(s): 9.9, Count: 25, TPM: 150.9, Sum(ms): 744.8, Avg(ms): 30.0, 50th(ms): 9.4, 90th(ms): 75.5, 95th(ms): 92.3, 99th(ms): 167.8, 99.9th(ms): 167.8, Max(ms): 167.8
[Current] DELIVERY - Takes(s): 10.0, Count: 17, TPM: 102.1, Sum(ms): 3266.0, Avg(ms): 191.8, 50th(ms): 192.9, 90th(ms): 243.3, 95th(ms): 318.8, 99th(ms): 352.3, 99.9th(ms): 352.3, Max(ms): 352.3
[Current] NEW_ORDER - Takes(s): 9.9, Count: 217, TPM: 1311.4, Sum(ms): 37672.4, Avg(ms): 173.6, 50th(ms): 134.2, 90th(ms): 318.8, 95th(ms): 436.2, 99th(ms): 604.0, 99.9th(ms): 771.8, Max(ms): 771.8
[Current] ORDER_STATUS - Takes(s): 9.7, Count: 29, TPM: 179.0, Sum(ms): 169.3, Avg(ms): 5.8, 50th(ms): 6.3, 90th(ms): 7.3, 95th(ms): 7.9, 99th(ms): 9.4, 99.9th(ms): 9.4, Max(ms): 9.4
[Current] PAYMENT - Takes(s): 10.0, Count: 220, TPM: 1321.3, Sum(ms): 57963.1, Avg(ms): 263.3, 50th(ms): 226.5, 90th(ms): 503.3, 95th(ms): 637.5, 99th(ms): 906.0, 99.9th(ms): 1208.0, Max(ms): 1208.0
[Current] STOCK_LEVEL - Takes(s): 9.9, Count: 18, TPM: 108.9, Sum(ms): 645.6, Avg(ms): 36.1, 50th(ms): 8.9, 90th(ms): 92.3, 95th(ms): 125.8, 99th(ms): 167.8, 99.9th(ms): 167.8, Max(ms): 167.8
[Current] DELIVERY - Takes(s): 9.1, Count: 17, TPM: 111.7, Sum(ms): 3460.8, Avg(ms): 204.5, 50th(ms): 176.2, 90th(ms): 335.5, 95th(ms): 352.3, 99th(ms): 402.7, 99.9th(ms): 402.7, Max(ms): 402.7
[Current] NEW_ORDER - Takes(s): 10.0, Count: 258, TPM: 1550.0, Sum(ms): 41130.7, Avg(ms): 159.6, 50th(ms): 130.0, 90th(ms): 302.0, 95th(ms): 385.9, 99th(ms): 486.5, 99.9th(ms): 637.5, Max(ms): 637.5
[Current] ORDER_STATUS - Takes(s): 9.7, Count: 14, TPM: 86.3, Sum(ms): 83.4, Avg(ms): 6.0, 50th(ms): 6.3, 90th(ms): 7.9, 95th(ms): 7.9, 99th(ms): 7.9, 99.9th(ms): 7.9, Max(ms): 7.9
[Current] PAYMENT - Takes(s): 10.0, Count: 234, TPM: 1405.8, Sum(ms): 55875.2, Avg(ms): 239.1, 50th(ms): 201.3, 90th(ms): 469.8, 95th(ms): 604.0, 99th(ms): 738.2, 99.9th(ms): 838.9, Max(ms): 838.9
[Current] STOCK_LEVEL - Takes(s): 8.6, Count: 25, TPM: 174.9, Sum(ms): 291.7, Avg(ms): 11.7, 50th(ms): 8.4, 90th(ms): 29.4, 95th(ms): 31.5, 99th(ms): 62.9, 99.9th(ms): 62.9, Max(ms): 62.9
[Current] DELIVERY - Takes(s): 10.0, Count: 32, TPM: 192.5, Sum(ms): 5164.3, Avg(ms): 161.1, 50th(ms): 159.4, 90th(ms): 209.7, 95th(ms): 226.5, 99th(ms): 318.8, 99.9th(ms): 318.8, Max(ms): 318.8
[Current] NEW_ORDER - Takes(s): 10.0, Count: 278, TPM: 1675.2, Sum(ms): 37598.4, Avg(ms): 135.5, 50th(ms): 104.9, 90th(ms): 251.7, 95th(ms): 352.3, 99th(ms): 536.9, 99.9th(ms): 604.0, Max(ms): 604.0
[Current] ORDER_STATUS - Takes(s): 9.6, Count: 35, TPM: 217.9, Sum(ms): 185.1, Avg(ms): 5.3, 50th(ms): 5.8, 90th(ms): 6.8, 95th(ms): 6.8, 99th(ms): 7.9, 99.9th(ms): 7.9, Max(ms): 7.9
[Current] PAYMENT - Takes(s): 10.0, Count: 276, TPM: 1660.5, Sum(ms): 56465.2, Avg(ms): 204.8, 50th(ms): 167.8, 90th(ms): 419.4, 95th(ms): 503.3, 99th(ms): 570.4, 99.9th(ms): 704.6, Max(ms): 704.6
[Current] STOCK_LEVEL - Takes(s): 9.9, Count: 27, TPM: 163.9, Sum(ms): 714.3, Avg(ms): 26.5, 50th(ms): 7.9, 90th(ms): 60.8, 95th(ms): 117.4, 99th(ms): 167.8, 99.9th(ms): 167.8, Max(ms): 167.8
[Current] DELIVERY - Takes(s): 8.9, Count: 18, TPM: 121.8, Sum(ms): 3169.0, Avg(ms): 176.4, 50th(ms): 159.4, 90th(ms): 243.3, 95th(ms): 285.2, 99th(ms): 285.2, 99.9th(ms): 285.2, Max(ms): 285.2
[Current] NEW_ORDER - Takes(s): 9.9, Count: 282, TPM: 1709.9, Sum(ms): 38087.3, Avg(ms): 134.9, 50th(ms): 109.1, 90th(ms): 234.9, 95th(ms): 318.8, 99th(ms): 503.3, 99.9th(ms): 671.1, Max(ms): 671.1
[Current] ORDER_STATUS - Takes(s): 9.9, Count: 28, TPM: 169.3, Sum(ms): 166.1, Avg(ms): 5.9, 50th(ms): 6.3, 90th(ms): 7.3, 95th(ms): 8.4, 99th(ms): 8.4, 99.9th(ms): 8.4, Max(ms): 8.4
[Current] PAYMENT - Takes(s): 10.0, Count: 257, TPM: 1545.9, Sum(ms): 57322.1, Avg(ms): 222.8, 50th(ms): 176.2, 90th(ms): 469.8, 95th(ms): 570.4, 99th(ms): 704.6, 99.9th(ms): 906.0, Max(ms): 906.0
[Current] STOCK_LEVEL - Takes(s): 9.8, Count: 22, TPM: 134.7, Sum(ms): 284.4, Avg(ms): 13.0, 50th(ms): 8.4, 90th(ms): 39.8, 95th(ms): 39.8, 99th(ms): 52.4, 99.9th(ms): 52.4, Max(ms): 52.4
[Current] DELIVERY - Takes(s): 9.8, Count: 19, TPM: 116.9, Sum(ms): 3358.1, Avg(ms): 176.4, 50th(ms): 159.4, 90th(ms): 218.1, 95th(ms): 243.3, 99th(ms): 486.5, 99.9th(ms): 486.5, Max(ms): 486.5
[Current] NEW_ORDER - Takes(s): 10.0, Count: 281, TPM: 1691.4, Sum(ms): 42567.8, Avg(ms): 151.3, 50th(ms): 121.6, 90th(ms): 285.2, 95th(ms): 352.3, 99th(ms): 604.0, 99.9th(ms): 704.6, Max(ms): 704.6
[Current] ORDER_STATUS - Takes(s): 9.5, Count: 23, TPM: 144.7, Sum(ms): 141.0, Avg(ms): 6.2, 50th(ms): 6.8, 90th(ms): 7.3, 95th(ms): 7.3, 99th(ms): 8.9, 99.9th(ms): 8.9, Max(ms): 8.9
[Current] PAYMENT - Takes(s): 10.0, Count: 244, TPM: 1468.7, Sum(ms): 53420.3, Avg(ms): 219.0, 50th(ms): 176.2, 90th(ms): 469.8, 95th(ms): 570.4, 99th(ms): 738.2, 99.9th(ms): 838.9, Max(ms): 838.9
[Current] STOCK_LEVEL - Takes(s): 9.2, Count: 21, TPM: 136.4, Sum(ms): 459.8, Avg(ms): 21.9, 50th(ms): 7.9, 90th(ms): 35.7, 95th(ms): 104.9, 99th(ms): 142.6, 99.9th(ms): 142.6, Max(ms): 142.6
[Current] DELIVERY - Takes(s): 9.9, Count: 17, TPM: 103.2, Sum(ms): 3696.1, Avg(ms): 217.2, 50th(ms): 192.9, 90th(ms): 302.0, 95th(ms): 302.0, 99th(ms): 604.0, 99.9th(ms): 604.0, Max(ms): 604.0
[Current] NEW_ORDER - Takes(s): 10.0, Count: 257, TPM: 1549.3, Sum(ms): 39630.6, Avg(ms): 154.2, 50th(ms): 121.6, 90th(ms): 260.0, 95th(ms): 335.5, 99th(ms): 604.0, 99.9th(ms): 1040.2, Max(ms): 1040.2
[Current] ORDER_STATUS - Takes(s): 8.6, Count: 15, TPM: 105.2, Sum(ms): 91.0, Avg(ms): 6.0, 50th(ms): 6.3, 90th(ms): 7.9, 95th(ms): 7.9, 99th(ms): 7.9, 99.9th(ms): 7.9, Max(ms): 7.9
[Current] PAYMENT - Takes(s): 10.0, Count: 215, TPM: 1296.1, Sum(ms): 55571.2, Avg(ms): 258.4, 50th(ms): 209.7, 90th(ms): 520.1, 95th(ms): 637.5, 99th(ms): 872.4, 99.9th(ms): 906.0, Max(ms): 906.0
[Current] STOCK_LEVEL - Takes(s): 9.9, Count: 25, TPM: 150.8, Sum(ms): 658.9, Avg(ms): 26.3, 50th(ms): 8.9, 90th(ms): 79.7, 95th(ms): 83.9, 99th(ms): 100.7, 99.9th(ms): 100.7, Max(ms): 100.7
[Current] DELIVERY - Takes(s): 9.4, Count: 23, TPM: 147.5, Sum(ms): 4658.6, Avg(ms): 203.2, 50th(ms): 201.3, 90th(ms): 302.0, 95th(ms): 335.5, 99th(ms): 369.1, 99.9th(ms): 369.1, Max(ms): 369.1
[Current] NEW_ORDER - Takes(s): 10.0, Count: 209, TPM: 1254.3, Sum(ms): 35709.7, Avg(ms): 171.2, 50th(ms): 134.2, 90th(ms): 318.8, 95th(ms): 469.8, 99th(ms): 704.6, 99.9th(ms): 838.9, Max(ms): 838.9
[Current] ORDER_STATUS - Takes(s): 9.8, Count: 18, TPM: 109.9, Sum(ms): 107.0, Avg(ms): 5.9, 50th(ms): 6.3, 90th(ms): 7.9, 95th(ms): 7.9, 99th(ms): 7.9, 99.9th(ms): 7.9, Max(ms): 7.9
[Current] PAYMENT - Takes(s): 10.0, Count: 224, TPM: 1349.8, Sum(ms): 59520.8, Avg(ms): 266.0, 50th(ms): 201.3, 90th(ms): 570.4, 95th(ms): 704.6, 99th(ms): 872.4, 99.9th(ms): 973.1, Max(ms): 973.1
[Current] STOCK_LEVEL - Takes(s): 9.9, Count: 12, TPM: 72.4, Sum(ms): 395.1, Avg(ms): 33.2, 50th(ms): 7.9, 90th(ms): 109.1, 95th(ms): 109.1, 99th(ms): 151.0, 99.9th(ms): 151.0, Max(ms): 151.0
[Current] DELIVERY - Takes(s): 9.9, Count: 33, TPM: 199.4, Sum(ms): 5361.2, Avg(ms): 162.4, 50th(ms): 159.4, 90th(ms): 243.3, 95th(ms): 243.3, 99th(ms): 302.0, 99.9th(ms): 302.0, Max(ms): 302.0
[Current] NEW_ORDER - Takes(s): 9.8, Count: 289, TPM: 1771.5, Sum(ms): 38924.1, Avg(ms): 135.0, 50th(ms): 109.1, 90th(ms): 243.3, 95th(ms): 335.5, 99th(ms): 604.0, 99.9th(ms): 738.2, Max(ms): 738.2
[Current] ORDER_STATUS - Takes(s): 9.2, Count: 28, TPM: 183.5, Sum(ms): 165.6, Avg(ms): 5.9, 50th(ms): 6.8, 90th(ms): 7.3, 95th(ms): 7.9, 99th(ms): 7.9, 99.9th(ms): 7.9, Max(ms): 7.9
[Current] PAYMENT - Takes(s): 10.0, Count: 274, TPM: 1648.6, Sum(ms): 55522.3, Avg(ms): 202.7, 50th(ms): 159.4, 90th(ms): 453.0, 95th(ms): 503.3, 99th(ms): 604.0, 99.9th(ms): 637.5, Max(ms): 637.5
[Current] STOCK_LEVEL - Takes(s): 9.8, Count: 28, TPM: 171.8, Sum(ms): 714.6, Avg(ms): 25.6, 50th(ms): 9.4, 90th(ms): 83.9, 95th(ms): 100.7, 99th(ms): 109.1, 99.9th(ms): 109.1, Max(ms): 109.1
[Current] DELIVERY - Takes(s): 10.0, Count: 18, TPM: 108.1, Sum(ms): 3401.7, Avg(ms): 189.0, 50th(ms): 184.5, 90th(ms): 243.3, 95th(ms): 251.7, 99th(ms): 402.7, 99.9th(ms): 402.7, Max(ms): 402.7
[Current] NEW_ORDER - Takes(s): 9.9, Count: 247, TPM: 1490.9, Sum(ms): 38435.8, Avg(ms): 155.7, 50th(ms): 117.4, 90th(ms): 268.4, 95th(ms): 369.1, 99th(ms): 671.1, 99.9th(ms): 738.2, Max(ms): 738.2
[Current] ORDER_STATUS - Takes(s): 9.7, Count: 27, TPM: 167.9, Sum(ms): 164.5, Avg(ms): 6.1, 50th(ms): 6.8, 90th(ms): 7.3, 95th(ms): 7.9, 99th(ms): 7.9, 99.9th(ms): 7.9, Max(ms): 7.9
[Current] PAYMENT - Takes(s): 10.0, Count: 223, TPM: 1339.1, Sum(ms): 55861.7, Avg(ms): 250.7, 50th(ms): 201.3, 90th(ms): 503.3, 95th(ms): 604.0, 99th(ms): 805.3, 99.9th(ms): 973.1, Max(ms): 973.1
[Current] STOCK_LEVEL - Takes(s): 9.2, Count: 23, TPM: 149.6, Sum(ms): 801.7, Avg(ms): 34.7, 50th(ms): 8.9, 90th(ms): 96.5, 95th(ms): 104.9, 99th(ms): 142.6, 99.9th(ms): 142.6, Max(ms): 142.6
Finished
[Summary] DELIVERY - Takes(s): 599.7, Count: 1377, TPM: 137.8, Sum(ms): 247717.2, Avg(ms): 180.0, 50th(ms): 176.2, 90th(ms): 260.0, 95th(ms): 302.0, 99th(ms): 402.7, 99.9th(ms): 604.0, Max(ms): 671.1
[Summary] NEW_ORDER - Takes(s): 599.9, Count: 15770, TPM: 1577.2, Sum(ms): 2285792.7, Avg(ms): 145.0, 50th(ms): 117.4, 90th(ms): 260.0, 95th(ms): 352.3, 99th(ms): 604.0, 99.9th(ms): 872.4, Max(ms): 1208.0
[Summary] NEW_ORDER_ERR - Takes(s): 599.9, Count: 4, TPM: 0.4, Sum(ms): 207.6, Avg(ms): 52.8, 50th(ms): 52.4, 90th(ms): 88.1, 95th(ms): 88.1, 99th(ms): 88.1, 99.9th(ms): 88.1, Max(ms): 88.1
[Summary] ORDER_STATUS - Takes(s): 599.8, Count: 1347, TPM: 134.7, Sum(ms): 8229.1, Avg(ms): 6.1, 50th(ms): 6.3, 90th(ms): 7.9, 95th(ms): 7.9, 99th(ms): 9.4, 99.9th(ms): 58.7, Max(ms): 67.1
[Summary] PAYMENT - Takes(s): 599.9, Count: 15135, TPM: 1513.7, Sum(ms): 3414811.8, Avg(ms): 225.7, 50th(ms): 184.5, 90th(ms): 469.8, 95th(ms): 570.4, 99th(ms): 771.8, 99.9th(ms): 1073.7, Max(ms): 1610.6
[Summary] PAYMENT_ERR - Takes(s): 599.9, Count: 5, TPM: 0.5, Sum(ms): 1341.0, Avg(ms): 266.1, 50th(ms): 302.0, 90th(ms): 503.3, 95th(ms): 503.3, 99th(ms): 503.3, 99.9th(ms): 503.3, Max(ms): 503.3
[Summary] STOCK_LEVEL - Takes(s): 599.8, Count: 1444, TPM: 144.4, Sum(ms): 36433.4, Avg(ms): 25.2, 50th(ms): 8.4, 90th(ms): 79.7, 95th(ms): 104.9, 99th(ms): 167.8, 99.9th(ms): 226.5, Max(ms): 251.7
tpmC: 1577.2, tpmTotal: 3507.9, efficiency: 3066.2%
