Test Start Time: Fri Dec 22 15:56:47 2023
-----------------------------------------
Testcase                                           Result     Exit Value
--------                                           ------     ----------
abort01                                            PASS       0    
accept01                                           PASS       0    
accept02                                           PASS       0    
accept4_01                                         PASS       0    
access01                                           PASS       0    
access02                                           PASS       0    
access03                                           PASS       0    
access04                                           PASS       0    
acct01                                             CONF       32   
acct02                                             CONF       32   
add_key01                                          PASS       0    
add_key02                                          PASS       0    
add_key03                                          PASS       0    
add_key04                                          PASS       0    
add_key05                                          PASS       0    
adjtimex01                                         PASS       0    
adjtimex02                                         PASS       0    
adjtimex03                                         PASS       0    
alarm02                                            PASS       0    
alarm03                                            PASS       0    
alarm05                                            PASS       0    
alarm06                                            PASS       0    
alarm07                                            PASS       0    
bind01                                             PASS       0    
bind02                                             PASS       0    
bind03                                             PASS       0    
bind04                                             PASS       0    
bind05                                             PASS       0    
bind06                                             PASS       0    
bpf_map01                                          PASS       0    
bpf_prog01                                         PASS       0    
bpf_prog02                                         PASS       0    
bpf_prog03                                         PASS       0    
bpf_prog04                                         PASS       0    
bpf_prog05                                         PASS       0    
bpf_prog06                                         FAIL       1    
bpf_prog07                                         PASS       0    
brk01                                              PASS       0    
brk02                                              PASS       0    
capget01                                           PASS       0    
capget02                                           PASS       0    
capset01                                           PASS       0    
capset02                                           PASS       0    
capset03                                           PASS       0    
capset04                                           PASS       0    
cacheflush01                                       CONF       32   
chdir01                                            FAIL       6    
chdir01A                                           PASS       0    
chdir04                                            PASS       0    
chmod01                                            PASS       0    
chmod01A                                           PASS       0    
chmod03                                            PASS       0    
chmod05                                            PASS       0    
chmod06                                            PASS       0    
chmod07                                            PASS       0    
chown01                                            PASS       0    
chown01_16                                         CONF       32   
chown02                                            PASS       0    
chown02_16                                         CONF       32   
chown03                                            PASS       0    
chown03_16                                         CONF       32   
chown04                                            PASS       0    
chown04_16                                         CONF       32   
chown05                                            PASS       0    
chown05_16                                         CONF       32   
chroot01                                           PASS       0    
chroot02                                           PASS       0    
chroot03                                           PASS       0    
chroot04                                           PASS       0    
clock_adjtime01                                    PASS       0    
clock_adjtime02                                    PASS       0    
clock_getres01                                     PASS       0    
clock_nanosleep01                                  PASS       0    
clock_nanosleep02                                  PASS       0    
clock_nanosleep03                                  CONF       32   
clock_nanosleep04                                  PASS       0    
clock_gettime01                                    PASS       0    
clock_gettime02                                    PASS       0    
clock_gettime03                                    CONF       32   
clock_gettime04                                    PASS       0    
leapsec01                                          PASS       0    
clock_settime01                                    PASS       0    
clock_settime02                                    PASS       0    
clock_settime03                                    PASS       0    
clone01                                            PASS       0    
clone02                                            PASS       0    
clone03                                            PASS       0    
clone04                                            PASS       0    
clone05                                            PASS       0    
clone06                                            PASS       0    
clone07                                            PASS       0    
clone08                                            PASS       0    
clone09                                            PASS       0    
clone301                                           PASS       0    
clone302                                           PASS       0    
clone303                                           PASS       0    
close01                                            PASS       0    
close02                                            PASS       0    
close_range01                                      FAIL       6    
close_range02                                      PASS       0    
confstr01                                          PASS       0    
connect01                                          PASS       0    
connect02                                          PASS       0    
creat01                                            PASS       0    
creat03                                            PASS       0    
creat04                                            PASS       0    
creat05                                            PASS       0    
creat06                                            PASS       0    
creat07                                            PASS       0    
creat08                                            PASS       0    
creat09                                            FAIL       6    
delete_module01                                    CONF       32   
delete_module02                                    PASS       0    
delete_module03                                    CONF       32   
dup01                                              PASS       0    
dup02                                              PASS       0    
dup03                                              PASS       0    
dup04                                              PASS       0    
dup05                                              PASS       0    
dup06                                              PASS       0    
dup07                                              PASS       0    
dup201                                             PASS       0    
dup202                                             PASS       0    
dup203                                             PASS       0    
dup204                                             PASS       0    
dup205                                             PASS       0    
dup206                                             PASS       0    
dup207                                             PASS       0    
dup3_01                                            PASS       0    
dup3_02                                            PASS       0    
epoll_create01                                     PASS       0    
epoll_create02                                     PASS       0    
epoll_create1_01                                   PASS       0    
epoll_create1_02                                   PASS       0    
epoll01                                            PASS       0    
epoll_ctl01                                        PASS       0    
epoll_ctl02                                        PASS       0    
epoll_ctl03                                        PASS       0    
epoll_ctl04                                        PASS       0    
epoll_ctl05                                        PASS       0    
epoll_wait01                                       PASS       0    
epoll_wait02                                       PASS       0    
epoll_wait03                                       PASS       0    
epoll_wait04                                       PASS       0    
epoll_wait05                                       PASS       0    
epoll_wait06                                       PASS       0    
epoll_wait07                                       PASS       0    
epoll_pwait01                                      PASS       0    
epoll_pwait02                                      PASS       0    
epoll_pwait03                                      PASS       0    
epoll_pwait04                                      PASS       0    
epoll_pwait05                                      CONF       32   
eventfd01                                          PASS       0    
eventfd02                                          PASS       0    
eventfd03                                          PASS       0    
eventfd04                                          PASS       0    
eventfd05                                          PASS       0    
eventfd06                                          PASS       0    
eventfd2_01                                        PASS       0    
eventfd2_02                                        PASS       0    
eventfd2_03                                        PASS       0    
execl01                                            PASS       0    
execle01                                           PASS       0    
execlp01                                           PASS       0    
execv01                                            PASS       0    
execve01                                           PASS       0    
execve02                                           PASS       0    
execve03                                           PASS       0    
execve04                                           PASS       0    
execve05                                           PASS       0    
execve06                                           PASS       0    
execvp01                                           PASS       0    
execveat01                                         PASS       0    
execveat02                                         PASS       0    
execveat03                                         FAIL       6    
exit01                                             PASS       0    
exit02                                             PASS       0    
exit_group01                                       PASS       0    
faccessat01                                        PASS       0    
faccessat02                                        PASS       0    
faccessat201                                       PASS       0    
faccessat202                                       PASS       0    
fallocate01                                        PASS       0    
fallocate02                                        PASS       0    
fallocate03                                        PASS       0    
fallocate04                                        FAIL       6    
fallocate05                                        FAIL       6    
fallocate06                                        FAIL       6    
fsetxattr01                                        FAIL       6    
fsetxattr02                                        CONF       32   
posix_fadvise01                                    PASS       0    
posix_fadvise01_64                                 PASS       0    
posix_fadvise02                                    PASS       0    
posix_fadvise02_64                                 PASS       0    
posix_fadvise03                                    PASS       0    
posix_fadvise03_64                                 PASS       0    
posix_fadvise04                                    PASS       0    
posix_fadvise04_64                                 PASS       0    
fchdir01                                           PASS       0    
fchdir02                                           PASS       0    
fchdir03                                           PASS       0    
fchmod01                                           PASS       0    
fchmod02                                           PASS       0    
fchmod03                                           PASS       0    
fchmod04                                           PASS       0    
fchmod05                                           PASS       0    
fchmod06                                           PASS       0    
fchmodat01                                         PASS       0    
fchown01                                           PASS       0    
fchown01_16                                        CONF       32   
fchown02                                           PASS       0    
fchown02_16                                        CONF       32   
fchown03                                           PASS       0    
fchown03_16                                        CONF       32   
fchown04                                           PASS       0    
fchown04_16                                        CONF       32   
fchown05                                           PASS       0    
fchown05_16                                        CONF       32   
fchownat01                                         PASS       0    
fchownat02                                         PASS       0    
fcntl01                                            PASS       0    
fcntl01_64                                         PASS       0    
fcntl02                                            PASS       0    
fcntl02_64                                         PASS       0    
fcntl03                                            PASS       0    
fcntl03_64                                         PASS       0    
fcntl04                                            PASS       0    
fcntl04_64                                         PASS       0    
fcntl05                                            PASS       0    
fcntl05_64                                         PASS       0    
fcntl07                                            PASS       0    
fcntl07_64                                         PASS       0    
fcntl08                                            PASS       0    
fcntl08_64                                         PASS       0    
fcntl09                                            PASS       0    
fcntl09_64                                         PASS       0    
fcntl10                                            PASS       0    
fcntl10_64                                         PASS       0    
fcntl11                                            PASS       0    
fcntl11_64                                         PASS       0    
fcntl12                                            PASS       0    
fcntl12_64                                         PASS       0    
fcntl13                                            PASS       0    
fcntl13_64                                         PASS       0    
fcntl14                                            PASS       0    
fcntl14_64                                         PASS       0    
fcntl15                                            PASS       0    
fcntl15_64                                         PASS       0    
fcntl16                                            PASS       0    
fcntl16_64                                         PASS       0    
fcntl17                                            PASS       0    
fcntl17_64                                         PASS       0    
fcntl18                                            PASS       0    
fcntl18_64                                         PASS       0    
fcntl19                                            PASS       0    
fcntl19_64                                         PASS       0    
fcntl20                                            PASS       0    
fcntl20_64                                         PASS       0    
fcntl21                                            PASS       0    
fcntl21_64                                         PASS       0    
fcntl22                                            PASS       0    
fcntl22_64                                         PASS       0    
fcntl23                                            PASS       0    
fcntl23_64                                         PASS       0    
fcntl24                                            PASS       0    
fcntl24_64                                         PASS       0    
fcntl25                                            PASS       0    
fcntl25_64                                         PASS       0    
fcntl26                                            PASS       0    
fcntl26_64                                         PASS       0    
fcntl27                                            PASS       0    
fcntl27_64                                         PASS       0    
fcntl28                                            PASS       0    
fcntl28_64                                         PASS       0    
fcntl29                                            PASS       0    
fcntl29_64                                         PASS       0    
fcntl30                                            PASS       0    
fcntl30_64                                         PASS       0    
fcntl31                                            PASS       0    
fcntl31_64                                         PASS       0    
fcntl32                                            PASS       0    
fcntl32_64                                         PASS       0    
fcntl33                                            PASS       0    
fcntl33_64                                         PASS       0    
fcntl34                                            PASS       0    
fcntl34_64                                         PASS       0    
fcntl35                                            PASS       0    
fcntl35_64                                         PASS       0    
fcntl36                                            PASS       0    
fcntl36_64                                         PASS       0    
fcntl37                                            PASS       0    
fcntl37_64                                         PASS       0    
fcntl38                                            PASS       0    
fcntl38_64                                         PASS       0    
fcntl39                                            PASS       0    
fcntl39_64                                         PASS       0    
fdatasync01                                        PASS       0    
fdatasync02                                        PASS       0    
fdatasync03                                        FAIL       6    
fgetxattr01                                        FAIL       6    
fgetxattr02                                        PASS       0    
fgetxattr03                                        PASS       0    
finit_module01                                     CONF       32   
finit_module02                                     CONF       32   
flistxattr01                                       PASS       0    
flistxattr02                                       PASS       0    
flistxattr03                                       PASS       0    
flock01                                            PASS       0    
flock02                                            PASS       0    
flock03                                            PASS       0    
flock04                                            PASS       0    
flock06                                            PASS       0    
fmtmsg01                                           PASS       0    
fork01                                             PASS       0    
fork03                                             PASS       0    
fork04                                             PASS       0    
fork05                                             PASS       0    
fork06                                             PASS       0    
fork07                                             PASS       0    
fork08                                             PASS       0    
fork09                                             PASS       0    
fork10                                             PASS       0    
fork11                                             PASS       0    
fork13                                             PASS       0    
fork14                                             CONF       32   
fpathconf01                                        PASS       0    
fremovexattr01                                     FAIL       6    
fremovexattr02                                     FAIL       6    
fsconfig01                                         FAIL       37   
fsconfig02                                         FAIL       4    
fsconfig03                                         FAIL       6    
fsmount01                                          FAIL       7    
fsmount02                                          FAIL       6    
fsopen01                                           FAIL       7    
fsopen02                                           FAIL       4    
fspick01                                           FAIL       6    
fspick02                                           FAIL       6    
fstat02                                            PASS       0    
fstat02_64                                         PASS       0    
fstat03                                            PASS       0    
fstat03_64                                         PASS       0    
fstatat01                                          PASS       0    
fstatfs01                                          FAIL       6    
fstatfs01_64                                       FAIL       6    
fstatfs02                                          PASS       0    
fstatfs02_64                                       PASS       0    
fsync01                                            FAIL       6    
fsync02                                            PASS       0    
fsync03                                            PASS       0    
fsync04                                            FAIL       6    
ftruncate01                                        PASS       0    
ftruncate01_64                                     PASS       0    
ftruncate03                                        PASS       0    
ftruncate03_64                                     PASS       0    
ftruncate04                                        FAIL       6    
ftruncate04_64                                     FAIL       6    
futimesat01                                        CONF       32   
getcontext01                                       PASS       0    
getcpu01                                           PASS       0    
getcwd01                                           PASS       0    
getcwd02                                           PASS       0    
getcwd03                                           PASS       0    
getcwd04                                           PASS       0    
getdents01                                         PASS       0    
getdents02                                         PASS       0    
getdomainname01                                    PASS       0    
getdtablesize01                                    PASS       0    
getegid01                                          PASS       0    
getegid01_16                                       CONF       32   
getegid02                                          PASS       0    
getegid02_16                                       CONF       32   
geteuid01                                          PASS       0    
geteuid01_16                                       CONF       32   
geteuid02                                          PASS       0    
geteuid02_16                                       CONF       32   
getgid01                                           PASS       0    
getgid01_16                                        CONF       32   
getgid03                                           PASS       0    
getgid03_16                                        CONF       32   
getgroups01                                        PASS       0    
getgroups01_16                                     CONF       32   
getgroups03                                        PASS       0    
getgroups03_16                                     CONF       32   
gethostbyname_r01                                  PASS       0    
gethostid01                                        PASS       0    
gethostname01                                      PASS       0    
getitimer01                                        PASS       0    
getitimer02                                        PASS       0    
getpagesize01                                      PASS       0    
getpeername01                                      PASS       0    
getpgid01                                          PASS       0    
getpgid02                                          PASS       0    
getpgrp01                                          PASS       0    
getpid01                                           PASS       0    
getpid02                                           PASS       0    
getppid01                                          PASS       0    
getppid02                                          PASS       0    
getpriority01                                      PASS       0    
getpriority02                                      PASS       0    
getrandom01                                        PASS       0    
getrandom02                                        PASS       0    
getrandom03                                        PASS       0    
getrandom04                                        PASS       0    
getresgid01                                        PASS       0    
getresgid01_16                                     CONF       32   
getresgid02                                        PASS       0    
getresgid02_16                                     CONF       32   
getresgid03                                        PASS       0    
getresgid03_16                                     CONF       32   
getresuid01                                        PASS       0    
getresuid01_16                                     CONF       32   
getresuid02                                        PASS       0    
getresuid02_16                                     CONF       32   
getresuid03                                        PASS       0    
getresuid03_16                                     CONF       32   
getrlimit01                                        PASS       0    
getrlimit02                                        PASS       0    
getrlimit03                                        PASS       0    
get_mempolicy01                                    CONF       32   
get_mempolicy02                                    CONF       32   
get_robust_list01                                  PASS       0    
getrusage01                                        PASS       0    
getrusage02                                        PASS       0    
getrusage03                                        PASS       0    
getrusage04                                        PASS       0    
getsid01                                           PASS       0    
getsid02                                           PASS       0    
getsockname01                                      PASS       0    
getsockopt01                                       PASS       0    
getsockopt02                                       PASS       0    
gettid01                                           PASS       0    
gettimeofday01                                     PASS       0    
gettimeofday02                                     PASS       0    
getuid01                                           PASS       0    
getuid01_16                                        CONF       32   
getuid03                                           PASS       0    
getuid03_16                                        CONF       32   
getxattr01                                         PASS       0    
getxattr02                                         PASS       0    
getxattr03                                         PASS       0    
getxattr04                                         FAIL       6    
getxattr05                                         PASS       0    
init_module01                                      CONF       32   
init_module02                                      CONF       32   
ioctl01                                            PASS       0    
ioctl02                                            PASS       0    
ioctl03                                            PASS       0    
ioctl04                                            FAIL       6    
ioctl05                                            FAIL       6    
ioctl06                                            FAIL       6    
ioctl07                                            PASS       0    
ioctl08                                            FAIL       6    
ioctl09                                            PASS       0    
ioctl_loop01                                       PASS       0    
ioctl_loop02                                       PASS       0    
ioctl_loop03                                       PASS       0    
ioctl_loop04                                       PASS       0    
ioctl_loop05                                       PASS       0    
ioctl_loop06                                       PASS       0    
ioctl_loop07                                       PASS       0    
ioctl_ns01                                         PASS       0    
ioctl_ns02                                         PASS       0    
ioctl_ns03                                         PASS       0    
ioctl_ns04                                         PASS       0    
ioctl_ns05                                         PASS       0    
ioctl_ns06                                         PASS       0    
ioctl_ns07                                         PASS       0    
ioctl_sg01                                         CONF       32   
inotify_init1_01                                   PASS       0    
inotify_init1_02                                   PASS       0    
inotify01                                          PASS       0    
inotify02                                          PASS       0    
inotify03                                          FAIL       6    
inotify04                                          PASS       0    
inotify05                                          PASS       0    
inotify06                                          PASS       0    
inotify07                                          FAIL       6    
inotify08                                          FAIL       6    
inotify09                                          PASS       0    
inotify10                                          PASS       0    
inotify11                                          PASS       0    
inotify12                                          FAIL       1    
fanotify01                                         FAIL       6    
fanotify02                                         CONF       32   
fanotify03                                         FAIL       6    
fanotify04                                         CONF       32   
fanotify05                                         FAIL       6    
fanotify06                                         FAIL       6    
fanotify07                                         CONF       32   
fanotify08                                         CONF       32   
fanotify09                                         FAIL       6    
fanotify10                                         FAIL       6    
fanotify11                                         CONF       32   
fanotify12                                         CONF       32   
fanotify13                                         FAIL       6    
fanotify14                                         FAIL       6    
fanotify15                                         FAIL       6    
fanotify16                                         FAIL       6    
fanotify17                                         FAIL       6    
fanotify18                                         FAIL       6    
fanotify19                                         FAIL       6    
fanotify20                                         FAIL       36   
fanotify21                                         FAIL       36   
fanotify22                                         FAIL       6    
fanotify23                                         FAIL       6    
ioperm01                                           CONF       32   
ioperm02                                           CONF       32   
iopl01                                             CONF       32   
iopl02                                             CONF       32   
ioprio_get01                                       PASS       0    
ioprio_set01                                       PASS       0    
ioprio_set02                                       PASS       0    
ioprio_set03                                       PASS       0    
io_cancel01                                        PASS       0    
io_cancel02                                        PASS       0    
io_destroy01                                       PASS       0    
io_destroy02                                       PASS       0    
io_getevents01                                     PASS       0    
io_getevents02                                     PASS       0    
io_pgetevents01                                    PASS       0    
io_pgetevents02                                    PASS       0    
io_setup01                                         PASS       0    
io_setup02                                         PASS       0    
io_submit01                                        PASS       0    
io_submit02                                        PASS       0    
io_submit03                                        PASS       0    
keyctl01                                           PASS       0    
keyctl02                                           PASS       0    
keyctl03                                           FAIL       2    
keyctl04                                           PASS       0    
keyctl05                                           PASS       0    
keyctl06                                           PASS       0    
keyctl07                                           PASS       0    
keyctl08                                           PASS       0    
keyctl09                                           CONF       32   
kcmp01                                             PASS       0    
kcmp02                                             PASS       0    
kcmp03                                             PASS       0    
kill02                                             PASS       0    
kill03                                             PASS       0    
kill05                                             PASS       0    
kill06                                             PASS       0    
kill07                                             PASS       0    
kill08                                             PASS       0    
kill09                                             PASS       0    
kill10                                             PASS       0    
kill11                                             PASS       0    
kill12                                             PASS       0    
kill13                                             CONF       32   
lchown01                                           PASS       0    
lchown01_16                                        CONF       32   
lchown02                                           PASS       0    
lchown03                                           FAIL       6    
lchown02_16                                        CONF       32   
lchown03_16                                        FAIL       6    
lgetxattr01                                        PASS       0    
lgetxattr02                                        PASS       0    
link01                                             PASS       0    
link02                                             PASS       0    
link03                                             PASS       0    
link04                                             PASS       0    
link05                                             PASS       0    
link08                                             PASS       0    
linkat01                                           PASS       0    
linkat02                                           FAIL       6    
listen01                                           PASS       0    
listxattr01                                        PASS       0    
listxattr02                                        PASS       0    
listxattr03                                        PASS       0    
llistxattr01                                       PASS       0    
llistxattr02                                       PASS       0    
llistxattr03                                       PASS       0    
llseek01                                           PASS       0    
llseek02                                           PASS       0    
llseek03                                           PASS       0    
lremovexattr01                                     FAIL       6    
lseek01                                            PASS       0    
lseek02                                            PASS       0    
lseek07                                            PASS       0    
lseek11                                            PASS       0    
lstat01A                                           PASS       0    
lstat01A_64                                        PASS       0    
lstat01                                            PASS       0    
lstat01_64                                         PASS       0    
lstat02                                            PASS       0    
lstat02_64                                         PASS       0    
mallinfo02                                         PASS       0    
mallinfo2_01                                       PASS       0    
mallopt01                                          PASS       0    
mbind01                                            CONF       32   
mbind02                                            CONF       32   
mbind03                                            CONF       32   
mbind04                                            CONF       32   
memset01                                           PASS       0    
memcmp01                                           PASS       0    
memcpy01                                           PASS       0    
migrate_pages01                                    CONF       32   
migrate_pages02                                    CONF       32   
migrate_pages03                                    CONF       32   
mlockall01                                         PASS       0    
mlockall02                                         PASS       0    
mlockall03                                         PASS       0    
mkdir02                                            PASS       0    
mkdir03                                            PASS       0    
mkdir04                                            PASS       0    
mkdir05                                            PASS       0    
mkdir05A                                           PASS       0    
mkdir09                                            FAIL       6    
mkdirat01                                          PASS       0    
mkdirat02                                          PASS       0    
mknod01                                            PASS       0    
mknod02                                            PASS       0    
mknod03                                            PASS       0    
mknod04                                            PASS       0    
mknod05                                            PASS       0    
mknod06                                            PASS       0    
mknod07                                            FAIL       6    
mknod08                                            PASS       0    
mknod09                                            PASS       0    
mknodat01                                          PASS       0    
mknodat02                                          FAIL       6    
mlock01                                            PASS       0    
mlock02                                            PASS       0    
mlock03                                            PASS       0    
mlock04                                            PASS       0    
mlock201                                           PASS       0    
mlock202                                           PASS       0    
mlock203                                           PASS       0    
qmm01                                              PASS       0    
mmap01                                             PASS       0    
mmap02                                             PASS       0    
mmap03                                             PASS       0    
mmap04                                             PASS       0    
mmap05                                             PASS       0    
mmap06                                             PASS       0    
mmap08                                             PASS       0    
mmap09                                             PASS       0    
mmap12                                             PASS       0    
mmap13                                             PASS       0    
mmap14                                             PASS       0    
mmap15                                             PASS       0    
mmap16                                             FAIL       6    
mmap17                                             PASS       0    
mmap18                                             PASS       0    
mmap19                                             PASS       0    
mmap20                                             PASS       0    
modify_ldt01                                       PASS       0    
modify_ldt02                                       PASS       0    
modify_ldt03                                       PASS       0    
mount01                                            FAIL       5    
mount02                                            FAIL       6    
mount03                                            FAIL       7    
mount04                                            FAIL       4    
mount05                                            PASS       0    
mount06                                            FAIL       6    
mount07                                            FAIL       7    
mount_setattr01                                    FAIL       6    
move_mount01                                       FAIL       7    
move_mount02                                       FAIL       7    
move_pages01                                       CONF       32   
move_pages02                                       CONF       32   
move_pages03                                       CONF       32   
move_pages04                                       CONF       32   
move_pages05                                       CONF       32   
move_pages06                                       CONF       32   
move_pages07                                       CONF       32   
move_pages09                                       CONF       32   
move_pages10                                       CONF       32   
move_pages11                                       CONF       32   
move_pages12                                       CONF       32   
mprotect01                                         PASS       0    
mprotect02                                         PASS       0    
mprotect03                                         PASS       0    
mprotect04                                         PASS       0    
mprotect05                                         PASS       0    
pkey01                                             CONF       32   
mq_notify01                                        PASS       0    
mq_notify02                                        PASS       0    
mq_notify03                                        PASS       0    
mq_open01                                          PASS       0    
mq_timedreceive01                                  PASS       0    
mq_timedsend01                                     PASS       0    
mq_unlink01                                        PASS       0    
mremap01                                           PASS       0    
mremap02                                           PASS       0    
mremap03                                           PASS       0    
mremap04                                           PASS       0    
mremap05                                           PASS       0    
mremap06                                           PASS       0    
msgctl01                                           PASS       0    
msgctl02                                           PASS       0    
msgctl03                                           PASS       0    
msgctl04                                           PASS       0    
msgctl05                                           CONF       32   
msgctl06                                           PASS       0    
msgstress01                                        PASS       0    
msgstress02                                        PASS       0    
msgstress03                                        PASS       0    
msgstress04                                        PASS       0    
msgctl12                                           PASS       0    
msgget01                                           PASS       0    
msgget02                                           PASS       0    
msgget03                                           PASS       0    
msgget04                                           PASS       0    
msgget05                                           PASS       0    
msgrcv01                                           PASS       0    
msgrcv02                                           PASS       0    
msgrcv03                                           PASS       0    
msgrcv05                                           PASS       0    
msgrcv06                                           PASS       0    
msgrcv07                                           PASS       0    
msgrcv08                                           PASS       0    
msgsnd01                                           PASS       0    
msgsnd02                                           PASS       0    
msgsnd05                                           PASS       0    
msgsnd06                                           PASS       0    
msync01                                            PASS       0    
msync02                                            PASS       0    
msync03                                            PASS       0    
msync04                                            FAIL       6    
munlock01                                          PASS       0    
munlock02                                          PASS       0    
munlockall01                                       PASS       0    
munmap01                                           PASS       0    
munmap02                                           PASS       0    
munmap03                                           PASS       0    
nanosleep01                                        PASS       0    
nanosleep02                                        PASS       0    
nanosleep04                                        PASS       0    
name_to_handle_at01                                PASS       0    
name_to_handle_at02                                PASS       0    
nftw01                                             PASS       0    
nftw6401                                           PASS       0    
nice01                                             PASS       0    
nice02                                             PASS       0    
nice03                                             PASS       0    
nice04                                             PASS       0    
nice05                                             PASS       0    
open01                                             PASS       0    
open01A                                            PASS       0    
open02                                             PASS       0    
open03                                             PASS       0    
open04                                             PASS       0    
open06                                             PASS       0    
open07                                             PASS       0    
open08                                             PASS       0    
open09                                             PASS       0    
open10                                             PASS       0    
open11                                             PASS       0    
open12                                             FAIL       6    
open13                                             PASS       0    
open14                                             PASS       0    
openat01                                           PASS       0    
openat02                                           PASS       0    
openat03                                           PASS       0    
openat04                                           FAIL       6    
openat201                                          PASS       0    
openat202                                          PASS       0    
openat203                                          PASS       0    
open_by_handle_at01                                PASS       0    
open_by_handle_at02                                PASS       0    
open_tree01                                        FAIL       6    
open_tree02                                        FAIL       6    
mincore01                                          PASS       0    
mincore02                                          PASS       0    
mincore03                                          PASS       0    
mincore04                                          PASS       0    
madvise01                                          PASS       0    
madvise02                                          PASS       0    
madvise03                                          PASS       0    
madvise05                                          PASS       0    
madvise06                                          CONF       32   
madvise07                                          CONF       32   
madvise08                                          PASS       0    
madvise09                                          CONF       32   
madvise10                                          PASS       0    
madvise11                                          CONF       32   
newuname01                                         PASS       0    
pathconf01                                         PASS       0    
pause01                                            PASS       0    
pause02                                            PASS       0    
pause03                                            PASS       0    
personality01                                      PASS       0    
personality02                                      PASS       0    
pidfd_getfd01                                      PASS       0    
pidfd_getfd02                                      PASS       0    
pidfd_open01                                       PASS       0    
pidfd_open02                                       PASS       0    
pidfd_open03                                       PASS       0    
pidfd_open04                                       PASS       0    
pidfd_send_signal01                                PASS       0    
pidfd_send_signal02                                PASS       0    
pidfd_send_signal03                                PASS       0    
pipe01                                             PASS       0    
pipe02                                             PASS       0    
pipe03                                             PASS       0    
pipe04                                             PASS       0    
pipe05                                             PASS       0    
pipe06                                             PASS       0    
pipe07                                             PASS       0    
pipe08                                             PASS       0    
pipe09                                             PASS       0    
pipe10                                             PASS       0    
pipe11                                             PASS       0    
pipe12                                             PASS       0    
pipe13                                             PASS       0    
pipe14                                             PASS       0    
pipe2_01                                           PASS       0    
pipe2_02                                           PASS       0    
pipe2_04                                           PASS       0    
pivot_root01                                       PASS       0    
poll01                                             PASS       0    
poll02                                             PASS       0    
ppoll01                                            PASS       0    
prctl01                                            PASS       0    
prctl02                                            PASS       0    
prctl03                                            PASS       0    
prctl04                                            PASS       0    
prctl05                                            PASS       0    
prctl06                                            FAIL       6    
prctl07                                            PASS       0    
prctl08                                            PASS       0    
prctl09                                            PASS       0    
prctl10                                            CONF       32   
pread01                                            PASS       0    
pread01_64                                         PASS       0    
pread02                                            PASS       0    
pread02_64                                         PASS       0    
preadv01                                           PASS       0    
preadv01_64                                        PASS       0    
preadv02                                           PASS       0    
preadv02_64                                        PASS       0    
preadv03                                           FAIL       6    
preadv03_64                                        FAIL       6    
preadv201                                          PASS       0    
preadv201_64                                       PASS       0    
preadv202                                          PASS       0    
preadv202_64                                       PASS       0    
preadv203                                          FAIL       6    
preadv203_64                                       FAIL       6    
profil01                                           PASS       0    
process_vm_readv01                                 PASS       0    
process_vm_readv02                                 PASS       0    
process_vm_readv03                                 PASS       0    
process_vm_writev01                                PASS       0    
process_vm_writev02                                PASS       0    
process_madvise01                                  CONF       32   
prot_hsymlinks                                     PASS       0    
dirtyc0w                                           PASS       0    
dirtyc0w_shmem                                     PASS       0    
dirtypipe                                          PASS       0    
pselect01                                          PASS       0    
pselect01_64                                       PASS       0    
pselect02                                          PASS       0    
pselect02_64                                       PASS       0    
pselect03                                          PASS       0    
pselect03_64                                       PASS       0    
ptrace01                                           PASS       0    
ptrace02                                           PASS       0    
ptrace03                                           PASS       0    
ptrace04                                           CONF       32   
ptrace05                                           PASS       0    
ptrace07                                           CONF       32   
ptrace08                                           CONF       32   
ptrace09                                           CONF       32   
ptrace10                                           CONF       32   
ptrace11                                           PASS       0    
pwrite01                                           PASS       0    
pwrite02                                           PASS       0    
pwrite03                                           PASS       0    
pwrite04                                           PASS       0    
pwrite01_64                                        PASS       0    
pwrite02_64                                        PASS       0    
pwrite03_64                                        PASS       0    
pwrite04_64                                        PASS       0    
pwritev01                                          PASS       0    
pwritev01_64                                       PASS       0    
pwritev02                                          PASS       0    
pwritev02_64                                       PASS       0    
pwritev03                                          FAIL       6    
pwritev03_64                                       FAIL       6    
pwritev201                                         PASS       0    
pwritev201_64                                      PASS       0    
pwritev202                                         PASS       0    
pwritev202_64                                      PASS       0    
quotactl01                                         CONF       32   
quotactl02                                         CONF       32   
quotactl03                                         CONF       32   
quotactl04                                         CONF       32   
quotactl05                                         CONF       32   
quotactl06                                         CONF       32   
quotactl07                                         CONF       32   
quotactl08                                         CONF       32   
quotactl09                                         CONF       32   
read01                                             PASS       0    
read02                                             PASS       0    
read03                                             PASS       0    
read04                                             PASS       0    
readahead01                                        PASS       0    
readahead02                                        FAIL       6    
readdir01                                          PASS       0    
readdir21                                          CONF       32   
readlink01A                                        PASS       0    
readlink01                                         PASS       0    
readlink03                                         PASS       0    
readlinkat01                                       PASS       0    
readlinkat02                                       PASS       0    
readv01                                            PASS       0    
readv02                                            PASS       0    
realpath01                                         PASS       0    
reboot01                                           PASS       0    
reboot02                                           PASS       0    
recv01                                             PASS       0    
recvfrom01                                         PASS       0    
recvmsg01                                          PASS       0    
recvmsg02                                          PASS       0    
recvmsg03                                          CONF       32   
recvmmsg01                                         PASS       0    
remap_file_pages01                                 PASS       0    
remap_file_pages02                                 PASS       0    
removexattr01                                      PASS       0    
removexattr02                                      PASS       0    
rename01                                           FAIL       6    
rename01A                                          PASS       0    
rename03                                           FAIL       6    
rename04                                           FAIL       6    
rename05                                           FAIL       6    
rename06                                           FAIL       6    
rename07                                           FAIL       6    
rename08                                           FAIL       6    
rename09                                           PASS       0    
rename10                                           FAIL       6    
rename11                                           FAIL       6    
rename12                                           FAIL       6    
rename13                                           FAIL       6    
rename14                                           PASS       0    
renameat01                                         FAIL       6    
renameat201                                        PASS       0    
renameat202                                        PASS       0    
request_key01                                      PASS       0    
request_key02                                      PASS       0    
request_key03                                      PASS       0    
request_key04                                      PASS       0    
request_key05                                      PASS       0    
rmdir01                                            PASS       0    
rmdir02                                            PASS       0    
rmdir03                                            PASS       0    
rmdir03A                                           PASS       0    
rt_sigaction01                                     PASS       0    
rt_sigaction02                                     PASS       0    
rt_sigaction03                                     PASS       0    
rt_sigprocmask01                                   PASS       0    
rt_sigprocmask02                                   PASS       0    
rt_sigqueueinfo01                                  PASS       0    
rt_sigsuspend01                                    PASS       0    
rt_sigtimedwait01                                  PASS       0    
rt_tgsigqueueinfo01                                PASS       0    
sbrk01                                             PASS       0    
sbrk02                                             PASS       0    
sbrk03                                             CONF       32   
sched_get_priority_max01                           PASS       0    
sched_get_priority_max02                           PASS       0    
sched_get_priority_min01                           PASS       0    
sched_get_priority_min02                           PASS       0    
sched_getparam01                                   PASS       0    
sched_getparam03                                   PASS       0    
sched_rr_get_interval01                            FAIL       1    
sched_rr_get_interval02                            FAIL       1    
sched_rr_get_interval03                            FAIL       1    
sched_setparam01                                   PASS       0    
sched_setparam02                                   FAIL       1    
sched_setparam03                                   FAIL       2    
sched_setparam04                                   PASS       0    
sched_setparam05                                   PASS       0    
sched_getscheduler01                               FAIL       1    
sched_getscheduler02                               PASS       0    
sched_setscheduler01                               PASS       0    
sched_setscheduler02                               PASS       0    
sched_setscheduler03                               PASS       0    
sched_yield01                                      PASS       0    
sched_setaffinity01                                PASS       0    
sched_getaffinity01                                PASS       0    
sched_setattr01                                    PASS       0    
sched_getattr01                                    PASS       0    
sched_getattr02                                    PASS       0    
select01                                           PASS       0    
select02                                           PASS       0    
select03                                           PASS       0    
select04                                           PASS       0    
semctl01                                           PASS       0    
semctl02                                           PASS       0    
semctl03                                           PASS       0    
semctl04                                           PASS       0    
semctl05                                           PASS       0    
semctl06                                           PASS       0    
semctl07                                           PASS       0    
semctl08                                           CONF       32   
semctl09                                           PASS       0    
semget01                                           PASS       0    
semget02                                           PASS       0    
semget05                                           PASS       0    
semop01                                            PASS       0    
semop02                                            PASS       0    
semop03                                            PASS       0    
semop04                                            PASS       0    
semop05                                            PASS       0    
send01                                             PASS       0    
send02                                             PASS       0    
sendfile02                                         PASS       0    
sendfile02_64                                      PASS       0    
sendfile03                                         PASS       0    
sendfile03_64                                      PASS       0    
sendfile04                                         PASS       0    
sendfile04_64                                      PASS       0    
sendfile05                                         PASS       0    
sendfile05_64                                      PASS       0    
sendfile06                                         PASS       0    
sendfile06_64                                      PASS       0    
sendfile07                                         PASS       0    
sendfile07_64                                      PASS       0    
sendfile08                                         PASS       0    
sendfile08_64                                      PASS       0    
sendfile09                                         PASS       0    
sendfile09_64                                      PASS       0    
sendmsg01                                          PASS       0    
sendmsg02                                          PASS       0    
sendmsg03                                          PASS       0    
sendmmsg01                                         PASS       0    
sendmmsg02                                         PASS       0    
sendto01                                           PASS       0    
sendto02                                           CONF       32   
sendto03                                           PASS       0    
set_mempolicy01                                    CONF       32   
set_mempolicy02                                    CONF       32   
set_mempolicy03                                    CONF       32   
set_mempolicy04                                    CONF       32   
set_robust_list01                                  PASS       0    
set_thread_area01                                  CONF       32   
set_tid_address01                                  PASS       0    
setdomainname01                                    PASS       0    
setdomainname02                                    PASS       0    
setdomainname03                                    PASS       0    
setfsgid01                                         PASS       0    
setfsgid01_16                                      CONF       32   
setfsgid02                                         PASS       0    
setfsgid02_16                                      CONF       32   
setfsgid03                                         PASS       0    
setfsgid03_16                                      CONF       32   
setfsuid01                                         PASS       0    
setfsuid01_16                                      CONF       32   
setfsuid02                                         PASS       0    
setfsuid02_16                                      CONF       32   
setfsuid03                                         PASS       0    
setfsuid03_16                                      CONF       32   
setfsuid04                                         PASS       0    
setfsuid04_16                                      CONF       32   
setgid01                                           PASS       0    
setgid01_16                                        CONF       32   
setgid02                                           PASS       0    
setgid02_16                                        CONF       32   
setgid03                                           PASS       0    
setgid03_16                                        CONF       32   
setegid01                                          PASS       0    
setegid02                                          PASS       0    
sgetmask01                                         CONF       32   
setgroups01                                        PASS       0    
setgroups01_16                                     CONF       32   
setgroups02                                        PASS       0    
setgroups02_16                                     CONF       32   
setgroups03                                        PASS       0    
setgroups03_16                                     CONF       32   
sethostname01                                      PASS       0    
sethostname02                                      PASS       0    
sethostname03                                      PASS       0    
setitimer01                                        PASS       0    
setitimer02                                        PASS       0    
setns01                                            PASS       0    
setns02                                            PASS       0    
setpgid01                                          PASS       0    
setpgid02                                          PASS       0    
setpgid03                                          PASS       0    
setpgrp01                                          PASS       0    
setpgrp02                                          PASS       0    
setpriority01                                      PASS       0    
setpriority02                                      PASS       0    
setregid01                                         PASS       0    
setregid01_16                                      CONF       32   
setregid02                                         PASS       0    
setregid02_16                                      CONF       32   
setregid03                                         PASS       0    
setregid03_16                                      CONF       32   
setregid04                                         PASS       0    
setregid04_16                                      CONF       32   
setresgid01                                        PASS       0    
setresgid01_16                                     CONF       32   
setresgid02                                        PASS       0    
setresgid02_16                                     CONF       32   
setresgid03                                        PASS       0    
setresgid03_16                                     CONF       32   
setresgid04                                        PASS       0    
setresgid04_16                                     CONF       32   
setresuid01                                        PASS       0    
setresuid01_16                                     CONF       32   
setresuid02                                        PASS       0    
setresuid02_16                                     CONF       32   
setresuid03                                        PASS       0    
setresuid03_16                                     CONF       32   
setresuid04                                        PASS       0    
setresuid04_16                                     CONF       32   
setresuid05                                        PASS       0    
setresuid05_16                                     CONF       32   
setreuid01                                         PASS       0    
setreuid01_16                                      CONF       32   
setreuid02                                         PASS       0    
setreuid02_16                                      CONF       32   
setreuid03                                         PASS       0    
setreuid03_16                                      CONF       32   
setreuid04                                         PASS       0    
setreuid04_16                                      CONF       32   
setreuid05                                         PASS       0    
setreuid05_16                                      CONF       32   
setreuid06                                         PASS       0    
setreuid06_16                                      CONF       32   
setreuid07                                         PASS       0    
setreuid07_16                                      CONF       32   
setrlimit01                                        PASS       0    
setrlimit02                                        PASS       0    
setrlimit03                                        PASS       0    
setrlimit04                                        PASS       0    
setrlimit05                                        PASS       0    
setrlimit06                                        PASS       0    
setsid01                                           PASS       0    
setsockopt01                                       PASS       0    
setsockopt02                                       PASS       0    
setsockopt03                                       PASS       0    
setsockopt04                                       PASS       0    
setsockopt05                                       PASS       0    
setsockopt06                                       PASS       0    
setsockopt07                                       PASS       0    
setsockopt08                                       CONF       32   
setsockopt09                                       PASS       0    
settimeofday01                                     PASS       0    
settimeofday02                                     PASS       0    
setuid01                                           PASS       0    
setuid01_16                                        CONF       32   
setuid03                                           PASS       0    
setuid03_16                                        CONF       32   
setuid04                                           PASS       0    
setuid04_16                                        CONF       32   
setxattr01                                         FAIL       6    
setxattr02                                         PASS       0    
setxattr03                                         PASS       0    
shmat01                                            PASS       0    
shmat02                                            PASS       0    
shmat03                                            PASS       0    
shmctl01                                           PASS       0    
shmctl02                                           PASS       0    
shmctl03                                           PASS       0    
shmctl04                                           PASS       0    
shmctl05                                           PASS       0    
shmctl06                                           CONF       32   
shmctl07                                           PASS       0    
shmctl08                                           PASS       0    
shmdt01                                            PASS       0    
shmdt02                                            PASS       0    
shmget02                                           PASS       0    
shmget03                                           PASS       0    
shmget04                                           PASS       0    
shmget05                                           PASS       0    
shmget06                                           PASS       0    
sigaction01                                        PASS       0    
sigaction02                                        PASS       0    
sigaltstack01                                      PASS       0    
sigaltstack02                                      PASS       0    
sighold02                                          PASS       0    
signal01                                           PASS       0    
signal02                                           PASS       0    
signal03                                           PASS       0    
signal04                                           PASS       0    
signal05                                           PASS       0    
signal06                                           CONF       32   
signalfd01                                         PASS       0    
signalfd4_01                                       PASS       0    
signalfd4_02                                       PASS       0    
sigpending02                                       PASS       0    
sigprocmask01                                      PASS       0    
sigrelse01                                         PASS       0    
sigsuspend01                                       PASS       0    
sigtimedwait01                                     PASS       0    
sigwait01                                          PASS       0    
sigwaitinfo01                                      PASS       0    
socket01                                           PASS       0    
socket02                                           PASS       0    
socketcall01                                       CONF       32   
socketcall02                                       CONF       32   
socketcall03                                       CONF       32   
socketpair01                                       PASS       0    
socketpair02                                       PASS       0    
sockioctl01                                        PASS       0    
splice01                                           PASS       0    
splice02                                           PASS       0    
splice03                                           PASS       0    
splice04                                           PASS       0    
splice05                                           PASS       0    
tee01                                              PASS       0    
tee02                                              PASS       0    
ssetmask01                                         CONF       32   
stat01                                             PASS       0    
stat01_64                                          PASS       0    
stat02                                             PASS       0    
stat02_64                                          PASS       0    
stat03                                             PASS       0    
stat03_64                                          PASS       0    
stat04                                             PASS       0    
stat04_64                                          PASS       0    
statfs01                                           FAIL       6    
statfs01_64                                        FAIL       6    
statfs02                                           PASS       0    
statfs02_64                                        PASS       0    
statfs03                                           PASS       0    
statfs03_64                                        PASS       0    
statvfs01                                          FAIL       6    
statvfs02                                          PASS       0    
stime01                                            PASS       0    
stime02                                            PASS       0    
string01                                           PASS       0    
swapoff01                                          PASS       0    
swapoff02                                          PASS       0    
swapon01                                           PASS       0    
swapon02                                           PASS       0    
swapon03                                           PASS       0    
switch01                                           CONF       32   
symlink01                                          PASS       0    
symlink02                                          PASS       0    
symlink03                                          PASS       0    
symlink04                                          PASS       0    
symlink05                                          PASS       0    
symlinkat01                                        PASS       0    
sync01                                             FAIL       6    
syncfs01                                           FAIL       6    
sync_file_range01                                  PASS       0    
sync_file_range02                                  FAIL       6    
syscall01                                          PASS       0    
sysconf01                                          PASS       0    
sysctl01                                           CONF       32   
sysctl03                                           CONF       32   
sysctl04                                           CONF       32   
sysfs01                                            CONF       32   
sysfs02                                            CONF       32   
sysfs03                                            CONF       32   
sysfs04                                            CONF       32   
sysfs05                                            CONF       32   
sysinfo01                                          PASS       0    
sysinfo02                                          PASS       0    
sysinfo03                                          CONF       32   
syslog11                                           PASS       0    
syslog12                                           PASS       0    
tgkill01                                           PASS       0    
tgkill02                                           PASS       0    
tgkill03                                           PASS       0    
time01                                             PASS       0    
times01                                            PASS       0    
times03                                            PASS       0    
timerfd01                                          PASS       0    
timerfd02                                          PASS       0    
timerfd03                                          PASS       0    
timerfd04                                          CONF       32   
timerfd_create01                                   PASS       0    
timerfd_gettime01                                  PASS       0    
timerfd_settime01                                  PASS       0    
timerfd_settime02                                  PASS       0    
timer_create01                                     PASS       0    
timer_create02                                     PASS       0    
timer_create03                                     PASS       0    
timer_delete01                                     PASS       0    
timer_delete02                                     PASS       0    
timer_getoverrun01                                 PASS       0    
timer_gettime01                                    PASS       0    
timer_settime01                                    PASS       0    
timer_settime02                                    PASS       0    
timer_settime03                                    PASS       0    
tkill01                                            PASS       0    
tkill02                                            PASS       0    
truncate02                                         PASS       0    
truncate02_64                                      PASS       0    
truncate03                                         PASS       0    
truncate03_64                                      PASS       0    
ulimit01                                           PASS       0    
umask01                                            PASS       0    
uname01                                            PASS       0    
uname02                                            PASS       0    
uname04                                            PASS       0    
unlink01                                           PASS       0    
unlink05                                           PASS       0    
unlink07                                           PASS       0    
unlink08                                           PASS       0    
unlinkat01                                         PASS       0    
unshare01                                          PASS       0    
unshare02                                          PASS       0    
umount01                                           FAIL       6    
umount02                                           FAIL       6    
umount03                                           FAIL       6    
umount2_01                                         FAIL       6    
umount2_02                                         FAIL       6    
userfaultfd01                                      CONF       32   
ustat01                                            CONF       32   
ustat02                                            CONF       32   
utime01                                            FAIL       6    
utime01A                                           PASS       0    
utime02                                            FAIL       6    
utime03                                            FAIL       6    
utime04                                            FAIL       6    
utime05                                            FAIL       6    
utime06                                            PASS       0    
utimes01                                           PASS       0    
utimensat01                                        FAIL       6    
vfork01                                            PASS       0    
vfork02                                            PASS       0    
vhangup01                                          PASS       0    
vhangup02                                          PASS       0    
vmsplice01                                         PASS       0    
vmsplice02                                         PASS       0    
vmsplice03                                         PASS       0    
vmsplice04                                         PASS       0    
wait01                                             PASS       0    
wait02                                             PASS       0    
wait401                                            PASS       0    
wait402                                            PASS       0    
wait403                                            PASS       0    
waitpid01                                          PASS       0    
waitpid02                                          PASS       0    
waitpid03                                          PASS       0    
waitpid04                                          PASS       0    
waitpid05                                          PASS       0    
waitpid06                                          PASS       0    
waitpid07                                          PASS       0    
waitpid08                                          PASS       0    
waitpid09                                          PASS       0    
waitpid10                                          PASS       0    
waitpid11                                          PASS       0    
waitpid12                                          PASS       0    
waitpid13                                          PASS       0    
waitid01                                           PASS       0    
waitid02                                           PASS       0    
waitid03                                           PASS       0    
waitid04                                           PASS       0    
waitid05                                           PASS       0    
waitid06                                           PASS       0    
waitid07                                           PASS       0    
waitid08                                           PASS       0    
waitid09                                           PASS       0    
waitid10                                           PASS       0    
waitid11                                           PASS       0    
write01                                            PASS       0    
write02                                            PASS       0    
write03                                            PASS       0    
write04                                            PASS       0    
write05                                            PASS       0    
write06                                            PASS       0    
writev01                                           PASS       0    
writev02                                           PASS       0    
writev03                                           FAIL       6    
writev05                                           PASS       0    
writev06                                           PASS       0    
writev07                                           PASS       0    
perf_event_open01                                  PASS       0    
perf_event_open02                                  FAIL       2    
futex_cmp_requeue01                                PASS       0    
futex_cmp_requeue02                                PASS       0    
futex_wait01                                       PASS       0    
futex_wait02                                       PASS       0    
futex_wait03                                       PASS       0    
futex_wait04                                       PASS       0    
futex_wait05                                       PASS       0    
futex_waitv01                                      CONF       32   
futex_waitv02                                      CONF       32   
futex_waitv03                                      CONF       32   
futex_wake01                                       PASS       0    
futex_wake02                                       PASS       0    
futex_wake03                                       PASS       0    
futex_wake04                                       PASS       0    
futex_wait_bitset01                                PASS       0    
memfd_create01                                     PASS       0    
memfd_create02                                     PASS       0    
memfd_create03                                     PASS       0    
memfd_create04                                     PASS       0    
copy_file_range01                                  FAIL       6    
copy_file_range02                                  FAIL       6    
copy_file_range03                                  PASS       0    
statx01                                            PASS       0    
statx02                                            PASS       0    
statx03                                            PASS       0    
statx04                                            FAIL       6    
statx05                                            FAIL       6    
statx06                                            FAIL       6    
statx07                                            CONF       32   
statx08                                            FAIL       6    
statx09                                            CONF       32   
statx10                                            FAIL       6    
statx11                                            FAIL       6    
statx12                                            FAIL       6    
membarrier01                                       PASS       0    
io_uring01                                         PASS       0    
io_uring02                                         PASS       0    
perf_event_open03                                  CONF       32   
gf01                                               PASS       0    
gf02                                               PASS       0    
gf03                                               PASS       0    
gf04                                               PASS       0    
gf05                                               PASS       0    
gf06                                               PASS       0    
gf07                                               PASS       0    
gf08                                               PASS       0    
gf09                                               PASS       0    
gf10                                               PASS       0    
gf11                                               PASS       0    
gf12                                               PASS       0    
gf13                                               PASS       0    
gf14                                               PASS       0    
gf15                                               PASS       0    
gf16                                               PASS       0    
gf17                                               PASS       0    
gf18                                               PASS       0    
gf19                                               PASS       0    
gf20                                               PASS       0    
gf21                                               PASS       0    
gf22                                               PASS       0    
gf23                                               PASS       0    
gf24                                               PASS       0    
gf25                                               PASS       0    
gf26                                               PASS       0    
gf27                                               PASS       0    
gf28                                               PASS       0    
gf29                                               PASS       0    
gf30                                               PASS       0    
rwtest01                                           PASS       0    
rwtest02                                           PASS       0    
rwtest03                                           PASS       0    
rwtest04                                           PASS       0    
rwtest05                                           PASS       0    
iogen01                                            PASS       0    
fs_inod01                                          PASS       0    
linker01                                           PASS       0    
openfile01                                         PASS       0    
inode01                                            PASS       0    
inode02                                            PASS       0    
stream01                                           PASS       0    
stream02                                           PASS       0    
stream03                                           PASS       0    
stream04                                           PASS       0    
stream05                                           PASS       0    
ftest01                                            PASS       0    
ftest02                                            PASS       0    
ftest03                                            PASS       0    
ftest04                                            PASS       0    
ftest05                                            PASS       0    
ftest06                                            PASS       0    
ftest07                                            PASS       0    
ftest08                                            PASS       0    
lftest01                                           PASS       0    
writetest01                                        PASS       0    
fs_di                                              PASS       0    
