2024/04/28 10:24:01 maxprocs: Leaving GOMAXPROCS=64: CPU quota undefined
[Current] DELIVERY - Takes(s): 8.2, Count: 45, TPM: 329.5, Sum(ms): 48597.2, Avg(ms): 1080.8, 50th(ms): 1040.2, 90th(ms): 1409.3, 95th(ms): 1610.6, 99th(ms): 1879.0, 99.9th(ms): 1879.0, Max(ms): 1879.0
[Current] NEW_ORDER - Takes(s): 9.5, Count: 621, TPM: 3941.2, Sum(ms): 290675.8, Avg(ms): 468.2, 50th(ms): 453.0, 90th(ms): 671.1, 95th(ms): 771.8, 99th(ms): 906.0, 99.9th(ms): 1140.9, Max(ms): 1140.9
[Current] ORDER_STATUS - Takes(s): 9.3, Count: 45, TPM: 289.1, Sum(ms): 14501.0, Avg(ms): 322.5, 50th(ms): 268.4, 90th(ms): 637.5, 95th(ms): 771.8, 99th(ms): 872.4, 99.9th(ms): 872.4, Max(ms): 872.4
[Current] PAYMENT - Takes(s): 9.5, Count: 604, TPM: 3833.3, Sum(ms): 220205.4, Avg(ms): 364.6, 50th(ms): 352.3, 90th(ms): 503.3, 95th(ms): 671.1, 99th(ms): 973.1, 99.9th(ms): 1476.4, Max(ms): 1946.2
[Current] STOCK_LEVEL - Takes(s): 9.0, Count: 62, TPM: 411.5, Sum(ms): 22770.5, Avg(ms): 366.5, 50th(ms): 369.1, 90th(ms): 486.5, 95th(ms): 570.4, 99th(ms): 637.5, 99.9th(ms): 771.8, Max(ms): 771.8
[Current] DELIVERY - Takes(s): 10.0, Count: 61, TPM: 367.5, Sum(ms): 61523.7, Avg(ms): 1007.2, 50th(ms): 1040.2, 90th(ms): 1208.0, 95th(ms): 1275.1, 99th(ms): 1275.1, 99.9th(ms): 1342.2, Max(ms): 1342.2
[Current] NEW_ORDER - Takes(s): 10.0, Count: 691, TPM: 4163.7, Sum(ms): 295990.6, Avg(ms): 428.4, 50th(ms): 419.4, 90th(ms): 570.4, 95th(ms): 604.0, 99th(ms): 771.8, 99.9th(ms): 939.5, Max(ms): 1006.6
[Current] ORDER_STATUS - Takes(s): 9.9, Count: 72, TPM: 436.8, Sum(ms): 23359.1, Avg(ms): 324.3, 50th(ms): 285.2, 90th(ms): 637.5, 95th(ms): 671.1, 99th(ms): 771.8, 99.9th(ms): 805.3, Max(ms): 805.3
[Current] PAYMENT - Takes(s): 10.0, Count: 634, TPM: 3820.1, Sum(ms): 231640.9, Avg(ms): 365.5, 50th(ms): 352.3, 90th(ms): 453.0, 95th(ms): 604.0, 99th(ms): 838.9, 99.9th(ms): 1342.2, Max(ms): 1342.2
[Current] STOCK_LEVEL - Takes(s): 9.9, Count: 67, TPM: 407.9, Sum(ms): 20879.4, Avg(ms): 312.5, 50th(ms): 318.8, 90th(ms): 402.7, 95th(ms): 436.2, 99th(ms): 486.5, 99.9th(ms): 637.5, Max(ms): 637.5
[Current] DELIVERY - Takes(s): 9.9, Count: 59, TPM: 356.4, Sum(ms): 57969.6, Avg(ms): 983.3, 50th(ms): 973.1, 90th(ms): 1208.0, 95th(ms): 1275.1, 99th(ms): 1409.3, 99.9th(ms): 1543.5, Max(ms): 1543.5
[Current] NEW_ORDER - Takes(s): 10.0, Count: 652, TPM: 3913.5, Sum(ms): 290058.6, Avg(ms): 444.5, 50th(ms): 436.2, 90th(ms): 604.0, 95th(ms): 671.1, 99th(ms): 973.1, 99.9th(ms): 1140.9, Max(ms): 1140.9
[Current] ORDER_STATUS - Takes(s): 9.7, Count: 58, TPM: 357.3, Sum(ms): 20514.0, Avg(ms): 353.0, 50th(ms): 302.0, 90th(ms): 637.5, 95th(ms): 704.6, 99th(ms): 771.8, 99.9th(ms): 771.8, Max(ms): 771.8
[Current] PAYMENT - Takes(s): 10.0, Count: 654, TPM: 3926.3, Sum(ms): 248869.3, Avg(ms): 380.9, 50th(ms): 352.3, 90th(ms): 536.9, 95th(ms): 637.5, 99th(ms): 939.5, 99.9th(ms): 1073.7, Max(ms): 1275.1
[Current] STOCK_LEVEL - Takes(s): 9.8, Count: 69, TPM: 424.5, Sum(ms): 19926.6, Avg(ms): 287.9, 50th(ms): 285.2, 90th(ms): 369.1, 95th(ms): 402.7, 99th(ms): 419.4, 99.9th(ms): 486.5, Max(ms): 486.5
[Current] DELIVERY - Takes(s): 10.0, Count: 62, TPM: 372.8, Sum(ms): 60449.6, Avg(ms): 978.5, 50th(ms): 973.1, 90th(ms): 1140.9, 95th(ms): 1208.0, 99th(ms): 1342.2, 99.9th(ms): 1543.5, Max(ms): 1543.5
[Current] NEW_ORDER - Takes(s): 10.0, Count: 718, TPM: 4324.8, Sum(ms): 296058.1, Avg(ms): 412.3, 50th(ms): 402.7, 90th(ms): 520.1, 95th(ms): 570.4, 99th(ms): 838.9, 99.9th(ms): 939.5, Max(ms): 973.1
[Current] ORDER_STATUS - Takes(s): 10.0, Count: 71, TPM: 426.3, Sum(ms): 23866.5, Avg(ms): 335.1, 50th(ms): 302.0, 90th(ms): 637.5, 95th(ms): 671.1, 99th(ms): 738.2, 99.9th(ms): 738.2, Max(ms): 738.2
[Current] PAYMENT - Takes(s): 10.0, Count: 664, TPM: 3999.1, Sum(ms): 236780.2, Avg(ms): 356.8, 50th(ms): 352.3, 90th(ms): 453.0, 95th(ms): 570.4, 99th(ms): 838.9, 99.9th(ms): 939.5, Max(ms): 1073.7
[Current] STOCK_LEVEL - Takes(s): 10.0, Count: 79, TPM: 475.0, Sum(ms): 22966.6, Avg(ms): 291.2, 50th(ms): 302.0, 90th(ms): 352.3, 95th(ms): 385.9, 99th(ms): 385.9, 99.9th(ms): 402.7, Max(ms): 402.7
[Current] DELIVERY - Takes(s): 9.9, Count: 66, TPM: 398.6, Sum(ms): 64057.0, Avg(ms): 970.8, 50th(ms): 973.1, 90th(ms): 1140.9, 95th(ms): 1275.1, 99th(ms): 1409.3, 99.9th(ms): 1409.3, Max(ms): 1409.3
[Current] NEW_ORDER - Takes(s): 10.0, Count: 719, TPM: 4332.4, Sum(ms): 300817.6, Avg(ms): 418.7, 50th(ms): 419.4, 90th(ms): 536.9, 95th(ms): 637.5, 99th(ms): 906.0, 99.9th(ms): 1040.2, Max(ms): 1073.7
[Current] ORDER_STATUS - Takes(s): 10.0, Count: 61, TPM: 367.1, Sum(ms): 18582.7, Avg(ms): 305.3, 50th(ms): 268.4, 90th(ms): 570.4, 95th(ms): 637.5, 99th(ms): 637.5, 99.9th(ms): 637.5, Max(ms): 637.5
[Current] PAYMENT - Takes(s): 10.0, Count: 677, TPM: 4079.2, Sum(ms): 239294.4, Avg(ms): 353.7, 50th(ms): 335.5, 90th(ms): 453.0, 95th(ms): 604.0, 99th(ms): 906.0, 99.9th(ms): 1342.2, Max(ms): 1409.3
[Current] STOCK_LEVEL - Takes(s): 9.9, Count: 63, TPM: 380.9, Sum(ms): 16836.5, Avg(ms): 267.0, 50th(ms): 285.2, 90th(ms): 335.5, 95th(ms): 352.3, 99th(ms): 369.1, 99.9th(ms): 469.8, Max(ms): 469.8
[Current] DELIVERY - Takes(s): 9.9, Count: 73, TPM: 440.9, Sum(ms): 71146.6, Avg(ms): 974.9, 50th(ms): 973.1, 90th(ms): 1140.9, 95th(ms): 1208.0, 99th(ms): 1342.2, 99.9th(ms): 1409.3, Max(ms): 1409.3
[Current] NEW_ORDER - Takes(s): 9.9, Count: 731, TPM: 4413.7, Sum(ms): 294787.0, Avg(ms): 403.3, 50th(ms): 402.7, 90th(ms): 503.3, 95th(ms): 604.0, 99th(ms): 838.9, 99.9th(ms): 973.1, Max(ms): 1543.5
[Current] ORDER_STATUS - Takes(s): 9.9, Count: 76, TPM: 462.1, Sum(ms): 24749.3, Avg(ms): 326.1, 50th(ms): 302.0, 90th(ms): 570.4, 95th(ms): 637.5, 99th(ms): 637.5, 99.9th(ms): 704.6, Max(ms): 704.6
[Current] PAYMENT - Takes(s): 9.9, Count: 696, TPM: 4204.1, Sum(ms): 239802.6, Avg(ms): 344.6, 50th(ms): 335.5, 90th(ms): 419.4, 95th(ms): 503.3, 99th(ms): 872.4, 99.9th(ms): 1208.0, Max(ms): 1275.1
[Current] STOCK_LEVEL - Takes(s): 10.0, Count: 48, TPM: 288.1, Sum(ms): 12492.2, Avg(ms): 261.2, 50th(ms): 268.4, 90th(ms): 318.8, 95th(ms): 335.5, 99th(ms): 352.3, 99.9th(ms): 352.3, Max(ms): 352.3
[Current] DELIVERY - Takes(s): 9.5, Count: 64, TPM: 406.2, Sum(ms): 61827.6, Avg(ms): 964.2, 50th(ms): 973.1, 90th(ms): 1140.9, 95th(ms): 1140.9, 99th(ms): 1342.2, 99.9th(ms): 2080.4, Max(ms): 2080.4
[Current] NEW_ORDER - Takes(s): 9.9, Count: 730, TPM: 4419.4, Sum(ms): 301607.8, Avg(ms): 413.1, 50th(ms): 402.7, 90th(ms): 536.9, 95th(ms): 604.0, 99th(ms): 939.5, 99.9th(ms): 1006.6, Max(ms): 1275.1
[Current] ORDER_STATUS - Takes(s): 9.9, Count: 64, TPM: 386.8, Sum(ms): 16860.0, Avg(ms): 264.1, 50th(ms): 234.9, 90th(ms): 503.3, 95th(ms): 570.4, 99th(ms): 604.0, 99.9th(ms): 604.0, Max(ms): 604.0
[Current] PAYMENT - Takes(s): 9.9, Count: 646, TPM: 3912.8, Sum(ms): 237865.4, Avg(ms): 368.2, 50th(ms): 352.3, 90th(ms): 453.0, 95th(ms): 604.0, 99th(ms): 973.1, 99.9th(ms): 1006.6, Max(ms): 1476.4
[Current] STOCK_LEVEL - Takes(s): 9.5, Count: 56, TPM: 355.0, Sum(ms): 12899.1, Avg(ms): 230.0, 50th(ms): 234.9, 90th(ms): 285.2, 95th(ms): 302.0, 99th(ms): 453.0, 99.9th(ms): 469.8, Max(ms): 469.8
[Current] DELIVERY - Takes(s): 9.9, Count: 58, TPM: 352.7, Sum(ms): 50929.4, Avg(ms): 877.3, 50th(ms): 872.4, 90th(ms): 1040.2, 95th(ms): 1073.7, 99th(ms): 1208.0, 99.9th(ms): 1208.0, Max(ms): 1208.0
[Current] NEW_ORDER - Takes(s): 10.0, Count: 754, TPM: 4527.6, Sum(ms): 303771.0, Avg(ms): 402.9, 50th(ms): 385.9, 90th(ms): 520.1, 95th(ms): 604.0, 99th(ms): 838.9, 99.9th(ms): 872.4, Max(ms): 939.5
[Current] ORDER_STATUS - Takes(s): 9.9, Count: 67, TPM: 406.9, Sum(ms): 21452.0, Avg(ms): 319.4, 50th(ms): 302.0, 90th(ms): 536.9, 95th(ms): 604.0, 99th(ms): 637.5, 99.9th(ms): 704.6, Max(ms): 704.6
[Current] PAYMENT - Takes(s): 10.0, Count: 721, TPM: 4329.2, Sum(ms): 251044.6, Avg(ms): 348.6, 50th(ms): 335.5, 90th(ms): 453.0, 95th(ms): 536.9, 99th(ms): 805.3, 99.9th(ms): 1006.6, Max(ms): 1006.6
[Current] STOCK_LEVEL - Takes(s): 9.5, Count: 75, TPM: 472.1, Sum(ms): 16962.9, Avg(ms): 225.9, 50th(ms): 226.5, 90th(ms): 285.2, 95th(ms): 302.0, 99th(ms): 335.5, 99.9th(ms): 570.4, Max(ms): 570.4
[Current] DELIVERY - Takes(s): 9.9, Count: 74, TPM: 449.1, Sum(ms): 69496.0, Avg(ms): 940.2, 50th(ms): 973.1, 90th(ms): 1073.7, 95th(ms): 1140.9, 99th(ms): 1140.9, 99.9th(ms): 1610.6, Max(ms): 1610.6
[Current] NEW_ORDER - Takes(s): 9.9, Count: 747, TPM: 4516.7, Sum(ms): 305822.9, Avg(ms): 409.6, 50th(ms): 419.4, 90th(ms): 520.1, 95th(ms): 604.0, 99th(ms): 838.9, 99.9th(ms): 973.1, Max(ms): 1006.6
[Current] ORDER_STATUS - Takes(s): 10.0, Count: 72, TPM: 432.5, Sum(ms): 22284.2, Avg(ms): 309.7, 50th(ms): 285.2, 90th(ms): 570.4, 95th(ms): 604.0, 99th(ms): 604.0, 99.9th(ms): 704.6, Max(ms): 704.6
[Current] PAYMENT - Takes(s): 9.9, Count: 661, TPM: 3997.2, Sum(ms): 228094.5, Avg(ms): 345.2, 50th(ms): 335.5, 90th(ms): 436.2, 95th(ms): 520.1, 99th(ms): 838.9, 99.9th(ms): 939.5, Max(ms): 1040.2
[Current] STOCK_LEVEL - Takes(s): 10.0, Count: 62, TPM: 372.4, Sum(ms): 13357.8, Avg(ms): 215.3, 50th(ms): 218.1, 90th(ms): 268.4, 95th(ms): 285.2, 99th(ms): 302.0, 99.9th(ms): 318.8, Max(ms): 318.8
[Current] DELIVERY - Takes(s): 9.8, Count: 55, TPM: 336.2, Sum(ms): 53364.2, Avg(ms): 969.4, 50th(ms): 1006.6, 90th(ms): 1140.9, 95th(ms): 1208.0, 99th(ms): 1275.1, 99.9th(ms): 1409.3, Max(ms): 1409.3
[Current] NEW_ORDER - Takes(s): 9.9, Count: 710, TPM: 4303.3, Sum(ms): 303948.6, Avg(ms): 428.2, 50th(ms): 419.4, 90th(ms): 536.9, 95th(ms): 637.5, 99th(ms): 939.5, 99.9th(ms): 1073.7, Max(ms): 1208.0
[Current] ORDER_STATUS - Takes(s): 10.0, Count: 62, TPM: 373.7, Sum(ms): 19041.9, Avg(ms): 307.4, 50th(ms): 285.2, 90th(ms): 570.4, 95th(ms): 604.0, 99th(ms): 604.0, 99.9th(ms): 704.6, Max(ms): 704.6
[Current] PAYMENT - Takes(s): 9.8, Count: 659, TPM: 4026.9, Sum(ms): 239365.2, Avg(ms): 363.5, 50th(ms): 352.3, 90th(ms): 469.8, 95th(ms): 520.1, 99th(ms): 906.0, 99.9th(ms): 1073.7, Max(ms): 1543.5
[Current] STOCK_LEVEL - Takes(s): 9.8, Count: 74, TPM: 454.6, Sum(ms): 19339.7, Avg(ms): 261.6, 50th(ms): 251.7, 90th(ms): 369.1, 95th(ms): 402.7, 99th(ms): 536.9, 99.9th(ms): 570.4, Max(ms): 570.4
[Current] DELIVERY - Takes(s): 9.8, Count: 68, TPM: 415.6, Sum(ms): 67421.1, Avg(ms): 995.3, 50th(ms): 1006.6, 90th(ms): 1208.0, 95th(ms): 1208.0, 99th(ms): 1275.1, 99.9th(ms): 1543.5, Max(ms): 1543.5
[Current] NEW_ORDER - Takes(s): 10.0, Count: 723, TPM: 4339.8, Sum(ms): 298987.9, Avg(ms): 413.5, 50th(ms): 402.7, 90th(ms): 520.1, 95th(ms): 570.4, 99th(ms): 906.0, 99.9th(ms): 1040.2, Max(ms): 1040.2
[Current] ORDER_STATUS - Takes(s): 9.9, Count: 61, TPM: 369.8, Sum(ms): 21680.9, Avg(ms): 355.5, 50th(ms): 318.8, 90th(ms): 604.0, 95th(ms): 671.1, 99th(ms): 738.2, 99.9th(ms): 738.2, Max(ms): 738.2
[Current] PAYMENT - Takes(s): 10.0, Count: 670, TPM: 4022.3, Sum(ms): 242909.1, Avg(ms): 362.5, 50th(ms): 369.1, 90th(ms): 453.0, 95th(ms): 520.1, 99th(ms): 805.3, 99.9th(ms): 906.0, Max(ms): 973.1
[Current] STOCK_LEVEL - Takes(s): 9.9, Count: 69, TPM: 417.4, Sum(ms): 17230.3, Avg(ms): 250.3, 50th(ms): 234.9, 90th(ms): 318.8, 95th(ms): 385.9, 99th(ms): 453.0, 99.9th(ms): 637.5, Max(ms): 637.5
[Current] DELIVERY - Takes(s): 9.5, Count: 60, TPM: 378.8, Sum(ms): 59153.2, Avg(ms): 986.2, 50th(ms): 973.1, 90th(ms): 1140.9, 95th(ms): 1208.0, 99th(ms): 1409.3, 99.9th(ms): 1811.9, Max(ms): 1811.9
[Current] NEW_ORDER - Takes(s): 9.9, Count: 712, TPM: 4309.3, Sum(ms): 297851.8, Avg(ms): 418.5, 50th(ms): 419.4, 90th(ms): 536.9, 95th(ms): 604.0, 99th(ms): 906.0, 99.9th(ms): 1006.6, Max(ms): 1006.6
[Current] ORDER_STATUS - Takes(s): 10.0, Count: 66, TPM: 397.1, Sum(ms): 20040.7, Avg(ms): 303.9, 50th(ms): 268.4, 90th(ms): 604.0, 95th(ms): 637.5, 99th(ms): 671.1, 99.9th(ms): 704.6, Max(ms): 704.6
[Current] PAYMENT - Takes(s): 9.9, Count: 676, TPM: 4097.1, Sum(ms): 238967.2, Avg(ms): 353.3, 50th(ms): 352.3, 90th(ms): 453.0, 95th(ms): 486.5, 99th(ms): 838.9, 99.9th(ms): 939.5, Max(ms): 1140.9
[Current] STOCK_LEVEL - Takes(s): 9.7, Count: 56, TPM: 345.2, Sum(ms): 13875.8, Avg(ms): 247.8, 50th(ms): 251.7, 90th(ms): 318.8, 95th(ms): 335.5, 99th(ms): 352.3, 99.9th(ms): 453.0, Max(ms): 453.0
[Current] DELIVERY - Takes(s): 9.7, Count: 65, TPM: 400.8, Sum(ms): 62932.6, Avg(ms): 969.2, 50th(ms): 973.1, 90th(ms): 1140.9, 95th(ms): 1208.0, 99th(ms): 1610.6, 99.9th(ms): 1811.9, Max(ms): 1811.9
[Current] NEW_ORDER - Takes(s): 10.0, Count: 715, TPM: 4292.6, Sum(ms): 291576.2, Avg(ms): 407.9, 50th(ms): 402.7, 90th(ms): 520.1, 95th(ms): 604.0, 99th(ms): 939.5, 99.9th(ms): 1073.7, Max(ms): 1208.0
[Current] ORDER_STATUS - Takes(s): 9.8, Count: 68, TPM: 414.6, Sum(ms): 19475.9, Avg(ms): 286.1, 50th(ms): 251.7, 90th(ms): 570.4, 95th(ms): 604.0, 99th(ms): 637.5, 99.9th(ms): 671.1, Max(ms): 671.1
[Current] PAYMENT - Takes(s): 10.0, Count: 697, TPM: 4184.8, Sum(ms): 247860.1, Avg(ms): 355.5, 50th(ms): 335.5, 90th(ms): 453.0, 95th(ms): 604.0, 99th(ms): 906.0, 99.9th(ms): 1342.2, Max(ms): 1409.3
[Current] STOCK_LEVEL - Takes(s): 10.0, Count: 67, TPM: 403.3, Sum(ms): 14278.1, Avg(ms): 213.3, 50th(ms): 218.1, 90th(ms): 268.4, 95th(ms): 268.4, 99th(ms): 285.2, 99.9th(ms): 335.5, Max(ms): 335.5
[Current] DELIVERY - Takes(s): 9.8, Count: 65, TPM: 396.8, Sum(ms): 59359.2, Avg(ms): 914.5, 50th(ms): 906.0, 90th(ms): 1208.0, 95th(ms): 1208.0, 99th(ms): 1208.0, 99.9th(ms): 1275.1, Max(ms): 1275.1
[Current] NEW_ORDER - Takes(s): 10.0, Count: 733, TPM: 4419.3, Sum(ms): 313808.6, Avg(ms): 428.0, 50th(ms): 402.7, 90th(ms): 570.4, 95th(ms): 637.5, 99th(ms): 939.5, 99.9th(ms): 1275.1, Max(ms): 1409.3
[Current] ORDER_STATUS - Takes(s): 9.6, Count: 58, TPM: 361.9, Sum(ms): 19295.0, Avg(ms): 333.7, 50th(ms): 285.2, 90th(ms): 604.0, 95th(ms): 637.5, 99th(ms): 637.5, 99.9th(ms): 671.1, Max(ms): 671.1
[Current] PAYMENT - Takes(s): 9.9, Count: 653, TPM: 3938.1, Sum(ms): 233193.1, Avg(ms): 357.4, 50th(ms): 352.3, 90th(ms): 453.0, 95th(ms): 520.1, 99th(ms): 872.4, 99.9th(ms): 1073.7, Max(ms): 1140.9
[Current] STOCK_LEVEL - Takes(s): 9.8, Count: 62, TPM: 380.6, Sum(ms): 13276.3, Avg(ms): 214.4, 50th(ms): 218.1, 90th(ms): 268.4, 95th(ms): 285.2, 99th(ms): 318.8, 99.9th(ms): 453.0, Max(ms): 453.0
[Current] DELIVERY - Takes(s): 9.6, Count: 74, TPM: 461.3, Sum(ms): 68680.2, Avg(ms): 929.5, 50th(ms): 906.0, 90th(ms): 1140.9, 95th(ms): 1140.9, 99th(ms): 1275.1, 99.9th(ms): 1275.1, Max(ms): 1275.1
[Current] NEW_ORDER - Takes(s): 10.0, Count: 732, TPM: 4408.0, Sum(ms): 296342.1, Avg(ms): 404.8, 50th(ms): 402.7, 90th(ms): 520.1, 95th(ms): 570.4, 99th(ms): 805.3, 99.9th(ms): 939.5, Max(ms): 973.1
[Current] ORDER_STATUS - Takes(s): 9.9, Count: 67, TPM: 407.7, Sum(ms): 17641.2, Avg(ms): 263.6, 50th(ms): 226.5, 90th(ms): 503.3, 95th(ms): 536.9, 99th(ms): 570.4, 99.9th(ms): 671.1, Max(ms): 671.1
[Current] PAYMENT - Takes(s): 10.0, Count: 715, TPM: 4308.6, Sum(ms): 247334.9, Avg(ms): 346.2, 50th(ms): 335.5, 90th(ms): 436.2, 95th(ms): 604.0, 99th(ms): 838.9, 99.9th(ms): 1040.2, Max(ms): 1073.7
[Current] STOCK_LEVEL - Takes(s): 9.9, Count: 57, TPM: 344.4, Sum(ms): 11662.4, Avg(ms): 204.5, 50th(ms): 201.3, 90th(ms): 260.0, 95th(ms): 285.2, 99th(ms): 302.0, 99.9th(ms): 369.1, Max(ms): 369.1
[Current] DELIVERY - Takes(s): 10.0, Count: 59, TPM: 354.5, Sum(ms): 53649.2, Avg(ms): 908.8, 50th(ms): 939.5, 90th(ms): 1040.2, 95th(ms): 1073.7, 99th(ms): 1140.9, 99.9th(ms): 1342.2, Max(ms): 1342.2
[Current] NEW_ORDER - Takes(s): 10.0, Count: 737, TPM: 4427.9, Sum(ms): 296641.9, Avg(ms): 402.5, 50th(ms): 402.7, 90th(ms): 503.3, 95th(ms): 604.0, 99th(ms): 872.4, 99.9th(ms): 939.5, Max(ms): 1073.7
[Current] ORDER_STATUS - Takes(s): 9.6, Count: 65, TPM: 406.4, Sum(ms): 17969.9, Avg(ms): 276.8, 50th(ms): 251.7, 90th(ms): 503.3, 95th(ms): 570.4, 99th(ms): 604.0, 99.9th(ms): 604.0, Max(ms): 604.0
[Current] PAYMENT - Takes(s): 10.0, Count: 728, TPM: 4381.6, Sum(ms): 258503.7, Avg(ms): 355.1, 50th(ms): 335.5, 90th(ms): 436.2, 95th(ms): 637.5, 99th(ms): 906.0, 99.9th(ms): 1040.2, Max(ms): 1208.0
[Current] STOCK_LEVEL - Takes(s): 9.3, Count: 51, TPM: 329.5, Sum(ms): 10620.6, Avg(ms): 207.7, 50th(ms): 218.1, 90th(ms): 260.0, 95th(ms): 285.2, 99th(ms): 302.0, 99.9th(ms): 335.5, Max(ms): 335.5
[Current] DELIVERY - Takes(s): 9.6, Count: 62, TPM: 386.1, Sum(ms): 59708.5, Avg(ms): 965.2, 50th(ms): 939.5, 90th(ms): 1208.0, 95th(ms): 1275.1, 99th(ms): 1342.2, 99.9th(ms): 1879.0, Max(ms): 1879.0
[Current] NEW_ORDER - Takes(s): 10.0, Count: 712, TPM: 4275.8, Sum(ms): 286537.2, Avg(ms): 402.4, 50th(ms): 402.7, 90th(ms): 503.3, 95th(ms): 570.4, 99th(ms): 771.8, 99.9th(ms): 1006.6, Max(ms): 1006.6
[Current] ORDER_STATUS - Takes(s): 10.0, Count: 59, TPM: 355.2, Sum(ms): 16785.1, Avg(ms): 284.7, 50th(ms): 268.4, 90th(ms): 536.9, 95th(ms): 604.0, 99th(ms): 637.5, 99.9th(ms): 704.6, Max(ms): 704.6
[Current] PAYMENT - Takes(s): 10.0, Count: 733, TPM: 4412.1, Sum(ms): 264277.7, Avg(ms): 360.3, 50th(ms): 352.3, 90th(ms): 453.0, 95th(ms): 570.4, 99th(ms): 939.5, 99.9th(ms): 1073.7, Max(ms): 1073.7
[Current] STOCK_LEVEL - Takes(s): 9.7, Count: 58, TPM: 359.3, Sum(ms): 11662.1, Avg(ms): 201.4, 50th(ms): 201.3, 90th(ms): 260.0, 95th(ms): 285.2, 99th(ms): 302.0, 99.9th(ms): 302.0, Max(ms): 302.0
[Current] DELIVERY - Takes(s): 9.7, Count: 67, TPM: 413.0, Sum(ms): 61532.0, Avg(ms): 920.7, 50th(ms): 939.5, 90th(ms): 1073.7, 95th(ms): 1140.9, 99th(ms): 1275.1, 99.9th(ms): 1342.2, Max(ms): 1342.2
[Current] NEW_ORDER - Takes(s): 9.9, Count: 752, TPM: 4539.8, Sum(ms): 298714.7, Avg(ms): 397.2, 50th(ms): 385.9, 90th(ms): 503.3, 95th(ms): 570.4, 99th(ms): 805.3, 99.9th(ms): 1006.6, Max(ms): 1040.2
[Current] ORDER_STATUS - Takes(s): 10.0, Count: 75, TPM: 450.2, Sum(ms): 23764.4, Avg(ms): 315.7, 50th(ms): 285.2, 90th(ms): 570.4, 95th(ms): 570.4, 99th(ms): 637.5, 99.9th(ms): 637.5, Max(ms): 637.5
[Current] PAYMENT - Takes(s): 9.9, Count: 695, TPM: 4198.8, Sum(ms): 248693.4, Avg(ms): 358.2, 50th(ms): 352.3, 90th(ms): 436.2, 95th(ms): 570.4, 99th(ms): 939.5, 99.9th(ms): 1275.1, Max(ms): 1610.6
[Current] STOCK_LEVEL - Takes(s): 10.0, Count: 61, TPM: 367.8, Sum(ms): 12799.7, Avg(ms): 209.4, 50th(ms): 192.9, 90th(ms): 260.0, 95th(ms): 285.2, 99th(ms): 570.4, 99.9th(ms): 570.4, Max(ms): 570.4
[Current] DELIVERY - Takes(s): 10.0, Count: 57, TPM: 343.2, Sum(ms): 56137.8, Avg(ms): 985.7, 50th(ms): 973.1, 90th(ms): 1208.0, 95th(ms): 1208.0, 99th(ms): 1275.1, 99.9th(ms): 1409.3, Max(ms): 1409.3
[Current] NEW_ORDER - Takes(s): 10.0, Count: 761, TPM: 4582.8, Sum(ms): 300522.0, Avg(ms): 394.7, 50th(ms): 385.9, 90th(ms): 503.3, 95th(ms): 536.9, 99th(ms): 771.8, 99.9th(ms): 973.1, Max(ms): 1006.6
[Current] ORDER_STATUS - Takes(s): 9.8, Count: 58, TPM: 355.3, Sum(ms): 17776.2, Avg(ms): 307.0, 50th(ms): 285.2, 90th(ms): 536.9, 95th(ms): 570.4, 99th(ms): 604.0, 99.9th(ms): 637.5, Max(ms): 637.5
[Current] PAYMENT - Takes(s): 10.0, Count: 720, TPM: 4333.9, Sum(ms): 250902.7, Avg(ms): 348.5, 50th(ms): 335.5, 90th(ms): 436.2, 95th(ms): 570.4, 99th(ms): 838.9, 99.9th(ms): 973.1, Max(ms): 1040.2
[Current] STOCK_LEVEL - Takes(s): 9.1, Count: 55, TPM: 364.2, Sum(ms): 12034.1, Avg(ms): 219.6, 50th(ms): 209.7, 90th(ms): 318.8, 95th(ms): 335.5, 99th(ms): 436.2, 99.9th(ms): 604.0, Max(ms): 604.0
[Current] DELIVERY - Takes(s): 9.6, Count: 68, TPM: 423.9, Sum(ms): 65526.7, Avg(ms): 962.5, 50th(ms): 939.5, 90th(ms): 1208.0, 95th(ms): 1275.1, 99th(ms): 1342.2, 99.9th(ms): 1342.2, Max(ms): 1342.2
[Current] NEW_ORDER - Takes(s): 9.9, Count: 752, TPM: 4543.9, Sum(ms): 308673.6, Avg(ms): 410.7, 50th(ms): 402.7, 90th(ms): 520.1, 95th(ms): 570.4, 99th(ms): 838.9, 99.9th(ms): 1275.1, Max(ms): 1342.2
[Current] ORDER_STATUS - Takes(s): 9.9, Count: 69, TPM: 419.0, Sum(ms): 20437.3, Avg(ms): 295.9, 50th(ms): 260.0, 90th(ms): 570.4, 95th(ms): 604.0, 99th(ms): 604.0, 99.9th(ms): 637.5, Max(ms): 637.5
[Current] PAYMENT - Takes(s): 10.0, Count: 670, TPM: 4039.5, Sum(ms): 234857.3, Avg(ms): 350.6, 50th(ms): 335.5, 90th(ms): 436.2, 95th(ms): 536.9, 99th(ms): 838.9, 99.9th(ms): 1275.1, Max(ms): 1275.1
[Current] STOCK_LEVEL - Takes(s): 9.9, Count: 63, TPM: 381.5, Sum(ms): 12506.6, Avg(ms): 198.7, 50th(ms): 209.7, 90th(ms): 251.7, 95th(ms): 268.4, 99th(ms): 268.4, 99.9th(ms): 285.2, Max(ms): 285.2
[Current] DELIVERY - Takes(s): 9.8, Count: 68, TPM: 416.6, Sum(ms): 64597.7, Avg(ms): 953.1, 50th(ms): 939.5, 90th(ms): 1208.0, 95th(ms): 1342.2, 99th(ms): 1476.4, 99.9th(ms): 2013.3, Max(ms): 2013.3
[Current] NEW_ORDER - Takes(s): 10.0, Count: 725, TPM: 4351.3, Sum(ms): 290307.4, Avg(ms): 400.2, 50th(ms): 402.7, 90th(ms): 536.9, 95th(ms): 570.4, 99th(ms): 738.2, 99.9th(ms): 906.0, Max(ms): 973.1
[Current] ORDER_STATUS - Takes(s): 10.0, Count: 55, TPM: 331.2, Sum(ms): 15734.2, Avg(ms): 285.4, 50th(ms): 243.3, 90th(ms): 570.4, 95th(ms): 570.4, 99th(ms): 604.0, 99.9th(ms): 637.5, Max(ms): 637.5
[Current] PAYMENT - Takes(s): 10.0, Count: 706, TPM: 4236.9, Sum(ms): 250806.9, Avg(ms): 355.5, 50th(ms): 352.3, 90th(ms): 469.8, 95th(ms): 536.9, 99th(ms): 838.9, 99.9th(ms): 939.5, Max(ms): 973.1
[Current] STOCK_LEVEL - Takes(s): 10.0, Count: 72, TPM: 432.6, Sum(ms): 14537.7, Avg(ms): 202.3, 50th(ms): 209.7, 90th(ms): 251.7, 95th(ms): 260.0, 99th(ms): 302.0, 99.9th(ms): 302.0, Max(ms): 302.0
[Current] DELIVERY - Takes(s): 9.7, Count: 63, TPM: 388.0, Sum(ms): 57829.7, Avg(ms): 918.0, 50th(ms): 906.0, 90th(ms): 1073.7, 95th(ms): 1140.9, 99th(ms): 1342.2, 99.9th(ms): 1342.2, Max(ms): 1342.2
[Current] NEW_ORDER - Takes(s): 10.0, Count: 745, TPM: 4471.3, Sum(ms): 285273.0, Avg(ms): 383.1, 50th(ms): 385.9, 90th(ms): 486.5, 95th(ms): 520.1, 99th(ms): 805.3, 99.9th(ms): 1006.6, Max(ms): 1040.2
[Current] ORDER_STATUS - Takes(s): 9.9, Count: 67, TPM: 404.4, Sum(ms): 20767.1, Avg(ms): 310.1, 50th(ms): 268.4, 90th(ms): 570.4, 95th(ms): 604.0, 99th(ms): 637.5, 99.9th(ms): 704.6, Max(ms): 704.6
[Current] PAYMENT - Takes(s): 10.0, Count: 759, TPM: 4554.8, Sum(ms): 257172.6, Avg(ms): 339.0, 50th(ms): 318.8, 90th(ms): 436.2, 95th(ms): 570.4, 99th(ms): 771.8, 99.9th(ms): 906.0, Max(ms): 939.5
[Current] STOCK_LEVEL - Takes(s): 9.8, Count: 69, TPM: 420.7, Sum(ms): 14380.9, Avg(ms): 208.8, 50th(ms): 209.7, 90th(ms): 243.3, 95th(ms): 352.3, 99th(ms): 469.8, 99.9th(ms): 570.4, Max(ms): 570.4
[Current] DELIVERY - Takes(s): 9.9, Count: 61, TPM: 369.1, Sum(ms): 55516.4, Avg(ms): 910.9, 50th(ms): 906.0, 90th(ms): 1073.7, 95th(ms): 1140.9, 99th(ms): 1140.9, 99.9th(ms): 1208.0, Max(ms): 1208.0
[Current] NEW_ORDER - Takes(s): 10.0, Count: 705, TPM: 4235.8, Sum(ms): 289794.7, Avg(ms): 411.3, 50th(ms): 402.7, 90th(ms): 503.3, 95th(ms): 671.1, 99th(ms): 1040.2, 99.9th(ms): 1073.7, Max(ms): 1140.9
[Current] ORDER_STATUS - Takes(s): 9.9, Count: 54, TPM: 326.4, Sum(ms): 16525.7, Avg(ms): 306.0, 50th(ms): 285.2, 90th(ms): 570.4, 95th(ms): 570.4, 99th(ms): 604.0, 99.9th(ms): 637.5, Max(ms): 637.5
[Current] PAYMENT - Takes(s): 10.0, Count: 648, TPM: 3893.6, Sum(ms): 241363.3, Avg(ms): 372.4, 50th(ms): 352.3, 90th(ms): 486.5, 95th(ms): 671.1, 99th(ms): 906.0, 99.9th(ms): 1476.4, Max(ms): 1744.8
[Current] STOCK_LEVEL - Takes(s): 9.7, Count: 65, TPM: 400.7, Sum(ms): 13058.4, Avg(ms): 201.2, 50th(ms): 201.3, 90th(ms): 243.3, 95th(ms): 260.0, 99th(ms): 268.4, 99.9th(ms): 486.5, Max(ms): 486.5
[Current] DELIVERY - Takes(s): 9.9, Count: 63, TPM: 382.4, Sum(ms): 62527.9, Avg(ms): 991.5, 50th(ms): 939.5, 90th(ms): 1208.0, 95th(ms): 1543.5, 99th(ms): 1811.9, 99.9th(ms): 2281.7, Max(ms): 2281.7
[Current] NEW_ORDER - Takes(s): 9.9, Count: 684, TPM: 4151.1, Sum(ms): 303493.9, Avg(ms): 443.3, 50th(ms): 419.4, 90th(ms): 570.4, 95th(ms): 805.3, 99th(ms): 1409.3, 99.9th(ms): 1677.7, Max(ms): 1811.9
[Current] ORDER_STATUS - Takes(s): 9.6, Count: 69, TPM: 433.3, Sum(ms): 26068.2, Avg(ms): 378.4, 50th(ms): 302.0, 90th(ms): 604.0, 95th(ms): 704.6, 99th(ms): 1040.2, 99.9th(ms): 1543.5, Max(ms): 1543.5
[Current] PAYMENT - Takes(s): 9.8, Count: 642, TPM: 3933.0, Sum(ms): 253678.0, Avg(ms): 395.2, 50th(ms): 352.3, 90th(ms): 570.4, 95th(ms): 838.9, 99th(ms): 1409.3, 99.9th(ms): 1677.7, Max(ms): 1811.9
[Current] STOCK_LEVEL - Takes(s): 9.2, Count: 61, TPM: 399.1, Sum(ms): 12717.0, Avg(ms): 208.2, 50th(ms): 209.7, 90th(ms): 268.4, 95th(ms): 302.0, 99th(ms): 318.8, 99.9th(ms): 453.0, Max(ms): 453.0
[Current] DELIVERY - Takes(s): 9.8, Count: 51, TPM: 313.6, Sum(ms): 49734.3, Avg(ms): 978.7, 50th(ms): 1006.6, 90th(ms): 1208.0, 95th(ms): 1208.0, 99th(ms): 1208.0, 99.9th(ms): 1208.0, Max(ms): 1208.0
[Current] NEW_ORDER - Takes(s): 10.0, Count: 755, TPM: 4548.8, Sum(ms): 307062.1, Avg(ms): 406.8, 50th(ms): 402.7, 90th(ms): 503.3, 95th(ms): 570.4, 99th(ms): 838.9, 99.9th(ms): 973.1, Max(ms): 1073.7
[Current] ORDER_STATUS - Takes(s): 9.9, Count: 76, TPM: 460.8, Sum(ms): 24477.6, Avg(ms): 322.4, 50th(ms): 285.2, 90th(ms): 604.0, 95th(ms): 604.0, 99th(ms): 671.1, 99.9th(ms): 805.3, Max(ms): 805.3
[Current] PAYMENT - Takes(s): 10.0, Count: 706, TPM: 4249.9, Sum(ms): 248884.6, Avg(ms): 352.1, 50th(ms): 352.3, 90th(ms): 419.4, 95th(ms): 503.3, 99th(ms): 838.9, 99.9th(ms): 1140.9, Max(ms): 1140.9
[Current] STOCK_LEVEL - Takes(s): 9.9, Count: 64, TPM: 386.2, Sum(ms): 12798.4, Avg(ms): 199.8, 50th(ms): 201.3, 90th(ms): 251.7, 95th(ms): 260.0, 99th(ms): 285.2, 99.9th(ms): 385.9, Max(ms): 385.9
[Current] DELIVERY - Takes(s): 9.9, Count: 59, TPM: 356.4, Sum(ms): 53152.6, Avg(ms): 901.4, 50th(ms): 906.0, 90th(ms): 1040.2, 95th(ms): 1073.7, 99th(ms): 1140.9, 99.9th(ms): 1140.9, Max(ms): 1140.9
[Current] NEW_ORDER - Takes(s): 9.9, Count: 751, TPM: 4548.2, Sum(ms): 301426.6, Avg(ms): 401.7, 50th(ms): 385.9, 90th(ms): 520.1, 95th(ms): 604.0, 99th(ms): 838.9, 99.9th(ms): 973.1, Max(ms): 1342.2
[Current] ORDER_STATUS - Takes(s): 9.9, Count: 79, TPM: 478.3, Sum(ms): 22426.8, Avg(ms): 283.4, 50th(ms): 260.0, 90th(ms): 520.1, 95th(ms): 536.9, 99th(ms): 570.4, 99.9th(ms): 604.0, Max(ms): 604.0
[Current] PAYMENT - Takes(s): 9.9, Count: 739, TPM: 4475.6, Sum(ms): 254455.8, Avg(ms): 344.4, 50th(ms): 335.5, 90th(ms): 436.2, 95th(ms): 503.3, 99th(ms): 771.8, 99.9th(ms): 1040.2, Max(ms): 1476.4
[Current] STOCK_LEVEL - Takes(s): 9.7, Count: 67, TPM: 414.4, Sum(ms): 13359.6, Avg(ms): 199.1, 50th(ms): 192.9, 90th(ms): 234.9, 95th(ms): 260.0, 99th(ms): 453.0, 99.9th(ms): 486.5, Max(ms): 486.5
[Current] DELIVERY - Takes(s): 9.8, Count: 75, TPM: 458.1, Sum(ms): 70266.7, Avg(ms): 937.7, 50th(ms): 939.5, 90th(ms): 1073.7, 95th(ms): 1140.9, 99th(ms): 1342.2, 99.9th(ms): 1342.2, Max(ms): 1342.2
[Current] NEW_ORDER - Takes(s): 9.9, Count: 736, TPM: 4466.5, Sum(ms): 294926.2, Avg(ms): 400.3, 50th(ms): 385.9, 90th(ms): 503.3, 95th(ms): 604.0, 99th(ms): 906.0, 99.9th(ms): 973.1, Max(ms): 1208.0
[Current] ORDER_STATUS - Takes(s): 9.9, Count: 75, TPM: 453.3, Sum(ms): 19269.7, Avg(ms): 257.0, 50th(ms): 234.9, 90th(ms): 520.1, 95th(ms): 536.9, 99th(ms): 536.9, 99.9th(ms): 637.5, Max(ms): 637.5
[Current] PAYMENT - Takes(s): 9.9, Count: 681, TPM: 4124.3, Sum(ms): 239399.7, Avg(ms): 352.0, 50th(ms): 335.5, 90th(ms): 436.2, 95th(ms): 570.4, 99th(ms): 906.0, 99.9th(ms): 1006.6, Max(ms): 1409.3
[Current] STOCK_LEVEL - Takes(s): 9.9, Count: 71, TPM: 431.3, Sum(ms): 14008.9, Avg(ms): 197.2, 50th(ms): 201.3, 90th(ms): 251.7, 95th(ms): 260.0, 99th(ms): 285.2, 99.9th(ms): 486.5, Max(ms): 486.5
[Current] DELIVERY - Takes(s): 10.0, Count: 58, TPM: 349.2, Sum(ms): 51561.2, Avg(ms): 889.9, 50th(ms): 906.0, 90th(ms): 1040.2, 95th(ms): 1140.9, 99th(ms): 1140.9, 99.9th(ms): 1208.0, Max(ms): 1208.0
[Current] NEW_ORDER - Takes(s): 10.0, Count: 739, TPM: 4436.5, Sum(ms): 302691.2, Avg(ms): 409.8, 50th(ms): 402.7, 90th(ms): 503.3, 95th(ms): 604.0, 99th(ms): 906.0, 99.9th(ms): 973.1, Max(ms): 1140.9
[Current] ORDER_STATUS - Takes(s): 9.4, Count: 44, TPM: 281.1, Sum(ms): 12200.8, Avg(ms): 277.6, 50th(ms): 251.7, 90th(ms): 503.3, 95th(ms): 570.4, 99th(ms): 604.0, 99.9th(ms): 604.0, Max(ms): 604.0
[Current] PAYMENT - Takes(s): 9.9, Count: 687, TPM: 4170.7, Sum(ms): 255955.5, Avg(ms): 372.7, 50th(ms): 352.3, 90th(ms): 453.0, 95th(ms): 637.5, 99th(ms): 939.5, 99.9th(ms): 1140.9, Max(ms): 1275.1
[Current] STOCK_LEVEL - Takes(s): 9.9, Count: 66, TPM: 401.1, Sum(ms): 13147.7, Avg(ms): 198.7, 50th(ms): 192.9, 90th(ms): 234.9, 95th(ms): 268.4, 99th(ms): 520.1, 99.9th(ms): 671.1, Max(ms): 671.1
[Current] DELIVERY - Takes(s): 9.9, Count: 62, TPM: 376.0, Sum(ms): 58149.1, Avg(ms): 938.2, 50th(ms): 939.5, 90th(ms): 1040.2, 95th(ms): 1073.7, 99th(ms): 1073.7, 99.9th(ms): 1610.6, Max(ms): 1610.6
[Current] NEW_ORDER - Takes(s): 10.0, Count: 733, TPM: 4398.3, Sum(ms): 294404.4, Avg(ms): 401.6, 50th(ms): 402.7, 90th(ms): 503.3, 95th(ms): 570.4, 99th(ms): 838.9, 99.9th(ms): 939.5, Max(ms): 1006.6
[Current] ORDER_STATUS - Takes(s): 9.9, Count: 52, TPM: 313.9, Sum(ms): 14574.4, Avg(ms): 279.8, 50th(ms): 234.9, 90th(ms): 536.9, 95th(ms): 570.4, 99th(ms): 570.4, 99.9th(ms): 704.6, Max(ms): 704.6
[Current] PAYMENT - Takes(s): 10.0, Count: 676, TPM: 4056.2, Sum(ms): 248342.7, Avg(ms): 367.5, 50th(ms): 352.3, 90th(ms): 436.2, 95th(ms): 637.5, 99th(ms): 939.5, 99.9th(ms): 1073.7, Max(ms): 1409.3
[Current] STOCK_LEVEL - Takes(s): 9.7, Count: 70, TPM: 432.6, Sum(ms): 13519.4, Avg(ms): 193.0, 50th(ms): 192.9, 90th(ms): 226.5, 95th(ms): 243.3, 99th(ms): 402.7, 99.9th(ms): 469.8, Max(ms): 469.8
[Current] DELIVERY - Takes(s): 9.2, Count: 62, TPM: 402.4, Sum(ms): 57714.5, Avg(ms): 931.9, 50th(ms): 906.0, 90th(ms): 1140.9, 95th(ms): 1275.1, 99th(ms): 1342.2, 99.9th(ms): 1342.2, Max(ms): 1342.2
[Current] NEW_ORDER - Takes(s): 10.0, Count: 735, TPM: 4411.5, Sum(ms): 291552.0, Avg(ms): 397.0, 50th(ms): 402.7, 90th(ms): 486.5, 95th(ms): 604.0, 99th(ms): 805.3, 99.9th(ms): 1006.6, Max(ms): 1006.6
[Current] ORDER_STATUS - Takes(s): 9.9, Count: 85, TPM: 516.9, Sum(ms): 24813.0, Avg(ms): 292.4, 50th(ms): 302.0, 90th(ms): 520.1, 95th(ms): 536.9, 99th(ms): 570.4, 99.9th(ms): 604.0, Max(ms): 604.0
[Current] PAYMENT - Takes(s): 10.0, Count: 786, TPM: 4716.4, Sum(ms): 265343.5, Avg(ms): 337.8, 50th(ms): 335.5, 90th(ms): 436.2, 95th(ms): 469.8, 99th(ms): 771.8, 99.9th(ms): 906.0, Max(ms): 906.0
[Current] STOCK_LEVEL - Takes(s): 9.4, Count: 61, TPM: 389.5, Sum(ms): 11605.0, Avg(ms): 190.1, 50th(ms): 192.9, 90th(ms): 234.9, 95th(ms): 243.3, 99th(ms): 251.7, 99.9th(ms): 268.4, Max(ms): 268.4
[Current] DELIVERY - Takes(s): 9.8, Count: 64, TPM: 391.7, Sum(ms): 59055.7, Avg(ms): 920.6, 50th(ms): 939.5, 90th(ms): 1040.2, 95th(ms): 1073.7, 99th(ms): 1208.0, 99.9th(ms): 1543.5, Max(ms): 1543.5
[Current] NEW_ORDER - Takes(s): 9.9, Count: 725, TPM: 4393.2, Sum(ms): 283347.5, Avg(ms): 390.9, 50th(ms): 385.9, 90th(ms): 503.3, 95th(ms): 570.4, 99th(ms): 738.2, 99.9th(ms): 872.4, Max(ms): 1040.2
[Current] ORDER_STATUS - Takes(s): 9.8, Count: 73, TPM: 445.4, Sum(ms): 24735.9, Avg(ms): 338.7, 50th(ms): 318.8, 90th(ms): 570.4, 95th(ms): 604.0, 99th(ms): 604.0, 99.9th(ms): 738.2, Max(ms): 738.2
[Current] PAYMENT - Takes(s): 9.9, Count: 738, TPM: 4471.4, Sum(ms): 255209.8, Avg(ms): 345.8, 50th(ms): 318.8, 90th(ms): 436.2, 95th(ms): 570.4, 99th(ms): 906.0, 99.9th(ms): 1073.7, Max(ms): 1140.9
[Current] STOCK_LEVEL - Takes(s): 9.8, Count: 71, TPM: 433.1, Sum(ms): 13107.0, Avg(ms): 184.7, 50th(ms): 184.5, 90th(ms): 226.5, 95th(ms): 234.9, 99th(ms): 302.0, 99.9th(ms): 318.8, Max(ms): 318.8
[Current] DELIVERY - Takes(s): 9.8, Count: 73, TPM: 449.1, Sum(ms): 66916.3, Avg(ms): 915.6, 50th(ms): 906.0, 90th(ms): 1140.9, 95th(ms): 1208.0, 99th(ms): 1208.0, 99.9th(ms): 1275.1, Max(ms): 1275.1
[Current] NEW_ORDER - Takes(s): 10.0, Count: 724, TPM: 4357.7, Sum(ms): 288109.1, Avg(ms): 398.2, 50th(ms): 385.9, 90th(ms): 503.3, 95th(ms): 637.5, 99th(ms): 805.3, 99.9th(ms): 1275.1, Max(ms): 1342.2
[Current] ORDER_STATUS - Takes(s): 9.6, Count: 74, TPM: 460.8, Sum(ms): 24847.6, Avg(ms): 336.1, 50th(ms): 302.0, 90th(ms): 570.4, 95th(ms): 604.0, 99th(ms): 637.5, 99.9th(ms): 637.5, Max(ms): 637.5
[Current] PAYMENT - Takes(s): 10.0, Count: 718, TPM: 4322.3, Sum(ms): 252026.5, Avg(ms): 350.6, 50th(ms): 335.5, 90th(ms): 419.4, 95th(ms): 536.9, 99th(ms): 872.4, 99.9th(ms): 1140.9, Max(ms): 1140.9
[Current] STOCK_LEVEL - Takes(s): 9.8, Count: 61, TPM: 372.6, Sum(ms): 11006.1, Avg(ms): 180.6, 50th(ms): 184.5, 90th(ms): 226.5, 95th(ms): 251.7, 99th(ms): 268.4, 99.9th(ms): 486.5, Max(ms): 486.5
[Current] DELIVERY - Takes(s): 9.7, Count: 64, TPM: 394.2, Sum(ms): 58105.5, Avg(ms): 908.6, 50th(ms): 906.0, 90th(ms): 1073.7, 95th(ms): 1140.9, 99th(ms): 1140.9, 99.9th(ms): 1275.1, Max(ms): 1275.1
[Current] NEW_ORDER - Takes(s): 9.7, Count: 743, TPM: 4575.7, Sum(ms): 303835.9, Avg(ms): 409.4, 50th(ms): 419.4, 90th(ms): 520.1, 95th(ms): 570.4, 99th(ms): 872.4, 99.9th(ms): 1275.1, Max(ms): 1275.1
[Current] ORDER_STATUS - Takes(s): 10.0, Count: 62, TPM: 372.6, Sum(ms): 18786.6, Avg(ms): 304.1, 50th(ms): 260.0, 90th(ms): 570.4, 95th(ms): 604.0, 99th(ms): 604.0, 99.9th(ms): 637.5, Max(ms): 637.5
[Current] PAYMENT - Takes(s): 9.9, Count: 700, TPM: 4245.4, Sum(ms): 249972.4, Avg(ms): 356.9, 50th(ms): 352.3, 90th(ms): 453.0, 95th(ms): 520.1, 99th(ms): 872.4, 99.9th(ms): 973.1, Max(ms): 973.1
[Current] STOCK_LEVEL - Takes(s): 9.9, Count: 48, TPM: 289.6, Sum(ms): 9677.8, Avg(ms): 201.4, 50th(ms): 201.3, 90th(ms): 243.3, 95th(ms): 251.7, 99th(ms): 285.2, 99.9th(ms): 285.2, Max(ms): 285.2
[Current] DELIVERY - Takes(s): 9.7, Count: 67, TPM: 416.3, Sum(ms): 60612.6, Avg(ms): 905.0, 50th(ms): 906.0, 90th(ms): 1073.7, 95th(ms): 1140.9, 99th(ms): 1140.9, 99.9th(ms): 1342.2, Max(ms): 1342.2
[Current] NEW_ORDER - Takes(s): 9.8, Count: 757, TPM: 4630.9, Sum(ms): 304125.2, Avg(ms): 402.2, 50th(ms): 385.9, 90th(ms): 503.3, 95th(ms): 604.0, 99th(ms): 906.0, 99.9th(ms): 1040.2, Max(ms): 1275.1
[Current] ORDER_STATUS - Takes(s): 9.9, Count: 74, TPM: 447.3, Sum(ms): 22836.4, Avg(ms): 309.4, 50th(ms): 285.2, 90th(ms): 536.9, 95th(ms): 604.0, 99th(ms): 604.0, 99.9th(ms): 604.0, Max(ms): 604.0
[Current] PAYMENT - Takes(s): 9.8, Count: 680, TPM: 4160.7, Sum(ms): 238534.8, Avg(ms): 350.8, 50th(ms): 335.5, 90th(ms): 436.2, 95th(ms): 570.4, 99th(ms): 838.9, 99.9th(ms): 1040.2, Max(ms): 1208.0
[Current] STOCK_LEVEL - Takes(s): 9.6, Count: 65, TPM: 405.6, Sum(ms): 11947.9, Avg(ms): 183.8, 50th(ms): 184.5, 90th(ms): 226.5, 95th(ms): 234.9, 99th(ms): 251.7, 99.9th(ms): 503.3, Max(ms): 503.3
[Current] DELIVERY - Takes(s): 9.8, Count: 65, TPM: 399.3, Sum(ms): 59697.9, Avg(ms): 919.4, 50th(ms): 939.5, 90th(ms): 1073.7, 95th(ms): 1140.9, 99th(ms): 1140.9, 99.9th(ms): 1342.2, Max(ms): 1342.2
[Current] NEW_ORDER - Takes(s): 10.0, Count: 728, TPM: 4383.1, Sum(ms): 296354.6, Avg(ms): 407.1, 50th(ms): 385.9, 90th(ms): 520.1, 95th(ms): 637.5, 99th(ms): 838.9, 99.9th(ms): 1073.7, Max(ms): 1342.2
[Current] ORDER_STATUS - Takes(s): 9.8, Count: 46, TPM: 282.0, Sum(ms): 12871.6, Avg(ms): 280.2, 50th(ms): 260.0, 90th(ms): 486.5, 95th(ms): 604.0, 99th(ms): 637.5, 99.9th(ms): 637.5, Max(ms): 637.5
[Current] PAYMENT - Takes(s): 9.9, Count: 714, TPM: 4305.8, Sum(ms): 254399.1, Avg(ms): 356.5, 50th(ms): 335.5, 90th(ms): 486.5, 95th(ms): 536.9, 99th(ms): 939.5, 99.9th(ms): 1040.2, Max(ms): 1275.1
[Current] STOCK_LEVEL - Takes(s): 9.9, Count: 66, TPM: 400.9, Sum(ms): 12411.3, Avg(ms): 188.0, 50th(ms): 184.5, 90th(ms): 226.5, 95th(ms): 243.3, 99th(ms): 285.2, 99.9th(ms): 352.3, Max(ms): 352.3
[Current] DELIVERY - Takes(s): 9.8, Count: 75, TPM: 460.6, Sum(ms): 69574.4, Avg(ms): 927.9, 50th(ms): 939.5, 90th(ms): 1073.7, 95th(ms): 1140.9, 99th(ms): 1275.1, 99.9th(ms): 1879.0, Max(ms): 1879.0
[Current] NEW_ORDER - Takes(s): 10.0, Count: 701, TPM: 4220.3, Sum(ms): 292814.6, Avg(ms): 417.9, 50th(ms): 402.7, 90th(ms): 536.9, 95th(ms): 570.4, 99th(ms): 906.0, 99.9th(ms): 1040.2, Max(ms): 1073.7
[Current] ORDER_STATUS - Takes(s): 9.9, Count: 59, TPM: 357.2, Sum(ms): 18305.5, Avg(ms): 309.9, 50th(ms): 268.4, 90th(ms): 520.1, 95th(ms): 570.4, 99th(ms): 637.5, 99.9th(ms): 671.1, Max(ms): 671.1
[Current] PAYMENT - Takes(s): 10.0, Count: 668, TPM: 4022.4, Sum(ms): 252092.5, Avg(ms): 377.6, 50th(ms): 352.3, 90th(ms): 486.5, 95th(ms): 637.5, 99th(ms): 973.1, 99.9th(ms): 1006.6, Max(ms): 1140.9
[Current] STOCK_LEVEL - Takes(s): 9.9, Count: 61, TPM: 371.2, Sum(ms): 11450.5, Avg(ms): 187.7, 50th(ms): 192.9, 90th(ms): 218.1, 95th(ms): 226.5, 99th(ms): 251.7, 99.9th(ms): 268.4, Max(ms): 268.4
[Current] DELIVERY - Takes(s): 9.9, Count: 69, TPM: 419.8, Sum(ms): 63873.6, Avg(ms): 923.0, 50th(ms): 939.5, 90th(ms): 1040.2, 95th(ms): 1140.9, 99th(ms): 1208.0, 99.9th(ms): 1275.1, Max(ms): 1275.1
[Current] NEW_ORDER - Takes(s): 9.9, Count: 734, TPM: 4466.4, Sum(ms): 300238.7, Avg(ms): 409.3, 50th(ms): 402.7, 90th(ms): 503.3, 95th(ms): 570.4, 99th(ms): 939.5, 99.9th(ms): 1040.2, Max(ms): 1140.9
[Current] ORDER_STATUS - Takes(s): 9.9, Count: 76, TPM: 461.0, Sum(ms): 20933.2, Avg(ms): 276.1, 50th(ms): 260.0, 90th(ms): 520.1, 95th(ms): 570.4, 99th(ms): 604.0, 99.9th(ms): 604.0, Max(ms): 604.0
[Current] PAYMENT - Takes(s): 9.8, Count: 668, TPM: 4069.8, Sum(ms): 240144.8, Avg(ms): 360.0, 50th(ms): 335.5, 90th(ms): 486.5, 95th(ms): 637.5, 99th(ms): 939.5, 99.9th(ms): 1543.5, Max(ms): 1946.2
[Current] STOCK_LEVEL - Takes(s): 9.5, Count: 47, TPM: 297.5, Sum(ms): 9624.6, Avg(ms): 205.5, 50th(ms): 209.7, 90th(ms): 243.3, 95th(ms): 260.0, 99th(ms): 570.4, 99.9th(ms): 570.4, Max(ms): 570.4
[Current] DELIVERY - Takes(s): 9.7, Count: 69, TPM: 427.8, Sum(ms): 67224.2, Avg(ms): 974.8, 50th(ms): 939.5, 90th(ms): 1140.9, 95th(ms): 1342.2, 99th(ms): 1476.4, 99.9th(ms): 1543.5, Max(ms): 1543.5
[Current] NEW_ORDER - Takes(s): 10.0, Count: 744, TPM: 4464.0, Sum(ms): 301118.7, Avg(ms): 405.1, 50th(ms): 402.7, 90th(ms): 520.1, 95th(ms): 604.0, 99th(ms): 838.9, 99.9th(ms): 1006.6, Max(ms): 1140.9
[Current] ORDER_STATUS - Takes(s): 9.5, Count: 65, TPM: 411.1, Sum(ms): 19302.0, Avg(ms): 296.4, 50th(ms): 243.3, 90th(ms): 570.4, 95th(ms): 570.4, 99th(ms): 604.0, 99.9th(ms): 637.5, Max(ms): 637.5
[Current] PAYMENT - Takes(s): 10.0, Count: 689, TPM: 4134.8, Sum(ms): 233666.0, Avg(ms): 339.3, 50th(ms): 335.5, 90th(ms): 436.2, 95th(ms): 486.5, 99th(ms): 805.3, 99.9th(ms): 1208.0, Max(ms): 1476.4
[Current] STOCK_LEVEL - Takes(s): 9.9, Count: 79, TPM: 478.1, Sum(ms): 15417.7, Avg(ms): 195.0, 50th(ms): 201.3, 90th(ms): 243.3, 95th(ms): 251.7, 99th(ms): 268.4, 99.9th(ms): 335.5, Max(ms): 335.5
[Current] DELIVERY - Takes(s): 9.9, Count: 71, TPM: 431.3, Sum(ms): 65880.2, Avg(ms): 928.4, 50th(ms): 939.5, 90th(ms): 1140.9, 95th(ms): 1140.9, 99th(ms): 1208.0, 99.9th(ms): 1275.1, Max(ms): 1275.1
[Current] NEW_ORDER - Takes(s): 10.0, Count: 761, TPM: 4566.7, Sum(ms): 307280.3, Avg(ms): 403.3, 50th(ms): 402.7, 90th(ms): 503.3, 95th(ms): 570.4, 99th(ms): 838.9, 99.9th(ms): 973.1, Max(ms): 1006.6
[Current] ORDER_STATUS - Takes(s): 9.8, Count: 56, TPM: 341.7, Sum(ms): 14998.8, Avg(ms): 267.6, 50th(ms): 218.1, 90th(ms): 486.5, 95th(ms): 570.4, 99th(ms): 604.0, 99.9th(ms): 637.5, Max(ms): 637.5
[Current] PAYMENT - Takes(s): 10.0, Count: 678, TPM: 4068.1, Sum(ms): 241025.2, Avg(ms): 355.8, 50th(ms): 352.3, 90th(ms): 436.2, 95th(ms): 570.4, 99th(ms): 838.9, 99.9th(ms): 939.5, Max(ms): 1140.9
[Current] STOCK_LEVEL - Takes(s): 10.0, Count: 63, TPM: 378.2, Sum(ms): 12247.6, Avg(ms): 194.2, 50th(ms): 192.9, 90th(ms): 234.9, 95th(ms): 251.7, 99th(ms): 268.4, 99.9th(ms): 419.4, Max(ms): 419.4
[Current] DELIVERY - Takes(s): 9.9, Count: 73, TPM: 441.7, Sum(ms): 70522.4, Avg(ms): 965.3, 50th(ms): 973.1, 90th(ms): 1140.9, 95th(ms): 1208.0, 99th(ms): 1409.3, 99.9th(ms): 1811.9, Max(ms): 1811.9
[Current] NEW_ORDER - Takes(s): 9.9, Count: 714, TPM: 4312.5, Sum(ms): 280168.4, Avg(ms): 392.4, 50th(ms): 385.9, 90th(ms): 520.1, 95th(ms): 604.0, 99th(ms): 805.3, 99.9th(ms): 1006.6, Max(ms): 1040.2
[Current] ORDER_STATUS - Takes(s): 10.0, Count: 76, TPM: 456.6, Sum(ms): 23654.5, Avg(ms): 311.5, 50th(ms): 260.0, 90th(ms): 570.4, 95th(ms): 604.0, 99th(ms): 637.5, 99.9th(ms): 671.1, Max(ms): 671.1
[Current] PAYMENT - Takes(s): 9.9, Count: 691, TPM: 4180.5, Sum(ms): 243228.7, Avg(ms): 352.0, 50th(ms): 335.5, 90th(ms): 419.4, 95th(ms): 604.0, 99th(ms): 906.0, 99.9th(ms): 973.1, Max(ms): 1476.4
[Current] STOCK_LEVEL - Takes(s): 9.9, Count: 56, TPM: 338.7, Sum(ms): 11092.5, Avg(ms): 198.7, 50th(ms): 192.9, 90th(ms): 226.5, 95th(ms): 285.2, 99th(ms): 385.9, 99.9th(ms): 486.5, Max(ms): 486.5
[Current] DELIVERY - Takes(s): 10.0, Count: 68, TPM: 408.1, Sum(ms): 61825.9, Avg(ms): 910.2, 50th(ms): 906.0, 90th(ms): 1073.7, 95th(ms): 1140.9, 99th(ms): 1208.0, 99.9th(ms): 1275.1, Max(ms): 1275.1
[Current] NEW_ORDER - Takes(s): 10.0, Count: 771, TPM: 4629.4, Sum(ms): 306704.2, Avg(ms): 397.9, 50th(ms): 385.9, 90th(ms): 503.3, 95th(ms): 570.4, 99th(ms): 838.9, 99.9th(ms): 1140.9, Max(ms): 1140.9
[Current] ORDER_STATUS - Takes(s): 10.0, Count: 66, TPM: 397.9, Sum(ms): 17486.4, Avg(ms): 265.9, 50th(ms): 243.3, 90th(ms): 536.9, 95th(ms): 570.4, 99th(ms): 570.4, 99.9th(ms): 637.5, Max(ms): 637.5
[Current] PAYMENT - Takes(s): 10.0, Count: 709, TPM: 4262.5, Sum(ms): 245932.3, Avg(ms): 347.4, 50th(ms): 335.5, 90th(ms): 436.2, 95th(ms): 520.1, 99th(ms): 872.4, 99.9th(ms): 973.1, Max(ms): 1140.9
[Current] STOCK_LEVEL - Takes(s): 9.8, Count: 57, TPM: 349.8, Sum(ms): 11465.3, Avg(ms): 201.4, 50th(ms): 201.3, 90th(ms): 234.9, 95th(ms): 251.7, 99th(ms): 318.8, 99.9th(ms): 671.1, Max(ms): 671.1
[Current] DELIVERY - Takes(s): 9.9, Count: 59, TPM: 357.3, Sum(ms): 53763.5, Avg(ms): 912.2, 50th(ms): 906.0, 90th(ms): 1040.2, 95th(ms): 1073.7, 99th(ms): 1073.7, 99.9th(ms): 1744.8, Max(ms): 1744.8
[Current] NEW_ORDER - Takes(s): 9.9, Count: 762, TPM: 4598.4, Sum(ms): 317538.6, Avg(ms): 416.6, 50th(ms): 402.7, 90th(ms): 570.4, 95th(ms): 637.5, 99th(ms): 906.0, 99.9th(ms): 1073.7, Max(ms): 1208.0
[Current] ORDER_STATUS - Takes(s): 9.8, Count: 60, TPM: 367.8, Sum(ms): 16532.3, Avg(ms): 275.5, 50th(ms): 268.4, 90th(ms): 536.9, 95th(ms): 570.4, 99th(ms): 604.0, 99.9th(ms): 604.0, Max(ms): 604.0
[Current] PAYMENT - Takes(s): 9.9, Count: 645, TPM: 3891.9, Sum(ms): 233657.6, Avg(ms): 362.6, 50th(ms): 352.3, 90th(ms): 453.0, 95th(ms): 520.1, 99th(ms): 838.9, 99.9th(ms): 939.5, Max(ms): 939.5
[Current] STOCK_LEVEL - Takes(s): 9.8, Count: 53, TPM: 323.5, Sum(ms): 10087.4, Avg(ms): 190.0, 50th(ms): 184.5, 90th(ms): 218.1, 95th(ms): 243.3, 99th(ms): 302.0, 99.9th(ms): 604.0, Max(ms): 604.0
[Current] DELIVERY - Takes(s): 10.0, Count: 66, TPM: 396.1, Sum(ms): 58052.9, Avg(ms): 882.1, 50th(ms): 872.4, 90th(ms): 1040.2, 95th(ms): 1073.7, 99th(ms): 1140.9, 99.9th(ms): 1208.0, Max(ms): 1208.0
[Current] NEW_ORDER - Takes(s): 10.0, Count: 755, TPM: 4531.6, Sum(ms): 296962.9, Avg(ms): 393.4, 50th(ms): 369.1, 90th(ms): 520.1, 95th(ms): 671.1, 99th(ms): 939.5, 99.9th(ms): 1140.9, Max(ms): 1140.9
[Current] ORDER_STATUS - Takes(s): 10.0, Count: 56, TPM: 337.5, Sum(ms): 15638.5, Avg(ms): 279.2, 50th(ms): 260.0, 90th(ms): 503.3, 95th(ms): 570.4, 99th(ms): 604.0, 99.9th(ms): 637.5, Max(ms): 637.5
[Current] PAYMENT - Takes(s): 10.0, Count: 734, TPM: 4404.9, Sum(ms): 260632.4, Avg(ms): 354.9, 50th(ms): 335.5, 90th(ms): 436.2, 95th(ms): 536.9, 99th(ms): 872.4, 99.9th(ms): 1040.2, Max(ms): 1140.9
[Current] STOCK_LEVEL - Takes(s): 9.7, Count: 65, TPM: 400.5, Sum(ms): 11948.3, Avg(ms): 183.3, 50th(ms): 192.9, 90th(ms): 226.5, 95th(ms): 226.5, 99th(ms): 234.9, 99.9th(ms): 243.3, Max(ms): 243.3
[Current] DELIVERY - Takes(s): 10.0, Count: 72, TPM: 433.8, Sum(ms): 66129.6, Avg(ms): 918.1, 50th(ms): 939.5, 90th(ms): 1140.9, 95th(ms): 1140.9, 99th(ms): 1208.0, 99.9th(ms): 1342.2, Max(ms): 1342.2
[Current] NEW_ORDER - Takes(s): 9.9, Count: 752, TPM: 4548.1, Sum(ms): 299652.8, Avg(ms): 398.5, 50th(ms): 402.7, 90th(ms): 486.5, 95th(ms): 536.9, 99th(ms): 738.2, 99.9th(ms): 939.5, Max(ms): 939.5
[Current] ORDER_STATUS - Takes(s): 9.9, Count: 60, TPM: 362.6, Sum(ms): 17850.3, Avg(ms): 297.7, 50th(ms): 285.2, 90th(ms): 520.1, 95th(ms): 520.1, 99th(ms): 604.0, 99.9th(ms): 604.0, Max(ms): 604.0
[Current] PAYMENT - Takes(s): 9.9, Count: 691, TPM: 4177.5, Sum(ms): 244264.8, Avg(ms): 353.9, 50th(ms): 352.3, 90th(ms): 436.2, 95th(ms): 486.5, 99th(ms): 906.0, 99.9th(ms): 1040.2, Max(ms): 1275.1
[Current] STOCK_LEVEL - Takes(s): 10.0, Count: 72, TPM: 432.7, Sum(ms): 14387.3, Avg(ms): 199.3, 50th(ms): 192.9, 90th(ms): 243.3, 95th(ms): 251.7, 99th(ms): 453.0, 99.9th(ms): 604.0, Max(ms): 604.0
[Current] DELIVERY - Takes(s): 9.9, Count: 86, TPM: 522.7, Sum(ms): 81574.3, Avg(ms): 950.3, 50th(ms): 939.5, 90th(ms): 1140.9, 95th(ms): 1140.9, 99th(ms): 1342.2, 99.9th(ms): 1677.7, Max(ms): 1677.7
[Current] NEW_ORDER - Takes(s): 10.0, Count: 740, TPM: 4440.1, Sum(ms): 291424.8, Avg(ms): 393.9, 50th(ms): 369.1, 90th(ms): 520.1, 95th(ms): 604.0, 99th(ms): 872.4, 99.9th(ms): 1073.7, Max(ms): 1140.9
[Current] ORDER_STATUS - Takes(s): 9.8, Count: 65, TPM: 398.2, Sum(ms): 20426.4, Avg(ms): 314.9, 50th(ms): 285.2, 90th(ms): 536.9, 95th(ms): 570.4, 99th(ms): 604.0, 99.9th(ms): 704.6, Max(ms): 704.6
[Current] PAYMENT - Takes(s): 10.0, Count: 674, TPM: 4044.5, Sum(ms): 239064.9, Avg(ms): 354.8, 50th(ms): 335.5, 90th(ms): 453.0, 95th(ms): 570.4, 99th(ms): 838.9, 99.9th(ms): 1040.2, Max(ms): 1073.7
[Current] STOCK_LEVEL - Takes(s): 9.8, Count: 59, TPM: 360.8, Sum(ms): 11725.5, Avg(ms): 198.7, 50th(ms): 192.9, 90th(ms): 234.9, 95th(ms): 243.3, 99th(ms): 419.4, 99.9th(ms): 520.1, Max(ms): 520.1
[Current] DELIVERY - Takes(s): 9.8, Count: 57, TPM: 347.4, Sum(ms): 54709.8, Avg(ms): 960.7, 50th(ms): 939.5, 90th(ms): 1140.9, 95th(ms): 1275.1, 99th(ms): 1342.2, 99.9th(ms): 1409.3, Max(ms): 1409.3
[Current] NEW_ORDER - Takes(s): 9.9, Count: 768, TPM: 4657.8, Sum(ms): 316038.9, Avg(ms): 411.8, 50th(ms): 402.7, 90th(ms): 536.9, 95th(ms): 637.5, 99th(ms): 838.9, 99.9th(ms): 1006.6, Max(ms): 1040.2
[Current] ORDER_STATUS - Takes(s): 9.8, Count: 61, TPM: 375.1, Sum(ms): 19496.6, Avg(ms): 319.9, 50th(ms): 268.4, 90th(ms): 604.0, 95th(ms): 604.0, 99th(ms): 604.0, 99.9th(ms): 637.5, Max(ms): 637.5
[Current] PAYMENT - Takes(s): 9.9, Count: 668, TPM: 4052.6, Sum(ms): 229504.2, Avg(ms): 343.8, 50th(ms): 335.5, 90th(ms): 402.7, 95th(ms): 486.5, 99th(ms): 838.9, 99.9th(ms): 939.5, Max(ms): 1040.2
[Current] STOCK_LEVEL - Takes(s): 9.8, Count: 75, TPM: 458.6, Sum(ms): 14337.4, Avg(ms): 190.8, 50th(ms): 192.9, 90th(ms): 234.9, 95th(ms): 243.3, 99th(ms): 260.0, 99.9th(ms): 260.0, Max(ms): 260.0
[Current] DELIVERY - Takes(s): 9.8, Count: 65, TPM: 397.3, Sum(ms): 62373.0, Avg(ms): 961.5, 50th(ms): 973.1, 90th(ms): 1208.0, 95th(ms): 1208.0, 99th(ms): 1342.2, 99.9th(ms): 1476.4, Max(ms): 1476.4
[Current] NEW_ORDER - Takes(s): 10.0, Count: 702, TPM: 4218.2, Sum(ms): 280709.7, Avg(ms): 400.1, 50th(ms): 385.9, 90th(ms): 503.3, 95th(ms): 570.4, 99th(ms): 872.4, 99.9th(ms): 973.1, Max(ms): 1006.6
[Current] ORDER_STATUS - Takes(s): 9.8, Count: 67, TPM: 409.5, Sum(ms): 16950.5, Avg(ms): 253.3, 50th(ms): 201.3, 90th(ms): 570.4, 95th(ms): 604.0, 99th(ms): 637.5, 99.9th(ms): 637.5, Max(ms): 637.5
[Current] PAYMENT - Takes(s): 10.0, Count: 742, TPM: 4451.9, Sum(ms): 257949.0, Avg(ms): 347.7, 50th(ms): 335.5, 90th(ms): 436.2, 95th(ms): 520.1, 99th(ms): 906.0, 99.9th(ms): 1073.7, Max(ms): 1208.0
[Current] STOCK_LEVEL - Takes(s): 9.9, Count: 78, TPM: 470.4, Sum(ms): 15742.6, Avg(ms): 201.9, 50th(ms): 192.9, 90th(ms): 251.7, 95th(ms): 260.0, 99th(ms): 570.4, 99.9th(ms): 637.5, Max(ms): 637.5
[Current] DELIVERY - Takes(s): 9.8, Count: 54, TPM: 331.4, Sum(ms): 51515.1, Avg(ms): 952.9, 50th(ms): 973.1, 90th(ms): 1140.9, 95th(ms): 1140.9, 99th(ms): 1208.0, 99.9th(ms): 1677.7, Max(ms): 1677.7
[Current] NEW_ORDER - Takes(s): 9.9, Count: 812, TPM: 4913.9, Sum(ms): 325635.1, Avg(ms): 401.2, 50th(ms): 402.7, 90th(ms): 503.3, 95th(ms): 536.9, 99th(ms): 805.3, 99.9th(ms): 973.1, Max(ms): 1677.7
[Current] ORDER_STATUS - Takes(s): 9.9, Count: 51, TPM: 307.9, Sum(ms): 14995.2, Avg(ms): 293.8, 50th(ms): 268.4, 90th(ms): 536.9, 95th(ms): 570.4, 99th(ms): 570.4, 99.9th(ms): 604.0, Max(ms): 604.0
[Current] PAYMENT - Takes(s): 9.9, Count: 666, TPM: 4029.5, Sum(ms): 238803.0, Avg(ms): 358.7, 50th(ms): 335.5, 90th(ms): 453.0, 95th(ms): 570.4, 99th(ms): 973.1, 99.9th(ms): 1040.2, Max(ms): 1677.7
[Current] STOCK_LEVEL - Takes(s): 10.0, Count: 59, TPM: 355.7, Sum(ms): 12168.8, Avg(ms): 206.4, 50th(ms): 209.7, 90th(ms): 260.0, 95th(ms): 268.4, 99th(ms): 385.9, 99.9th(ms): 604.0, Max(ms): 604.0
[Current] DELIVERY - Takes(s): 10.0, Count: 61, TPM: 366.9, Sum(ms): 56115.3, Avg(ms): 921.5, 50th(ms): 939.5, 90th(ms): 1073.7, 95th(ms): 1140.9, 99th(ms): 1140.9, 99.9th(ms): 1275.1, Max(ms): 1275.1
[Current] NEW_ORDER - Takes(s): 10.0, Count: 774, TPM: 4654.9, Sum(ms): 322986.1, Avg(ms): 417.5, 50th(ms): 419.4, 90th(ms): 503.3, 95th(ms): 570.4, 99th(ms): 906.0, 99.9th(ms): 1208.0, Max(ms): 1208.0
[Current] ORDER_STATUS - Takes(s): 10.0, Count: 56, TPM: 336.5, Sum(ms): 17342.7, Avg(ms): 309.9, 50th(ms): 285.2, 90th(ms): 570.4, 95th(ms): 604.0, 99th(ms): 604.0, 99.9th(ms): 637.5, Max(ms): 637.5
[Current] PAYMENT - Takes(s): 10.0, Count: 638, TPM: 3838.7, Sum(ms): 233588.6, Avg(ms): 366.3, 50th(ms): 352.3, 90th(ms): 469.8, 95th(ms): 604.0, 99th(ms): 906.0, 99.9th(ms): 939.5, Max(ms): 1073.7
[Current] STOCK_LEVEL - Takes(s): 9.9, Count: 62, TPM: 375.7, Sum(ms): 12502.8, Avg(ms): 201.5, 50th(ms): 201.3, 90th(ms): 251.7, 95th(ms): 260.0, 99th(ms): 285.2, 99.9th(ms): 436.2, Max(ms): 436.2
[Current] DELIVERY - Takes(s): 9.6, Count: 68, TPM: 423.4, Sum(ms): 66127.7, Avg(ms): 975.1, 50th(ms): 973.1, 90th(ms): 1208.0, 95th(ms): 1208.0, 99th(ms): 1275.1, 99.9th(ms): 1275.1, Max(ms): 1275.1
[Current] NEW_ORDER - Takes(s): 9.8, Count: 706, TPM: 4335.4, Sum(ms): 284297.6, Avg(ms): 402.7, 50th(ms): 385.9, 90th(ms): 520.1, 95th(ms): 570.4, 99th(ms): 838.9, 99.9th(ms): 906.0, Max(ms): 906.0
[Current] ORDER_STATUS - Takes(s): 10.0, Count: 53, TPM: 318.6, Sum(ms): 15166.6, Avg(ms): 285.5, 50th(ms): 285.2, 90th(ms): 520.1, 95th(ms): 536.9, 99th(ms): 570.4, 99.9th(ms): 570.4, Max(ms): 570.4
[Current] PAYMENT - Takes(s): 10.0, Count: 702, TPM: 4220.5, Sum(ms): 255698.6, Avg(ms): 364.2, 50th(ms): 352.3, 90th(ms): 436.2, 95th(ms): 604.0, 99th(ms): 906.0, 99.9th(ms): 1140.9, Max(ms): 1140.9
[Current] STOCK_LEVEL - Takes(s): 10.0, Count: 70, TPM: 421.4, Sum(ms): 13838.9, Avg(ms): 197.9, 50th(ms): 192.9, 90th(ms): 234.9, 95th(ms): 243.3, 99th(ms): 318.8, 99.9th(ms): 838.9, Max(ms): 838.9
[Current] DELIVERY - Takes(s): 10.0, Count: 72, TPM: 432.1, Sum(ms): 65629.4, Avg(ms): 913.0, 50th(ms): 939.5, 90th(ms): 1073.7, 95th(ms): 1140.9, 99th(ms): 1208.0, 99.9th(ms): 1275.1, Max(ms): 1275.1
[Current] NEW_ORDER - Takes(s): 9.9, Count: 719, TPM: 4361.5, Sum(ms): 291610.0, Avg(ms): 405.6, 50th(ms): 402.7, 90th(ms): 503.3, 95th(ms): 570.4, 99th(ms): 906.0, 99.9th(ms): 1073.7, Max(ms): 1610.6
[Current] ORDER_STATUS - Takes(s): 9.6, Count: 60, TPM: 373.2, Sum(ms): 18102.3, Avg(ms): 302.1, 50th(ms): 243.3, 90th(ms): 570.4, 95th(ms): 604.0, 99th(ms): 637.5, 99.9th(ms): 1006.6, Max(ms): 1006.6
[Current] PAYMENT - Takes(s): 9.9, Count: 669, TPM: 4061.5, Sum(ms): 239964.7, Avg(ms): 358.7, 50th(ms): 335.5, 90th(ms): 453.0, 95th(ms): 570.4, 99th(ms): 906.0, 99.9th(ms): 1040.2, Max(ms): 1208.0
[Current] STOCK_LEVEL - Takes(s): 10.0, Count: 66, TPM: 396.4, Sum(ms): 12353.4, Avg(ms): 187.5, 50th(ms): 192.9, 90th(ms): 226.5, 95th(ms): 243.3, 99th(ms): 268.4, 99.9th(ms): 318.8, Max(ms): 318.8
[Current] DELIVERY - Takes(s): 10.0, Count: 79, TPM: 474.0, Sum(ms): 74625.8, Avg(ms): 946.1, 50th(ms): 939.5, 90th(ms): 1073.7, 95th(ms): 1208.0, 99th(ms): 1342.2, 99.9th(ms): 1409.3, Max(ms): 1409.3
[Current] NEW_ORDER - Takes(s): 10.0, Count: 712, TPM: 4272.9, Sum(ms): 291245.6, Avg(ms): 409.2, 50th(ms): 402.7, 90th(ms): 536.9, 95th(ms): 671.1, 99th(ms): 838.9, 99.9th(ms): 939.5, Max(ms): 1208.0
[Current] ORDER_STATUS - Takes(s): 9.8, Count: 55, TPM: 338.0, Sum(ms): 16225.2, Avg(ms): 294.9, 50th(ms): 260.0, 90th(ms): 536.9, 95th(ms): 604.0, 99th(ms): 604.0, 99.9th(ms): 637.5, Max(ms): 637.5
[Current] PAYMENT - Takes(s): 10.0, Count: 694, TPM: 4165.2, Sum(ms): 257428.9, Avg(ms): 371.1, 50th(ms): 352.3, 90th(ms): 453.0, 95th(ms): 604.0, 99th(ms): 973.1, 99.9th(ms): 1073.7, Max(ms): 1208.0
[Current] STOCK_LEVEL - Takes(s): 9.9, Count: 64, TPM: 388.8, Sum(ms): 12026.5, Avg(ms): 188.2, 50th(ms): 184.5, 90th(ms): 243.3, 95th(ms): 251.7, 99th(ms): 302.0, 99.9th(ms): 453.0, Max(ms): 453.0
[Current] DELIVERY - Takes(s): 10.0, Count: 70, TPM: 420.8, Sum(ms): 64703.7, Avg(ms): 925.6, 50th(ms): 973.1, 90th(ms): 1040.2, 95th(ms): 1140.9, 99th(ms): 1208.0, 99.9th(ms): 1409.3, Max(ms): 1409.3
[Current] NEW_ORDER - Takes(s): 10.0, Count: 747, TPM: 4487.2, Sum(ms): 304841.7, Avg(ms): 408.2, 50th(ms): 385.9, 90th(ms): 520.1, 95th(ms): 671.1, 99th(ms): 872.4, 99.9th(ms): 1040.2, Max(ms): 1073.7
[Current] ORDER_STATUS - Takes(s): 9.7, Count: 54, TPM: 335.2, Sum(ms): 15438.3, Avg(ms): 285.8, 50th(ms): 251.7, 90th(ms): 536.9, 95th(ms): 604.0, 99th(ms): 637.5, 99.9th(ms): 771.8, Max(ms): 771.8
[Current] PAYMENT - Takes(s): 9.9, Count: 693, TPM: 4193.3, Sum(ms): 246397.7, Avg(ms): 355.6, 50th(ms): 352.3, 90th(ms): 436.2, 95th(ms): 637.5, 99th(ms): 838.9, 99.9th(ms): 1006.6, Max(ms): 1409.3
[Current] STOCK_LEVEL - Takes(s): 9.4, Count: 64, TPM: 410.0, Sum(ms): 11812.1, Avg(ms): 184.3, 50th(ms): 192.9, 90th(ms): 234.9, 95th(ms): 243.3, 99th(ms): 251.7, 99.9th(ms): 251.7, Max(ms): 251.7
[Current] DELIVERY - Takes(s): 9.9, Count: 75, TPM: 454.5, Sum(ms): 67939.6, Avg(ms): 905.1, 50th(ms): 906.0, 90th(ms): 1073.7, 95th(ms): 1140.9, 99th(ms): 1208.0, 99.9th(ms): 1879.0, Max(ms): 1879.0
[Current] NEW_ORDER - Takes(s): 9.9, Count: 755, TPM: 4575.4, Sum(ms): 302808.5, Avg(ms): 401.3, 50th(ms): 402.7, 90th(ms): 486.5, 95th(ms): 570.4, 99th(ms): 872.4, 99.9th(ms): 1073.7, Max(ms): 1476.4
[Current] ORDER_STATUS - Takes(s): 10.0, Count: 62, TPM: 373.7, Sum(ms): 17788.2, Avg(ms): 287.3, 50th(ms): 260.0, 90th(ms): 536.9, 95th(ms): 570.4, 99th(ms): 604.0, 99.9th(ms): 604.0, Max(ms): 604.0
[Current] PAYMENT - Takes(s): 9.9, Count: 647, TPM: 3917.9, Sum(ms): 234966.7, Avg(ms): 363.1, 50th(ms): 352.3, 90th(ms): 453.0, 95th(ms): 520.1, 99th(ms): 838.9, 99.9th(ms): 939.5, Max(ms): 1006.6
[Current] STOCK_LEVEL - Takes(s): 9.7, Count: 67, TPM: 415.5, Sum(ms): 13083.3, Avg(ms): 195.2, 50th(ms): 201.3, 90th(ms): 243.3, 95th(ms): 251.7, 99th(ms): 318.8, 99.9th(ms): 369.1, Max(ms): 369.1
[Current] DELIVERY - Takes(s): 9.9, Count: 76, TPM: 459.8, Sum(ms): 71156.3, Avg(ms): 937.3, 50th(ms): 939.5, 90th(ms): 1073.7, 95th(ms): 1140.9, 99th(ms): 1208.0, 99.9th(ms): 1208.0, Max(ms): 1208.0
[Current] NEW_ORDER - Takes(s): 9.9, Count: 705, TPM: 4269.6, Sum(ms): 280078.6, Avg(ms): 397.0, 50th(ms): 385.9, 90th(ms): 503.3, 95th(ms): 671.1, 99th(ms): 872.4, 99.9th(ms): 872.4, Max(ms): 939.5
[Current] ORDER_STATUS - Takes(s): 10.0, Count: 73, TPM: 438.1, Sum(ms): 21119.3, Avg(ms): 289.6, 50th(ms): 251.7, 90th(ms): 520.1, 95th(ms): 570.4, 99th(ms): 604.0, 99.9th(ms): 771.8, Max(ms): 771.8
[Current] PAYMENT - Takes(s): 9.9, Count: 713, TPM: 4319.1, Sum(ms): 243226.6, Avg(ms): 341.0, 50th(ms): 335.5, 90th(ms): 419.4, 95th(ms): 486.5, 99th(ms): 872.4, 99.9th(ms): 1073.7, Max(ms): 1610.6
[Current] STOCK_LEVEL - Takes(s): 9.7, Count: 74, TPM: 458.2, Sum(ms): 14748.7, Avg(ms): 198.8, 50th(ms): 192.9, 90th(ms): 243.3, 95th(ms): 285.2, 99th(ms): 419.4, 99.9th(ms): 570.4, Max(ms): 570.4
[Current] DELIVERY - Takes(s): 10.0, Count: 78, TPM: 468.4, Sum(ms): 69893.8, Avg(ms): 897.0, 50th(ms): 906.0, 90th(ms): 1073.7, 95th(ms): 1140.9, 99th(ms): 1140.9, 99.9th(ms): 1208.0, Max(ms): 1208.0
[Current] NEW_ORDER - Takes(s): 10.0, Count: 733, TPM: 4401.9, Sum(ms): 295058.6, Avg(ms): 402.4, 50th(ms): 385.9, 90th(ms): 520.1, 95th(ms): 570.4, 99th(ms): 973.1, 99.9th(ms): 1040.2, Max(ms): 1342.2
[Current] ORDER_STATUS - Takes(s): 9.9, Count: 61, TPM: 370.4, Sum(ms): 16993.6, Avg(ms): 278.5, 50th(ms): 234.9, 90th(ms): 536.9, 95th(ms): 570.4, 99th(ms): 570.4, 99.9th(ms): 570.4, Max(ms): 570.4
[Current] PAYMENT - Takes(s): 10.0, Count: 705, TPM: 4231.3, Sum(ms): 248045.8, Avg(ms): 351.8, 50th(ms): 352.3, 90th(ms): 436.2, 95th(ms): 570.4, 99th(ms): 838.9, 99.9th(ms): 1006.6, Max(ms): 1006.6
[Current] STOCK_LEVEL - Takes(s): 9.8, Count: 63, TPM: 385.3, Sum(ms): 12579.3, Avg(ms): 199.8, 50th(ms): 201.3, 90th(ms): 234.9, 95th(ms): 243.3, 99th(ms): 251.7, 99.9th(ms): 520.1, Max(ms): 520.1
[Current] DELIVERY - Takes(s): 9.8, Count: 74, TPM: 451.4, Sum(ms): 69190.0, Avg(ms): 934.3, 50th(ms): 939.5, 90th(ms): 1073.7, 95th(ms): 1140.9, 99th(ms): 1208.0, 99.9th(ms): 1543.5, Max(ms): 1543.5
[Current] NEW_ORDER - Takes(s): 10.0, Count: 758, TPM: 4553.3, Sum(ms): 299463.9, Avg(ms): 395.0, 50th(ms): 385.9, 90th(ms): 503.3, 95th(ms): 604.0, 99th(ms): 805.3, 99.9th(ms): 1006.6, Max(ms): 1006.6
[Current] ORDER_STATUS - Takes(s): 10.0, Count: 79, TPM: 476.3, Sum(ms): 22435.5, Avg(ms): 284.3, 50th(ms): 285.2, 90th(ms): 486.5, 95th(ms): 570.4, 99th(ms): 637.5, 99.9th(ms): 738.2, Max(ms): 738.2
[Current] PAYMENT - Takes(s): 10.0, Count: 715, TPM: 4294.8, Sum(ms): 236463.6, Avg(ms): 330.9, 50th(ms): 318.8, 90th(ms): 402.7, 95th(ms): 520.1, 99th(ms): 805.3, 99.9th(ms): 1073.7, Max(ms): 1140.9
[Current] STOCK_LEVEL - Takes(s): 9.6, Count: 73, TPM: 458.4, Sum(ms): 13964.4, Avg(ms): 191.3, 50th(ms): 201.3, 90th(ms): 243.3, 95th(ms): 243.3, 99th(ms): 285.2, 99.9th(ms): 352.3, Max(ms): 352.3
[Current] DELIVERY - Takes(s): 9.9, Count: 64, TPM: 387.0, Sum(ms): 60613.5, Avg(ms): 950.0, 50th(ms): 973.1, 90th(ms): 1073.7, 95th(ms): 1140.9, 99th(ms): 1140.9, 99.9th(ms): 1140.9, Max(ms): 1140.9
[Current] NEW_ORDER - Takes(s): 10.0, Count: 738, TPM: 4429.2, Sum(ms): 291629.0, Avg(ms): 395.3, 50th(ms): 385.9, 90th(ms): 520.1, 95th(ms): 604.0, 99th(ms): 838.9, 99.9th(ms): 939.5, Max(ms): 939.5
[Current] ORDER_STATUS - Takes(s): 10.0, Count: 69, TPM: 414.2, Sum(ms): 20462.2, Avg(ms): 296.3, 50th(ms): 285.2, 90th(ms): 503.3, 95th(ms): 570.4, 99th(ms): 604.0, 99.9th(ms): 637.5, Max(ms): 637.5
[Current] PAYMENT - Takes(s): 10.0, Count: 728, TPM: 4378.5, Sum(ms): 248932.3, Avg(ms): 342.1, 50th(ms): 318.8, 90th(ms): 436.2, 95th(ms): 520.1, 99th(ms): 872.4, 99.9th(ms): 1073.7, Max(ms): 1543.5
[Current] STOCK_LEVEL - Takes(s): 9.8, Count: 82, TPM: 502.4, Sum(ms): 16385.0, Avg(ms): 200.3, 50th(ms): 201.3, 90th(ms): 234.9, 95th(ms): 251.7, 99th(ms): 453.0, 99.9th(ms): 520.1, Max(ms): 520.1
[Current] DELIVERY - Takes(s): 10.0, Count: 83, TPM: 499.8, Sum(ms): 81134.4, Avg(ms): 978.5, 50th(ms): 973.1, 90th(ms): 1140.9, 95th(ms): 1208.0, 99th(ms): 1342.2, 99.9th(ms): 1476.4, Max(ms): 1476.4
[Current] NEW_ORDER - Takes(s): 10.0, Count: 728, TPM: 4371.8, Sum(ms): 290077.3, Avg(ms): 398.3, 50th(ms): 385.9, 90th(ms): 520.1, 95th(ms): 604.0, 99th(ms): 872.4, 99.9th(ms): 1006.6, Max(ms): 1409.3
[Current] ORDER_STATUS - Takes(s): 9.8, Count: 76, TPM: 463.6, Sum(ms): 20710.5, Avg(ms): 273.2, 50th(ms): 243.3, 90th(ms): 503.3, 95th(ms): 520.1, 99th(ms): 570.4, 99.9th(ms): 637.5, Max(ms): 637.5
[Current] PAYMENT - Takes(s): 10.0, Count: 660, TPM: 3964.2, Sum(ms): 234029.1, Avg(ms): 354.5, 50th(ms): 352.3, 90th(ms): 436.2, 95th(ms): 570.4, 99th(ms): 838.9, 99.9th(ms): 1073.7, Max(ms): 1275.1
[Current] STOCK_LEVEL - Takes(s): 10.0, Count: 68, TPM: 410.0, Sum(ms): 12196.9, Avg(ms): 179.8, 50th(ms): 184.5, 90th(ms): 226.5, 95th(ms): 234.9, 99th(ms): 234.9, 99.9th(ms): 285.2, Max(ms): 285.2
Finished
[Summary] DELIVERY - Takes(s): 598.6, Count: 3967, TPM: 397.6, Sum(ms): 3733619.4, Avg(ms): 941.9, 50th(ms): 939.5, 90th(ms): 1140.9, 95th(ms): 1208.0, 99th(ms): 1409.3, 99.9th(ms): 1879.0, Max(ms): 2281.7
[Summary] NEW_ORDER - Takes(s): 599.9, Count: 43974, TPM: 4398.2, Sum(ms): 17889180.1, Avg(ms): 406.9, 50th(ms): 402.7, 90th(ms): 520.1, 95th(ms): 604.0, 99th(ms): 872.4, 99.9th(ms): 1208.0, Max(ms): 1811.9
[Summary] ORDER_STATUS - Takes(s): 599.8, Count: 3880, TPM: 388.1, Sum(ms): 1167050.7, Avg(ms): 300.9, 50th(ms): 268.4, 90th(ms): 570.4, 95th(ms): 604.0, 99th(ms): 704.6, 99.9th(ms): 872.4, Max(ms): 1543.5
[Summary] PAYMENT - Takes(s): 599.9, Count: 41435, TPM: 4144.2, Sum(ms): 14710727.0, Avg(ms): 355.1, 50th(ms): 335.5, 90th(ms): 453.0, 95th(ms): 570.4, 99th(ms): 906.0, 99.9th(ms): 1275.1, Max(ms): 1946.2
[Summary] STOCK_LEVEL - Takes(s): 599.5, Count: 3868, TPM: 387.1, Sum(ms): 818158.8, Avg(ms): 211.5, 50th(ms): 201.3, 90th(ms): 285.2, 95th(ms): 335.5, 99th(ms): 469.8, 99.9th(ms): 637.5, Max(ms): 838.9
tpmC: 4398.2, tpmTotal: 9715.3, efficiency: 68.4%
