[Current] DELIVERY - Takes(s): 9.2, Count: 39, TPM: 255.1, Sum(ms): 24977.7, Avg(ms): 642.5, 50th(ms): 570.4, 90th(ms): 939.5, 95th(ms): 973.1, 99th(ms): 2080.4, 99.9th(ms): 2080.4, Max(ms): 2080.4
[Current] NEW_ORDER - Takes(s): 9.6, Count: 495, TPM: 3101.9, Sum(ms): 225026.0, Avg(ms): 454.4, 50th(ms): 285.2, 90th(ms): 1040.2, 95th(ms): 1208.0, 99th(ms): 1543.5, 99.9th(ms): 1744.8, Max(ms): 1744.8
[Current] ORDER_STATUS - Takes(s): 9.7, Count: 55, TPM: 341.4, Sum(ms): 3473.0, Avg(ms): 63.2, 50th(ms): 58.7, 90th(ms): 71.3, 95th(ms): 79.7, 99th(ms): 352.3, 99.9th(ms): 453.0, Max(ms): 453.0
[Current] PAYMENT - Takes(s): 9.7, Count: 453, TPM: 2807.1, Sum(ms): 331723.1, Avg(ms): 732.8, 50th(ms): 771.8, 90th(ms): 1275.1, 95th(ms): 1476.4, 99th(ms): 1677.7, 99.9th(ms): 1677.7, Max(ms): 1677.7
[Current] STOCK_LEVEL - Takes(s): 9.5, Count: 41, TPM: 258.5, Sum(ms): 6039.6, Avg(ms): 147.5, 50th(ms): 142.6, 90th(ms): 192.9, 95th(ms): 209.7, 99th(ms): 268.4, 99.9th(ms): 268.4, Max(ms): 268.4
[Current] DELIVERY - Takes(s): 9.6, Count: 45, TPM: 281.1, Sum(ms): 30965.0, Avg(ms): 688.8, 50th(ms): 536.9, 90th(ms): 1208.0, 95th(ms): 1342.2, 99th(ms): 1744.8, 99.9th(ms): 1744.8, Max(ms): 1744.8
[Current] NEW_ORDER - Takes(s): 10.0, Count: 534, TPM: 3204.6, Sum(ms): 250416.0, Avg(ms): 469.0, 50th(ms): 243.3, 90th(ms): 1208.0, 95th(ms): 1342.2, 99th(ms): 1543.5, 99.9th(ms): 1677.7, Max(ms): 1677.7
[Current] ORDER_STATUS - Takes(s): 9.7, Count: 46, TPM: 283.4, Sum(ms): 3039.6, Avg(ms): 66.0, 50th(ms): 50.3, 90th(ms): 60.8, 95th(ms): 318.8, 99th(ms): 385.9, 99.9th(ms): 385.9, Max(ms): 385.9
[Current] PAYMENT - Takes(s): 10.0, Count: 482, TPM: 2904.4, Sum(ms): 351027.3, Avg(ms): 729.0, 50th(ms): 738.2, 90th(ms): 1409.3, 95th(ms): 1543.5, 99th(ms): 1610.6, 99.9th(ms): 1879.0, Max(ms): 1879.0
[Current] STOCK_LEVEL - Takes(s): 10.0, Count: 42, TPM: 252.4, Sum(ms): 5479.7, Avg(ms): 130.6, 50th(ms): 125.8, 90th(ms): 184.5, 95th(ms): 192.9, 99th(ms): 201.3, 99.9th(ms): 201.3, Max(ms): 201.3
[Current] DELIVERY - Takes(s): 9.9, Count: 39, TPM: 235.9, Sum(ms): 27247.8, Avg(ms): 701.2, 50th(ms): 536.9, 90th(ms): 1140.9, 95th(ms): 1610.6, 99th(ms): 2013.3, 99.9th(ms): 2013.3, Max(ms): 2013.3
[Current] NEW_ORDER - Takes(s): 10.0, Count: 507, TPM: 3042.4, Sum(ms): 245988.2, Avg(ms): 485.6, 50th(ms): 218.1, 90th(ms): 1275.1, 95th(ms): 1409.3, 99th(ms): 1543.5, 99.9th(ms): 1610.6, Max(ms): 1677.7
[Current] ORDER_STATUS - Takes(s): 9.7, Count: 43, TPM: 266.6, Sum(ms): 2852.5, Avg(ms): 66.3, 50th(ms): 48.2, 90th(ms): 62.9, 95th(ms): 335.5, 99th(ms): 369.1, 99.9th(ms): 369.1, Max(ms): 369.1
[Current] PAYMENT - Takes(s): 10.0, Count: 461, TPM: 2773.8, Sum(ms): 360522.0, Avg(ms): 782.3, 50th(ms): 906.0, 90th(ms): 1409.3, 95th(ms): 1543.5, 99th(ms): 1610.6, 99.9th(ms): 1744.8, Max(ms): 1744.8
[Current] STOCK_LEVEL - Takes(s): 9.6, Count: 41, TPM: 256.2, Sum(ms): 5515.4, Avg(ms): 134.5, 50th(ms): 134.2, 90th(ms): 176.2, 95th(ms): 201.3, 99th(ms): 234.9, 99.9th(ms): 234.9, Max(ms): 234.9
[Current] DELIVERY - Takes(s): 9.9, Count: 37, TPM: 224.3, Sum(ms): 20028.6, Avg(ms): 542.3, 50th(ms): 486.5, 90th(ms): 704.6, 95th(ms): 838.9, 99th(ms): 1208.0, 99.9th(ms): 1208.0, Max(ms): 1208.0
[Current] NEW_ORDER - Takes(s): 10.0, Count: 528, TPM: 3170.6, Sum(ms): 245696.6, Avg(ms): 465.8, 50th(ms): 335.5, 90th(ms): 1040.2, 95th(ms): 1208.0, 99th(ms): 1409.3, 99.9th(ms): 1543.5, Max(ms): 1744.8
[Current] ORDER_STATUS - Takes(s): 9.9, Count: 55, TPM: 334.9, Sum(ms): 2259.2, Avg(ms): 41.2, 50th(ms): 46.1, 90th(ms): 54.5, 95th(ms): 56.6, 99th(ms): 58.7, 99.9th(ms): 67.1, Max(ms): 67.1
[Current] PAYMENT - Takes(s): 10.0, Count: 515, TPM: 3098.3, Sum(ms): 362931.7, Avg(ms): 705.3, 50th(ms): 738.2, 90th(ms): 1208.0, 95th(ms): 1409.3, 99th(ms): 1610.6, 99.9th(ms): 1677.7, Max(ms): 1744.8
[Current] STOCK_LEVEL - Takes(s): 9.9, Count: 41, TPM: 249.2, Sum(ms): 5203.0, Avg(ms): 126.7, 50th(ms): 125.8, 90th(ms): 151.0, 95th(ms): 159.4, 99th(ms): 167.8, 99.9th(ms): 167.8, Max(ms): 167.8
[Current] DELIVERY - Takes(s): 9.9, Count: 56, TPM: 338.4, Sum(ms): 62027.1, Avg(ms): 1112.8, 50th(ms): 838.9, 90th(ms): 2281.7, 95th(ms): 2415.9, 99th(ms): 2684.4, 99.9th(ms): 3087.0, Max(ms): 3087.0
[Current] NEW_ORDER - Takes(s): 10.0, Count: 489, TPM: 2933.8, Sum(ms): 235002.4, Avg(ms): 480.9, 50th(ms): 218.1, 90th(ms): 1476.4, 95th(ms): 1677.7, 99th(ms): 1879.0, 99.9th(ms): 2013.3, Max(ms): 2013.3
[Current] ORDER_STATUS - Takes(s): 9.5, Count: 48, TPM: 303.5, Sum(ms): 2191.4, Avg(ms): 45.8, 50th(ms): 46.1, 90th(ms): 52.4, 95th(ms): 60.8, 99th(ms): 318.8, 99.9th(ms): 318.8, Max(ms): 318.8
[Current] PAYMENT - Takes(s): 10.0, Count: 476, TPM: 2856.1, Sum(ms): 319732.1, Avg(ms): 671.9, 50th(ms): 436.2, 90th(ms): 1677.7, 95th(ms): 1744.8, 99th(ms): 1946.2, 99.9th(ms): 2013.3, Max(ms): 2013.3
[Current] STOCK_LEVEL - Takes(s): 9.9, Count: 39, TPM: 237.3, Sum(ms): 5047.4, Avg(ms): 130.4, 50th(ms): 125.8, 90th(ms): 167.8, 95th(ms): 176.2, 99th(ms): 201.3, 99.9th(ms): 201.3, Max(ms): 201.3
[Current] DELIVERY - Takes(s): 9.8, Count: 34, TPM: 208.2, Sum(ms): 19306.2, Avg(ms): 569.7, 50th(ms): 503.3, 90th(ms): 771.8, 95th(ms): 939.5, 99th(ms): 1476.4, 99.9th(ms): 1476.4, Max(ms): 1476.4
[Current] NEW_ORDER - Takes(s): 10.0, Count: 538, TPM: 3233.6, Sum(ms): 263290.8, Avg(ms): 489.1, 50th(ms): 226.5, 90th(ms): 1476.4, 95th(ms): 1744.8, 99th(ms): 2147.5, 99.9th(ms): 2281.7, Max(ms): 2281.7
[Current] ORDER_STATUS - Takes(s): 9.7, Count: 42, TPM: 259.5, Sum(ms): 1752.7, Avg(ms): 41.8, 50th(ms): 44.0, 90th(ms): 56.6, 95th(ms): 56.6, 99th(ms): 67.1, 99.9th(ms): 67.1, Max(ms): 67.1
[Current] PAYMENT - Takes(s): 10.0, Count: 488, TPM: 2934.7, Sum(ms): 351074.5, Avg(ms): 719.9, 50th(ms): 520.1, 90th(ms): 1879.0, 95th(ms): 2281.7, 99th(ms): 2415.9, 99.9th(ms): 2550.1, Max(ms): 2550.1
[Current] STOCK_LEVEL - Takes(s): 9.4, Count: 51, TPM: 327.2, Sum(ms): 6684.8, Avg(ms): 130.9, 50th(ms): 130.0, 90th(ms): 176.2, 95th(ms): 201.3, 99th(ms): 209.7, 99.9th(ms): 209.7, Max(ms): 209.7
[Current] DELIVERY - Takes(s): 9.9, Count: 46, TPM: 278.1, Sum(ms): 29249.1, Avg(ms): 635.2, 50th(ms): 520.1, 90th(ms): 939.5, 95th(ms): 1006.6, 99th(ms): 1275.1, 99.9th(ms): 1275.1, Max(ms): 1275.1
[Current] NEW_ORDER - Takes(s): 10.0, Count: 506, TPM: 3046.9, Sum(ms): 240546.7, Avg(ms): 475.5, 50th(ms): 218.1, 90th(ms): 1342.2, 95th(ms): 1610.6, 99th(ms): 2080.4, 99.9th(ms): 2415.9, Max(ms): 2550.1
[Current] ORDER_STATUS - Takes(s): 9.9, Count: 45, TPM: 272.3, Sum(ms): 2512.1, Avg(ms): 55.7, 50th(ms): 41.9, 90th(ms): 56.6, 95th(ms): 302.0, 99th(ms): 335.5, 99.9th(ms): 335.5, Max(ms): 335.5
[Current] PAYMENT - Takes(s): 10.0, Count: 476, TPM: 2865.9, Sum(ms): 374249.0, Avg(ms): 787.6, 50th(ms): 637.5, 90th(ms): 1811.9, 95th(ms): 2013.3, 99th(ms): 2415.9, 99.9th(ms): 2550.1, Max(ms): 2550.1
[Current] STOCK_LEVEL - Takes(s): 9.7, Count: 51, TPM: 316.5, Sum(ms): 6454.0, Avg(ms): 126.9, 50th(ms): 125.8, 90th(ms): 159.4, 95th(ms): 176.2, 99th(ms): 184.5, 99.9th(ms): 192.9, Max(ms): 192.9
[Current] DELIVERY - Takes(s): 9.8, Count: 52, TPM: 317.1, Sum(ms): 39710.3, Avg(ms): 762.4, 50th(ms): 637.5, 90th(ms): 1208.0, 95th(ms): 1275.1, 99th(ms): 1543.5, 99.9th(ms): 1543.5, Max(ms): 1543.5
[Current] NEW_ORDER - Takes(s): 10.0, Count: 533, TPM: 3200.5, Sum(ms): 248783.8, Avg(ms): 467.5, 50th(ms): 243.3, 90th(ms): 1342.2, 95th(ms): 1476.4, 99th(ms): 1744.8, 99.9th(ms): 2013.3, Max(ms): 2281.7
[Current] ORDER_STATUS - Takes(s): 10.0, Count: 47, TPM: 282.5, Sum(ms): 1931.5, Avg(ms): 41.2, 50th(ms): 46.1, 90th(ms): 56.6, 95th(ms): 56.6, 99th(ms): 65.0, 99.9th(ms): 65.0, Max(ms): 65.0
[Current] PAYMENT - Takes(s): 10.0, Count: 479, TPM: 2876.5, Sum(ms): 342656.1, Avg(ms): 715.7, 50th(ms): 604.0, 90th(ms): 1476.4, 95th(ms): 1677.7, 99th(ms): 1811.9, 99.9th(ms): 1879.0, Max(ms): 1879.0
[Current] STOCK_LEVEL - Takes(s): 9.9, Count: 64, TPM: 389.0, Sum(ms): 8592.2, Avg(ms): 134.3, 50th(ms): 125.8, 90th(ms): 184.5, 95th(ms): 192.9, 99th(ms): 209.7, 99.9th(ms): 218.1, Max(ms): 218.1
[Current] DELIVERY - Takes(s): 10.0, Count: 50, TPM: 300.9, Sum(ms): 58464.4, Avg(ms): 1171.2, 50th(ms): 973.1, 90th(ms): 2281.7, 95th(ms): 2550.1, 99th(ms): 3087.0, 99.9th(ms): 3087.0, Max(ms): 3087.0
[Current] NEW_ORDER - Takes(s): 10.0, Count: 467, TPM: 2810.4, Sum(ms): 213885.3, Avg(ms): 457.9, 50th(ms): 268.4, 90th(ms): 1208.0, 95th(ms): 1409.3, 99th(ms): 1610.6, 99.9th(ms): 1946.2, Max(ms): 1946.2
[Current] ORDER_STATUS - Takes(s): 10.0, Count: 48, TPM: 288.2, Sum(ms): 1998.2, Avg(ms): 41.6, 50th(ms): 46.1, 90th(ms): 54.5, 95th(ms): 56.6, 99th(ms): 62.9, 99.9th(ms): 62.9, Max(ms): 62.9
[Current] PAYMENT - Takes(s): 10.0, Count: 460, TPM: 2763.7, Sum(ms): 348540.6, Avg(ms): 757.7, 50th(ms): 738.2, 90th(ms): 1476.4, 95th(ms): 1610.6, 99th(ms): 1677.7, 99.9th(ms): 1811.9, Max(ms): 1811.9
[Current] STOCK_LEVEL - Takes(s): 10.0, Count: 51, TPM: 307.5, Sum(ms): 6658.5, Avg(ms): 130.6, 50th(ms): 125.8, 90th(ms): 167.8, 95th(ms): 167.8, 99th(ms): 201.3, 99.9th(ms): 226.5, Max(ms): 226.5
[Current] DELIVERY - Takes(s): 9.8, Count: 41, TPM: 250.9, Sum(ms): 25544.6, Avg(ms): 625.1, 50th(ms): 536.9, 90th(ms): 939.5, 95th(ms): 1140.9, 99th(ms): 1476.4, 99.9th(ms): 1476.4, Max(ms): 1476.4
[Current] NEW_ORDER - Takes(s): 10.0, Count: 473, TPM: 2839.4, Sum(ms): 235075.8, Avg(ms): 497.0, 50th(ms): 335.5, 90th(ms): 1140.9, 95th(ms): 1409.3, 99th(ms): 1811.9, 99.9th(ms): 1946.2, Max(ms): 1946.2
[Current] ORDER_STATUS - Takes(s): 9.5, Count: 53, TPM: 335.0, Sum(ms): 3243.2, Avg(ms): 61.1, 50th(ms): 44.0, 90th(ms): 62.9, 95th(ms): 318.8, 99th(ms): 335.5, 99.9th(ms): 352.3, Max(ms): 352.3
[Current] PAYMENT - Takes(s): 10.0, Count: 492, TPM: 2957.4, Sum(ms): 374365.1, Avg(ms): 762.3, 50th(ms): 771.8, 90th(ms): 1275.1, 95th(ms): 1610.6, 99th(ms): 1879.0, 99.9th(ms): 2013.3, Max(ms): 2013.3
[Current] STOCK_LEVEL - Takes(s): 9.9, Count: 41, TPM: 248.5, Sum(ms): 5339.3, Avg(ms): 130.4, 50th(ms): 130.0, 90th(ms): 167.8, 95th(ms): 184.5, 99th(ms): 201.3, 99.9th(ms): 201.3, Max(ms): 201.3
[Current] DELIVERY - Takes(s): 9.9, Count: 51, TPM: 310.1, Sum(ms): 49537.3, Avg(ms): 971.1, 50th(ms): 838.9, 90th(ms): 1610.6, 95th(ms): 1946.2, 99th(ms): 2281.7, 99.9th(ms): 2415.9, Max(ms): 2415.9
[Current] NEW_ORDER - Takes(s): 10.0, Count: 495, TPM: 2974.5, Sum(ms): 233442.7, Avg(ms): 471.8, 50th(ms): 226.5, 90th(ms): 1275.1, 95th(ms): 1409.3, 99th(ms): 1677.7, 99.9th(ms): 1811.9, Max(ms): 1811.9
[Current] ORDER_STATUS - Takes(s): 9.7, Count: 45, TPM: 278.4, Sum(ms): 2600.5, Avg(ms): 57.8, 50th(ms): 46.1, 90th(ms): 56.6, 95th(ms): 67.1, 99th(ms): 469.8, 99.9th(ms): 469.8, Max(ms): 469.8
[Current] PAYMENT - Takes(s): 10.0, Count: 492, TPM: 2953.0, Sum(ms): 350516.0, Avg(ms): 711.8, 50th(ms): 570.4, 90th(ms): 1543.5, 95th(ms): 1610.6, 99th(ms): 1811.9, 99.9th(ms): 2080.4, Max(ms): 2080.4
[Current] STOCK_LEVEL - Takes(s): 9.9, Count: 51, TPM: 310.4, Sum(ms): 6611.8, Avg(ms): 129.6, 50th(ms): 125.8, 90th(ms): 159.4, 95th(ms): 176.2, 99th(ms): 209.7, 99.9th(ms): 226.5, Max(ms): 226.5
[Current] DELIVERY - Takes(s): 9.8, Count: 48, TPM: 294.1, Sum(ms): 41810.3, Avg(ms): 871.0, 50th(ms): 771.8, 90th(ms): 1543.5, 95th(ms): 1744.8, 99th(ms): 1879.0, 99.9th(ms): 1879.0, Max(ms): 1879.0
[Current] NEW_ORDER - Takes(s): 10.0, Count: 546, TPM: 3282.3, Sum(ms): 246934.0, Avg(ms): 452.5, 50th(ms): 243.3, 90th(ms): 1275.1, 95th(ms): 1543.5, 99th(ms): 1744.8, 99.9th(ms): 1879.0, Max(ms): 1879.0
[Current] ORDER_STATUS - Takes(s): 9.8, Count: 44, TPM: 268.8, Sum(ms): 1940.5, Avg(ms): 44.2, 50th(ms): 46.1, 90th(ms): 60.8, 95th(ms): 62.9, 99th(ms): 75.5, 99.9th(ms): 75.5, Max(ms): 75.5
[Current] PAYMENT - Takes(s): 10.0, Count: 479, TPM: 2874.3, Sum(ms): 339672.2, Avg(ms): 708.9, 50th(ms): 570.4, 90th(ms): 1610.6, 95th(ms): 1744.8, 99th(ms): 1879.0, 99.9th(ms): 2080.4, Max(ms): 2080.4
[Current] STOCK_LEVEL - Takes(s): 9.8, Count: 46, TPM: 280.8, Sum(ms): 6014.2, Avg(ms): 130.8, 50th(ms): 125.8, 90th(ms): 167.8, 95th(ms): 184.5, 99th(ms): 209.7, 99.9th(ms): 209.7, Max(ms): 209.7
[Current] DELIVERY - Takes(s): 9.9, Count: 40, TPM: 243.3, Sum(ms): 23685.4, Avg(ms): 593.9, 50th(ms): 520.1, 90th(ms): 838.9, 95th(ms): 1006.6, 99th(ms): 1208.0, 99.9th(ms): 1208.0, Max(ms): 1208.0
[Current] NEW_ORDER - Takes(s): 10.0, Count: 505, TPM: 3035.2, Sum(ms): 227688.1, Avg(ms): 451.3, 50th(ms): 218.1, 90th(ms): 1275.1, 95th(ms): 1409.3, 99th(ms): 1677.7, 99.9th(ms): 1811.9, Max(ms): 1811.9
[Current] ORDER_STATUS - Takes(s): 9.8, Count: 38, TPM: 233.2, Sum(ms): 1953.8, Avg(ms): 51.7, 50th(ms): 44.0, 90th(ms): 56.6, 95th(ms): 58.7, 99th(ms): 486.5, 99.9th(ms): 486.5, Max(ms): 486.5
[Current] PAYMENT - Takes(s): 10.0, Count: 493, TPM: 2972.5, Sum(ms): 386317.6, Avg(ms): 784.2, 50th(ms): 671.1, 90th(ms): 1543.5, 95th(ms): 1677.7, 99th(ms): 1744.8, 99.9th(ms): 1879.0, Max(ms): 1879.0
[Current] STOCK_LEVEL - Takes(s): 9.6, Count: 44, TPM: 273.7, Sum(ms): 5714.6, Avg(ms): 129.5, 50th(ms): 125.8, 90th(ms): 167.8, 95th(ms): 184.5, 99th(ms): 218.1, 99.9th(ms): 218.1, Max(ms): 218.1
[Current] DELIVERY - Takes(s): 10.0, Count: 47, TPM: 283.3, Sum(ms): 32592.8, Avg(ms): 696.1, 50th(ms): 570.4, 90th(ms): 1140.9, 95th(ms): 1476.4, 99th(ms): 2013.3, 99.9th(ms): 2013.3, Max(ms): 2013.3
[Current] NEW_ORDER - Takes(s): 10.0, Count: 538, TPM: 3235.7, Sum(ms): 236739.7, Avg(ms): 440.0, 50th(ms): 318.8, 90th(ms): 973.1, 95th(ms): 1208.0, 99th(ms): 1409.3, 99.9th(ms): 1476.4, Max(ms): 1476.4
[Current] ORDER_STATUS - Takes(s): 10.0, Count: 47, TPM: 283.2, Sum(ms): 1842.1, Avg(ms): 39.1, 50th(ms): 44.0, 90th(ms): 50.3, 95th(ms): 54.5, 99th(ms): 56.6, 99.9th(ms): 56.6, Max(ms): 56.6
[Current] PAYMENT - Takes(s): 10.0, Count: 493, TPM: 2967.9, Sum(ms): 363074.4, Avg(ms): 737.8, 50th(ms): 738.2, 90th(ms): 1208.0, 95th(ms): 1342.2, 99th(ms): 1476.4, 99.9th(ms): 1543.5, Max(ms): 1543.5
[Current] STOCK_LEVEL - Takes(s): 9.9, Count: 38, TPM: 231.4, Sum(ms): 5086.4, Avg(ms): 134.3, 50th(ms): 130.0, 90th(ms): 167.8, 95th(ms): 184.5, 99th(ms): 201.3, 99.9th(ms): 201.3, Max(ms): 201.3
[Current] DELIVERY - Takes(s): 9.9, Count: 59, TPM: 356.2, Sum(ms): 53175.6, Avg(ms): 899.9, 50th(ms): 838.9, 90th(ms): 1476.4, 95th(ms): 1744.8, 99th(ms): 1811.9, 99.9th(ms): 2281.7, Max(ms): 2281.7
[Current] NEW_ORDER - Takes(s): 10.0, Count: 482, TPM: 2895.4, Sum(ms): 212685.2, Avg(ms): 441.8, 50th(ms): 285.2, 90th(ms): 1073.7, 95th(ms): 1208.0, 99th(ms): 1409.3, 99.9th(ms): 1744.8, Max(ms): 1744.8
[Current] ORDER_STATUS - Takes(s): 9.6, Count: 44, TPM: 276.2, Sum(ms): 1927.0, Avg(ms): 43.7, 50th(ms): 44.0, 90th(ms): 58.7, 95th(ms): 60.8, 99th(ms): 125.8, 99.9th(ms): 125.8, Max(ms): 125.8
[Current] PAYMENT - Takes(s): 10.0, Count: 489, TPM: 2945.7, Sum(ms): 357647.9, Avg(ms): 730.8, 50th(ms): 738.2, 90th(ms): 1275.1, 95th(ms): 1409.3, 99th(ms): 1543.5, 99.9th(ms): 1879.0, Max(ms): 1879.0
[Current] STOCK_LEVEL - Takes(s): 10.0, Count: 44, TPM: 264.4, Sum(ms): 6093.9, Avg(ms): 138.5, 50th(ms): 134.2, 90th(ms): 192.9, 95th(ms): 201.3, 99th(ms): 218.1, 99.9th(ms): 218.1, Max(ms): 218.1
[Current] DELIVERY - Takes(s): 9.9, Count: 51, TPM: 307.7, Sum(ms): 47186.1, Avg(ms): 927.7, 50th(ms): 838.9, 90th(ms): 1610.6, 95th(ms): 1677.7, 99th(ms): 1811.9, 99.9th(ms): 2080.4, Max(ms): 2080.4
[Current] NEW_ORDER - Takes(s): 10.0, Count: 525, TPM: 3151.5, Sum(ms): 237065.5, Avg(ms): 451.4, 50th(ms): 335.5, 90th(ms): 1006.6, 95th(ms): 1140.9, 99th(ms): 1610.6, 99.9th(ms): 1744.8, Max(ms): 1744.8
[Current] ORDER_STATUS - Takes(s): 10.0, Count: 49, TPM: 295.1, Sum(ms): 2911.8, Avg(ms): 59.6, 50th(ms): 44.0, 90th(ms): 54.5, 95th(ms): 67.1, 99th(ms): 604.0, 99.9th(ms): 604.0, Max(ms): 604.0
[Current] PAYMENT - Takes(s): 10.0, Count: 495, TPM: 2983.5, Sum(ms): 352911.9, Avg(ms): 712.6, 50th(ms): 671.1, 90th(ms): 1275.1, 95th(ms): 1610.6, 99th(ms): 1744.8, 99.9th(ms): 1879.0, Max(ms): 1879.0
[Current] STOCK_LEVEL - Takes(s): 9.5, Count: 53, TPM: 335.0, Sum(ms): 7343.7, Avg(ms): 138.4, 50th(ms): 134.2, 90th(ms): 167.8, 95th(ms): 184.5, 99th(ms): 226.5, 99.9th(ms): 243.3, Max(ms): 243.3
[Current] DELIVERY - Takes(s): 10.0, Count: 46, TPM: 276.2, Sum(ms): 32722.2, Avg(ms): 709.9, 50th(ms): 570.4, 90th(ms): 1073.7, 95th(ms): 1342.2, 99th(ms): 1811.9, 99.9th(ms): 1811.9, Max(ms): 1811.9
[Current] NEW_ORDER - Takes(s): 9.9, Count: 494, TPM: 2984.9, Sum(ms): 233084.1, Avg(ms): 471.4, 50th(ms): 285.2, 90th(ms): 1208.0, 95th(ms): 1342.2, 99th(ms): 1677.7, 99.9th(ms): 2080.4, Max(ms): 2080.4
[Current] ORDER_STATUS - Takes(s): 9.9, Count: 46, TPM: 279.8, Sum(ms): 1712.4, Avg(ms): 37.2, 50th(ms): 35.7, 90th(ms): 50.3, 95th(ms): 52.4, 99th(ms): 54.5, 99.9th(ms): 54.5, Max(ms): 54.5
[Current] PAYMENT - Takes(s): 10.0, Count: 485, TPM: 2916.0, Sum(ms): 345543.7, Avg(ms): 712.1, 50th(ms): 671.1, 90th(ms): 1409.3, 95th(ms): 1610.6, 99th(ms): 1946.2, 99.9th(ms): 2281.7, Max(ms): 2281.7
[Current] STOCK_LEVEL - Takes(s): 9.5, Count: 54, TPM: 339.3, Sum(ms): 7198.5, Avg(ms): 133.3, 50th(ms): 125.8, 90th(ms): 184.5, 95th(ms): 218.1, 99th(ms): 251.7, 99.9th(ms): 251.7, Max(ms): 251.7
[Current] DELIVERY - Takes(s): 9.6, Count: 38, TPM: 237.4, Sum(ms): 25898.6, Avg(ms): 684.1, 50th(ms): 536.9, 90th(ms): 1040.2, 95th(ms): 1275.1, 99th(ms): 1543.5, 99.9th(ms): 1543.5, Max(ms): 1543.5
[Current] NEW_ORDER - Takes(s): 10.0, Count: 443, TPM: 2666.4, Sum(ms): 262924.2, Avg(ms): 593.3, 50th(ms): 176.2, 90th(ms): 1879.0, 95th(ms): 2147.5, 99th(ms): 2415.9, 99.9th(ms): 2684.4, Max(ms): 2684.4
[Current] ORDER_STATUS - Takes(s): 10.0, Count: 40, TPM: 240.7, Sum(ms): 2133.9, Avg(ms): 53.4, 50th(ms): 44.0, 90th(ms): 52.4, 95th(ms): 56.6, 99th(ms): 335.5, 99.9th(ms): 335.5, Max(ms): 335.5
[Current] PAYMENT - Takes(s): 10.0, Count: 475, TPM: 2858.7, Sum(ms): 351454.4, Avg(ms): 740.1, 50th(ms): 285.2, 90th(ms): 2281.7, 95th(ms): 2415.9, 99th(ms): 2550.1, 99.9th(ms): 2550.1, Max(ms): 2550.1
[Current] STOCK_LEVEL - Takes(s): 9.7, Count: 44, TPM: 272.9, Sum(ms): 5752.0, Avg(ms): 130.5, 50th(ms): 130.0, 90th(ms): 167.8, 95th(ms): 176.2, 99th(ms): 184.5, 99.9th(ms): 184.5, Max(ms): 184.5
[Current] DELIVERY - Takes(s): 9.9, Count: 45, TPM: 272.2, Sum(ms): 38456.3, Avg(ms): 857.1, 50th(ms): 704.6, 90th(ms): 1610.6, 95th(ms): 1677.7, 99th(ms): 2013.3, 99.9th(ms): 2013.3, Max(ms): 2013.3
[Current] NEW_ORDER - Takes(s): 10.0, Count: 488, TPM: 2930.4, Sum(ms): 258650.9, Avg(ms): 529.9, 50th(ms): 201.3, 90th(ms): 1744.8, 95th(ms): 1946.2, 99th(ms): 2147.5, 99.9th(ms): 2415.9, Max(ms): 2415.9
[Current] ORDER_STATUS - Takes(s): 9.7, Count: 46, TPM: 285.1, Sum(ms): 3336.5, Avg(ms): 72.4, 50th(ms): 48.2, 90th(ms): 67.1, 95th(ms): 335.5, 99th(ms): 352.3, 99.9th(ms): 352.3, Max(ms): 352.3
[Current] PAYMENT - Takes(s): 10.0, Count: 453, TPM: 2729.4, Sum(ms): 327524.7, Avg(ms): 722.6, 50th(ms): 352.3, 90th(ms): 2080.4, 95th(ms): 2147.5, 99th(ms): 2281.7, 99.9th(ms): 2415.9, Max(ms): 2415.9
[Current] STOCK_LEVEL - Takes(s): 9.0, Count: 24, TPM: 159.4, Sum(ms): 3292.3, Avg(ms): 137.4, 50th(ms): 134.2, 90th(ms): 176.2, 95th(ms): 176.2, 99th(ms): 192.9, 99.9th(ms): 192.9, Max(ms): 192.9
[Current] DELIVERY - Takes(s): 9.8, Count: 41, TPM: 250.2, Sum(ms): 36932.7, Avg(ms): 902.3, 50th(ms): 872.4, 90th(ms): 1476.4, 95th(ms): 1744.8, 99th(ms): 1946.2, 99.9th(ms): 1946.2, Max(ms): 1946.2
[Current] NEW_ORDER - Takes(s): 10.0, Count: 462, TPM: 2781.3, Sum(ms): 252275.9, Avg(ms): 545.7, 50th(ms): 176.2, 90th(ms): 1811.9, 95th(ms): 2013.3, 99th(ms): 2281.7, 99.9th(ms): 2684.4, Max(ms): 2684.4
[Current] ORDER_STATUS - Takes(s): 9.8, Count: 46, TPM: 281.5, Sum(ms): 2140.6, Avg(ms): 46.4, 50th(ms): 39.8, 90th(ms): 54.5, 95th(ms): 60.8, 99th(ms): 318.8, 99.9th(ms): 318.8, Max(ms): 318.8
[Current] PAYMENT - Takes(s): 10.0, Count: 433, TPM: 2601.7, Sum(ms): 322440.2, Avg(ms): 744.8, 50th(ms): 285.2, 90th(ms): 2147.5, 95th(ms): 2281.7, 99th(ms): 2415.9, 99.9th(ms): 2550.1, Max(ms): 2550.1
[Current] STOCK_LEVEL - Takes(s): 9.6, Count: 39, TPM: 244.6, Sum(ms): 5377.0, Avg(ms): 138.0, 50th(ms): 142.6, 90th(ms): 159.4, 95th(ms): 167.8, 99th(ms): 260.0, 99.9th(ms): 260.0, Max(ms): 260.0
[Current] DELIVERY - Takes(s): 10.0, Count: 42, TPM: 252.4, Sum(ms): 30646.0, Avg(ms): 730.6, 50th(ms): 570.4, 90th(ms): 1275.1, 95th(ms): 1342.2, 99th(ms): 1677.7, 99.9th(ms): 1677.7, Max(ms): 1677.7
[Current] NEW_ORDER - Takes(s): 10.0, Count: 516, TPM: 3096.4, Sum(ms): 258011.3, Avg(ms): 499.8, 50th(ms): 268.4, 90th(ms): 1342.2, 95th(ms): 1811.9, 99th(ms): 2415.9, 99.9th(ms): 2550.1, Max(ms): 2550.1
[Current] ORDER_STATUS - Takes(s): 9.5, Count: 49, TPM: 309.9, Sum(ms): 2422.3, Avg(ms): 49.2, 50th(ms): 46.1, 90th(ms): 58.7, 95th(ms): 62.9, 99th(ms): 318.8, 99.9th(ms): 318.8, Max(ms): 318.8
[Current] PAYMENT - Takes(s): 10.0, Count: 498, TPM: 2988.2, Sum(ms): 379700.9, Avg(ms): 762.2, 50th(ms): 570.4, 90th(ms): 1811.9, 95th(ms): 2415.9, 99th(ms): 2550.1, 99.9th(ms): 2684.4, Max(ms): 2684.4
[Current] STOCK_LEVEL - Takes(s): 9.6, Count: 39, TPM: 243.4, Sum(ms): 5514.3, Avg(ms): 141.0, 50th(ms): 142.6, 90th(ms): 176.2, 95th(ms): 184.5, 99th(ms): 234.9, 99.9th(ms): 234.9, Max(ms): 234.9
[Current] DELIVERY - Takes(s): 9.7, Count: 33, TPM: 204.0, Sum(ms): 21709.4, Avg(ms): 656.1, 50th(ms): 536.9, 90th(ms): 973.1, 95th(ms): 1140.9, 99th(ms): 1275.1, 99.9th(ms): 1275.1, Max(ms): 1275.1
[Current] NEW_ORDER - Takes(s): 10.0, Count: 499, TPM: 2996.8, Sum(ms): 265347.5, Avg(ms): 532.2, 50th(ms): 318.8, 90th(ms): 1275.1, 95th(ms): 1543.5, 99th(ms): 1946.2, 99.9th(ms): 2281.7, Max(ms): 2281.7
[Current] ORDER_STATUS - Takes(s): 9.9, Count: 31, TPM: 187.6, Sum(ms): 1725.1, Avg(ms): 55.7, 50th(ms): 46.1, 90th(ms): 54.5, 95th(ms): 83.9, 99th(ms): 402.7, 99.9th(ms): 402.7, Max(ms): 402.7
[Current] PAYMENT - Takes(s): 10.0, Count: 474, TPM: 2845.7, Sum(ms): 347614.4, Avg(ms): 734.6, 50th(ms): 738.2, 90th(ms): 1476.4, 95th(ms): 1610.6, 99th(ms): 2013.3, 99.9th(ms): 2147.5, Max(ms): 2147.5
[Current] STOCK_LEVEL - Takes(s): 9.9, Count: 42, TPM: 255.4, Sum(ms): 6114.5, Avg(ms): 145.6, 50th(ms): 151.0, 90th(ms): 184.5, 95th(ms): 209.7, 99th(ms): 243.3, 99.9th(ms): 243.3, Max(ms): 243.3
[Current] DELIVERY - Takes(s): 9.6, Count: 44, TPM: 275.3, Sum(ms): 39539.3, Avg(ms): 899.1, 50th(ms): 637.5, 90th(ms): 1744.8, 95th(ms): 1946.2, 99th(ms): 2684.4, 99.9th(ms): 2684.4, Max(ms): 2684.4
[Current] NEW_ORDER - Takes(s): 10.0, Count: 488, TPM: 2938.0, Sum(ms): 224531.6, Avg(ms): 460.3, 50th(ms): 335.5, 90th(ms): 1073.7, 95th(ms): 1208.0, 99th(ms): 1476.4, 99.9th(ms): 1744.8, Max(ms): 1744.8
[Current] ORDER_STATUS - Takes(s): 9.9, Count: 45, TPM: 273.6, Sum(ms): 2517.4, Avg(ms): 55.9, 50th(ms): 33.6, 90th(ms): 56.6, 95th(ms): 71.3, 99th(ms): 520.1, 99.9th(ms): 520.1, Max(ms): 520.1
[Current] PAYMENT - Takes(s): 10.0, Count: 510, TPM: 3063.6, Sum(ms): 364996.3, Avg(ms): 715.5, 50th(ms): 704.6, 90th(ms): 1342.2, 95th(ms): 1476.4, 99th(ms): 1610.6, 99.9th(ms): 1677.7, Max(ms): 1744.8
[Current] STOCK_LEVEL - Takes(s): 9.9, Count: 41, TPM: 247.3, Sum(ms): 5399.5, Avg(ms): 131.8, 50th(ms): 125.8, 90th(ms): 176.2, 95th(ms): 184.5, 99th(ms): 243.3, 99.9th(ms): 243.3, Max(ms): 243.3
[Current] DELIVERY - Takes(s): 9.9, Count: 47, TPM: 284.3, Sum(ms): 46249.9, Avg(ms): 988.4, 50th(ms): 838.9, 90th(ms): 2013.3, 95th(ms): 2415.9, 99th(ms): 2550.1, 99.9th(ms): 2550.1, Max(ms): 2550.1
[Current] NEW_ORDER - Takes(s): 9.9, Count: 494, TPM: 2980.3, Sum(ms): 232472.2, Avg(ms): 471.2, 50th(ms): 335.5, 90th(ms): 1140.9, 95th(ms): 1275.1, 99th(ms): 1610.6, 99.9th(ms): 1744.8, Max(ms): 1744.8
[Current] ORDER_STATUS - Takes(s): 9.6, Count: 46, TPM: 287.5, Sum(ms): 2941.4, Avg(ms): 64.0, 50th(ms): 46.1, 90th(ms): 62.9, 95th(ms): 352.3, 99th(ms): 402.7, 99.9th(ms): 402.7, Max(ms): 402.7
[Current] PAYMENT - Takes(s): 10.0, Count: 494, TPM: 2970.4, Sum(ms): 352744.3, Avg(ms): 713.9, 50th(ms): 671.1, 90th(ms): 1409.3, 95th(ms): 1543.5, 99th(ms): 1677.7, 99.9th(ms): 2147.5, Max(ms): 2147.5
[Current] STOCK_LEVEL - Takes(s): 9.9, Count: 48, TPM: 289.9, Sum(ms): 6397.1, Avg(ms): 133.4, 50th(ms): 130.0, 90th(ms): 167.8, 95th(ms): 184.5, 99th(ms): 234.9, 99.9th(ms): 234.9, Max(ms): 234.9
[Current] DELIVERY - Takes(s): 9.9, Count: 55, TPM: 333.7, Sum(ms): 54814.2, Avg(ms): 1001.0, 50th(ms): 872.4, 90th(ms): 1946.2, 95th(ms): 1946.2, 99th(ms): 2080.4, 99.9th(ms): 2281.7, Max(ms): 2281.7
[Current] NEW_ORDER - Takes(s): 10.0, Count: 492, TPM: 2954.0, Sum(ms): 218936.2, Avg(ms): 444.9, 50th(ms): 251.7, 90th(ms): 1140.9, 95th(ms): 1409.3, 99th(ms): 2013.3, 99.9th(ms): 2281.7, Max(ms): 2281.7
[Current] ORDER_STATUS - Takes(s): 9.6, Count: 48, TPM: 300.0, Sum(ms): 1845.8, Avg(ms): 38.4, 50th(ms): 37.7, 90th(ms): 52.4, 95th(ms): 56.6, 99th(ms): 58.7, 99.9th(ms): 58.7, Max(ms): 58.7
[Current] PAYMENT - Takes(s): 10.0, Count: 490, TPM: 2948.5, Sum(ms): 341823.5, Avg(ms): 697.7, 50th(ms): 536.9, 90th(ms): 1610.6, 95th(ms): 1879.0, 99th(ms): 2281.7, 99.9th(ms): 2281.7, Max(ms): 2281.7
[Current] STOCK_LEVEL - Takes(s): 9.9, Count: 44, TPM: 265.5, Sum(ms): 5600.4, Avg(ms): 127.2, 50th(ms): 125.8, 90th(ms): 167.8, 95th(ms): 184.5, 99th(ms): 184.5, 99.9th(ms): 184.5, Max(ms): 184.5
[Current] DELIVERY - Takes(s): 9.6, Count: 48, TPM: 299.9, Sum(ms): 36695.0, Avg(ms): 766.3, 50th(ms): 604.0, 90th(ms): 1140.9, 95th(ms): 1677.7, 99th(ms): 2080.4, 99.9th(ms): 2080.4, Max(ms): 2080.4
[Current] NEW_ORDER - Takes(s): 10.0, Count: 487, TPM: 2935.4, Sum(ms): 251458.6, Avg(ms): 516.2, 50th(ms): 302.0, 90th(ms): 1275.1, 95th(ms): 1543.5, 99th(ms): 2013.3, 99.9th(ms): 2415.9, Max(ms): 2415.9
[Current] ORDER_STATUS - Takes(s): 9.3, Count: 38, TPM: 244.8, Sum(ms): 1976.2, Avg(ms): 51.8, 50th(ms): 46.1, 90th(ms): 54.5, 95th(ms): 71.3, 99th(ms): 352.3, 99.9th(ms): 352.3, Max(ms): 352.3
[Current] PAYMENT - Takes(s): 10.0, Count: 487, TPM: 2924.4, Sum(ms): 347774.8, Avg(ms): 714.5, 50th(ms): 570.4, 90th(ms): 1543.5, 95th(ms): 1879.0, 99th(ms): 2147.5, 99.9th(ms): 2415.9, Max(ms): 2415.9
[Current] STOCK_LEVEL - Takes(s): 9.8, Count: 41, TPM: 252.2, Sum(ms): 5604.3, Avg(ms): 136.8, 50th(ms): 134.2, 90th(ms): 184.5, 95th(ms): 218.1, 99th(ms): 234.9, 99.9th(ms): 234.9, Max(ms): 234.9
[Current] DELIVERY - Takes(s): 10.0, Count: 46, TPM: 276.2, Sum(ms): 54642.0, Avg(ms): 1190.6, 50th(ms): 1040.2, 90th(ms): 2147.5, 95th(ms): 2415.9, 99th(ms): 2818.6, 99.9th(ms): 2818.6, Max(ms): 2818.6
[Current] NEW_ORDER - Takes(s): 10.0, Count: 510, TPM: 3062.5, Sum(ms): 256215.1, Avg(ms): 502.7, 50th(ms): 335.5, 90th(ms): 1140.9, 95th(ms): 1342.2, 99th(ms): 1543.5, 99.9th(ms): 1610.6, Max(ms): 1744.8
[Current] ORDER_STATUS - Takes(s): 9.6, Count: 41, TPM: 256.9, Sum(ms): 1842.5, Avg(ms): 44.9, 50th(ms): 50.3, 90th(ms): 56.6, 95th(ms): 58.7, 99th(ms): 67.1, 99.9th(ms): 67.1, Max(ms): 67.1
[Current] PAYMENT - Takes(s): 10.0, Count: 459, TPM: 2766.7, Sum(ms): 324662.5, Avg(ms): 707.6, 50th(ms): 704.6, 90th(ms): 1275.1, 95th(ms): 1409.3, 99th(ms): 1610.6, 99.9th(ms): 1744.8, Max(ms): 1744.8
[Current] STOCK_LEVEL - Takes(s): 10.0, Count: 50, TPM: 300.4, Sum(ms): 7094.4, Avg(ms): 141.9, 50th(ms): 134.2, 90th(ms): 184.5, 95th(ms): 201.3, 99th(ms): 285.2, 99.9th(ms): 285.2, Max(ms): 285.2
[Current] DELIVERY - Takes(s): 9.7, Count: 47, TPM: 290.7, Sum(ms): 50179.7, Avg(ms): 1064.8, 50th(ms): 872.4, 90th(ms): 1879.0, 95th(ms): 2281.7, 99th(ms): 2684.4, 99.9th(ms): 2684.4, Max(ms): 2684.4
[Current] NEW_ORDER - Takes(s): 10.0, Count: 477, TPM: 2862.5, Sum(ms): 237115.6, Avg(ms): 497.7, 50th(ms): 234.9, 90th(ms): 1342.2, 95th(ms): 1543.5, 99th(ms): 1879.0, 99.9th(ms): 2080.4, Max(ms): 2080.4
[Current] ORDER_STATUS - Takes(s): 9.8, Count: 43, TPM: 262.4, Sum(ms): 2601.4, Avg(ms): 60.6, 50th(ms): 50.3, 90th(ms): 62.9, 95th(ms): 104.9, 99th(ms): 369.1, 99.9th(ms): 369.1, Max(ms): 369.1
[Current] PAYMENT - Takes(s): 10.0, Count: 441, TPM: 2650.1, Sum(ms): 342460.4, Avg(ms): 779.1, 50th(ms): 570.4, 90th(ms): 1677.7, 95th(ms): 1946.2, 99th(ms): 2147.5, 99.9th(ms): 2281.7, Max(ms): 2281.7
[Current] STOCK_LEVEL - Takes(s): 10.0, Count: 49, TPM: 294.9, Sum(ms): 6702.6, Avg(ms): 136.6, 50th(ms): 142.6, 90th(ms): 159.4, 95th(ms): 176.2, 99th(ms): 201.3, 99.9th(ms): 201.3, Max(ms): 201.3
[Current] DELIVERY - Takes(s): 10.0, Count: 49, TPM: 294.2, Sum(ms): 44895.3, Avg(ms): 917.8, 50th(ms): 771.8, 90th(ms): 1677.7, 95th(ms): 1879.0, 99th(ms): 2147.5, 99.9th(ms): 2147.5, Max(ms): 2147.5
[Current] NEW_ORDER - Takes(s): 10.0, Count: 468, TPM: 2812.7, Sum(ms): 229597.3, Avg(ms): 490.6, 50th(ms): 251.7, 90th(ms): 1275.1, 95th(ms): 1342.2, 99th(ms): 1543.5, 99.9th(ms): 1610.6, Max(ms): 1610.6
[Current] ORDER_STATUS - Takes(s): 9.9, Count: 54, TPM: 328.6, Sum(ms): 3546.4, Avg(ms): 66.0, 50th(ms): 46.1, 90th(ms): 58.7, 95th(ms): 352.3, 99th(ms): 369.1, 99.9th(ms): 469.8, Max(ms): 469.8
[Current] PAYMENT - Takes(s): 10.0, Count: 481, TPM: 2892.2, Sum(ms): 355793.8, Avg(ms): 740.8, 50th(ms): 738.2, 90th(ms): 1409.3, 95th(ms): 1476.4, 99th(ms): 1543.5, 99.9th(ms): 1677.7, Max(ms): 1677.7
[Current] STOCK_LEVEL - Takes(s): 9.9, Count: 38, TPM: 229.8, Sum(ms): 5019.1, Avg(ms): 131.7, 50th(ms): 130.0, 90th(ms): 159.4, 95th(ms): 167.8, 99th(ms): 234.9, 99.9th(ms): 234.9, Max(ms): 234.9
[Current] DELIVERY - Takes(s): 9.8, Count: 52, TPM: 317.2, Sum(ms): 54288.8, Avg(ms): 1048.6, 50th(ms): 906.0, 90th(ms): 1879.0, 95th(ms): 2415.9, 99th(ms): 2818.6, 99.9th(ms): 2818.6, Max(ms): 2818.6
[Current] NEW_ORDER - Takes(s): 10.0, Count: 529, TPM: 3188.6, Sum(ms): 238098.2, Avg(ms): 449.8, 50th(ms): 218.1, 90th(ms): 1409.3, 95th(ms): 1811.9, 99th(ms): 2080.4, 99.9th(ms): 2415.9, Max(ms): 2550.1
[Current] ORDER_STATUS - Takes(s): 9.9, Count: 48, TPM: 291.7, Sum(ms): 1981.1, Avg(ms): 41.3, 50th(ms): 46.1, 90th(ms): 50.3, 95th(ms): 60.8, 99th(ms): 67.1, 99.9th(ms): 67.1, Max(ms): 67.1
[Current] PAYMENT - Takes(s): 10.0, Count: 466, TPM: 2802.9, Sum(ms): 333205.4, Avg(ms): 715.4, 50th(ms): 419.4, 90th(ms): 1946.2, 95th(ms): 2013.3, 99th(ms): 2281.7, 99.9th(ms): 2415.9, Max(ms): 2415.9
[Current] STOCK_LEVEL - Takes(s): 9.8, Count: 51, TPM: 312.2, Sum(ms): 7190.0, Avg(ms): 141.1, 50th(ms): 134.2, 90th(ms): 184.5, 95th(ms): 192.9, 99th(ms): 218.1, 99.9th(ms): 285.2, Max(ms): 285.2
[Current] DELIVERY - Takes(s): 9.9, Count: 28, TPM: 169.1, Sum(ms): 18513.4, Avg(ms): 660.0, 50th(ms): 536.9, 90th(ms): 973.1, 95th(ms): 1275.1, 99th(ms): 2013.3, 99.9th(ms): 2013.3, Max(ms): 2013.3
[Current] NEW_ORDER - Takes(s): 10.0, Count: 529, TPM: 3174.1, Sum(ms): 261061.3, Avg(ms): 493.8, 50th(ms): 260.0, 90th(ms): 1342.2, 95th(ms): 1543.5, 99th(ms): 1744.8, 99.9th(ms): 1946.2, Max(ms): 2080.4
[Current] ORDER_STATUS - Takes(s): 9.9, Count: 38, TPM: 230.7, Sum(ms): 1840.4, Avg(ms): 48.4, 50th(ms): 46.1, 90th(ms): 54.5, 95th(ms): 54.5, 99th(ms): 335.5, 99.9th(ms): 335.5, Max(ms): 335.5
[Current] PAYMENT - Takes(s): 10.0, Count: 494, TPM: 2968.2, Sum(ms): 360928.5, Avg(ms): 731.4, 50th(ms): 637.5, 90th(ms): 1610.6, 95th(ms): 1677.7, 99th(ms): 1879.0, 99.9th(ms): 2080.4, Max(ms): 2080.4
[Current] STOCK_LEVEL - Takes(s): 9.9, Count: 40, TPM: 242.5, Sum(ms): 5470.1, Avg(ms): 136.9, 50th(ms): 134.2, 90th(ms): 184.5, 95th(ms): 184.5, 99th(ms): 234.9, 99.9th(ms): 234.9, Max(ms): 234.9
[Current] DELIVERY - Takes(s): 9.7, Count: 37, TPM: 229.9, Sum(ms): 26263.9, Avg(ms): 711.9, 50th(ms): 604.0, 90th(ms): 1006.6, 95th(ms): 1140.9, 99th(ms): 1610.6, 99.9th(ms): 1610.6, Max(ms): 1610.6
[Current] NEW_ORDER - Takes(s): 10.0, Count: 548, TPM: 3290.9, Sum(ms): 242574.0, Avg(ms): 442.7, 50th(ms): 209.7, 90th(ms): 1208.0, 95th(ms): 1275.1, 99th(ms): 1409.3, 99.9th(ms): 1744.8, Max(ms): 1811.9
[Current] ORDER_STATUS - Takes(s): 9.8, Count: 47, TPM: 288.4, Sum(ms): 2930.7, Avg(ms): 62.3, 50th(ms): 48.2, 90th(ms): 58.7, 95th(ms): 335.5, 99th(ms): 385.9, 99.9th(ms): 385.9, Max(ms): 385.9
[Current] PAYMENT - Takes(s): 10.0, Count: 478, TPM: 2876.4, Sum(ms): 358637.1, Avg(ms): 751.0, 50th(ms): 973.1, 90th(ms): 1409.3, 95th(ms): 1476.4, 99th(ms): 1610.6, 99.9th(ms): 2281.7, Max(ms): 2281.7
[Current] STOCK_LEVEL - Takes(s): 9.8, Count: 43, TPM: 264.0, Sum(ms): 5704.1, Avg(ms): 132.9, 50th(ms): 130.0, 90th(ms): 167.8, 95th(ms): 176.2, 99th(ms): 184.5, 99.9th(ms): 184.5, Max(ms): 184.5
[Current] DELIVERY - Takes(s): 9.9, Count: 44, TPM: 267.5, Sum(ms): 41933.5, Avg(ms): 950.6, 50th(ms): 838.9, 90th(ms): 1677.7, 95th(ms): 1811.9, 99th(ms): 1946.2, 99.9th(ms): 1946.2, Max(ms): 1946.2
[Current] NEW_ORDER - Takes(s): 10.0, Count: 517, TPM: 3105.7, Sum(ms): 242811.7, Avg(ms): 469.7, 50th(ms): 352.3, 90th(ms): 1040.2, 95th(ms): 1208.0, 99th(ms): 1476.4, 99.9th(ms): 1543.5, Max(ms): 1610.6
[Current] ORDER_STATUS - Takes(s): 9.9, Count: 53, TPM: 321.0, Sum(ms): 2571.2, Avg(ms): 48.5, 50th(ms): 46.1, 90th(ms): 54.5, 95th(ms): 54.5, 99th(ms): 56.6, 99.9th(ms): 436.2, Max(ms): 436.2
[Current] PAYMENT - Takes(s): 10.0, Count: 492, TPM: 2964.4, Sum(ms): 347549.9, Avg(ms): 706.4, 50th(ms): 738.2, 90th(ms): 1208.0, 95th(ms): 1342.2, 99th(ms): 1543.5, 99.9th(ms): 1677.7, Max(ms): 1677.7
[Current] STOCK_LEVEL - Takes(s): 9.9, Count: 51, TPM: 308.2, Sum(ms): 6863.8, Avg(ms): 134.6, 50th(ms): 130.0, 90th(ms): 167.8, 95th(ms): 176.2, 99th(ms): 218.1, 99.9th(ms): 226.5, Max(ms): 226.5
[Current] DELIVERY - Takes(s): 9.1, Count: 37, TPM: 244.7, Sum(ms): 24767.4, Avg(ms): 672.2, 50th(ms): 604.0, 90th(ms): 1040.2, 95th(ms): 1140.9, 99th(ms): 1677.7, 99.9th(ms): 1677.7, Max(ms): 1677.7
[Current] NEW_ORDER - Takes(s): 10.0, Count: 514, TPM: 3085.7, Sum(ms): 258485.0, Avg(ms): 503.4, 50th(ms): 318.8, 90th(ms): 1208.0, 95th(ms): 1476.4, 99th(ms): 1744.8, 99.9th(ms): 1946.2, Max(ms): 2013.3
[Current] ORDER_STATUS - Takes(s): 9.0, Count: 44, TPM: 293.3, Sum(ms): 2361.7, Avg(ms): 53.6, 50th(ms): 46.1, 90th(ms): 54.5, 95th(ms): 58.7, 99th(ms): 318.8, 99.9th(ms): 318.8, Max(ms): 318.8
[Current] PAYMENT - Takes(s): 10.0, Count: 469, TPM: 2824.1, Sum(ms): 349672.6, Avg(ms): 746.0, 50th(ms): 704.6, 90th(ms): 1543.5, 95th(ms): 1677.7, 99th(ms): 1811.9, 99.9th(ms): 1946.2, Max(ms): 1946.2
[Current] STOCK_LEVEL - Takes(s): 10.0, Count: 39, TPM: 234.6, Sum(ms): 5729.4, Avg(ms): 146.6, 50th(ms): 142.6, 90th(ms): 184.5, 95th(ms): 201.3, 99th(ms): 251.7, 99.9th(ms): 251.7, Max(ms): 251.7
[Current] DELIVERY - Takes(s): 9.6, Count: 40, TPM: 250.8, Sum(ms): 38743.9, Avg(ms): 966.2, 50th(ms): 738.2, 90th(ms): 1811.9, 95th(ms): 1879.0, 99th(ms): 2147.5, 99.9th(ms): 2147.5, Max(ms): 2147.5
[Current] NEW_ORDER - Takes(s): 10.0, Count: 491, TPM: 2960.7, Sum(ms): 246393.6, Avg(ms): 502.0, 50th(ms): 352.3, 90th(ms): 1140.9, 95th(ms): 1342.2, 99th(ms): 1610.6, 99.9th(ms): 2281.7, Max(ms): 2281.7
[Current] ORDER_STATUS - Takes(s): 9.7, Count: 49, TPM: 303.2, Sum(ms): 2460.2, Avg(ms): 50.1, 50th(ms): 44.0, 90th(ms): 54.5, 95th(ms): 65.0, 99th(ms): 352.3, 99.9th(ms): 352.3, Max(ms): 352.3
[Current] PAYMENT - Takes(s): 10.0, Count: 451, TPM: 2706.1, Sum(ms): 353444.6, Avg(ms): 784.4, 50th(ms): 771.8, 90th(ms): 1342.2, 95th(ms): 1543.5, 99th(ms): 1879.0, 99.9th(ms): 2281.7, Max(ms): 2281.7
[Current] STOCK_LEVEL - Takes(s): 9.4, Count: 34, TPM: 216.7, Sum(ms): 5023.1, Avg(ms): 148.2, 50th(ms): 142.6, 90th(ms): 192.9, 95th(ms): 192.9, 99th(ms): 318.8, 99.9th(ms): 318.8, Max(ms): 318.8
[Current] DELIVERY - Takes(s): 9.8, Count: 39, TPM: 238.3, Sum(ms): 32358.8, Avg(ms): 826.4, 50th(ms): 671.1, 90th(ms): 1342.2, 95th(ms): 1476.4, 99th(ms): 1744.8, 99.9th(ms): 1744.8, Max(ms): 1744.8
[Current] NEW_ORDER - Takes(s): 10.0, Count: 530, TPM: 3181.5, Sum(ms): 256644.4, Avg(ms): 483.8, 50th(ms): 352.3, 90th(ms): 1140.9, 95th(ms): 1342.2, 99th(ms): 1677.7, 99.9th(ms): 1744.8, Max(ms): 1811.9
[Current] ORDER_STATUS - Takes(s): 9.4, Count: 49, TPM: 314.2, Sum(ms): 2557.2, Avg(ms): 52.2, 50th(ms): 44.0, 90th(ms): 54.5, 95th(ms): 71.3, 99th(ms): 335.5, 99.9th(ms): 335.5, Max(ms): 335.5
[Current] PAYMENT - Takes(s): 10.0, Count: 471, TPM: 2835.4, Sum(ms): 338678.1, Avg(ms): 718.9, 50th(ms): 671.1, 90th(ms): 1409.3, 95th(ms): 1476.4, 99th(ms): 1677.7, 99.9th(ms): 1811.9, Max(ms): 1811.9
[Current] STOCK_LEVEL - Takes(s): 9.6, Count: 43, TPM: 269.0, Sum(ms): 6310.9, Avg(ms): 146.6, 50th(ms): 142.6, 90th(ms): 184.5, 95th(ms): 218.1, 99th(ms): 251.7, 99.9th(ms): 251.7, Max(ms): 251.7
[Current] DELIVERY - Takes(s): 9.9, Count: 47, TPM: 284.8, Sum(ms): 64812.1, Avg(ms): 1381.8, 50th(ms): 1140.9, 90th(ms): 2684.4, 95th(ms): 3221.2, 99th(ms): 3758.1, 99.9th(ms): 3758.1, Max(ms): 3758.1
[Current] NEW_ORDER - Takes(s): 10.0, Count: 492, TPM: 2953.8, Sum(ms): 232116.4, Avg(ms): 471.6, 50th(ms): 243.3, 90th(ms): 1275.1, 95th(ms): 1543.5, 99th(ms): 1946.2, 99.9th(ms): 2281.7, Max(ms): 2281.7
[Current] ORDER_STATUS - Takes(s): 9.8, Count: 60, TPM: 366.4, Sum(ms): 2584.6, Avg(ms): 43.1, 50th(ms): 46.1, 90th(ms): 58.7, 95th(ms): 60.8, 99th(ms): 113.2, 99.9th(ms): 117.4, Max(ms): 117.4
[Current] PAYMENT - Takes(s): 10.0, Count: 442, TPM: 2653.6, Sum(ms): 326747.3, Avg(ms): 740.8, 50th(ms): 570.4, 90th(ms): 1610.6, 95th(ms): 1879.0, 99th(ms): 2415.9, 99.9th(ms): 2684.4, Max(ms): 2684.4
[Current] STOCK_LEVEL - Takes(s): 9.6, Count: 36, TPM: 224.0, Sum(ms): 5031.7, Avg(ms): 139.9, 50th(ms): 142.6, 90th(ms): 167.8, 95th(ms): 167.8, 99th(ms): 192.9, 99.9th(ms): 192.9, Max(ms): 192.9
[Current] DELIVERY - Takes(s): 9.8, Count: 54, TPM: 331.7, Sum(ms): 58754.7, Avg(ms): 1088.0, 50th(ms): 1040.2, 90th(ms): 1677.7, 95th(ms): 1879.0, 99th(ms): 2080.4, 99.9th(ms): 2147.5, Max(ms): 2147.5
[Current] NEW_ORDER - Takes(s): 10.0, Count: 501, TPM: 3008.0, Sum(ms): 231650.3, Avg(ms): 462.4, 50th(ms): 251.7, 90th(ms): 1208.0, 95th(ms): 1342.2, 99th(ms): 1677.7, 99.9th(ms): 1744.8, Max(ms): 1744.8
[Current] ORDER_STATUS - Takes(s): 10.0, Count: 46, TPM: 277.1, Sum(ms): 2617.8, Avg(ms): 57.2, 50th(ms): 46.1, 90th(ms): 58.7, 95th(ms): 79.7, 99th(ms): 385.9, 99.9th(ms): 385.9, Max(ms): 385.9
[Current] PAYMENT - Takes(s): 10.0, Count: 460, TPM: 2761.9, Sum(ms): 334606.2, Avg(ms): 728.1, 50th(ms): 704.6, 90th(ms): 1476.4, 95th(ms): 1610.6, 99th(ms): 1744.8, 99.9th(ms): 1879.0, Max(ms): 1879.0
[Current] STOCK_LEVEL - Takes(s): 9.8, Count: 44, TPM: 270.1, Sum(ms): 6330.9, Avg(ms): 144.1, 50th(ms): 142.6, 90th(ms): 184.5, 95th(ms): 192.9, 99th(ms): 243.3, 99.9th(ms): 243.3, Max(ms): 243.3
[Current] DELIVERY - Takes(s): 9.9, Count: 54, TPM: 327.4, Sum(ms): 52257.9, Avg(ms): 966.1, 50th(ms): 906.0, 90th(ms): 1610.6, 95th(ms): 1744.8, 99th(ms): 1946.2, 99.9th(ms): 2013.3, Max(ms): 2013.3
[Current] NEW_ORDER - Takes(s): 10.0, Count: 526, TPM: 3158.9, Sum(ms): 252989.5, Avg(ms): 481.2, 50th(ms): 318.8, 90th(ms): 1140.9, 95th(ms): 1543.5, 99th(ms): 1946.2, 99.9th(ms): 2080.4, Max(ms): 2147.5
[Current] ORDER_STATUS - Takes(s): 9.9, Count: 49, TPM: 296.0, Sum(ms): 2480.5, Avg(ms): 50.8, 50th(ms): 48.2, 90th(ms): 58.7, 95th(ms): 62.9, 99th(ms): 385.9, 99.9th(ms): 385.9, Max(ms): 385.9
[Current] PAYMENT - Takes(s): 10.0, Count: 473, TPM: 2840.2, Sum(ms): 335533.3, Avg(ms): 709.0, 50th(ms): 604.0, 90th(ms): 1476.4, 95th(ms): 1744.8, 99th(ms): 1946.2, 99.9th(ms): 2080.4, Max(ms): 2080.4
[Current] STOCK_LEVEL - Takes(s): 10.0, Count: 54, TPM: 324.7, Sum(ms): 8070.1, Avg(ms): 149.2, 50th(ms): 142.6, 90th(ms): 201.3, 95th(ms): 218.1, 99th(ms): 234.9, 99.9th(ms): 260.0, Max(ms): 260.0
[Current] DELIVERY - Takes(s): 9.7, Count: 55, TPM: 341.8, Sum(ms): 55655.4, Avg(ms): 1011.8, 50th(ms): 838.9, 90th(ms): 1811.9, 95th(ms): 2013.3, 99th(ms): 2415.9, 99.9th(ms): 2684.4, Max(ms): 2684.4
[Current] NEW_ORDER - Takes(s): 10.0, Count: 489, TPM: 2940.6, Sum(ms): 216458.3, Avg(ms): 443.3, 50th(ms): 285.2, 90th(ms): 1140.9, 95th(ms): 1409.3, 99th(ms): 1677.7, 99.9th(ms): 2147.5, Max(ms): 2147.5
[Current] ORDER_STATUS - Takes(s): 9.4, Count: 30, TPM: 191.3, Sum(ms): 2187.4, Avg(ms): 72.9, 50th(ms): 44.0, 90th(ms): 65.0, 95th(ms): 369.1, 99th(ms): 385.9, 99.9th(ms): 385.9, Max(ms): 385.9
[Current] PAYMENT - Takes(s): 10.0, Count: 477, TPM: 2871.8, Sum(ms): 354419.4, Avg(ms): 742.1, 50th(ms): 637.5, 90th(ms): 1543.5, 95th(ms): 1677.7, 99th(ms): 1946.2, 99.9th(ms): 2281.7, Max(ms): 2281.7
[Current] STOCK_LEVEL - Takes(s): 10.0, Count: 43, TPM: 258.8, Sum(ms): 5906.8, Avg(ms): 137.6, 50th(ms): 134.2, 90th(ms): 192.9, 95th(ms): 201.3, 99th(ms): 218.1, 99.9th(ms): 218.1, Max(ms): 218.1
[Current] DELIVERY - Takes(s): 9.9, Count: 41, TPM: 249.7, Sum(ms): 33629.4, Avg(ms): 819.0, 50th(ms): 704.6, 90th(ms): 1275.1, 95th(ms): 1476.4, 99th(ms): 1677.7, 99.9th(ms): 1677.7, Max(ms): 1677.7
[Current] NEW_ORDER - Takes(s): 10.0, Count: 484, TPM: 2909.2, Sum(ms): 234044.3, Avg(ms): 483.5, 50th(ms): 318.8, 90th(ms): 1140.9, 95th(ms): 1275.1, 99th(ms): 1476.4, 99.9th(ms): 1543.5, Max(ms): 1543.5
[Current] ORDER_STATUS - Takes(s): 10.0, Count: 48, TPM: 288.3, Sum(ms): 2650.9, Avg(ms): 55.1, 50th(ms): 44.0, 90th(ms): 56.6, 95th(ms): 125.8, 99th(ms): 352.3, 99.9th(ms): 352.3, Max(ms): 352.3
[Current] PAYMENT - Takes(s): 10.0, Count: 503, TPM: 3023.8, Sum(ms): 364291.2, Avg(ms): 725.0, 50th(ms): 704.6, 90th(ms): 1275.1, 95th(ms): 1342.2, 99th(ms): 1409.3, 99.9th(ms): 1879.0, Max(ms): 2415.9
[Current] STOCK_LEVEL - Takes(s): 9.8, Count: 54, TPM: 331.1, Sum(ms): 7190.5, Avg(ms): 133.5, 50th(ms): 130.0, 90th(ms): 167.8, 95th(ms): 176.2, 99th(ms): 209.7, 99.9th(ms): 226.5, Max(ms): 226.5
[Current] DELIVERY - Takes(s): 9.9, Count: 48, TPM: 290.5, Sum(ms): 47856.6, Avg(ms): 997.2, 50th(ms): 771.8, 90th(ms): 1811.9, 95th(ms): 2080.4, 99th(ms): 2818.6, 99.9th(ms): 2818.6, Max(ms): 2818.6
[Current] NEW_ORDER - Takes(s): 10.0, Count: 502, TPM: 3020.8, Sum(ms): 226668.0, Avg(ms): 452.2, 50th(ms): 226.5, 90th(ms): 1275.1, 95th(ms): 1476.4, 99th(ms): 1811.9, 99.9th(ms): 1811.9, Max(ms): 2013.3
[Current] ORDER_STATUS - Takes(s): 9.9, Count: 58, TPM: 352.0, Sum(ms): 2700.7, Avg(ms): 46.7, 50th(ms): 46.1, 90th(ms): 54.5, 95th(ms): 56.6, 99th(ms): 62.9, 99.9th(ms): 369.1, Max(ms): 369.1
[Current] PAYMENT - Takes(s): 9.9, Count: 488, TPM: 2949.6, Sum(ms): 355287.7, Avg(ms): 727.7, 50th(ms): 570.4, 90th(ms): 1610.6, 95th(ms): 1744.8, 99th(ms): 1879.0, 99.9th(ms): 2080.4, Max(ms): 2080.4
[Current] STOCK_LEVEL - Takes(s): 10.0, Count: 37, TPM: 222.2, Sum(ms): 4872.5, Avg(ms): 131.8, 50th(ms): 130.0, 90th(ms): 159.4, 95th(ms): 159.4, 99th(ms): 218.1, 99.9th(ms): 218.1, Max(ms): 218.1
[Current] DELIVERY - Takes(s): 9.6, Count: 45, TPM: 282.7, Sum(ms): 39500.6, Avg(ms): 876.7, 50th(ms): 805.3, 90th(ms): 1409.3, 95th(ms): 1543.5, 99th(ms): 1677.7, 99.9th(ms): 1677.7, Max(ms): 1677.7
[Current] NEW_ORDER - Takes(s): 10.0, Count: 514, TPM: 3086.3, Sum(ms): 245082.6, Avg(ms): 477.0, 50th(ms): 285.2, 90th(ms): 1275.1, 95th(ms): 1409.3, 99th(ms): 1610.6, 99.9th(ms): 1677.7, Max(ms): 1744.8
[Current] ORDER_STATUS - Takes(s): 9.7, Count: 48, TPM: 295.6, Sum(ms): 2797.2, Avg(ms): 58.4, 50th(ms): 44.0, 90th(ms): 56.6, 95th(ms): 335.5, 99th(ms): 352.3, 99.9th(ms): 352.3, Max(ms): 352.3
[Current] PAYMENT - Takes(s): 10.0, Count: 461, TPM: 2767.9, Sum(ms): 345890.2, Avg(ms): 750.3, 50th(ms): 738.2, 90th(ms): 1409.3, 95th(ms): 1543.5, 99th(ms): 1677.7, 99.9th(ms): 1744.8, Max(ms): 1744.8
[Current] STOCK_LEVEL - Takes(s): 9.7, Count: 44, TPM: 270.9, Sum(ms): 6009.7, Avg(ms): 136.2, 50th(ms): 130.0, 90th(ms): 184.5, 95th(ms): 201.3, 99th(ms): 234.9, 99.9th(ms): 234.9, Max(ms): 234.9
[Current] DELIVERY - Takes(s): 10.0, Count: 33, TPM: 198.7, Sum(ms): 36645.1, Avg(ms): 1113.1, 50th(ms): 872.4, 90th(ms): 2080.4, 95th(ms): 2281.7, 99th(ms): 3087.0, 99.9th(ms): 3087.0, Max(ms): 3087.0
[Current] NEW_ORDER - Takes(s): 10.0, Count: 548, TPM: 3295.3, Sum(ms): 239837.2, Avg(ms): 437.6, 50th(ms): 352.3, 90th(ms): 872.4, 95th(ms): 1140.9, 99th(ms): 1677.7, 99.9th(ms): 1811.9, Max(ms): 1879.0
[Current] ORDER_STATUS - Takes(s): 9.9, Count: 46, TPM: 278.6, Sum(ms): 2696.9, Avg(ms): 58.3, 50th(ms): 46.1, 90th(ms): 56.6, 95th(ms): 285.2, 99th(ms): 335.5, 99.9th(ms): 335.5, Max(ms): 335.5
[Current] PAYMENT - Takes(s): 10.0, Count: 502, TPM: 3014.3, Sum(ms): 354517.5, Avg(ms): 706.0, 50th(ms): 671.1, 90th(ms): 1208.0, 95th(ms): 1342.2, 99th(ms): 1677.7, 99.9th(ms): 1811.9, Max(ms): 1946.2
[Current] STOCK_LEVEL - Takes(s): 9.9, Count: 45, TPM: 272.3, Sum(ms): 6125.2, Avg(ms): 136.4, 50th(ms): 134.2, 90th(ms): 184.5, 95th(ms): 201.3, 99th(ms): 218.1, 99.9th(ms): 218.1, Max(ms): 218.1
[Current] DELIVERY - Takes(s): 9.6, Count: 43, TPM: 269.4, Sum(ms): 38720.0, Avg(ms): 904.0, 50th(ms): 872.4, 90th(ms): 1275.1, 95th(ms): 1610.6, 99th(ms): 1811.9, 99.9th(ms): 1811.9, Max(ms): 1811.9
[Current] NEW_ORDER - Takes(s): 10.0, Count: 487, TPM: 2926.5, Sum(ms): 247533.9, Avg(ms): 507.6, 50th(ms): 385.9, 90th(ms): 1275.1, 95th(ms): 1476.4, 99th(ms): 1677.7, 99.9th(ms): 1811.9, Max(ms): 1811.9
[Current] ORDER_STATUS - Takes(s): 9.4, Count: 52, TPM: 330.5, Sum(ms): 2399.1, Avg(ms): 46.0, 50th(ms): 46.1, 90th(ms): 54.5, 95th(ms): 56.6, 99th(ms): 58.7, 99.9th(ms): 318.8, Max(ms): 318.8
[Current] PAYMENT - Takes(s): 9.9, Count: 466, TPM: 2810.3, Sum(ms): 341343.3, Avg(ms): 731.5, 50th(ms): 671.1, 90th(ms): 1476.4, 95th(ms): 1610.6, 99th(ms): 1744.8, 99.9th(ms): 2080.4, Max(ms): 2080.4
[Current] STOCK_LEVEL - Takes(s): 9.9, Count: 48, TPM: 290.1, Sum(ms): 6373.2, Avg(ms): 133.0, 50th(ms): 130.0, 90th(ms): 176.2, 95th(ms): 176.2, 99th(ms): 201.3, 99.9th(ms): 201.3, Max(ms): 201.3
[Current] DELIVERY - Takes(s): 10.0, Count: 39, TPM: 234.3, Sum(ms): 43367.5, Avg(ms): 1113.3, 50th(ms): 1073.7, 90th(ms): 1811.9, 95th(ms): 2281.7, 99th(ms): 2415.9, 99.9th(ms): 2415.9, Max(ms): 2415.9
[Current] NEW_ORDER - Takes(s): 10.0, Count: 481, TPM: 2888.5, Sum(ms): 234925.8, Avg(ms): 488.4, 50th(ms): 285.2, 90th(ms): 1208.0, 95th(ms): 1409.3, 99th(ms): 1610.6, 99.9th(ms): 2684.4, Max(ms): 2684.4
[Current] ORDER_STATUS - Takes(s): 9.9, Count: 44, TPM: 266.8, Sum(ms): 2082.7, Avg(ms): 47.3, 50th(ms): 50.3, 90th(ms): 58.7, 95th(ms): 60.8, 99th(ms): 88.1, 99.9th(ms): 88.1, Max(ms): 88.1
[Current] PAYMENT - Takes(s): 10.0, Count: 465, TPM: 2789.9, Sum(ms): 353110.2, Avg(ms): 759.8, 50th(ms): 704.6, 90th(ms): 1543.5, 95th(ms): 1610.6, 99th(ms): 1677.7, 99.9th(ms): 1879.0, Max(ms): 1879.0
[Current] STOCK_LEVEL - Takes(s): 9.7, Count: 41, TPM: 253.7, Sum(ms): 5862.2, Avg(ms): 143.3, 50th(ms): 134.2, 90th(ms): 192.9, 95th(ms): 209.7, 99th(ms): 243.3, 99.9th(ms): 243.3, Max(ms): 243.3
[Current] DELIVERY - Takes(s): 9.9, Count: 29, TPM: 176.6, Sum(ms): 26406.2, Avg(ms): 908.9, 50th(ms): 704.6, 90th(ms): 1677.7, 95th(ms): 2013.3, 99th(ms): 2013.3, 99.9th(ms): 2013.3, Max(ms): 2013.3
[Current] NEW_ORDER - Takes(s): 10.0, Count: 494, TPM: 2968.2, Sum(ms): 259421.3, Avg(ms): 524.9, 50th(ms): 318.8, 90th(ms): 1275.1, 95th(ms): 1476.4, 99th(ms): 1946.2, 99.9th(ms): 2281.7, Max(ms): 2281.7
[Current] ORDER_STATUS - Takes(s): 9.8, Count: 44, TPM: 268.4, Sum(ms): 2575.8, Avg(ms): 58.8, 50th(ms): 48.2, 90th(ms): 62.9, 95th(ms): 65.0, 99th(ms): 604.0, 99.9th(ms): 604.0, Max(ms): 604.0
[Current] PAYMENT - Takes(s): 10.0, Count: 461, TPM: 2774.2, Sum(ms): 349557.3, Avg(ms): 757.5, 50th(ms): 604.0, 90th(ms): 1677.7, 95th(ms): 1744.8, 99th(ms): 1946.2, 99.9th(ms): 2281.7, Max(ms): 2281.7
[Current] STOCK_LEVEL - Takes(s): 8.9, Count: 38, TPM: 256.1, Sum(ms): 5691.9, Avg(ms): 149.8, 50th(ms): 151.0, 90th(ms): 192.9, 95th(ms): 209.7, 99th(ms): 218.1, 99.9th(ms): 218.1, Max(ms): 218.1
[Current] DELIVERY - Takes(s): 9.8, Count: 40, TPM: 245.8, Sum(ms): 44419.1, Avg(ms): 1108.1, 50th(ms): 973.1, 90th(ms): 2415.9, 95th(ms): 2550.1, 99th(ms): 2952.8, 99.9th(ms): 2952.8, Max(ms): 2952.8
[Current] NEW_ORDER - Takes(s): 10.0, Count: 498, TPM: 2988.3, Sum(ms): 238350.7, Avg(ms): 479.0, 50th(ms): 369.1, 90th(ms): 1006.6, 95th(ms): 1208.0, 99th(ms): 1409.3, 99.9th(ms): 1677.7, Max(ms): 1677.7
[Current] ORDER_STATUS - Takes(s): 9.8, Count: 43, TPM: 262.4, Sum(ms): 3152.1, Avg(ms): 73.8, 50th(ms): 48.2, 90th(ms): 83.9, 95th(ms): 209.7, 99th(ms): 671.1, 99.9th(ms): 671.1, Max(ms): 671.1
[Current] PAYMENT - Takes(s): 10.0, Count: 444, TPM: 2664.7, Sum(ms): 346656.8, Avg(ms): 781.2, 50th(ms): 738.2, 90th(ms): 1275.1, 95th(ms): 1342.2, 99th(ms): 1543.5, 99.9th(ms): 1677.7, Max(ms): 1677.7
[Current] STOCK_LEVEL - Takes(s): 9.7, Count: 55, TPM: 340.2, Sum(ms): 7732.4, Avg(ms): 140.5, 50th(ms): 142.6, 90th(ms): 167.8, 95th(ms): 184.5, 99th(ms): 192.9, 99.9th(ms): 218.1, Max(ms): 218.1
[Current] DELIVERY - Takes(s): 9.9, Count: 39, TPM: 235.9, Sum(ms): 55473.3, Avg(ms): 1420.0, 50th(ms): 1073.7, 90th(ms): 2952.8, 95th(ms): 3355.4, 99th(ms): 4160.7, 99.9th(ms): 4160.7, Max(ms): 4160.7
[Current] NEW_ORDER - Takes(s): 10.0, Count: 499, TPM: 3006.6, Sum(ms): 227855.5, Avg(ms): 456.5, 50th(ms): 234.9, 90th(ms): 1208.0, 95th(ms): 1342.2, 99th(ms): 1543.5, 99.9th(ms): 2013.3, Max(ms): 2013.3
[Current] ORDER_STATUS - Takes(s): 9.4, Count: 35, TPM: 223.6, Sum(ms): 1600.8, Avg(ms): 45.8, 50th(ms): 33.6, 90th(ms): 54.5, 95th(ms): 54.5, 99th(ms): 335.5, 99.9th(ms): 335.5, Max(ms): 335.5
[Current] PAYMENT - Takes(s): 9.9, Count: 474, TPM: 2862.0, Sum(ms): 347430.8, Avg(ms): 733.0, 50th(ms): 805.3, 90th(ms): 1342.2, 95th(ms): 1476.4, 99th(ms): 1811.9, 99.9th(ms): 1879.0, Max(ms): 1879.0
[Current] STOCK_LEVEL - Takes(s): 10.0, Count: 46, TPM: 276.7, Sum(ms): 6824.9, Avg(ms): 148.8, 50th(ms): 151.0, 90th(ms): 209.7, 95th(ms): 218.1, 99th(ms): 243.3, 99.9th(ms): 243.3, Max(ms): 243.3
[Current] DELIVERY - Takes(s): 9.8, Count: 40, TPM: 244.7, Sum(ms): 39196.9, Avg(ms): 979.8, 50th(ms): 704.6, 90th(ms): 1811.9, 95th(ms): 2415.9, 99th(ms): 3221.2, 99.9th(ms): 3221.2, Max(ms): 3221.2
[Current] NEW_ORDER - Takes(s): 10.0, Count: 477, TPM: 2865.2, Sum(ms): 211568.1, Avg(ms): 443.1, 50th(ms): 201.3, 90th(ms): 1275.1, 95th(ms): 1543.5, 99th(ms): 1879.0, 99.9th(ms): 2952.8, Max(ms): 2952.8
[Current] ORDER_STATUS - Takes(s): 10.0, Count: 51, TPM: 307.3, Sum(ms): 2303.1, Avg(ms): 45.1, 50th(ms): 44.0, 90th(ms): 52.4, 95th(ms): 56.6, 99th(ms): 65.0, 99.9th(ms): 352.3, Max(ms): 352.3
[Current] PAYMENT - Takes(s): 10.0, Count: 490, TPM: 2946.8, Sum(ms): 365089.1, Avg(ms): 746.0, 50th(ms): 570.4, 90th(ms): 1811.9, 95th(ms): 2080.4, 99th(ms): 2281.7, 99.9th(ms): 2415.9, Max(ms): 2415.9
[Current] STOCK_LEVEL - Takes(s): 9.9, Count: 46, TPM: 279.8, Sum(ms): 6566.5, Avg(ms): 142.9, 50th(ms): 142.6, 90th(ms): 176.2, 95th(ms): 226.5, 99th(ms): 251.7, 99.9th(ms): 251.7, Max(ms): 251.7
[Current] DELIVERY - Takes(s): 10.0, Count: 41, TPM: 246.1, Sum(ms): 33221.3, Avg(ms): 812.3, 50th(ms): 671.1, 90th(ms): 1275.1, 95th(ms): 1476.4, 99th(ms): 1879.0, 99.9th(ms): 1879.0, Max(ms): 1879.0
[Current] NEW_ORDER - Takes(s): 10.0, Count: 466, TPM: 2797.9, Sum(ms): 236613.6, Avg(ms): 507.8, 50th(ms): 176.2, 90th(ms): 1610.6, 95th(ms): 1811.9, 99th(ms): 2147.5, 99.9th(ms): 2281.7, Max(ms): 2281.7
[Current] ORDER_STATUS - Takes(s): 9.8, Count: 42, TPM: 257.9, Sum(ms): 2271.7, Avg(ms): 54.0, 50th(ms): 44.0, 90th(ms): 56.6, 95th(ms): 58.7, 99th(ms): 352.3, 99.9th(ms): 352.3, Max(ms): 352.3
[Current] PAYMENT - Takes(s): 10.0, Count: 488, TPM: 2934.5, Sum(ms): 372017.0, Avg(ms): 761.9, 50th(ms): 486.5, 90th(ms): 1946.2, 95th(ms): 2080.4, 99th(ms): 2281.7, 99.9th(ms): 2415.9, Max(ms): 2415.9
[Current] STOCK_LEVEL - Takes(s): 9.5, Count: 33, TPM: 207.7, Sum(ms): 4530.5, Avg(ms): 138.2, 50th(ms): 142.6, 90th(ms): 176.2, 95th(ms): 176.2, 99th(ms): 226.5, 99.9th(ms): 226.5, Max(ms): 226.5
[Current] DELIVERY - Takes(s): 9.9, Count: 44, TPM: 266.6, Sum(ms): 37105.6, Avg(ms): 839.6, 50th(ms): 771.8, 90th(ms): 1342.2, 95th(ms): 1409.3, 99th(ms): 1811.9, 99.9th(ms): 1811.9, Max(ms): 1811.9
[Current] NEW_ORDER - Takes(s): 10.0, Count: 477, TPM: 2862.0, Sum(ms): 228904.6, Avg(ms): 480.5, 50th(ms): 302.0, 90th(ms): 1140.9, 95th(ms): 1476.4, 99th(ms): 1677.7, 99.9th(ms): 2415.9, Max(ms): 2415.9
[Current] ORDER_STATUS - Takes(s): 10.0, Count: 47, TPM: 282.7, Sum(ms): 3111.0, Avg(ms): 66.1, 50th(ms): 44.0, 90th(ms): 62.9, 95th(ms): 335.5, 99th(ms): 486.5, 99.9th(ms): 486.5, Max(ms): 486.5
[Current] PAYMENT - Takes(s): 10.0, Count: 519, TPM: 3120.1, Sum(ms): 375501.6, Avg(ms): 723.9, 50th(ms): 671.1, 90th(ms): 1476.4, 95th(ms): 1677.7, 99th(ms): 1811.9, 99.9th(ms): 2147.5, Max(ms): 2281.7
[Current] STOCK_LEVEL - Takes(s): 9.8, Count: 40, TPM: 244.9, Sum(ms): 5237.4, Avg(ms): 130.9, 50th(ms): 134.2, 90th(ms): 159.4, 95th(ms): 167.8, 99th(ms): 192.9, 99.9th(ms): 192.9, Max(ms): 192.9
[Current] DELIVERY - Takes(s): 8.5, Count: 39, TPM: 275.7, Sum(ms): 38747.7, Avg(ms): 995.9, 50th(ms): 805.3, 90th(ms): 1677.7, 95th(ms): 1946.2, 99th(ms): 2550.1, 99.9th(ms): 2550.1, Max(ms): 2550.1
[Current] NEW_ORDER - Takes(s): 10.0, Count: 517, TPM: 3105.0, Sum(ms): 233850.0, Avg(ms): 452.5, 50th(ms): 243.3, 90th(ms): 1140.9, 95th(ms): 1275.1, 99th(ms): 1476.4, 99.9th(ms): 1677.7, Max(ms): 1811.9
[Current] ORDER_STATUS - Takes(s): 9.9, Count: 48, TPM: 290.8, Sum(ms): 2624.3, Avg(ms): 54.5, 50th(ms): 46.1, 90th(ms): 58.7, 95th(ms): 71.3, 99th(ms): 352.3, 99.9th(ms): 352.3, Max(ms): 352.3
[Current] PAYMENT - Takes(s): 10.0, Count: 500, TPM: 3000.1, Sum(ms): 359417.2, Avg(ms): 719.1, 50th(ms): 704.6, 90th(ms): 1342.2, 95th(ms): 1476.4, 99th(ms): 1610.6, 99.9th(ms): 1811.9, Max(ms): 1811.9
[Current] STOCK_LEVEL - Takes(s): 9.9, Count: 43, TPM: 260.1, Sum(ms): 5637.9, Avg(ms): 130.9, 50th(ms): 134.2, 90th(ms): 159.4, 95th(ms): 167.8, 99th(ms): 218.1, 99.9th(ms): 218.1, Max(ms): 218.1
[Current] DELIVERY - Takes(s): 9.7, Count: 51, TPM: 315.3, Sum(ms): 55100.1, Avg(ms): 1080.7, 50th(ms): 973.1, 90th(ms): 1744.8, 95th(ms): 1879.0, 99th(ms): 2013.3, 99.9th(ms): 2415.9, Max(ms): 2415.9
[Current] NEW_ORDER - Takes(s): 10.0, Count: 525, TPM: 3152.2, Sum(ms): 227256.2, Avg(ms): 432.9, 50th(ms): 243.3, 90th(ms): 1040.2, 95th(ms): 1275.1, 99th(ms): 1409.3, 99.9th(ms): 1610.6, Max(ms): 1677.7
[Current] ORDER_STATUS - Takes(s): 10.0, Count: 42, TPM: 252.7, Sum(ms): 2446.5, Avg(ms): 58.0, 50th(ms): 46.1, 90th(ms): 58.7, 95th(ms): 75.5, 99th(ms): 352.3, 99.9th(ms): 352.3, Max(ms): 352.3
[Current] PAYMENT - Takes(s): 10.0, Count: 476, TPM: 2857.7, Sum(ms): 333566.2, Avg(ms): 701.4, 50th(ms): 704.6, 90th(ms): 1275.1, 95th(ms): 1342.2, 99th(ms): 1610.6, 99.9th(ms): 1811.9, Max(ms): 1811.9
[Current] STOCK_LEVEL - Takes(s): 10.0, Count: 51, TPM: 306.8, Sum(ms): 7043.8, Avg(ms): 138.2, 50th(ms): 142.6, 90th(ms): 184.5, 95th(ms): 192.9, 99th(ms): 218.1, 99.9th(ms): 260.0, Max(ms): 260.0
[Current] DELIVERY - Takes(s): 10.0, Count: 43, TPM: 258.2, Sum(ms): 45915.5, Avg(ms): 1066.3, 50th(ms): 1006.6, 90th(ms): 1879.0, 95th(ms): 2013.3, 99th(ms): 2550.1, 99.9th(ms): 2550.1, Max(ms): 2550.1
[Current] NEW_ORDER - Takes(s): 10.0, Count: 508, TPM: 3048.1, Sum(ms): 257509.9, Avg(ms): 507.1, 50th(ms): 302.0, 90th(ms): 1342.2, 95th(ms): 1543.5, 99th(ms): 1811.9, 99.9th(ms): 1946.2, Max(ms): 2013.3
[Current] ORDER_STATUS - Takes(s): 9.9, Count: 39, TPM: 235.4, Sum(ms): 2223.3, Avg(ms): 56.9, 50th(ms): 44.0, 90th(ms): 56.6, 95th(ms): 67.1, 99th(ms): 352.3, 99.9th(ms): 352.3, Max(ms): 352.3
[Current] PAYMENT - Takes(s): 10.0, Count: 466, TPM: 2804.1, Sum(ms): 338761.3, Avg(ms): 727.0, 50th(ms): 637.5, 90th(ms): 1543.5, 95th(ms): 1744.8, 99th(ms): 1879.0, 99.9th(ms): 2147.5, Max(ms): 2147.5
[Current] STOCK_LEVEL - Takes(s): 10.0, Count: 44, TPM: 264.4, Sum(ms): 6523.9, Avg(ms): 148.1, 50th(ms): 151.0, 90th(ms): 184.5, 95th(ms): 209.7, 99th(ms): 352.3, 99.9th(ms): 352.3, Max(ms): 352.3
[Current] DELIVERY - Takes(s): 9.9, Count: 50, TPM: 302.8, Sum(ms): 68784.7, Avg(ms): 1374.6, 50th(ms): 1140.9, 90th(ms): 2684.4, 95th(ms): 3087.0, 99th(ms): 3489.7, 99.9th(ms): 3489.7, Max(ms): 3489.7
[Current] NEW_ORDER - Takes(s): 10.0, Count: 514, TPM: 3090.5, Sum(ms): 212320.4, Avg(ms): 414.1, 50th(ms): 218.1, 90th(ms): 1006.6, 95th(ms): 1275.1, 99th(ms): 1946.2, 99.9th(ms): 2080.4, Max(ms): 2147.5
[Current] ORDER_STATUS - Takes(s): 9.9, Count: 56, TPM: 340.9, Sum(ms): 4262.5, Avg(ms): 76.1, 50th(ms): 46.1, 90th(ms): 60.8, 95th(ms): 352.3, 99th(ms): 536.9, 99.9th(ms): 570.4, Max(ms): 570.4
[Current] PAYMENT - Takes(s): 10.0, Count: 484, TPM: 2908.7, Sum(ms): 323804.3, Avg(ms): 669.0, 50th(ms): 570.4, 90th(ms): 1342.2, 95th(ms): 1610.6, 99th(ms): 1946.2, 99.9th(ms): 2013.3, Max(ms): 2013.3
[Current] STOCK_LEVEL - Takes(s): 10.0, Count: 45, TPM: 271.3, Sum(ms): 6448.7, Avg(ms): 142.9, 50th(ms): 142.6, 90th(ms): 184.5, 95th(ms): 209.7, 99th(ms): 285.2, 99.9th(ms): 285.2, Max(ms): 285.2
[Current] DELIVERY - Takes(s): 10.0, Count: 45, TPM: 270.5, Sum(ms): 64229.6, Avg(ms): 1426.1, 50th(ms): 1140.9, 90th(ms): 2818.6, 95th(ms): 3087.0, 99th(ms): 3758.1, 99.9th(ms): 3758.1, Max(ms): 3758.1
[Current] NEW_ORDER - Takes(s): 10.0, Count: 480, TPM: 2884.7, Sum(ms): 235444.1, Avg(ms): 490.8, 50th(ms): 184.5, 90th(ms): 1677.7, 95th(ms): 2013.3, 99th(ms): 2281.7, 99.9th(ms): 2684.4, Max(ms): 2684.4
[Current] ORDER_STATUS - Takes(s): 9.8, Count: 44, TPM: 268.5, Sum(ms): 2634.4, Avg(ms): 59.8, 50th(ms): 46.1, 90th(ms): 58.7, 95th(ms): 318.8, 99th(ms): 352.3, 99.9th(ms): 352.3, Max(ms): 352.3
[Current] PAYMENT - Takes(s): 10.0, Count: 460, TPM: 2760.8, Sum(ms): 350925.1, Avg(ms): 762.7, 50th(ms): 369.1, 90th(ms): 2147.5, 95th(ms): 2281.7, 99th(ms): 2415.9, 99.9th(ms): 2684.4, Max(ms): 2684.4
[Current] STOCK_LEVEL - Takes(s): 9.1, Count: 50, TPM: 329.3, Sum(ms): 7065.5, Avg(ms): 140.8, 50th(ms): 142.6, 90th(ms): 176.2, 95th(ms): 184.5, 99th(ms): 243.3, 99.9th(ms): 243.3, Max(ms): 243.3
[Current] DELIVERY - Takes(s): 9.9, Count: 40, TPM: 242.1, Sum(ms): 36071.9, Avg(ms): 902.0, 50th(ms): 838.9, 90th(ms): 1409.3, 95th(ms): 1744.8, 99th(ms): 1879.0, 99.9th(ms): 1879.0, Max(ms): 1879.0
[Current] NEW_ORDER - Takes(s): 10.0, Count: 497, TPM: 2984.2, Sum(ms): 224740.6, Avg(ms): 452.5, 50th(ms): 318.8, 90th(ms): 1006.6, 95th(ms): 1208.0, 99th(ms): 1409.3, 99.9th(ms): 1744.8, Max(ms): 1744.8
[Current] ORDER_STATUS - Takes(s): 9.9, Count: 39, TPM: 236.8, Sum(ms): 1800.0, Avg(ms): 46.5, 50th(ms): 41.9, 90th(ms): 50.3, 95th(ms): 56.6, 99th(ms): 335.5, 99.9th(ms): 335.5, Max(ms): 335.5
[Current] PAYMENT - Takes(s): 10.0, Count: 507, TPM: 3043.8, Sum(ms): 372086.0, Avg(ms): 733.6, 50th(ms): 738.2, 90th(ms): 1275.1, 95th(ms): 1409.3, 99th(ms): 1543.5, 99.9th(ms): 1811.9, Max(ms): 1879.0
[Current] STOCK_LEVEL - Takes(s): 10.0, Count: 34, TPM: 204.6, Sum(ms): 4789.2, Avg(ms): 141.1, 50th(ms): 142.6, 90th(ms): 176.2, 95th(ms): 184.5, 99th(ms): 192.9, 99.9th(ms): 192.9, Max(ms): 192.9
[Current] DELIVERY - Takes(s): 9.9, Count: 40, TPM: 243.6, Sum(ms): 44793.6, Avg(ms): 1120.3, 50th(ms): 939.5, 90th(ms): 1946.2, 95th(ms): 2550.1, 99th(ms): 2818.6, 99.9th(ms): 2818.6, Max(ms): 2818.6
[Current] NEW_ORDER - Takes(s): 10.0, Count: 505, TPM: 3035.8, Sum(ms): 244738.8, Avg(ms): 484.4, 50th(ms): 318.8, 90th(ms): 1140.9, 95th(ms): 1409.3, 99th(ms): 1946.2, 99.9th(ms): 2013.3, Max(ms): 2080.4
[Current] ORDER_STATUS - Takes(s): 9.4, Count: 43, TPM: 274.6, Sum(ms): 2753.5, Avg(ms): 64.0, 50th(ms): 46.1, 90th(ms): 71.3, 95th(ms): 352.3, 99th(ms): 369.1, 99.9th(ms): 369.1, Max(ms): 369.1
[Current] PAYMENT - Takes(s): 10.0, Count: 471, TPM: 2831.4, Sum(ms): 342221.2, Avg(ms): 726.3, 50th(ms): 671.1, 90th(ms): 1342.2, 95th(ms): 1543.5, 99th(ms): 1811.9, 99.9th(ms): 1946.2, Max(ms): 1946.2
[Current] STOCK_LEVEL - Takes(s): 10.0, Count: 44, TPM: 264.5, Sum(ms): 5967.5, Avg(ms): 135.5, 50th(ms): 125.8, 90th(ms): 176.2, 95th(ms): 201.3, 99th(ms): 243.3, 99.9th(ms): 243.3, Max(ms): 243.3
Finished
[Summary] DELIVERY - Takes(s): 601.2, Count: 2642, TPM: 263.7, Sum(ms): 2473834.9, Avg(ms): 936.9, 50th(ms): 738.2, 90th(ms): 1677.7, 95th(ms): 2080.4, 99th(ms): 2952.8, 99.9th(ms): 3758.1, Max(ms): 4160.7
[Summary] NEW_ORDER - Takes(s): 601.6, Count: 30166, TPM: 3008.5, Sum(ms): 14396279.2, Avg(ms): 477.4, 50th(ms): 268.4, 90th(ms): 1208.0, 95th(ms): 1476.4, 99th(ms): 1946.2, 99.9th(ms): 2415.9, Max(ms): 2952.8
[Summary] ORDER_STATUS - Takes(s): 601.7, Count: 2750, TPM: 274.2, Sum(ms): 146933.0, Avg(ms): 53.4, 50th(ms): 46.1, 90th(ms): 58.7, 95th(ms): 71.3, 99th(ms): 369.1, 99.9th(ms): 570.4, Max(ms): 671.1
[Summary] PAYMENT - Takes(s): 601.7, Count: 28662, TPM: 2858.0, Sum(ms): 20999452.1, Avg(ms): 732.9, 50th(ms): 637.5, 90th(ms): 1476.4, 95th(ms): 1744.8, 99th(ms): 2147.5, 99.9th(ms): 2550.1, Max(ms): 2684.4
[Summary] STOCK_LEVEL - Takes(s): 601.5, Count: 2646, TPM: 263.9, Sum(ms): 363155.8, Avg(ms): 137.3, 50th(ms): 134.2, 90th(ms): 176.2, 95th(ms): 201.3, 99th(ms): 234.9, 99.9th(ms): 285.2, Max(ms): 352.3
tpmC: 3008.5, tpmTotal: 6668.4, efficiency: 5848.6%
