[Current] DELIVERY - Takes(s): 9.5, Count: 32, TPM: 201.9, Sum(ms): 12990.3, Avg(ms): 406.3, 50th(ms): 369.1, 90th(ms): 570.4, 95th(ms): 671.1, 99th(ms): 838.9, 99.9th(ms): 838.9, Max(ms): 838.9
[Current] NEW_ORDER - Takes(s): 9.8, Count: 377, TPM: 2312.2, Sum(ms): 42366.8, Avg(ms): 112.4, 50th(ms): 104.9, 90th(ms): 159.4, 95th(ms): 201.3, 99th(ms): 243.3, 99.9th(ms): 285.2, Max(ms): 285.2
[Current] ORDER_STATUS - Takes(s): 9.7, Count: 47, TPM: 290.7, Sum(ms): 5239.5, Avg(ms): 110.9, 50th(ms): 88.1, 90th(ms): 226.5, 95th(ms): 243.3, 99th(ms): 260.0, 99.9th(ms): 260.0, Max(ms): 260.0
[Current] PAYMENT - Takes(s): 9.8, Count: 354, TPM: 2165.4, Sum(ms): 32965.2, Avg(ms): 93.2, 50th(ms): 75.5, 90th(ms): 176.2, 95th(ms): 201.3, 99th(ms): 234.9, 99.9th(ms): 352.3, Max(ms): 352.3
[Current] STOCK_LEVEL - Takes(s): 9.4, Count: 31, TPM: 197.3, Sum(ms): 3989.2, Avg(ms): 128.8, 50th(ms): 125.8, 90th(ms): 151.0, 95th(ms): 176.2, 99th(ms): 226.5, 99.9th(ms): 226.5, Max(ms): 226.5
[Current] DELIVERY - Takes(s): 9.8, Count: 35, TPM: 214.0, Sum(ms): 14153.8, Avg(ms): 403.1, 50th(ms): 352.3, 90th(ms): 604.0, 95th(ms): 604.0, 99th(ms): 872.4, 99.9th(ms): 872.4, Max(ms): 872.4
[Current] NEW_ORDER - Takes(s): 9.9, Count: 379, TPM: 2288.2, Sum(ms): 42564.5, Avg(ms): 112.3, 50th(ms): 104.9, 90th(ms): 159.4, 95th(ms): 192.9, 99th(ms): 243.3, 99.9th(ms): 302.0, Max(ms): 302.0
[Current] ORDER_STATUS - Takes(s): 10.0, Count: 38, TPM: 228.4, Sum(ms): 4236.6, Avg(ms): 111.0, 50th(ms): 92.3, 90th(ms): 226.5, 95th(ms): 243.3, 99th(ms): 302.0, 99.9th(ms): 302.0, Max(ms): 302.0
[Current] PAYMENT - Takes(s): 10.0, Count: 398, TPM: 2388.7, Sum(ms): 34724.3, Avg(ms): 87.3, 50th(ms): 71.3, 90th(ms): 151.0, 95th(ms): 192.9, 99th(ms): 226.5, 99.9th(ms): 369.1, Max(ms): 369.1
[Current] STOCK_LEVEL - Takes(s): 10.0, Count: 34, TPM: 204.8, Sum(ms): 3877.9, Avg(ms): 114.0, 50th(ms): 113.2, 90th(ms): 130.0, 95th(ms): 151.0, 99th(ms): 184.5, 99.9th(ms): 184.5, Max(ms): 184.5
[Current] DELIVERY - Takes(s): 9.9, Count: 27, TPM: 164.3, Sum(ms): 10313.9, Avg(ms): 382.8, 50th(ms): 352.3, 90th(ms): 436.2, 95th(ms): 637.5, 99th(ms): 738.2, 99.9th(ms): 738.2, Max(ms): 738.2
[Current] NEW_ORDER - Takes(s): 10.0, Count: 405, TPM: 2439.7, Sum(ms): 46140.9, Avg(ms): 113.9, 50th(ms): 104.9, 90th(ms): 159.4, 95th(ms): 192.9, 99th(ms): 243.3, 99.9th(ms): 302.0, Max(ms): 302.0
[Current] ORDER_STATUS - Takes(s): 9.6, Count: 37, TPM: 231.5, Sum(ms): 3844.0, Avg(ms): 104.3, 50th(ms): 52.4, 90th(ms): 226.5, 95th(ms): 234.9, 99th(ms): 243.3, 99.9th(ms): 243.3, Max(ms): 243.3
[Current] PAYMENT - Takes(s): 10.0, Count: 374, TPM: 2246.1, Sum(ms): 33945.9, Avg(ms): 90.8, 50th(ms): 75.5, 90th(ms): 151.0, 95th(ms): 176.2, 99th(ms): 234.9, 99.9th(ms): 285.2, Max(ms): 285.2
[Current] STOCK_LEVEL - Takes(s): 9.8, Count: 41, TPM: 249.8, Sum(ms): 4946.6, Avg(ms): 121.0, 50th(ms): 117.4, 90th(ms): 151.0, 95th(ms): 159.4, 99th(ms): 209.7, 99.9th(ms): 209.7, Max(ms): 209.7
[Current] DELIVERY - Takes(s): 9.8, Count: 31, TPM: 189.4, Sum(ms): 12786.1, Avg(ms): 411.3, 50th(ms): 369.1, 90th(ms): 604.0, 95th(ms): 637.5, 99th(ms): 805.3, 99.9th(ms): 805.3, Max(ms): 805.3
[Current] NEW_ORDER - Takes(s): 10.0, Count: 366, TPM: 2199.2, Sum(ms): 41967.1, Avg(ms): 114.7, 50th(ms): 109.1, 90th(ms): 159.4, 95th(ms): 209.7, 99th(ms): 285.2, 99.9th(ms): 352.3, Max(ms): 352.3
[Current] ORDER_STATUS - Takes(s): 9.6, Count: 33, TPM: 206.6, Sum(ms): 3549.6, Avg(ms): 107.2, 50th(ms): 52.4, 90th(ms): 234.9, 95th(ms): 234.9, 99th(ms): 243.3, 99.9th(ms): 243.3, Max(ms): 243.3
[Current] PAYMENT - Takes(s): 10.0, Count: 382, TPM: 2297.0, Sum(ms): 37754.4, Avg(ms): 98.8, 50th(ms): 75.5, 90th(ms): 192.9, 95th(ms): 226.5, 99th(ms): 302.0, 99.9th(ms): 318.8, Max(ms): 318.8
[Current] STOCK_LEVEL - Takes(s): 9.7, Count: 30, TPM: 184.8, Sum(ms): 3729.8, Avg(ms): 123.8, 50th(ms): 121.6, 90th(ms): 142.6, 95th(ms): 184.5, 99th(ms): 201.3, 99.9th(ms): 201.3, Max(ms): 201.3
[Current] DELIVERY - Takes(s): 9.7, Count: 29, TPM: 180.0, Sum(ms): 11714.8, Avg(ms): 403.2, 50th(ms): 369.1, 90th(ms): 520.1, 95th(ms): 637.5, 99th(ms): 738.2, 99.9th(ms): 738.2, Max(ms): 738.2
[Current] NEW_ORDER - Takes(s): 10.0, Count: 370, TPM: 2221.8, Sum(ms): 43808.3, Avg(ms): 118.6, 50th(ms): 109.1, 90th(ms): 167.8, 95th(ms): 218.1, 99th(ms): 302.0, 99.9th(ms): 402.7, Max(ms): 402.7
[Current] ORDER_STATUS - Takes(s): 10.0, Count: 40, TPM: 240.8, Sum(ms): 5046.7, Avg(ms): 126.2, 50th(ms): 100.7, 90th(ms): 234.9, 95th(ms): 251.7, 99th(ms): 369.1, 99.9th(ms): 369.1, Max(ms): 369.1
[Current] PAYMENT - Takes(s): 9.9, Count: 346, TPM: 2087.4, Sum(ms): 33537.1, Avg(ms): 97.0, 50th(ms): 75.5, 90th(ms): 184.5, 95th(ms): 209.7, 99th(ms): 302.0, 99.9th(ms): 369.1, Max(ms): 369.1
[Current] STOCK_LEVEL - Takes(s): 9.9, Count: 46, TPM: 280.0, Sum(ms): 5705.0, Avg(ms): 124.0, 50th(ms): 125.8, 90th(ms): 151.0, 95th(ms): 159.4, 99th(ms): 192.9, 99.9th(ms): 192.9, Max(ms): 192.9
[Current] DELIVERY - Takes(s): 9.8, Count: 37, TPM: 227.6, Sum(ms): 13933.2, Avg(ms): 376.4, 50th(ms): 369.1, 90th(ms): 503.3, 95th(ms): 570.4, 99th(ms): 637.5, 99.9th(ms): 637.5, Max(ms): 637.5
[Current] NEW_ORDER - Takes(s): 10.0, Count: 432, TPM: 2595.4, Sum(ms): 47847.7, Avg(ms): 110.8, 50th(ms): 104.9, 90th(ms): 151.0, 95th(ms): 184.5, 99th(ms): 234.9, 99.9th(ms): 285.2, Max(ms): 285.2
[Current] ORDER_STATUS - Takes(s): 8.9, Count: 27, TPM: 182.5, Sum(ms): 3260.8, Avg(ms): 120.8, 50th(ms): 113.2, 90th(ms): 234.9, 95th(ms): 243.3, 99th(ms): 251.7, 99.9th(ms): 251.7, Max(ms): 251.7
[Current] PAYMENT - Takes(s): 9.9, Count: 335, TPM: 2021.1, Sum(ms): 30702.8, Avg(ms): 91.7, 50th(ms): 71.3, 90th(ms): 176.2, 95th(ms): 209.7, 99th(ms): 260.0, 99.9th(ms): 369.1, Max(ms): 369.1
[Current] STOCK_LEVEL - Takes(s): 9.8, Count: 29, TPM: 177.7, Sum(ms): 3563.8, Avg(ms): 122.9, 50th(ms): 117.4, 90th(ms): 159.4, 95th(ms): 201.3, 99th(ms): 218.1, 99.9th(ms): 218.1, Max(ms): 218.1
[Current] DELIVERY - Takes(s): 9.9, Count: 27, TPM: 163.8, Sum(ms): 10088.6, Avg(ms): 374.1, 50th(ms): 352.3, 90th(ms): 402.7, 95th(ms): 570.4, 99th(ms): 704.6, 99.9th(ms): 704.6, Max(ms): 704.6
[Current] NEW_ORDER - Takes(s): 10.0, Count: 387, TPM: 2323.9, Sum(ms): 43924.1, Avg(ms): 113.5, 50th(ms): 104.9, 90th(ms): 176.2, 95th(ms): 209.7, 99th(ms): 285.2, 99.9th(ms): 352.3, Max(ms): 352.3
[Current] ORDER_STATUS - Takes(s): 9.2, Count: 31, TPM: 202.4, Sum(ms): 3320.9, Avg(ms): 107.0, 50th(ms): 62.9, 90th(ms): 218.1, 95th(ms): 226.5, 99th(ms): 234.9, 99.9th(ms): 234.9, Max(ms): 234.9
[Current] PAYMENT - Takes(s): 10.0, Count: 384, TPM: 2312.8, Sum(ms): 37256.0, Avg(ms): 97.1, 50th(ms): 75.5, 90th(ms): 184.5, 95th(ms): 226.5, 99th(ms): 318.8, 99.9th(ms): 369.1, Max(ms): 369.1
[Current] STOCK_LEVEL - Takes(s): 9.9, Count: 40, TPM: 242.1, Sum(ms): 4888.9, Avg(ms): 122.4, 50th(ms): 121.6, 90th(ms): 142.6, 95th(ms): 151.0, 99th(ms): 159.4, 99.9th(ms): 159.4, Max(ms): 159.4
[Current] DELIVERY - Takes(s): 9.8, Count: 38, TPM: 233.4, Sum(ms): 15429.6, Avg(ms): 405.7, 50th(ms): 352.3, 90th(ms): 671.1, 95th(ms): 704.6, 99th(ms): 838.9, 99.9th(ms): 838.9, Max(ms): 838.9
[Current] NEW_ORDER - Takes(s): 10.0, Count: 364, TPM: 2190.0, Sum(ms): 40937.1, Avg(ms): 112.4, 50th(ms): 104.9, 90th(ms): 167.8, 95th(ms): 184.5, 99th(ms): 285.2, 99.9th(ms): 369.1, Max(ms): 369.1
[Current] ORDER_STATUS - Takes(s): 9.4, Count: 42, TPM: 267.8, Sum(ms): 4526.5, Avg(ms): 107.7, 50th(ms): 67.1, 90th(ms): 234.9, 95th(ms): 243.3, 99th(ms): 285.2, 99.9th(ms): 285.2, Max(ms): 285.2
[Current] PAYMENT - Takes(s): 10.0, Count: 399, TPM: 2398.0, Sum(ms): 35164.2, Avg(ms): 88.2, 50th(ms): 75.5, 90th(ms): 159.4, 95th(ms): 176.2, 99th(ms): 226.5, 99.9th(ms): 260.0, Max(ms): 260.0
[Current] STOCK_LEVEL - Takes(s): 9.8, Count: 31, TPM: 190.4, Sum(ms): 3736.8, Avg(ms): 120.3, 50th(ms): 121.6, 90th(ms): 142.6, 95th(ms): 142.6, 99th(ms): 151.0, 99.9th(ms): 151.0, Max(ms): 151.0
[Current] DELIVERY - Takes(s): 9.8, Count: 38, TPM: 232.6, Sum(ms): 16179.5, Avg(ms): 426.7, 50th(ms): 352.3, 90th(ms): 637.5, 95th(ms): 704.6, 99th(ms): 872.4, 99.9th(ms): 872.4, Max(ms): 872.4
[Current] NEW_ORDER - Takes(s): 10.0, Count: 382, TPM: 2294.3, Sum(ms): 42643.3, Avg(ms): 111.7, 50th(ms): 104.9, 90th(ms): 167.8, 95th(ms): 201.3, 99th(ms): 260.0, 99.9th(ms): 285.2, Max(ms): 285.2
[Current] ORDER_STATUS - Takes(s): 9.5, Count: 39, TPM: 246.6, Sum(ms): 4079.0, Avg(ms): 104.8, 50th(ms): 79.7, 90th(ms): 226.5, 95th(ms): 226.5, 99th(ms): 251.7, 99.9th(ms): 251.7, Max(ms): 251.7
[Current] PAYMENT - Takes(s): 9.9, Count: 362, TPM: 2191.8, Sum(ms): 32234.0, Avg(ms): 89.0, 50th(ms): 71.3, 90th(ms): 159.4, 95th(ms): 201.3, 99th(ms): 251.7, 99.9th(ms): 302.0, Max(ms): 302.0
[Current] STOCK_LEVEL - Takes(s): 9.1, Count: 35, TPM: 230.0, Sum(ms): 4333.2, Avg(ms): 123.9, 50th(ms): 125.8, 90th(ms): 142.6, 95th(ms): 151.0, 99th(ms): 159.4, 99.9th(ms): 159.4, Max(ms): 159.4
[Current] DELIVERY - Takes(s): 10.0, Count: 34, TPM: 204.7, Sum(ms): 13439.5, Avg(ms): 395.5, 50th(ms): 369.1, 90th(ms): 604.0, 95th(ms): 637.5, 99th(ms): 637.5, 99.9th(ms): 637.5, Max(ms): 637.5
[Current] NEW_ORDER - Takes(s): 10.0, Count: 390, TPM: 2346.2, Sum(ms): 43640.3, Avg(ms): 111.8, 50th(ms): 104.9, 90th(ms): 159.4, 95th(ms): 192.9, 99th(ms): 243.3, 99.9th(ms): 302.0, Max(ms): 302.0
[Current] ORDER_STATUS - Takes(s): 9.4, Count: 25, TPM: 159.6, Sum(ms): 2907.2, Avg(ms): 115.9, 50th(ms): 100.7, 90th(ms): 226.5, 95th(ms): 243.3, 99th(ms): 302.0, 99.9th(ms): 302.0, Max(ms): 302.0
[Current] PAYMENT - Takes(s): 10.0, Count: 380, TPM: 2287.4, Sum(ms): 37341.8, Avg(ms): 98.3, 50th(ms): 79.7, 90th(ms): 184.5, 95th(ms): 209.7, 99th(ms): 285.2, 99.9th(ms): 352.3, Max(ms): 352.3
[Current] STOCK_LEVEL - Takes(s): 9.6, Count: 16, TPM: 99.5, Sum(ms): 2296.8, Avg(ms): 143.3, 50th(ms): 142.6, 90th(ms): 167.8, 95th(ms): 167.8, 99th(ms): 226.5, 99.9th(ms): 226.5, Max(ms): 226.5
[Current] DELIVERY - Takes(s): 10.0, Count: 32, TPM: 192.5, Sum(ms): 12875.7, Avg(ms): 402.7, 50th(ms): 369.1, 90th(ms): 486.5, 95th(ms): 486.5, 99th(ms): 1073.7, 99.9th(ms): 1073.7, Max(ms): 1073.7
[Current] NEW_ORDER - Takes(s): 10.0, Count: 378, TPM: 2268.7, Sum(ms): 44013.0, Avg(ms): 116.5, 50th(ms): 104.9, 90th(ms): 176.2, 95th(ms): 218.1, 99th(ms): 352.3, 99.9th(ms): 436.2, Max(ms): 436.2
[Current] ORDER_STATUS - Takes(s): 9.0, Count: 20, TPM: 133.9, Sum(ms): 2515.2, Avg(ms): 125.7, 50th(ms): 104.9, 90th(ms): 234.9, 95th(ms): 260.0, 99th(ms): 385.9, 99.9th(ms): 385.9, Max(ms): 385.9
[Current] PAYMENT - Takes(s): 10.0, Count: 377, TPM: 2269.4, Sum(ms): 35670.8, Avg(ms): 94.5, 50th(ms): 75.5, 90th(ms): 167.8, 95th(ms): 201.3, 99th(ms): 335.5, 99.9th(ms): 419.4, Max(ms): 419.4
[Current] STOCK_LEVEL - Takes(s): 9.7, Count: 27, TPM: 166.5, Sum(ms): 3567.5, Avg(ms): 131.7, 50th(ms): 134.2, 90th(ms): 159.4, 95th(ms): 167.8, 99th(ms): 167.8, 99.9th(ms): 167.8, Max(ms): 167.8
[Current] DELIVERY - Takes(s): 10.0, Count: 35, TPM: 210.7, Sum(ms): 14977.5, Avg(ms): 429.3, 50th(ms): 385.9, 90th(ms): 637.5, 95th(ms): 671.1, 99th(ms): 838.9, 99.9th(ms): 838.9, Max(ms): 838.9
[Current] NEW_ORDER - Takes(s): 10.0, Count: 392, TPM: 2356.9, Sum(ms): 47051.8, Avg(ms): 120.1, 50th(ms): 113.2, 90th(ms): 176.2, 95th(ms): 192.9, 99th(ms): 260.0, 99.9th(ms): 318.8, Max(ms): 318.8
[Current] ORDER_STATUS - Takes(s): 9.8, Count: 34, TPM: 209.2, Sum(ms): 4709.8, Avg(ms): 138.3, 50th(ms): 159.4, 90th(ms): 243.3, 95th(ms): 251.7, 99th(ms): 260.0, 99.9th(ms): 260.0, Max(ms): 260.0
[Current] PAYMENT - Takes(s): 10.0, Count: 332, TPM: 1996.1, Sum(ms): 29383.8, Avg(ms): 88.5, 50th(ms): 71.3, 90th(ms): 151.0, 95th(ms): 167.8, 99th(ms): 209.7, 99.9th(ms): 234.9, Max(ms): 234.9
[Current] STOCK_LEVEL - Takes(s): 9.6, Count: 30, TPM: 187.6, Sum(ms): 4160.6, Avg(ms): 138.4, 50th(ms): 134.2, 90th(ms): 159.4, 95th(ms): 243.3, 99th(ms): 251.7, 99.9th(ms): 251.7, Max(ms): 251.7
[Current] DELIVERY - Takes(s): 9.9, Count: 40, TPM: 241.4, Sum(ms): 16897.0, Avg(ms): 423.0, 50th(ms): 385.9, 90th(ms): 503.3, 95th(ms): 604.0, 99th(ms): 1006.6, 99.9th(ms): 1006.6, Max(ms): 1006.6
[Current] NEW_ORDER - Takes(s): 10.0, Count: 348, TPM: 2092.2, Sum(ms): 40424.3, Avg(ms): 116.3, 50th(ms): 113.2, 90th(ms): 151.0, 95th(ms): 184.5, 99th(ms): 243.3, 99.9th(ms): 352.3, Max(ms): 352.3
[Current] ORDER_STATUS - Takes(s): 9.9, Count: 24, TPM: 146.1, Sum(ms): 2760.4, Avg(ms): 115.5, 50th(ms): 75.5, 90th(ms): 243.3, 95th(ms): 260.0, 99th(ms): 285.2, 99.9th(ms): 285.2, Max(ms): 285.2
[Current] PAYMENT - Takes(s): 9.9, Count: 370, TPM: 2237.4, Sum(ms): 33849.6, Avg(ms): 91.6, 50th(ms): 75.5, 90th(ms): 167.8, 95th(ms): 192.9, 99th(ms): 260.0, 99.9th(ms): 285.2, Max(ms): 285.2
[Current] STOCK_LEVEL - Takes(s): 10.0, Count: 41, TPM: 247.2, Sum(ms): 5662.4, Avg(ms): 138.7, 50th(ms): 142.6, 90th(ms): 176.2, 95th(ms): 176.2, 99th(ms): 184.5, 99.9th(ms): 184.5, Max(ms): 184.5
[Current] DELIVERY - Takes(s): 9.7, Count: 36, TPM: 221.7, Sum(ms): 17649.5, Avg(ms): 489.1, 50th(ms): 402.7, 90th(ms): 771.8, 95th(ms): 973.1, 99th(ms): 1073.7, 99.9th(ms): 1073.7, Max(ms): 1073.7
[Current] NEW_ORDER - Takes(s): 10.0, Count: 357, TPM: 2145.1, Sum(ms): 40467.2, Avg(ms): 113.3, 50th(ms): 109.1, 90th(ms): 151.0, 95th(ms): 184.5, 99th(ms): 218.1, 99.9th(ms): 285.2, Max(ms): 285.2
[Current] ORDER_STATUS - Takes(s): 9.7, Count: 34, TPM: 209.3, Sum(ms): 3899.5, Avg(ms): 115.0, 50th(ms): 100.7, 90th(ms): 226.5, 95th(ms): 251.7, 99th(ms): 260.0, 99.9th(ms): 260.0, Max(ms): 260.0
[Current] PAYMENT - Takes(s): 10.0, Count: 353, TPM: 2121.0, Sum(ms): 33211.0, Avg(ms): 94.0, 50th(ms): 75.5, 90th(ms): 176.2, 95th(ms): 192.9, 99th(ms): 226.5, 99.9th(ms): 302.0, Max(ms): 302.0
[Current] STOCK_LEVEL - Takes(s): 10.0, Count: 37, TPM: 222.0, Sum(ms): 4753.1, Avg(ms): 128.4, 50th(ms): 130.0, 90th(ms): 159.4, 95th(ms): 167.8, 99th(ms): 184.5, 99.9th(ms): 184.5, Max(ms): 184.5
[Current] DELIVERY - Takes(s): 9.7, Count: 22, TPM: 135.7, Sum(ms): 8803.7, Avg(ms): 401.1, 50th(ms): 385.9, 90th(ms): 520.1, 95th(ms): 570.4, 99th(ms): 570.4, 99.9th(ms): 570.4, Max(ms): 570.4
[Current] NEW_ORDER - Takes(s): 10.0, Count: 379, TPM: 2280.0, Sum(ms): 45125.6, Avg(ms): 119.1, 50th(ms): 109.1, 90th(ms): 176.2, 95th(ms): 209.7, 99th(ms): 260.0, 99.9th(ms): 285.2, Max(ms): 285.2
[Current] ORDER_STATUS - Takes(s): 9.9, Count: 39, TPM: 237.0, Sum(ms): 3814.6, Avg(ms): 97.5, 50th(ms): 75.5, 90th(ms): 234.9, 95th(ms): 243.3, 99th(ms): 251.7, 99.9th(ms): 251.7, Max(ms): 251.7
[Current] PAYMENT - Takes(s): 10.0, Count: 374, TPM: 2247.2, Sum(ms): 37900.0, Avg(ms): 101.3, 50th(ms): 79.7, 90th(ms): 192.9, 95th(ms): 218.1, 99th(ms): 285.2, 99.9th(ms): 352.3, Max(ms): 352.3
[Current] STOCK_LEVEL - Takes(s): 9.9, Count: 29, TPM: 175.6, Sum(ms): 3812.6, Avg(ms): 131.7, 50th(ms): 134.2, 90th(ms): 159.4, 95th(ms): 176.2, 99th(ms): 176.2, 99.9th(ms): 176.2, Max(ms): 176.2
[Current] DELIVERY - Takes(s): 9.7, Count: 26, TPM: 160.1, Sum(ms): 11065.1, Avg(ms): 426.2, 50th(ms): 402.7, 90th(ms): 536.9, 95th(ms): 704.6, 99th(ms): 805.3, 99.9th(ms): 805.3, Max(ms): 805.3
[Current] NEW_ORDER - Takes(s): 9.9, Count: 351, TPM: 2122.0, Sum(ms): 40971.8, Avg(ms): 117.0, 50th(ms): 109.1, 90th(ms): 167.8, 95th(ms): 192.9, 99th(ms): 234.9, 99.9th(ms): 352.3, Max(ms): 352.3
[Current] ORDER_STATUS - Takes(s): 9.9, Count: 34, TPM: 206.3, Sum(ms): 4632.8, Avg(ms): 136.4, 50th(ms): 159.4, 90th(ms): 243.3, 95th(ms): 251.7, 99th(ms): 335.5, 99.9th(ms): 335.5, Max(ms): 335.5
[Current] PAYMENT - Takes(s): 10.0, Count: 390, TPM: 2342.8, Sum(ms): 37603.1, Avg(ms): 96.5, 50th(ms): 79.7, 90th(ms): 176.2, 95th(ms): 201.3, 99th(ms): 285.2, 99.9th(ms): 318.8, Max(ms): 318.8
[Current] STOCK_LEVEL - Takes(s): 9.7, Count: 39, TPM: 242.4, Sum(ms): 5167.1, Avg(ms): 132.6, 50th(ms): 134.2, 90th(ms): 159.4, 95th(ms): 176.2, 99th(ms): 201.3, 99.9th(ms): 201.3, Max(ms): 201.3
[Current] DELIVERY - Takes(s): 9.9, Count: 36, TPM: 219.1, Sum(ms): 17694.8, Avg(ms): 492.6, 50th(ms): 402.7, 90th(ms): 704.6, 95th(ms): 838.9, 99th(ms): 1208.0, 99.9th(ms): 1208.0, Max(ms): 1208.0
[Current] NEW_ORDER - Takes(s): 10.0, Count: 381, TPM: 2286.2, Sum(ms): 41485.5, Avg(ms): 108.9, 50th(ms): 104.9, 90th(ms): 159.4, 95th(ms): 176.2, 99th(ms): 234.9, 99.9th(ms): 285.2, Max(ms): 285.2
[Current] ORDER_STATUS - Takes(s): 10.0, Count: 37, TPM: 222.0, Sum(ms): 4957.0, Avg(ms): 134.7, 50th(ms): 159.4, 90th(ms): 234.9, 95th(ms): 251.7, 99th(ms): 318.8, 99.9th(ms): 318.8, Max(ms): 318.8
[Current] PAYMENT - Takes(s): 10.0, Count: 363, TPM: 2181.6, Sum(ms): 32371.6, Avg(ms): 89.2, 50th(ms): 71.3, 90th(ms): 159.4, 95th(ms): 192.9, 99th(ms): 234.9, 99.9th(ms): 251.7, Max(ms): 251.7
[Current] STOCK_LEVEL - Takes(s): 10.0, Count: 25, TPM: 150.3, Sum(ms): 3305.7, Avg(ms): 132.2, 50th(ms): 130.0, 90th(ms): 167.8, 95th(ms): 184.5, 99th(ms): 192.9, 99.9th(ms): 192.9, Max(ms): 192.9
[Current] DELIVERY - Takes(s): 9.4, Count: 31, TPM: 197.1, Sum(ms): 13689.5, Avg(ms): 442.2, 50th(ms): 402.7, 90th(ms): 637.5, 95th(ms): 671.1, 99th(ms): 939.5, 99.9th(ms): 939.5, Max(ms): 939.5
[Current] NEW_ORDER - Takes(s): 10.0, Count: 389, TPM: 2334.6, Sum(ms): 44166.9, Avg(ms): 113.6, 50th(ms): 104.9, 90th(ms): 159.4, 95th(ms): 192.9, 99th(ms): 251.7, 99.9th(ms): 436.2, Max(ms): 436.2
[Current] ORDER_STATUS - Takes(s): 9.9, Count: 42, TPM: 253.4, Sum(ms): 4424.8, Avg(ms): 105.3, 50th(ms): 67.1, 90th(ms): 234.9, 95th(ms): 243.3, 99th(ms): 302.0, 99.9th(ms): 302.0, Max(ms): 302.0
[Current] PAYMENT - Takes(s): 10.0, Count: 351, TPM: 2107.5, Sum(ms): 32871.7, Avg(ms): 93.7, 50th(ms): 71.3, 90th(ms): 176.2, 95th(ms): 209.7, 99th(ms): 285.2, 99.9th(ms): 385.9, Max(ms): 385.9
[Current] STOCK_LEVEL - Takes(s): 9.9, Count: 35, TPM: 212.2, Sum(ms): 4483.9, Avg(ms): 128.2, 50th(ms): 130.0, 90th(ms): 151.0, 95th(ms): 151.0, 99th(ms): 184.5, 99.9th(ms): 184.5, Max(ms): 184.5
[Current] DELIVERY - Takes(s): 9.3, Count: 27, TPM: 175.1, Sum(ms): 11054.7, Avg(ms): 409.5, 50th(ms): 385.9, 90th(ms): 536.9, 95th(ms): 604.0, 99th(ms): 771.8, 99.9th(ms): 771.8, Max(ms): 771.8
[Current] NEW_ORDER - Takes(s): 10.0, Count: 401, TPM: 2411.8, Sum(ms): 44252.9, Avg(ms): 110.3, 50th(ms): 104.9, 90th(ms): 151.0, 95th(ms): 184.5, 99th(ms): 234.9, 99.9th(ms): 318.8, Max(ms): 318.8
[Current] ORDER_STATUS - Takes(s): 9.0, Count: 36, TPM: 239.4, Sum(ms): 4677.8, Avg(ms): 130.3, 50th(ms): 130.0, 90th(ms): 234.9, 95th(ms): 251.7, 99th(ms): 318.8, 99.9th(ms): 318.8, Max(ms): 318.8
[Current] PAYMENT - Takes(s): 10.0, Count: 362, TPM: 2177.2, Sum(ms): 34467.9, Avg(ms): 95.1, 50th(ms): 75.5, 90th(ms): 184.5, 95th(ms): 218.1, 99th(ms): 285.2, 99.9th(ms): 335.5, Max(ms): 335.5
[Current] STOCK_LEVEL - Takes(s): 9.8, Count: 33, TPM: 201.3, Sum(ms): 4345.6, Avg(ms): 131.9, 50th(ms): 134.2, 90th(ms): 159.4, 95th(ms): 159.4, 99th(ms): 218.1, 99.9th(ms): 218.1, Max(ms): 218.1
[Current] DELIVERY - Takes(s): 9.9, Count: 39, TPM: 236.1, Sum(ms): 18354.3, Avg(ms): 470.0, 50th(ms): 385.9, 90th(ms): 771.8, 95th(ms): 939.5, 99th(ms): 1140.9, 99.9th(ms): 1140.9, Max(ms): 1140.9
[Current] NEW_ORDER - Takes(s): 10.0, Count: 381, TPM: 2291.5, Sum(ms): 42747.3, Avg(ms): 112.3, 50th(ms): 104.9, 90th(ms): 167.8, 95th(ms): 184.5, 99th(ms): 243.3, 99.9th(ms): 318.8, Max(ms): 318.8
[Current] ORDER_STATUS - Takes(s): 9.9, Count: 37, TPM: 223.2, Sum(ms): 3433.4, Avg(ms): 92.9, 50th(ms): 65.0, 90th(ms): 176.2, 95th(ms): 209.7, 99th(ms): 251.7, 99.9th(ms): 251.7, Max(ms): 251.7
[Current] PAYMENT - Takes(s): 10.0, Count: 347, TPM: 2087.7, Sum(ms): 30525.5, Avg(ms): 88.1, 50th(ms): 75.5, 90th(ms): 151.0, 95th(ms): 184.5, 99th(ms): 234.9, 99.9th(ms): 251.7, Max(ms): 251.7
[Current] STOCK_LEVEL - Takes(s): 9.5, Count: 43, TPM: 271.7, Sum(ms): 5205.5, Avg(ms): 120.9, 50th(ms): 125.8, 90th(ms): 151.0, 95th(ms): 159.4, 99th(ms): 167.8, 99.9th(ms): 167.8, Max(ms): 167.8
[Current] DELIVERY - Takes(s): 9.6, Count: 40, TPM: 251.2, Sum(ms): 17372.0, Avg(ms): 434.5, 50th(ms): 385.9, 90th(ms): 671.1, 95th(ms): 738.2, 99th(ms): 973.1, 99.9th(ms): 973.1, Max(ms): 973.1
[Current] NEW_ORDER - Takes(s): 10.0, Count: 377, TPM: 2268.2, Sum(ms): 41085.1, Avg(ms): 109.1, 50th(ms): 100.7, 90th(ms): 159.4, 95th(ms): 184.5, 99th(ms): 243.3, 99.9th(ms): 369.1, Max(ms): 369.1
[Current] ORDER_STATUS - Takes(s): 9.8, Count: 41, TPM: 250.7, Sum(ms): 5916.6, Avg(ms): 144.2, 50th(ms): 167.8, 90th(ms): 251.7, 95th(ms): 251.7, 99th(ms): 318.8, 99.9th(ms): 318.8, Max(ms): 318.8
[Current] PAYMENT - Takes(s): 10.0, Count: 369, TPM: 2217.4, Sum(ms): 30967.3, Avg(ms): 83.9, 50th(ms): 71.3, 90th(ms): 142.6, 95th(ms): 167.8, 99th(ms): 234.9, 99.9th(ms): 318.8, Max(ms): 318.8
[Current] STOCK_LEVEL - Takes(s): 8.9, Count: 30, TPM: 202.3, Sum(ms): 3974.8, Avg(ms): 132.5, 50th(ms): 134.2, 90th(ms): 159.4, 95th(ms): 167.8, 99th(ms): 176.2, 99.9th(ms): 176.2, Max(ms): 176.2
[Current] DELIVERY - Takes(s): 9.8, Count: 31, TPM: 189.3, Sum(ms): 14053.7, Avg(ms): 455.1, 50th(ms): 402.7, 90th(ms): 637.5, 95th(ms): 704.6, 99th(ms): 1140.9, 99.9th(ms): 1140.9, Max(ms): 1140.9
[Current] NEW_ORDER - Takes(s): 10.0, Count: 400, TPM: 2405.8, Sum(ms): 45791.6, Avg(ms): 114.5, 50th(ms): 109.1, 90th(ms): 159.4, 95th(ms): 184.5, 99th(ms): 251.7, 99.9th(ms): 302.0, Max(ms): 302.0
[Current] ORDER_STATUS - Takes(s): 9.9, Count: 38, TPM: 229.6, Sum(ms): 4142.8, Avg(ms): 108.9, 50th(ms): 67.1, 90th(ms): 226.5, 95th(ms): 234.9, 99th(ms): 243.3, 99.9th(ms): 243.3, Max(ms): 243.3
[Current] PAYMENT - Takes(s): 10.0, Count: 350, TPM: 2100.6, Sum(ms): 31890.6, Avg(ms): 91.2, 50th(ms): 75.5, 90th(ms): 167.8, 95th(ms): 184.5, 99th(ms): 243.3, 99.9th(ms): 260.0, Max(ms): 260.0
[Current] STOCK_LEVEL - Takes(s): 9.7, Count: 31, TPM: 191.7, Sum(ms): 3924.1, Avg(ms): 126.5, 50th(ms): 130.0, 90th(ms): 142.6, 95th(ms): 151.0, 99th(ms): 176.2, 99.9th(ms): 176.2, Max(ms): 176.2
[Current] DELIVERY - Takes(s): 9.5, Count: 22, TPM: 138.6, Sum(ms): 10002.6, Avg(ms): 455.7, 50th(ms): 419.4, 90th(ms): 570.4, 95th(ms): 637.5, 99th(ms): 973.1, 99.9th(ms): 973.1, Max(ms): 973.1
[Current] NEW_ORDER - Takes(s): 10.0, Count: 360, TPM: 2161.1, Sum(ms): 44394.5, Avg(ms): 123.4, 50th(ms): 117.4, 90th(ms): 176.2, 95th(ms): 201.3, 99th(ms): 285.2, 99.9th(ms): 453.0, Max(ms): 453.0
[Current] ORDER_STATUS - Takes(s): 9.7, Count: 51, TPM: 314.5, Sum(ms): 6002.3, Avg(ms): 117.7, 50th(ms): 60.8, 90th(ms): 234.9, 95th(ms): 251.7, 99th(ms): 260.0, 99.9th(ms): 318.8, Max(ms): 318.8
[Current] PAYMENT - Takes(s): 10.0, Count: 367, TPM: 2209.1, Sum(ms): 34168.6, Avg(ms): 93.1, 50th(ms): 75.5, 90th(ms): 167.8, 95th(ms): 192.9, 99th(ms): 260.0, 99.9th(ms): 352.3, Max(ms): 352.3
[Current] STOCK_LEVEL - Takes(s): 10.0, Count: 37, TPM: 222.2, Sum(ms): 5011.7, Avg(ms): 135.0, 50th(ms): 142.6, 90th(ms): 167.8, 95th(ms): 167.8, 99th(ms): 176.2, 99.9th(ms): 176.2, Max(ms): 176.2
[Current] DELIVERY - Takes(s): 9.8, Count: 30, TPM: 184.0, Sum(ms): 13819.7, Avg(ms): 461.4, 50th(ms): 419.4, 90th(ms): 637.5, 95th(ms): 704.6, 99th(ms): 872.4, 99.9th(ms): 872.4, Max(ms): 872.4
[Current] NEW_ORDER - Takes(s): 10.0, Count: 392, TPM: 2353.7, Sum(ms): 45483.3, Avg(ms): 115.9, 50th(ms): 109.1, 90th(ms): 159.4, 95th(ms): 184.5, 99th(ms): 260.0, 99.9th(ms): 486.5, Max(ms): 486.5
[Current] ORDER_STATUS - Takes(s): 9.8, Count: 31, TPM: 189.8, Sum(ms): 3588.8, Avg(ms): 115.7, 50th(ms): 104.9, 90th(ms): 226.5, 95th(ms): 243.3, 99th(ms): 251.7, 99.9th(ms): 251.7, Max(ms): 251.7
[Current] PAYMENT - Takes(s): 10.0, Count: 364, TPM: 2190.8, Sum(ms): 32369.2, Avg(ms): 88.9, 50th(ms): 75.5, 90th(ms): 151.0, 95th(ms): 184.5, 99th(ms): 234.9, 99.9th(ms): 369.1, Max(ms): 369.1
[Current] STOCK_LEVEL - Takes(s): 9.6, Count: 33, TPM: 205.5, Sum(ms): 4553.8, Avg(ms): 138.0, 50th(ms): 142.6, 90th(ms): 167.8, 95th(ms): 176.2, 99th(ms): 192.9, 99.9th(ms): 192.9, Max(ms): 192.9
[Current] DELIVERY - Takes(s): 9.7, Count: 41, TPM: 254.5, Sum(ms): 19256.9, Avg(ms): 468.7, 50th(ms): 402.7, 90th(ms): 671.1, 95th(ms): 872.4, 99th(ms): 906.0, 99.9th(ms): 906.0, Max(ms): 906.0
[Current] NEW_ORDER - Takes(s): 10.0, Count: 354, TPM: 2125.9, Sum(ms): 38949.9, Avg(ms): 110.1, 50th(ms): 104.9, 90th(ms): 151.0, 95th(ms): 167.8, 99th(ms): 234.9, 99.9th(ms): 302.0, Max(ms): 302.0
[Current] ORDER_STATUS - Takes(s): 9.8, Count: 36, TPM: 219.5, Sum(ms): 4771.3, Avg(ms): 133.0, 50th(ms): 109.1, 90th(ms): 234.9, 95th(ms): 243.3, 99th(ms): 285.2, 99.9th(ms): 285.2, Max(ms): 285.2
[Current] PAYMENT - Takes(s): 10.0, Count: 368, TPM: 2211.8, Sum(ms): 31095.3, Avg(ms): 84.5, 50th(ms): 71.3, 90th(ms): 151.0, 95th(ms): 167.8, 99th(ms): 226.5, 99.9th(ms): 302.0, Max(ms): 302.0
[Current] STOCK_LEVEL - Takes(s): 9.8, Count: 42, TPM: 256.3, Sum(ms): 5442.4, Avg(ms): 129.8, 50th(ms): 125.8, 90th(ms): 159.4, 95th(ms): 159.4, 99th(ms): 218.1, 99.9th(ms): 218.1, Max(ms): 218.1
[Current] DELIVERY - Takes(s): 9.6, Count: 36, TPM: 223.9, Sum(ms): 17049.4, Avg(ms): 472.6, 50th(ms): 402.7, 90th(ms): 671.1, 95th(ms): 738.2, 99th(ms): 973.1, 99.9th(ms): 973.1, Max(ms): 973.1
[Current] NEW_ORDER - Takes(s): 10.0, Count: 368, TPM: 2214.9, Sum(ms): 39789.6, Avg(ms): 108.1, 50th(ms): 100.7, 90th(ms): 142.6, 95th(ms): 184.5, 99th(ms): 251.7, 99.9th(ms): 302.0, Max(ms): 302.0
[Current] ORDER_STATUS - Takes(s): 8.8, Count: 36, TPM: 244.3, Sum(ms): 3774.6, Avg(ms): 105.1, 50th(ms): 71.3, 90th(ms): 234.9, 95th(ms): 243.3, 99th(ms): 251.7, 99.9th(ms): 251.7, Max(ms): 251.7
[Current] PAYMENT - Takes(s): 10.0, Count: 384, TPM: 2307.2, Sum(ms): 33493.8, Avg(ms): 87.2, 50th(ms): 71.3, 90th(ms): 159.4, 95th(ms): 176.2, 99th(ms): 209.7, 99.9th(ms): 243.3, Max(ms): 243.3
[Current] STOCK_LEVEL - Takes(s): 9.7, Count: 37, TPM: 228.3, Sum(ms): 4862.0, Avg(ms): 132.0, 50th(ms): 134.2, 90th(ms): 159.4, 95th(ms): 159.4, 99th(ms): 192.9, 99.9th(ms): 192.9, Max(ms): 192.9
[Current] DELIVERY - Takes(s): 10.0, Count: 31, TPM: 186.1, Sum(ms): 13490.4, Avg(ms): 435.7, 50th(ms): 402.7, 90th(ms): 637.5, 95th(ms): 671.1, 99th(ms): 973.1, 99.9th(ms): 973.1, Max(ms): 973.1
[Current] NEW_ORDER - Takes(s): 10.0, Count: 406, TPM: 2436.1, Sum(ms): 45307.6, Avg(ms): 111.7, 50th(ms): 104.9, 90th(ms): 159.4, 95th(ms): 192.9, 99th(ms): 260.0, 99.9th(ms): 285.2, Max(ms): 285.2
[Current] ORDER_STATUS - Takes(s): 9.8, Count: 44, TPM: 268.6, Sum(ms): 4611.0, Avg(ms): 105.2, 50th(ms): 48.2, 90th(ms): 226.5, 95th(ms): 234.9, 99th(ms): 243.3, 99.9th(ms): 243.3, Max(ms): 243.3
[Current] PAYMENT - Takes(s): 10.0, Count: 368, TPM: 2209.0, Sum(ms): 32744.2, Avg(ms): 89.1, 50th(ms): 71.3, 90th(ms): 159.4, 95th(ms): 184.5, 99th(ms): 243.3, 99.9th(ms): 285.2, Max(ms): 285.2
[Current] STOCK_LEVEL - Takes(s): 10.0, Count: 29, TPM: 174.5, Sum(ms): 3865.7, Avg(ms): 133.2, 50th(ms): 121.6, 90th(ms): 184.5, 95th(ms): 209.7, 99th(ms): 226.5, 99.9th(ms): 226.5, Max(ms): 226.5
[Current] DELIVERY - Takes(s): 8.3, Count: 33, TPM: 239.5, Sum(ms): 15056.9, Avg(ms): 458.6, 50th(ms): 402.7, 90th(ms): 671.1, 95th(ms): 671.1, 99th(ms): 1208.0, 99.9th(ms): 1208.0, Max(ms): 1208.0
[Current] NEW_ORDER - Takes(s): 10.0, Count: 386, TPM: 2316.6, Sum(ms): 42794.0, Avg(ms): 111.1, 50th(ms): 100.7, 90th(ms): 176.2, 95th(ms): 201.3, 99th(ms): 251.7, 99.9th(ms): 302.0, Max(ms): 302.0
[Current] ORDER_STATUS - Takes(s): 9.8, Count: 28, TPM: 171.0, Sum(ms): 3299.8, Avg(ms): 118.2, 50th(ms): 109.1, 90th(ms): 234.9, 95th(ms): 260.0, 99th(ms): 268.4, 99.9th(ms): 268.4, Max(ms): 268.4
[Current] PAYMENT - Takes(s): 10.0, Count: 385, TPM: 2315.0, Sum(ms): 34557.7, Avg(ms): 89.8, 50th(ms): 71.3, 90th(ms): 167.8, 95th(ms): 184.5, 99th(ms): 268.4, 99.9th(ms): 302.0, Max(ms): 302.0
[Current] STOCK_LEVEL - Takes(s): 10.0, Count: 31, TPM: 186.9, Sum(ms): 4123.4, Avg(ms): 132.9, 50th(ms): 125.8, 90th(ms): 167.8, 95th(ms): 176.2, 99th(ms): 184.5, 99.9th(ms): 184.5, Max(ms): 184.5
[Current] DELIVERY - Takes(s): 9.6, Count: 31, TPM: 194.2, Sum(ms): 12972.7, Avg(ms): 419.2, 50th(ms): 385.9, 90th(ms): 570.4, 95th(ms): 604.0, 99th(ms): 704.6, 99.9th(ms): 704.6, Max(ms): 704.6
[Current] NEW_ORDER - Takes(s): 9.9, Count: 359, TPM: 2168.1, Sum(ms): 39567.0, Avg(ms): 110.3, 50th(ms): 104.9, 90th(ms): 151.0, 95th(ms): 184.5, 99th(ms): 226.5, 99.9th(ms): 335.5, Max(ms): 335.5
[Current] ORDER_STATUS - Takes(s): 10.0, Count: 41, TPM: 247.2, Sum(ms): 4630.4, Avg(ms): 113.1, 50th(ms): 75.5, 90th(ms): 234.9, 95th(ms): 251.7, 99th(ms): 285.2, 99.9th(ms): 285.2, Max(ms): 285.2
[Current] PAYMENT - Takes(s): 10.0, Count: 384, TPM: 2309.1, Sum(ms): 37542.6, Avg(ms): 97.7, 50th(ms): 75.5, 90th(ms): 184.5, 95th(ms): 234.9, 99th(ms): 318.8, 99.9th(ms): 402.7, Max(ms): 402.7
[Current] STOCK_LEVEL - Takes(s): 9.8, Count: 36, TPM: 221.0, Sum(ms): 4899.6, Avg(ms): 136.4, 50th(ms): 134.2, 90th(ms): 159.4, 95th(ms): 167.8, 99th(ms): 176.2, 99.9th(ms): 176.2, Max(ms): 176.2
[Current] DELIVERY - Takes(s): 9.5, Count: 25, TPM: 157.5, Sum(ms): 15462.6, Avg(ms): 615.4, 50th(ms): 436.2, 90th(ms): 1342.2, 95th(ms): 1476.4, 99th(ms): 1543.5, 99.9th(ms): 1543.5, Max(ms): 1543.5
[Current] NEW_ORDER - Takes(s): 10.0, Count: 394, TPM: 2369.8, Sum(ms): 44690.3, Avg(ms): 113.5, 50th(ms): 104.9, 90th(ms): 159.4, 95th(ms): 192.9, 99th(ms): 243.3, 99.9th(ms): 302.0, Max(ms): 302.0
[Current] ORDER_STATUS - Takes(s): 10.0, Count: 32, TPM: 192.0, Sum(ms): 3243.0, Avg(ms): 101.5, 50th(ms): 50.3, 90th(ms): 243.3, 95th(ms): 243.3, 99th(ms): 268.4, 99.9th(ms): 268.4, Max(ms): 268.4
[Current] PAYMENT - Takes(s): 10.0, Count: 355, TPM: 2140.5, Sum(ms): 30971.0, Avg(ms): 87.2, 50th(ms): 71.3, 90th(ms): 151.0, 95th(ms): 176.2, 99th(ms): 251.7, 99.9th(ms): 268.4, Max(ms): 268.4
[Current] STOCK_LEVEL - Takes(s): 9.9, Count: 39, TPM: 236.1, Sum(ms): 5111.8, Avg(ms): 131.4, 50th(ms): 134.2, 90th(ms): 151.0, 95th(ms): 159.4, 99th(ms): 192.9, 99.9th(ms): 192.9, Max(ms): 192.9
[Current] DELIVERY - Takes(s): 9.9, Count: 32, TPM: 194.8, Sum(ms): 16708.0, Avg(ms): 524.3, 50th(ms): 419.4, 90th(ms): 872.4, 95th(ms): 872.4, 99th(ms): 1073.7, 99.9th(ms): 1073.7, Max(ms): 1073.7
[Current] NEW_ORDER - Takes(s): 10.0, Count: 366, TPM: 2200.4, Sum(ms): 42163.8, Avg(ms): 115.2, 50th(ms): 109.1, 90th(ms): 159.4, 95th(ms): 192.9, 99th(ms): 234.9, 99.9th(ms): 318.8, Max(ms): 318.8
[Current] ORDER_STATUS - Takes(s): 9.6, Count: 33, TPM: 206.9, Sum(ms): 3334.8, Avg(ms): 100.9, 50th(ms): 92.3, 90th(ms): 218.1, 95th(ms): 218.1, 99th(ms): 243.3, 99.9th(ms): 243.3, Max(ms): 243.3
[Current] PAYMENT - Takes(s): 9.9, Count: 347, TPM: 2092.8, Sum(ms): 32599.3, Avg(ms): 93.9, 50th(ms): 79.7, 90th(ms): 159.4, 95th(ms): 192.9, 99th(ms): 251.7, 99.9th(ms): 318.8, Max(ms): 318.8
[Current] STOCK_LEVEL - Takes(s): 9.6, Count: 31, TPM: 192.8, Sum(ms): 4024.7, Avg(ms): 130.7, 50th(ms): 130.0, 90th(ms): 159.4, 95th(ms): 176.2, 99th(ms): 201.3, 99.9th(ms): 201.3, Max(ms): 201.3
[Current] DELIVERY - Takes(s): 9.9, Count: 39, TPM: 236.0, Sum(ms): 18675.2, Avg(ms): 478.6, 50th(ms): 419.4, 90th(ms): 704.6, 95th(ms): 805.3, 99th(ms): 906.0, 99.9th(ms): 906.0, Max(ms): 906.0
[Current] NEW_ORDER - Takes(s): 10.0, Count: 359, TPM: 2154.0, Sum(ms): 42335.8, Avg(ms): 117.8, 50th(ms): 109.1, 90th(ms): 167.8, 95th(ms): 209.7, 99th(ms): 260.0, 99.9th(ms): 335.5, Max(ms): 335.5
[Current] ORDER_STATUS - Takes(s): 9.5, Count: 40, TPM: 253.0, Sum(ms): 5196.2, Avg(ms): 130.1, 50th(ms): 142.6, 90th(ms): 243.3, 95th(ms): 251.7, 99th(ms): 285.2, 99.9th(ms): 285.2, Max(ms): 285.2
[Current] PAYMENT - Takes(s): 10.0, Count: 342, TPM: 2057.7, Sum(ms): 29630.1, Avg(ms): 86.7, 50th(ms): 75.5, 90th(ms): 159.4, 95th(ms): 192.9, 99th(ms): 234.9, 99.9th(ms): 260.0, Max(ms): 260.0
[Current] STOCK_LEVEL - Takes(s): 10.0, Count: 30, TPM: 180.6, Sum(ms): 3799.4, Avg(ms): 126.7, 50th(ms): 125.8, 90th(ms): 159.4, 95th(ms): 167.8, 99th(ms): 167.8, 99.9th(ms): 167.8, Max(ms): 167.8
[Current] DELIVERY - Takes(s): 9.9, Count: 29, TPM: 175.5, Sum(ms): 13291.8, Avg(ms): 458.8, 50th(ms): 436.2, 90th(ms): 671.1, 95th(ms): 704.6, 99th(ms): 704.6, 99.9th(ms): 704.6, Max(ms): 704.6
[Current] NEW_ORDER - Takes(s): 10.0, Count: 401, TPM: 2408.0, Sum(ms): 47102.2, Avg(ms): 117.5, 50th(ms): 109.1, 90th(ms): 167.8, 95th(ms): 201.3, 99th(ms): 268.4, 99.9th(ms): 335.5, Max(ms): 335.5
[Current] ORDER_STATUS - Takes(s): 10.0, Count: 41, TPM: 246.1, Sum(ms): 4322.1, Avg(ms): 105.6, 50th(ms): 60.8, 90th(ms): 226.5, 95th(ms): 234.9, 99th(ms): 285.2, 99.9th(ms): 285.2, Max(ms): 285.2
[Current] PAYMENT - Takes(s): 10.0, Count: 343, TPM: 2060.8, Sum(ms): 32067.2, Avg(ms): 93.5, 50th(ms): 79.7, 90th(ms): 159.4, 95th(ms): 201.3, 99th(ms): 268.4, 99.9th(ms): 436.2, Max(ms): 436.2
[Current] STOCK_LEVEL - Takes(s): 9.1, Count: 27, TPM: 178.8, Sum(ms): 3337.9, Avg(ms): 124.0, 50th(ms): 125.8, 90th(ms): 151.0, 95th(ms): 159.4, 99th(ms): 167.8, 99.9th(ms): 167.8, Max(ms): 167.8
[Current] DELIVERY - Takes(s): 9.8, Count: 35, TPM: 215.1, Sum(ms): 16341.3, Avg(ms): 466.4, 50th(ms): 419.4, 90th(ms): 704.6, 95th(ms): 771.8, 99th(ms): 1040.2, 99.9th(ms): 1040.2, Max(ms): 1040.2
[Current] NEW_ORDER - Takes(s): 10.0, Count: 389, TPM: 2338.1, Sum(ms): 44637.8, Avg(ms): 114.7, 50th(ms): 104.9, 90th(ms): 167.8, 95th(ms): 201.3, 99th(ms): 243.3, 99.9th(ms): 402.7, Max(ms): 402.7
[Current] ORDER_STATUS - Takes(s): 9.9, Count: 24, TPM: 145.1, Sum(ms): 2693.7, Avg(ms): 112.1, 50th(ms): 75.5, 90th(ms): 243.3, 95th(ms): 251.7, 99th(ms): 251.7, 99.9th(ms): 251.7, Max(ms): 251.7
[Current] PAYMENT - Takes(s): 10.0, Count: 348, TPM: 2092.6, Sum(ms): 32287.9, Avg(ms): 92.9, 50th(ms): 75.5, 90th(ms): 167.8, 95th(ms): 192.9, 99th(ms): 226.5, 99.9th(ms): 243.3, Max(ms): 243.3
[Current] STOCK_LEVEL - Takes(s): 8.5, Count: 27, TPM: 189.9, Sum(ms): 3400.1, Avg(ms): 125.5, 50th(ms): 121.6, 90th(ms): 151.0, 95th(ms): 167.8, 99th(ms): 218.1, 99.9th(ms): 218.1, Max(ms): 218.1
[Current] DELIVERY - Takes(s): 9.7, Count: 38, TPM: 235.8, Sum(ms): 19403.1, Avg(ms): 511.7, 50th(ms): 419.4, 90th(ms): 771.8, 95th(ms): 973.1, 99th(ms): 1140.9, 99.9th(ms): 1140.9, Max(ms): 1140.9
[Current] NEW_ORDER - Takes(s): 10.0, Count: 351, TPM: 2110.4, Sum(ms): 39273.0, Avg(ms): 111.9, 50th(ms): 104.9, 90th(ms): 159.4, 95th(ms): 184.5, 99th(ms): 285.2, 99.9th(ms): 318.8, Max(ms): 318.8
[Current] ORDER_STATUS - Takes(s): 9.6, Count: 37, TPM: 232.1, Sum(ms): 4320.9, Avg(ms): 116.1, 50th(ms): 83.9, 90th(ms): 226.5, 95th(ms): 243.3, 99th(ms): 251.7, 99.9th(ms): 251.7, Max(ms): 251.7
[Current] PAYMENT - Takes(s): 10.0, Count: 360, TPM: 2167.5, Sum(ms): 31604.8, Avg(ms): 87.8, 50th(ms): 71.3, 90th(ms): 159.4, 95th(ms): 192.9, 99th(ms): 243.3, 99.9th(ms): 352.3, Max(ms): 352.3
[Current] STOCK_LEVEL - Takes(s): 9.9, Count: 31, TPM: 187.7, Sum(ms): 3638.1, Avg(ms): 117.6, 50th(ms): 113.2, 90th(ms): 142.6, 95th(ms): 151.0, 99th(ms): 167.8, 99.9th(ms): 167.8, Max(ms): 167.8
[Current] DELIVERY - Takes(s): 10.0, Count: 31, TPM: 186.4, Sum(ms): 14326.4, Avg(ms): 460.6, 50th(ms): 419.4, 90th(ms): 570.4, 95th(ms): 637.5, 99th(ms): 1275.1, 99.9th(ms): 1275.1, Max(ms): 1275.1
[Current] NEW_ORDER - Takes(s): 10.0, Count: 417, TPM: 2507.4, Sum(ms): 45843.4, Avg(ms): 110.0, 50th(ms): 104.9, 90th(ms): 151.0, 95th(ms): 176.2, 99th(ms): 234.9, 99.9th(ms): 285.2, Max(ms): 285.2
[Current] ORDER_STATUS - Takes(s): 9.6, Count: 24, TPM: 149.9, Sum(ms): 2941.8, Avg(ms): 123.5, 50th(ms): 92.3, 90th(ms): 251.7, 95th(ms): 260.0, 99th(ms): 302.0, 99.9th(ms): 302.0, Max(ms): 302.0
[Current] PAYMENT - Takes(s): 10.0, Count: 372, TPM: 2232.1, Sum(ms): 34611.2, Avg(ms): 93.2, 50th(ms): 71.3, 90th(ms): 176.2, 95th(ms): 218.1, 99th(ms): 268.4, 99.9th(ms): 302.0, Max(ms): 302.0
[Current] STOCK_LEVEL - Takes(s): 9.8, Count: 27, TPM: 164.6, Sum(ms): 3359.7, Avg(ms): 124.3, 50th(ms): 125.8, 90th(ms): 159.4, 95th(ms): 159.4, 99th(ms): 167.8, 99.9th(ms): 167.8, Max(ms): 167.8
[Current] DELIVERY - Takes(s): 9.6, Count: 26, TPM: 162.9, Sum(ms): 11364.1, Avg(ms): 437.5, 50th(ms): 419.4, 90th(ms): 570.4, 95th(ms): 570.4, 99th(ms): 604.0, 99.9th(ms): 604.0, Max(ms): 604.0
[Current] NEW_ORDER - Takes(s): 10.0, Count: 403, TPM: 2418.3, Sum(ms): 46907.3, Avg(ms): 116.4, 50th(ms): 104.9, 90th(ms): 159.4, 95th(ms): 201.3, 99th(ms): 335.5, 99.9th(ms): 419.4, Max(ms): 419.4
[Current] ORDER_STATUS - Takes(s): 9.5, Count: 23, TPM: 145.2, Sum(ms): 2755.8, Avg(ms): 119.7, 50th(ms): 92.3, 90th(ms): 251.7, 95th(ms): 260.0, 99th(ms): 302.0, 99.9th(ms): 302.0, Max(ms): 302.0
[Current] PAYMENT - Takes(s): 9.8, Count: 359, TPM: 2197.2, Sum(ms): 34609.7, Avg(ms): 96.5, 50th(ms): 75.5, 90th(ms): 167.8, 95th(ms): 209.7, 99th(ms): 302.0, 99.9th(ms): 385.9, Max(ms): 385.9
[Current] STOCK_LEVEL - Takes(s): 9.6, Count: 31, TPM: 194.6, Sum(ms): 4015.6, Avg(ms): 130.0, 50th(ms): 125.8, 90th(ms): 151.0, 95th(ms): 151.0, 99th(ms): 209.7, 99.9th(ms): 209.7, Max(ms): 209.7
[Current] DELIVERY - Takes(s): 9.9, Count: 31, TPM: 187.4, Sum(ms): 16666.5, Avg(ms): 536.6, 50th(ms): 436.2, 90th(ms): 771.8, 95th(ms): 838.9, 99th(ms): 1208.0, 99.9th(ms): 1208.0, Max(ms): 1208.0
[Current] NEW_ORDER - Takes(s): 10.0, Count: 395, TPM: 2370.5, Sum(ms): 45110.1, Avg(ms): 114.2, 50th(ms): 104.9, 90th(ms): 167.8, 95th(ms): 209.7, 99th(ms): 251.7, 99.9th(ms): 302.0, Max(ms): 302.0
[Current] ORDER_STATUS - Takes(s): 9.3, Count: 36, TPM: 231.6, Sum(ms): 4494.4, Avg(ms): 124.7, 50th(ms): 100.7, 90th(ms): 243.3, 95th(ms): 243.3, 99th(ms): 260.0, 99.9th(ms): 260.0, Max(ms): 260.0
[Current] PAYMENT - Takes(s): 10.0, Count: 343, TPM: 2059.4, Sum(ms): 30296.9, Avg(ms): 88.3, 50th(ms): 71.3, 90th(ms): 167.8, 95th(ms): 184.5, 99th(ms): 243.3, 99.9th(ms): 302.0, Max(ms): 302.0
[Current] STOCK_LEVEL - Takes(s): 9.9, Count: 27, TPM: 163.0, Sum(ms): 3306.5, Avg(ms): 122.9, 50th(ms): 125.8, 90th(ms): 134.2, 95th(ms): 142.6, 99th(ms): 151.0, 99.9th(ms): 151.0, Max(ms): 151.0
[Current] DELIVERY - Takes(s): 9.7, Count: 33, TPM: 204.0, Sum(ms): 17153.8, Avg(ms): 519.3, 50th(ms): 419.4, 90th(ms): 838.9, 95th(ms): 838.9, 99th(ms): 1409.3, 99.9th(ms): 1409.3, Max(ms): 1409.3
[Current] NEW_ORDER - Takes(s): 10.0, Count: 390, TPM: 2344.6, Sum(ms): 44269.9, Avg(ms): 113.4, 50th(ms): 104.9, 90th(ms): 159.4, 95th(ms): 201.3, 99th(ms): 251.7, 99.9th(ms): 285.2, Max(ms): 285.2
[Current] ORDER_STATUS - Takes(s): 9.7, Count: 37, TPM: 228.2, Sum(ms): 4422.7, Avg(ms): 119.3, 50th(ms): 67.1, 90th(ms): 243.3, 95th(ms): 243.3, 99th(ms): 260.0, 99.9th(ms): 260.0, Max(ms): 260.0
[Current] PAYMENT - Takes(s): 10.0, Count: 336, TPM: 2023.8, Sum(ms): 30188.3, Avg(ms): 90.0, 50th(ms): 71.3, 90th(ms): 159.4, 95th(ms): 184.5, 99th(ms): 226.5, 99.9th(ms): 260.0, Max(ms): 260.0
[Current] STOCK_LEVEL - Takes(s): 9.8, Count: 28, TPM: 171.9, Sum(ms): 3623.6, Avg(ms): 129.6, 50th(ms): 130.0, 90th(ms): 151.0, 95th(ms): 167.8, 99th(ms): 176.2, 99.9th(ms): 176.2, Max(ms): 176.2
[Current] DELIVERY - Takes(s): 9.6, Count: 28, TPM: 174.7, Sum(ms): 16024.4, Avg(ms): 570.1, 50th(ms): 453.0, 90th(ms): 1073.7, 95th(ms): 1476.4, 99th(ms): 1677.7, 99.9th(ms): 1677.7, Max(ms): 1677.7
[Current] NEW_ORDER - Takes(s): 10.0, Count: 371, TPM: 2232.0, Sum(ms): 43947.9, Avg(ms): 118.6, 50th(ms): 109.1, 90th(ms): 159.4, 95th(ms): 201.3, 99th(ms): 318.8, 99.9th(ms): 385.9, Max(ms): 385.9
[Current] ORDER_STATUS - Takes(s): 9.8, Count: 33, TPM: 201.6, Sum(ms): 3576.1, Avg(ms): 108.5, 50th(ms): 96.5, 90th(ms): 226.5, 95th(ms): 226.5, 99th(ms): 234.9, 99.9th(ms): 234.9, Max(ms): 234.9
[Current] PAYMENT - Takes(s): 10.0, Count: 353, TPM: 2123.5, Sum(ms): 31704.4, Avg(ms): 89.8, 50th(ms): 71.3, 90th(ms): 159.4, 95th(ms): 184.5, 99th(ms): 218.1, 99.9th(ms): 318.8, Max(ms): 318.8
[Current] STOCK_LEVEL - Takes(s): 9.9, Count: 30, TPM: 182.5, Sum(ms): 4049.1, Avg(ms): 134.9, 50th(ms): 134.2, 90th(ms): 159.4, 95th(ms): 176.2, 99th(ms): 192.9, 99.9th(ms): 192.9, Max(ms): 192.9
[Current] DELIVERY - Takes(s): 9.8, Count: 21, TPM: 128.6, Sum(ms): 11240.2, Avg(ms): 536.9, 50th(ms): 453.0, 90th(ms): 838.9, 95th(ms): 838.9, 99th(ms): 1208.0, 99.9th(ms): 1208.0, Max(ms): 1208.0
[Current] NEW_ORDER - Takes(s): 9.9, Count: 352, TPM: 2122.8, Sum(ms): 44728.9, Avg(ms): 127.2, 50th(ms): 117.4, 90th(ms): 184.5, 95th(ms): 218.1, 99th(ms): 302.0, 99.9th(ms): 369.1, Max(ms): 369.1
[Current] ORDER_STATUS - Takes(s): 9.7, Count: 38, TPM: 235.4, Sum(ms): 3800.6, Avg(ms): 100.2, 50th(ms): 56.6, 90th(ms): 209.7, 95th(ms): 260.0, 99th(ms): 285.2, 99.9th(ms): 285.2, Max(ms): 285.2
[Current] PAYMENT - Takes(s): 10.0, Count: 351, TPM: 2111.0, Sum(ms): 34895.9, Avg(ms): 99.5, 50th(ms): 79.7, 90th(ms): 184.5, 95th(ms): 209.7, 99th(ms): 243.3, 99.9th(ms): 302.0, Max(ms): 302.0
[Current] STOCK_LEVEL - Takes(s): 9.3, Count: 28, TPM: 181.0, Sum(ms): 4189.5, Avg(ms): 148.9, 50th(ms): 142.6, 90th(ms): 176.2, 95th(ms): 209.7, 99th(ms): 218.1, 99.9th(ms): 218.1, Max(ms): 218.1
[Current] DELIVERY - Takes(s): 9.8, Count: 23, TPM: 140.1, Sum(ms): 15245.4, Avg(ms): 662.0, 50th(ms): 738.2, 90th(ms): 973.1, 95th(ms): 1073.7, 99th(ms): 1208.0, 99.9th(ms): 1208.0, Max(ms): 1208.0
[Current] NEW_ORDER - Takes(s): 10.0, Count: 337, TPM: 2028.0, Sum(ms): 41400.6, Avg(ms): 123.0, 50th(ms): 117.4, 90th(ms): 167.8, 95th(ms): 209.7, 99th(ms): 251.7, 99.9th(ms): 335.5, Max(ms): 335.5
[Current] ORDER_STATUS - Takes(s): 9.9, Count: 27, TPM: 163.3, Sum(ms): 4899.2, Avg(ms): 181.8, 50th(ms): 218.1, 90th(ms): 285.2, 95th(ms): 285.2, 99th(ms): 318.8, 99.9th(ms): 318.8, Max(ms): 318.8
[Current] PAYMENT - Takes(s): 10.0, Count: 350, TPM: 2100.6, Sum(ms): 34391.7, Avg(ms): 98.4, 50th(ms): 79.7, 90th(ms): 176.2, 95th(ms): 201.3, 99th(ms): 285.2, 99.9th(ms): 369.1, Max(ms): 369.1
[Current] STOCK_LEVEL - Takes(s): 10.0, Count: 30, TPM: 180.6, Sum(ms): 4090.9, Avg(ms): 136.2, 50th(ms): 134.2, 90th(ms): 176.2, 95th(ms): 184.5, 99th(ms): 192.9, 99.9th(ms): 192.9, Max(ms): 192.9
[Current] DELIVERY - Takes(s): 9.3, Count: 19, TPM: 122.7, Sum(ms): 9739.9, Avg(ms): 511.3, 50th(ms): 453.0, 90th(ms): 671.1, 95th(ms): 704.6, 99th(ms): 872.4, 99.9th(ms): 872.4, Max(ms): 872.4
[Current] NEW_ORDER - Takes(s): 10.0, Count: 348, TPM: 2093.5, Sum(ms): 43910.1, Avg(ms): 126.3, 50th(ms): 113.2, 90th(ms): 184.5, 95th(ms): 234.9, 99th(ms): 302.0, 99.9th(ms): 436.2, Max(ms): 436.2
[Current] ORDER_STATUS - Takes(s): 9.8, Count: 36, TPM: 220.0, Sum(ms): 3471.5, Avg(ms): 96.6, 50th(ms): 56.6, 90th(ms): 226.5, 95th(ms): 243.3, 99th(ms): 285.2, 99.9th(ms): 285.2, Max(ms): 285.2
[Current] PAYMENT - Takes(s): 10.0, Count: 361, TPM: 2166.5, Sum(ms): 38802.5, Avg(ms): 107.7, 50th(ms): 83.9, 90th(ms): 192.9, 95th(ms): 226.5, 99th(ms): 318.8, 99.9th(ms): 436.2, Max(ms): 436.2
[Current] STOCK_LEVEL - Takes(s): 9.5, Count: 27, TPM: 170.7, Sum(ms): 3558.3, Avg(ms): 131.8, 50th(ms): 130.0, 90th(ms): 151.0, 95th(ms): 151.0, 99th(ms): 176.2, 99.9th(ms): 176.2, Max(ms): 176.2
[Current] DELIVERY - Takes(s): 9.8, Count: 33, TPM: 201.8, Sum(ms): 17061.1, Avg(ms): 518.8, 50th(ms): 436.2, 90th(ms): 838.9, 95th(ms): 838.9, 99th(ms): 1208.0, 99.9th(ms): 1208.0, Max(ms): 1208.0
[Current] NEW_ORDER - Takes(s): 9.9, Count: 405, TPM: 2445.1, Sum(ms): 44926.8, Avg(ms): 111.0, 50th(ms): 104.9, 90th(ms): 159.4, 95th(ms): 192.9, 99th(ms): 260.0, 99.9th(ms): 369.1, Max(ms): 369.1
[Current] ORDER_STATUS - Takes(s): 9.7, Count: 37, TPM: 229.2, Sum(ms): 4069.9, Avg(ms): 110.3, 50th(ms): 52.4, 90th(ms): 251.7, 95th(ms): 260.0, 99th(ms): 260.0, 99.9th(ms): 260.0, Max(ms): 260.0
[Current] PAYMENT - Takes(s): 10.0, Count: 329, TPM: 1979.2, Sum(ms): 29733.1, Avg(ms): 90.4, 50th(ms): 71.3, 90th(ms): 167.8, 95th(ms): 192.9, 99th(ms): 268.4, 99.9th(ms): 436.2, Max(ms): 436.2
[Current] STOCK_LEVEL - Takes(s): 9.8, Count: 33, TPM: 202.1, Sum(ms): 4245.3, Avg(ms): 128.9, 50th(ms): 125.8, 90th(ms): 151.0, 95th(ms): 159.4, 99th(ms): 167.8, 99.9th(ms): 167.8, Max(ms): 167.8
[Current] DELIVERY - Takes(s): 9.5, Count: 42, TPM: 266.5, Sum(ms): 24693.8, Avg(ms): 589.6, 50th(ms): 436.2, 90th(ms): 872.4, 95th(ms): 1342.2, 99th(ms): 1677.7, 99.9th(ms): 1677.7, Max(ms): 1677.7
[Current] NEW_ORDER - Takes(s): 10.0, Count: 382, TPM: 2295.8, Sum(ms): 39805.1, Avg(ms): 104.2, 50th(ms): 100.7, 90th(ms): 142.6, 95th(ms): 167.8, 99th(ms): 226.5, 99.9th(ms): 285.2, Max(ms): 285.2
[Current] ORDER_STATUS - Takes(s): 9.8, Count: 46, TPM: 282.0, Sum(ms): 4690.7, Avg(ms): 101.6, 50th(ms): 48.2, 90th(ms): 226.5, 95th(ms): 234.9, 99th(ms): 260.0, 99.9th(ms): 260.0, Max(ms): 260.0
[Current] PAYMENT - Takes(s): 10.0, Count: 322, TPM: 1938.2, Sum(ms): 25555.2, Avg(ms): 79.3, 50th(ms): 62.9, 90th(ms): 142.6, 95th(ms): 176.2, 99th(ms): 209.7, 99.9th(ms): 268.4, Max(ms): 268.4
[Current] STOCK_LEVEL - Takes(s): 9.9, Count: 39, TPM: 236.9, Sum(ms): 4619.2, Avg(ms): 118.4, 50th(ms): 121.6, 90th(ms): 130.0, 95th(ms): 142.6, 99th(ms): 176.2, 99.9th(ms): 176.2, Max(ms): 176.2
[Current] DELIVERY - Takes(s): 9.1, Count: 26, TPM: 172.2, Sum(ms): 11989.0, Avg(ms): 461.1, 50th(ms): 419.4, 90th(ms): 637.5, 95th(ms): 671.1, 99th(ms): 771.8, 99.9th(ms): 771.8, Max(ms): 771.8
[Current] NEW_ORDER - Takes(s): 10.0, Count: 420, TPM: 2520.4, Sum(ms): 48269.2, Avg(ms): 114.8, 50th(ms): 104.9, 90th(ms): 167.8, 95th(ms): 201.3, 99th(ms): 251.7, 99.9th(ms): 385.9, Max(ms): 385.9
[Current] ORDER_STATUS - Takes(s): 10.0, Count: 33, TPM: 198.3, Sum(ms): 3874.0, Avg(ms): 117.3, 50th(ms): 113.2, 90th(ms): 226.5, 95th(ms): 243.3, 99th(ms): 260.0, 99.9th(ms): 260.0, Max(ms): 260.0
[Current] PAYMENT - Takes(s): 10.0, Count: 359, TPM: 2163.8, Sum(ms): 30437.9, Avg(ms): 84.8, 50th(ms): 71.3, 90th(ms): 151.0, 95th(ms): 176.2, 99th(ms): 234.9, 99.9th(ms): 285.2, Max(ms): 285.2
[Current] STOCK_LEVEL - Takes(s): 9.7, Count: 32, TPM: 197.0, Sum(ms): 4162.8, Avg(ms): 129.8, 50th(ms): 125.8, 90th(ms): 151.0, 95th(ms): 159.4, 99th(ms): 201.3, 99.9th(ms): 201.3, Max(ms): 201.3
[Current] DELIVERY - Takes(s): 9.9, Count: 36, TPM: 218.0, Sum(ms): 18424.7, Avg(ms): 511.2, 50th(ms): 436.2, 90th(ms): 671.1, 95th(ms): 805.3, 99th(ms): 1208.0, 99.9th(ms): 1208.0, Max(ms): 1208.0
[Current] NEW_ORDER - Takes(s): 10.0, Count: 372, TPM: 2233.1, Sum(ms): 40221.7, Avg(ms): 108.1, 50th(ms): 100.7, 90th(ms): 159.4, 95th(ms): 176.2, 99th(ms): 226.5, 99.9th(ms): 285.2, Max(ms): 285.2
[Current] ORDER_STATUS - Takes(s): 9.4, Count: 31, TPM: 196.8, Sum(ms): 3317.7, Avg(ms): 107.1, 50th(ms): 56.6, 90th(ms): 234.9, 95th(ms): 251.7, 99th(ms): 251.7, 99.9th(ms): 251.7, Max(ms): 251.7
[Current] PAYMENT - Takes(s): 9.9, Count: 379, TPM: 2286.9, Sum(ms): 34807.6, Avg(ms): 91.8, 50th(ms): 75.5, 90th(ms): 167.8, 95th(ms): 192.9, 99th(ms): 251.7, 99.9th(ms): 402.7, Max(ms): 402.7
[Current] STOCK_LEVEL - Takes(s): 10.0, Count: 29, TPM: 174.6, Sum(ms): 3856.7, Avg(ms): 133.1, 50th(ms): 130.0, 90th(ms): 151.0, 95th(ms): 201.3, 99th(ms): 226.5, 99.9th(ms): 226.5, Max(ms): 226.5
[Current] DELIVERY - Takes(s): 9.5, Count: 28, TPM: 176.2, Sum(ms): 12918.8, Avg(ms): 460.5, 50th(ms): 436.2, 90th(ms): 637.5, 95th(ms): 704.6, 99th(ms): 738.2, 99.9th(ms): 738.2, Max(ms): 738.2
[Current] NEW_ORDER - Takes(s): 10.0, Count: 366, TPM: 2205.1, Sum(ms): 40708.3, Avg(ms): 111.2, 50th(ms): 104.9, 90th(ms): 159.4, 95th(ms): 192.9, 99th(ms): 251.7, 99.9th(ms): 352.3, Max(ms): 352.3
[Current] ORDER_STATUS - Takes(s): 9.9, Count: 45, TPM: 272.7, Sum(ms): 5038.6, Avg(ms): 112.1, 50th(ms): 52.4, 90th(ms): 260.0, 95th(ms): 260.0, 99th(ms): 335.5, 99.9th(ms): 335.5, Max(ms): 335.5
[Current] PAYMENT - Takes(s): 10.0, Count: 379, TPM: 2273.9, Sum(ms): 35214.9, Avg(ms): 92.9, 50th(ms): 75.5, 90th(ms): 176.2, 95th(ms): 201.3, 99th(ms): 234.9, 99.9th(ms): 352.3, Max(ms): 352.3
[Current] STOCK_LEVEL - Takes(s): 10.0, Count: 44, TPM: 264.5, Sum(ms): 5352.7, Avg(ms): 121.9, 50th(ms): 117.4, 90th(ms): 151.0, 95th(ms): 159.4, 99th(ms): 176.2, 99.9th(ms): 176.2, Max(ms): 176.2
[Current] DELIVERY - Takes(s): 9.9, Count: 32, TPM: 194.6, Sum(ms): 15117.8, Avg(ms): 474.2, 50th(ms): 436.2, 90th(ms): 671.1, 95th(ms): 704.6, 99th(ms): 771.8, 99.9th(ms): 771.8, Max(ms): 771.8
[Current] NEW_ORDER - Takes(s): 10.0, Count: 377, TPM: 2266.2, Sum(ms): 42244.7, Avg(ms): 112.2, 50th(ms): 104.9, 90th(ms): 159.4, 95th(ms): 192.9, 99th(ms): 260.0, 99.9th(ms): 285.2, Max(ms): 285.2
[Current] ORDER_STATUS - Takes(s): 9.5, Count: 35, TPM: 220.6, Sum(ms): 4279.1, Avg(ms): 122.5, 50th(ms): 109.1, 90th(ms): 251.7, 95th(ms): 260.0, 99th(ms): 318.8, 99.9th(ms): 318.8, Max(ms): 318.8
[Current] PAYMENT - Takes(s): 10.0, Count: 371, TPM: 2234.0, Sum(ms): 34134.4, Avg(ms): 92.0, 50th(ms): 79.7, 90th(ms): 167.8, 95th(ms): 184.5, 99th(ms): 243.3, 99.9th(ms): 243.3, Max(ms): 243.3
[Current] STOCK_LEVEL - Takes(s): 9.8, Count: 33, TPM: 201.3, Sum(ms): 4144.1, Avg(ms): 125.4, 50th(ms): 121.6, 90th(ms): 151.0, 95th(ms): 151.0, 99th(ms): 159.4, 99.9th(ms): 159.4, Max(ms): 159.4
[Current] DELIVERY - Takes(s): 9.8, Count: 35, TPM: 214.3, Sum(ms): 16152.5, Avg(ms): 461.9, 50th(ms): 436.2, 90th(ms): 637.5, 95th(ms): 671.1, 99th(ms): 738.2, 99.9th(ms): 738.2, Max(ms): 738.2
[Current] NEW_ORDER - Takes(s): 10.0, Count: 352, TPM: 2121.4, Sum(ms): 40708.6, Avg(ms): 115.7, 50th(ms): 109.1, 90th(ms): 167.8, 95th(ms): 192.9, 99th(ms): 226.5, 99.9th(ms): 419.4, Max(ms): 419.4
[Current] ORDER_STATUS - Takes(s): 9.8, Count: 39, TPM: 239.0, Sum(ms): 5110.7, Avg(ms): 131.0, 50th(ms): 109.1, 90th(ms): 243.3, 95th(ms): 268.4, 99th(ms): 335.5, 99.9th(ms): 335.5, Max(ms): 335.5
[Current] PAYMENT - Takes(s): 10.0, Count: 362, TPM: 2174.5, Sum(ms): 31746.1, Avg(ms): 87.7, 50th(ms): 75.5, 90th(ms): 159.4, 95th(ms): 176.2, 99th(ms): 226.5, 99.9th(ms): 268.4, Max(ms): 268.4
[Current] STOCK_LEVEL - Takes(s): 9.6, Count: 44, TPM: 274.7, Sum(ms): 5773.4, Avg(ms): 131.1, 50th(ms): 130.0, 90th(ms): 159.4, 95th(ms): 167.8, 99th(ms): 184.5, 99.9th(ms): 184.5, Max(ms): 184.5
[Current] DELIVERY - Takes(s): 9.4, Count: 25, TPM: 160.1, Sum(ms): 14131.3, Avg(ms): 566.1, 50th(ms): 453.0, 90th(ms): 906.0, 95th(ms): 973.1, 99th(ms): 1040.2, 99.9th(ms): 1040.2, Max(ms): 1040.2
[Current] NEW_ORDER - Takes(s): 10.0, Count: 385, TPM: 2314.0, Sum(ms): 44476.1, Avg(ms): 115.6, 50th(ms): 109.1, 90th(ms): 159.4, 95th(ms): 192.9, 99th(ms): 251.7, 99.9th(ms): 335.5, Max(ms): 335.5
[Current] ORDER_STATUS - Takes(s): 9.5, Count: 34, TPM: 214.1, Sum(ms): 3972.9, Avg(ms): 117.0, 50th(ms): 62.9, 90th(ms): 251.7, 95th(ms): 260.0, 99th(ms): 302.0, 99.9th(ms): 302.0, Max(ms): 302.0
[Current] PAYMENT - Takes(s): 10.0, Count: 371, TPM: 2229.9, Sum(ms): 32665.1, Avg(ms): 88.2, 50th(ms): 71.3, 90th(ms): 159.4, 95th(ms): 176.2, 99th(ms): 234.9, 99.9th(ms): 352.3, Max(ms): 352.3
[Current] STOCK_LEVEL - Takes(s): 9.4, Count: 29, TPM: 185.9, Sum(ms): 3910.5, Avg(ms): 135.2, 50th(ms): 142.6, 90th(ms): 159.4, 95th(ms): 167.8, 99th(ms): 184.5, 99.9th(ms): 184.5, Max(ms): 184.5
[Current] DELIVERY - Takes(s): 9.8, Count: 32, TPM: 195.2, Sum(ms): 16270.4, Avg(ms): 508.0, 50th(ms): 453.0, 90th(ms): 738.2, 95th(ms): 771.8, 99th(ms): 906.0, 99.9th(ms): 906.0, Max(ms): 906.0
[Current] NEW_ORDER - Takes(s): 10.0, Count: 382, TPM: 2294.5, Sum(ms): 42737.5, Avg(ms): 111.8, 50th(ms): 104.9, 90th(ms): 159.4, 95th(ms): 184.5, 99th(ms): 218.1, 99.9th(ms): 318.8, Max(ms): 318.8
[Current] ORDER_STATUS - Takes(s): 10.0, Count: 47, TPM: 282.7, Sum(ms): 5790.4, Avg(ms): 123.3, 50th(ms): 92.3, 90th(ms): 268.4, 95th(ms): 285.2, 99th(ms): 335.5, 99.9th(ms): 335.5, Max(ms): 335.5
[Current] PAYMENT - Takes(s): 10.0, Count: 351, TPM: 2112.0, Sum(ms): 31009.7, Avg(ms): 88.4, 50th(ms): 71.3, 90th(ms): 159.4, 95th(ms): 184.5, 99th(ms): 318.8, 99.9th(ms): 402.7, Max(ms): 402.7
[Current] STOCK_LEVEL - Takes(s): 10.0, Count: 30, TPM: 180.0, Sum(ms): 3878.1, Avg(ms): 129.3, 50th(ms): 130.0, 90th(ms): 151.0, 95th(ms): 167.8, 99th(ms): 176.2, 99.9th(ms): 176.2, Max(ms): 176.2
[Current] DELIVERY - Takes(s): 9.9, Count: 35, TPM: 212.2, Sum(ms): 20793.1, Avg(ms): 594.4, 50th(ms): 436.2, 90th(ms): 1073.7, 95th(ms): 1140.9, 99th(ms): 1476.4, 99.9th(ms): 1476.4, Max(ms): 1476.4
[Current] NEW_ORDER - Takes(s): 10.0, Count: 342, TPM: 2053.6, Sum(ms): 37256.2, Avg(ms): 108.9, 50th(ms): 104.9, 90th(ms): 142.6, 95th(ms): 176.2, 99th(ms): 218.1, 99.9th(ms): 285.2, Max(ms): 285.2
[Current] ORDER_STATUS - Takes(s): 9.8, Count: 38, TPM: 233.6, Sum(ms): 4543.5, Avg(ms): 119.5, 50th(ms): 100.7, 90th(ms): 234.9, 95th(ms): 260.0, 99th(ms): 285.2, 99.9th(ms): 285.2, Max(ms): 285.2
[Current] PAYMENT - Takes(s): 10.0, Count: 374, TPM: 2248.7, Sum(ms): 33374.1, Avg(ms): 89.3, 50th(ms): 71.3, 90th(ms): 167.8, 95th(ms): 192.9, 99th(ms): 234.9, 99.9th(ms): 318.8, Max(ms): 318.8
[Current] STOCK_LEVEL - Takes(s): 10.0, Count: 30, TPM: 180.6, Sum(ms): 3937.3, Avg(ms): 131.1, 50th(ms): 134.2, 90th(ms): 151.0, 95th(ms): 167.8, 99th(ms): 176.2, 99.9th(ms): 176.2, Max(ms): 176.2
[Current] DELIVERY - Takes(s): 9.9, Count: 40, TPM: 243.6, Sum(ms): 20439.0, Avg(ms): 511.1, 50th(ms): 436.2, 90th(ms): 738.2, 95th(ms): 771.8, 99th(ms): 1275.1, 99.9th(ms): 1275.1, Max(ms): 1275.1
[Current] NEW_ORDER - Takes(s): 9.9, Count: 346, TPM: 2088.5, Sum(ms): 38422.0, Avg(ms): 111.3, 50th(ms): 104.9, 90th(ms): 151.0, 95th(ms): 184.5, 99th(ms): 251.7, 99.9th(ms): 385.9, Max(ms): 385.9
[Current] ORDER_STATUS - Takes(s): 9.7, Count: 38, TPM: 235.4, Sum(ms): 5441.3, Avg(ms): 143.3, 50th(ms): 104.9, 90th(ms): 268.4, 95th(ms): 285.2, 99th(ms): 318.8, 99.9th(ms): 318.8, Max(ms): 318.8
[Current] PAYMENT - Takes(s): 10.0, Count: 335, TPM: 2011.6, Sum(ms): 30145.7, Avg(ms): 90.0, 50th(ms): 71.3, 90th(ms): 167.8, 95th(ms): 192.9, 99th(ms): 285.2, 99.9th(ms): 302.0, Max(ms): 302.0
[Current] STOCK_LEVEL - Takes(s): 10.0, Count: 35, TPM: 210.5, Sum(ms): 4704.3, Avg(ms): 134.6, 50th(ms): 134.2, 90th(ms): 159.4, 95th(ms): 167.8, 99th(ms): 192.9, 99.9th(ms): 192.9, Max(ms): 192.9
[Current] DELIVERY - Takes(s): 9.8, Count: 33, TPM: 203.0, Sum(ms): 20380.9, Avg(ms): 618.5, 50th(ms): 453.0, 90th(ms): 1208.0, 95th(ms): 1275.1, 99th(ms): 1409.3, 99.9th(ms): 1409.3, Max(ms): 1409.3
[Current] NEW_ORDER - Takes(s): 10.0, Count: 394, TPM: 2371.2, Sum(ms): 43911.0, Avg(ms): 111.7, 50th(ms): 104.9, 90th(ms): 159.4, 95th(ms): 184.5, 99th(ms): 218.1, 99.9th(ms): 260.0, Max(ms): 260.0
[Current] ORDER_STATUS - Takes(s): 9.7, Count: 34, TPM: 210.1, Sum(ms): 3421.4, Avg(ms): 100.6, 50th(ms): 48.2, 90th(ms): 251.7, 95th(ms): 268.4, 99th(ms): 268.4, 99.9th(ms): 268.4, Max(ms): 268.4
[Current] PAYMENT - Takes(s): 10.0, Count: 341, TPM: 2046.4, Sum(ms): 28202.4, Avg(ms): 82.7, 50th(ms): 71.3, 90th(ms): 142.6, 95th(ms): 167.8, 99th(ms): 226.5, 99.9th(ms): 260.0, Max(ms): 260.0
[Current] STOCK_LEVEL - Takes(s): 9.7, Count: 33, TPM: 204.1, Sum(ms): 4286.0, Avg(ms): 130.2, 50th(ms): 130.0, 90th(ms): 159.4, 95th(ms): 159.4, 99th(ms): 260.0, 99.9th(ms): 260.0, Max(ms): 260.0
[Current] DELIVERY - Takes(s): 9.7, Count: 34, TPM: 210.5, Sum(ms): 17664.7, Avg(ms): 519.4, 50th(ms): 436.2, 90th(ms): 771.8, 95th(ms): 805.3, 99th(ms): 973.1, 99.9th(ms): 973.1, Max(ms): 973.1
[Current] NEW_ORDER - Takes(s): 10.0, Count: 371, TPM: 2235.0, Sum(ms): 42436.2, Avg(ms): 114.4, 50th(ms): 104.9, 90th(ms): 167.8, 95th(ms): 192.9, 99th(ms): 302.0, 99.9th(ms): 419.4, Max(ms): 419.4
[Current] ORDER_STATUS - Takes(s): 9.0, Count: 24, TPM: 159.2, Sum(ms): 3931.1, Avg(ms): 163.3, 50th(ms): 201.3, 90th(ms): 260.0, 95th(ms): 268.4, 99th(ms): 285.2, 99.9th(ms): 285.2, Max(ms): 285.2
[Current] PAYMENT - Takes(s): 10.0, Count: 345, TPM: 2073.2, Sum(ms): 31542.8, Avg(ms): 91.3, 50th(ms): 75.5, 90th(ms): 151.0, 95th(ms): 176.2, 99th(ms): 302.0, 99.9th(ms): 486.5, Max(ms): 486.5
[Current] STOCK_LEVEL - Takes(s): 10.0, Count: 33, TPM: 198.7, Sum(ms): 4054.7, Avg(ms): 123.2, 50th(ms): 121.6, 90th(ms): 151.0, 95th(ms): 159.4, 99th(ms): 184.5, 99.9th(ms): 184.5, Max(ms): 184.5
[Current] DELIVERY - Takes(s): 9.6, Count: 36, TPM: 225.0, Sum(ms): 17521.3, Avg(ms): 486.1, 50th(ms): 436.2, 90th(ms): 637.5, 95th(ms): 872.4, 99th(ms): 906.0, 99.9th(ms): 906.0, Max(ms): 906.0
[Current] NEW_ORDER - Takes(s): 10.0, Count: 364, TPM: 2186.8, Sum(ms): 42163.5, Avg(ms): 115.8, 50th(ms): 104.9, 90th(ms): 167.8, 95th(ms): 201.3, 99th(ms): 260.0, 99.9th(ms): 369.1, Max(ms): 369.1
[Current] ORDER_STATUS - Takes(s): 9.9, Count: 31, TPM: 187.2, Sum(ms): 3781.3, Avg(ms): 122.6, 50th(ms): 75.5, 90th(ms): 243.3, 95th(ms): 251.7, 99th(ms): 318.8, 99.9th(ms): 318.8, Max(ms): 318.8
[Current] PAYMENT - Takes(s): 10.0, Count: 353, TPM: 2120.6, Sum(ms): 32117.1, Avg(ms): 91.0, 50th(ms): 71.3, 90th(ms): 159.4, 95th(ms): 192.9, 99th(ms): 226.5, 99.9th(ms): 268.4, Max(ms): 268.4
[Current] STOCK_LEVEL - Takes(s): 9.5, Count: 34, TPM: 214.6, Sum(ms): 3974.5, Avg(ms): 116.6, 50th(ms): 113.2, 90th(ms): 142.6, 95th(ms): 151.0, 99th(ms): 176.2, 99.9th(ms): 176.2, Max(ms): 176.2
[Current] DELIVERY - Takes(s): 9.5, Count: 31, TPM: 195.2, Sum(ms): 16706.5, Avg(ms): 540.4, 50th(ms): 469.8, 90th(ms): 805.3, 95th(ms): 838.9, 99th(ms): 1040.2, 99.9th(ms): 1040.2, Max(ms): 1040.2
[Current] NEW_ORDER - Takes(s): 10.0, Count: 350, TPM: 2104.6, Sum(ms): 41463.3, Avg(ms): 118.5, 50th(ms): 109.1, 90th(ms): 167.8, 95th(ms): 201.3, 99th(ms): 285.2, 99.9th(ms): 352.3, Max(ms): 352.3
[Current] ORDER_STATUS - Takes(s): 9.7, Count: 47, TPM: 291.3, Sum(ms): 5858.4, Avg(ms): 124.8, 50th(ms): 62.9, 90th(ms): 285.2, 95th(ms): 285.2, 99th(ms): 302.0, 99.9th(ms): 302.0, Max(ms): 302.0
[Current] PAYMENT - Takes(s): 10.0, Count: 326, TPM: 1960.9, Sum(ms): 30328.1, Avg(ms): 93.1, 50th(ms): 75.5, 90th(ms): 176.2, 95th(ms): 209.7, 99th(ms): 243.3, 99.9th(ms): 335.5, Max(ms): 335.5
[Current] STOCK_LEVEL - Takes(s): 9.8, Count: 35, TPM: 214.6, Sum(ms): 4394.8, Avg(ms): 125.7, 50th(ms): 121.6, 90th(ms): 159.4, 95th(ms): 176.2, 99th(ms): 201.3, 99.9th(ms): 201.3, Max(ms): 201.3
[Current] DELIVERY - Takes(s): 9.9, Count: 34, TPM: 206.7, Sum(ms): 20476.5, Avg(ms): 601.3, 50th(ms): 486.5, 90th(ms): 906.0, 95th(ms): 973.1, 99th(ms): 1140.9, 99.9th(ms): 1140.9, Max(ms): 1140.9
[Current] NEW_ORDER - Takes(s): 10.0, Count: 358, TPM: 2148.0, Sum(ms): 41662.7, Avg(ms): 116.4, 50th(ms): 109.1, 90th(ms): 159.4, 95th(ms): 184.5, 99th(ms): 243.3, 99.9th(ms): 318.8, Max(ms): 318.8
[Current] ORDER_STATUS - Takes(s): 9.8, Count: 29, TPM: 178.1, Sum(ms): 4633.8, Avg(ms): 160.7, 50th(ms): 167.8, 90th(ms): 302.0, 95th(ms): 302.0, 99th(ms): 318.8, 99.9th(ms): 318.8, Max(ms): 318.8
[Current] PAYMENT - Takes(s): 10.0, Count: 327, TPM: 1963.0, Sum(ms): 29415.0, Avg(ms): 90.1, 50th(ms): 71.3, 90th(ms): 159.4, 95th(ms): 201.3, 99th(ms): 251.7, 99.9th(ms): 268.4, Max(ms): 268.4
[Current] STOCK_LEVEL - Takes(s): 9.8, Count: 24, TPM: 146.2, Sum(ms): 2964.6, Avg(ms): 123.8, 50th(ms): 121.6, 90th(ms): 151.0, 95th(ms): 159.4, 99th(ms): 167.8, 99.9th(ms): 167.8, Max(ms): 167.8
[Current] DELIVERY - Takes(s): 10.0, Count: 28, TPM: 168.0, Sum(ms): 16348.1, Avg(ms): 586.9, 50th(ms): 469.8, 90th(ms): 906.0, 95th(ms): 1040.2, 99th(ms): 1275.1, 99.9th(ms): 1275.1, Max(ms): 1275.1
[Current] NEW_ORDER - Takes(s): 10.0, Count: 386, TPM: 2322.0, Sum(ms): 45474.8, Avg(ms): 117.7, 50th(ms): 109.1, 90th(ms): 167.8, 95th(ms): 201.3, 99th(ms): 285.2, 99.9th(ms): 402.7, Max(ms): 402.7
[Current] ORDER_STATUS - Takes(s): 9.8, Count: 36, TPM: 220.1, Sum(ms): 4065.5, Avg(ms): 113.1, 50th(ms): 56.6, 90th(ms): 243.3, 95th(ms): 243.3, 99th(ms): 268.4, 99.9th(ms): 268.4, Max(ms): 268.4
[Current] PAYMENT - Takes(s): 10.0, Count: 367, TPM: 2207.5, Sum(ms): 31617.5, Avg(ms): 86.2, 50th(ms): 71.3, 90th(ms): 142.6, 95th(ms): 192.9, 99th(ms): 234.9, 99.9th(ms): 268.4, Max(ms): 268.4
[Current] STOCK_LEVEL - Takes(s): 9.7, Count: 24, TPM: 148.3, Sum(ms): 2947.9, Avg(ms): 122.7, 50th(ms): 121.6, 90th(ms): 151.0, 95th(ms): 151.0, 99th(ms): 167.8, 99.9th(ms): 167.8, Max(ms): 167.8
Finished
[Summary] DELIVERY - Takes(s): 599.6, Count: 1919, TPM: 192.0, Sum(ms): 916801.5, Avg(ms): 477.9, 50th(ms): 419.4, 90th(ms): 738.2, 95th(ms): 872.4, 99th(ms): 1208.0, 99.9th(ms): 1677.7, Max(ms): 1677.7
[Summary] NEW_ORDER - Takes(s): 599.9, Count: 22643, TPM: 2264.6, Sum(ms): 2583881.8, Avg(ms): 114.2, 50th(ms): 104.9, 90th(ms): 159.4, 95th(ms): 192.9, 99th(ms): 260.0, 99.9th(ms): 369.1, Max(ms): 486.5
[Summary] ORDER_STATUS - Takes(s): 599.8, Count: 2128, TPM: 212.9, Sum(ms): 250127.1, Avg(ms): 117.6, 50th(ms): 92.3, 90th(ms): 243.3, 95th(ms): 260.0, 99th(ms): 302.0, 99.9th(ms): 335.5, Max(ms): 385.9
[Summary] PAYMENT - Takes(s): 599.9, Count: 21590, TPM: 2159.2, Sum(ms): 1973698.1, Avg(ms): 91.4, 50th(ms): 75.5, 90th(ms): 167.8, 95th(ms): 192.9, 99th(ms): 260.0, 99.9th(ms): 352.3, Max(ms): 486.5
[Summary] STOCK_LEVEL - Takes(s): 599.6, Count: 1952, TPM: 195.3, Sum(ms): 250901.8, Avg(ms): 128.6, 50th(ms): 130.0, 90th(ms): 159.4, 95th(ms): 167.8, 99th(ms): 201.3, 99.9th(ms): 243.3, Max(ms): 260.0
tpmC: 2264.6, tpmTotal: 5024.0, efficiency: 4402.4%
