[root@openeuler-riscv64 testsuite]# runtest -v --tool gfortran ieee.exp=ieee_6.f90
Expect binary is expect
Using /home/install_runtest/share/dejagnu/runtest.exp as main test driver
Verbose level is 1
Login name is root
Using test sources in .
Using test binaries in /home/gcc/gcc/testsuite
Tool root directory is /home/gcc
Using /home/install_runtest/share/dejagnu to find libraries
Found /home/install_runtest/share/dejagnu/libexec/config.guess
Assuming build host is riscv64-unknown-linux-gnu
WARNING: Couldn't find the global config file.
Loading /home/install_runtest/share/dejagnu/utils.exp
Loading /home/install_runtest/share/dejagnu/framework.exp
Loading /home/install_runtest/share/dejagnu/debugger.exp
Loading /home/install_runtest/share/dejagnu/remote.exp
Loading /home/install_runtest/share/dejagnu/telnet.exp
Loading /home/install_runtest/share/dejagnu/rlogin.exp
Loading /home/install_runtest/share/dejagnu/kermit.exp
Loading /home/install_runtest/share/dejagnu/tip.exp
Loading /home/install_runtest/share/dejagnu/rsh.exp
Loading /home/install_runtest/share/dejagnu/ssh.exp
Loading /home/install_runtest/share/dejagnu/ftp.exp
Loading /home/install_runtest/share/dejagnu/target.exp
Loading /home/install_runtest/share/dejagnu/targetdb.exp
Loading /home/install_runtest/share/dejagnu/libgloss.exp
Loading library file ./lib/gfortran.exp
Loading ./lib/prune.exp
Loading ./lib/multiline.exp
Loading ./lib/gcc-defs.exp
Loading ./lib/target-libpath.exp
Loading ./lib/wrapper.exp
Loading ./lib/target-utils.exp
Loading ./lib/target-supports.exp
Loading ./lib/timeout.exp
Testing gfortran
Running only tests ieee.exp=ieee_6.f90
Opening log files in .
Test run by root on Wed May 17 23:04:24 2023
Native configuration is riscv64-unknown-linux-gnu

                === gfortran tests ===

setting trap for SIGINT to interrupted by user
setting trap for SIGQUIT to interrupted by user
setting trap for SIGTERM to terminated
dirlist is /home/install_runtest/share/dejagnu/baseboards
pushing config for build, name is openeuler-riscv64
dirlist is /home/install_runtest/share/dejagnu/baseboards
pushing config for host, name is openeuler-riscv64
Schedule of variations:
    unix

target is unix
Running target unix
dirlist is /home/install_runtest/share/dejagnu/baseboards/openeuler-riscv64 /home/install_runtest/share/dejagnu/baseboards
Using /home/install_runtest/share/dejagnu/baseboards/unix.exp as board description file for target.
Using /home/install_runtest/share/dejagnu/config/unix.exp as generic interface file for target.
Using ./config/default.exp as tool-and-target-specific interface file.
Loading /home/install_runtest/share/dejagnu/standard.exp
pushing config for target, name is unix
Running ./gfortran.dg/ieee/ieee.exp ...
compiler is gcc
GCC path is .
shared lib extension: so
pid is 4230 -4230
pid is -1
output is /usr/lib/gcc/riscv64-linux-gnu/10.3.1/libgcc_s.so
 status 0
pid is 4234 -4234
pid is -1
output is .
 status 0
pid is 4237 -4237
pid is -1
output is .;
 status 0
LD_LIBRARY_PATH=.:/usr/lib/gcc/riscv64-linux-gnu/10.3.1
LD_RUN_PATH=.:/usr/lib/gcc/riscv64-linux-gnu/10.3.1
SHLIB_PATH=.:/usr/lib/gcc/riscv64-linux-gnu/10.3.1
LD_LIBRARY_PATH_32=.:/usr/lib/gcc/riscv64-linux-gnu/10.3.1
LD_LIBRARY_PATH_64=.:/usr/lib/gcc/riscv64-linux-gnu/10.3.1
DYLD_LIBRARY_PATH=.:/usr/lib/gcc/riscv64-linux-gnu/10.3.1
ALWAYS_GFORTRANFLAGS set to {additional_flags=-fno-diagnostics-show-caret -fno-diagnostics-show-line-numbers -fdiagnostics-color=never  -fdiagnostics-urls=never } ldflags=
Loading ./lib/gfortran-dg.exp
Loading ./lib/gcc-dg.exp
Loading /home/install_runtest/share/dejagnu/dg.exp
Loading ./lib/file-format.exp
Loading ./lib/target-supports-dg.exp
Loading ./lib/scanasm.exp
Loading ./lib/scanrtl.exp
Loading ./lib/scandump.exp
Loading ./lib/scantree.exp
Loading ./lib/scanltranstree.exp
Loading ./lib/scanipa.exp
Loading ./lib/scanwpaipa.exp
Loading ./lib/scanlang.exp
Loading ./lib/timeout-dg.exp
Loading ./lib/torture-options.exp
Loading ./lib/fortran-modules.exp
check_compile tool: gfortran for lto
doing compile
pid is 4240 -4240
pid is -1
output is  status 0
check_compile tool: gfortran for linker_plugin
doing compile
pid is 4245 -4245
pid is -1
output is  status 0
check_compile tool: gfortran for offload_gcn
doing compile
pid is 4258 -4258
pid is -1
close result is 4258 exp6 0 1
output is gfortran: fatal error: GCC is not configured to support amdgcn-amdhsa as offload target
compilation terminated.
 status 1
compiler exited with status 1
check_compile tool: gfortran for fortran_ieee
doing compile
pid is 4261 -4261
pid is -1
output is  status 0
torture_without_loops = "{ -O0 } { -O1 } { -O2 } { -O3 -g } { -Os }"
torture_with_loops = "{ -O0 } { -O1 } { -O2 } { -O3 -fomit-frame-pointer -funroll-loops -fpeel-loops -ftracer -finline-functions } { -O3 -g } { -Os }"
Testing ieee/ieee_6.f90,   -O0 
doing compile
pid is 4268 -4268
pid is -1
output is  status 0
comput_output0:

comput_output1:

comput_output2:

comput_output3:

comput_output4:

check_compile tool: gfortran for exceptions_enabled
doing compile
pid is 4275 -4275
pid is -1
close result is 4275 exp6 0 1
output is exceptions_enabled4178.c: In function 'foo':
exceptions_enabled4178.c:4:7: error: 'throw' undeclared (first use in this function)
exceptions_enabled4178.c:4:7: note: each undeclared identifier is reported only once for each function it appears in
exceptions_enabled4178.c:4:12: error: expected ';' before numeric constant
 status 1
compiler exited with status 1
spawning command ./ieee_6.exe 
exp9 file6
close result is child process exited abnormally
FAIL: gfortran.dg/ieee/ieee_6.f90   -O0  execution test
Testing ieee/ieee_6.f90,   -O1 
doing compile
pid is 4281 -4281
pid is -1
output is  status 0
comput_output0:

comput_output1:

comput_output2:

comput_output3:

comput_output4:

spawning command ./ieee_6.exe 
exp9 file6
close result is child process exited abnormally
FAIL: gfortran.dg/ieee/ieee_6.f90   -O1  execution test
Testing ieee/ieee_6.f90,   -O2 
doing compile
pid is 4290 -4290
pid is -1
output is  status 0
comput_output0:

comput_output1:

comput_output2:

comput_output3:

comput_output4:

spawning command ./ieee_6.exe 
exp9 file6
close result is child process exited abnormally
FAIL: gfortran.dg/ieee/ieee_6.f90   -O2  execution test
Testing ieee/ieee_6.f90,   -O3 -fomit-frame-pointer -funroll-loops -fpeel-loops -ftracer -finline-functions 
doing compile
pid is 4299 -4299
pid is -1
output is  status 0
comput_output0:

comput_output1:

comput_output2:

comput_output3:

comput_output4:

spawning command ./ieee_6.exe 
exp9 file6
close result is child process exited abnormally
FAIL: gfortran.dg/ieee/ieee_6.f90   -O3 -fomit-frame-pointer -funroll-loops -fpeel-loops -ftracer -finline-functions  execution test
Testing ieee/ieee_6.f90,   -O3 -g 
doing compile
pid is 4308 -4308
pid is -1
output is  status 0
comput_output0:

comput_output1:

comput_output2:

comput_output3:

comput_output4:

spawning command ./ieee_6.exe 
exp9 file6
close result is child process exited abnormally
FAIL: gfortran.dg/ieee/ieee_6.f90   -O3 -g  execution test
Testing ieee/ieee_6.f90,   -Os 
doing compile
pid is 4317 -4317
pid is -1
output is  status 0
comput_output0:

comput_output1:

comput_output2:

comput_output3:

comput_output4:

spawning command ./ieee_6.exe 
exp9 file6
close result is child process exited abnormally
FAIL: gfortran.dg/ieee/ieee_6.f90   -Os  execution test

                === gfortran Summary ===

# of expected passes            6
# of unexpected failures        6
compiler is gcc
GCC path is .
shared lib extension: so
pid is 4330 -4330
pid is -1
output is /usr/lib/gcc/riscv64-linux-gnu/10.3.1/libgcc_s.so
 status 0
pid is 4333 -4333
pid is -1
output is .
 status 0
pid is 4336 -4336
pid is -1
output is .;
 status 0
LD_LIBRARY_PATH=.:/usr/lib/gcc/riscv64-linux-gnu/10.3.1
LD_RUN_PATH=.:/usr/lib/gcc/riscv64-linux-gnu/10.3.1
SHLIB_PATH=.:/usr/lib/gcc/riscv64-linux-gnu/10.3.1
LD_LIBRARY_PATH_32=.:/usr/lib/gcc/riscv64-linux-gnu/10.3.1
LD_LIBRARY_PATH_64=.:/usr/lib/gcc/riscv64-linux-gnu/10.3.1
DYLD_LIBRARY_PATH=.:/usr/lib/gcc/riscv64-linux-gnu/10.3.1
ALWAYS_GFORTRANFLAGS set to {additional_flags=-fno-diagnostics-show-caret -fno-diagnostics-show-line-numbers -fdiagnostics-color=never  -fdiagnostics-urls=never } ldflags=
pid is 4339 -4339
pid is -1
output is Using built-in specs.
COLLECT_GCC=gfortran
COLLECT_LTO_WRAPPER=/usr/libexec/gcc/riscv64-linux-gnu/10.3.1/lto-wrapper
Target: riscv64-linux-gnu
Configured with: ../configure --prefix=/usr --mandir=/usr/share/man --infodir=/usr/share/info --enable-shared --enable-threads=posix --enable-checking=release --with-system-zlib --enable-__cxa_atexit --disable-libunwind-exceptions --enable-gnu-unique-object --enable-linker-build-id --with-linker-hash-style=gnu --enable-languages=c,c++,fortran,objc,obj-c++,lto --enable-plugin --enable-initfini-array --disable-libgcj --without-isl --without-cloog --enable-gnu-indirect-function --build=riscv64-linux-gnu --with-stage1-ldflags=' -Wl,-z,relro,-z,now' --with-boot-ldflags=' -Wl,-z,relro,-z,now' --disable-bootstrap --with-arch=rv64g --with-abi=lp64d --disable-libquadmath --disable-multilib
Thread model: posix
Supported LTO compression algorithms: zlib
gcc version 10.3.1 (GCC) 
 status 0
/usr/bin/gfortran  version 10.3.1 (GCC) 

runtest completed at Wed May 17 23:04:42 2023