[root@openeuler-riscv64 testsuite]# runtest -v --tool g++ dg.exp=patchable_function_entry-default.c
Expect binary is expect
Using /home/install_runtest/share/dejagnu/runtest.exp as main test driver
Verbose level is 1
Login name is root
Using test sources in .
Using test binaries in /home/gcc/gcc/testsuite
Tool root directory is /home/gcc
Using /home/install_runtest/share/dejagnu to find libraries
Found /home/install_runtest/share/dejagnu/libexec/config.guess
Assuming build host is riscv64-unknown-linux-gnu
WARNING: Couldn't find the global config file.
Loading /home/install_runtest/share/dejagnu/utils.exp
Loading /home/install_runtest/share/dejagnu/framework.exp
Loading /home/install_runtest/share/dejagnu/debugger.exp
Loading /home/install_runtest/share/dejagnu/remote.exp
Loading /home/install_runtest/share/dejagnu/telnet.exp
Loading /home/install_runtest/share/dejagnu/rlogin.exp
Loading /home/install_runtest/share/dejagnu/kermit.exp
Loading /home/install_runtest/share/dejagnu/tip.exp
Loading /home/install_runtest/share/dejagnu/rsh.exp
Loading /home/install_runtest/share/dejagnu/ssh.exp
Loading /home/install_runtest/share/dejagnu/ftp.exp
Loading /home/install_runtest/share/dejagnu/target.exp
Loading /home/install_runtest/share/dejagnu/targetdb.exp
Loading /home/install_runtest/share/dejagnu/libgloss.exp
Loading library file ./lib/g++.exp
Loading ./lib/prune.exp
Loading ./lib/multiline.exp
Loading ./lib/gcc-defs.exp
Loading ./lib/target-libpath.exp
Loading ./lib/wrapper.exp
Loading ./lib/target-utils.exp
Loading ./lib/target-supports.exp
Loading ./lib/timeout.exp
Testing g++
Running only tests dg.exp=patchable_function_entry-default.c
Opening log files in .
Test run by root on Wed May 17 22:51:35 2023
Native configuration is riscv64-unknown-linux-gnu

                === g++ tests ===

setting trap for SIGINT to interrupted by user
setting trap for SIGQUIT to interrupted by user
setting trap for SIGTERM to terminated
dirlist is /home/install_runtest/share/dejagnu/baseboards
pushing config for build, name is openeuler-riscv64
dirlist is /home/install_runtest/share/dejagnu/baseboards
pushing config for host, name is openeuler-riscv64
Schedule of variations:
    unix

target is unix
Running target unix
dirlist is /home/install_runtest/share/dejagnu/baseboards/openeuler-riscv64 /home/install_runtest/share/dejagnu/baseboards
Using /home/install_runtest/share/dejagnu/baseboards/unix.exp as board description file for target.
Using /home/install_runtest/share/dejagnu/config/unix.exp as generic interface file for target.
Using ./config/default.exp as tool-and-target-specific interface file.
Loading /home/install_runtest/share/dejagnu/standard.exp
pushing config for target, name is unix
Running ./g++.dg/dg.exp ...
compiler is gcc
GCC path is .
shared lib extension: so
pid is 3605 -3605
pid is -1
output is /usr/lib/gcc/riscv64-linux-gnu/10.3.1/libgcc_s.so
 status 0
pid is 3609 -3609
pid is -1
output is .
 status 0
pid is 3612 -3612
pid is -1
output is .;
 status 0
LD_LIBRARY_PATH=.:/usr/lib/gcc/riscv64-linux-gnu/10.3.1
LD_RUN_PATH=.:/usr/lib/gcc/riscv64-linux-gnu/10.3.1
SHLIB_PATH=.:/usr/lib/gcc/riscv64-linux-gnu/10.3.1
LD_LIBRARY_PATH_32=.:/usr/lib/gcc/riscv64-linux-gnu/10.3.1
LD_LIBRARY_PATH_64=.:/usr/lib/gcc/riscv64-linux-gnu/10.3.1
DYLD_LIBRARY_PATH=.:/usr/lib/gcc/riscv64-linux-gnu/10.3.1
ALWAYS_CXXFLAGS set to {additional_flags=-fno-diagnostics-show-caret -fno-diagnostics-show-line-numbers -fdiagnostics-color=never  -fdiagnostics-urls=never } additional_flags= ldflags= additional_flags=-fmessage-length=0
Loading ./lib/g++-dg.exp
Loading ./lib/gcc-dg.exp
Loading /home/install_runtest/share/dejagnu/dg.exp
Loading ./lib/file-format.exp
Loading ./lib/target-supports-dg.exp
Loading ./lib/scanasm.exp
Loading ./lib/scanrtl.exp
Loading ./lib/scandump.exp
Loading ./lib/scantree.exp
Loading ./lib/scanltranstree.exp
Loading ./lib/scanipa.exp
Loading ./lib/scanwpaipa.exp
Loading ./lib/scanlang.exp
Loading ./lib/timeout-dg.exp
Loading ./lib/torture-options.exp
Loading ./lib/fortran-modules.exp
check_compile tool: g++ for lto
doing compile
pid is 3615 -3615
pid is -1
output is  status 0
check_compile tool: g++ for linker_plugin
doing compile
pid is 3620 -3620
pid is -1
output is  status 0
check_compile tool: g++ for offload_gcn
doing compile
pid is 3633 -3633
pid is -1
close result is 3633 exp6 0 1
output is c++: fatal error: GCC is not configured to support amdgcn-amdhsa as offload target
compilation terminated.
 status 1
compiler exited with status 1
Testing c-c++-common/patchable_function_entry-default.c,  -std=gnu++98
doing compile
pid is 3636 -3636
pid is -1
output is  status 0
check_compile tool: g++ for exceptions_enabled
doing compile
pid is 3640 -3640
pid is -1
output is  status 0
c-c++-common/patchable_function_entry-default.c  -std=gnu++98 : nop|NOP found 4 times
FAIL: c-c++-common/patchable_function_entry-default.c  -std=gnu++98  scan-assembler-times nop|NOP 3
Testing c-c++-common/patchable_function_entry-default.c,  -std=gnu++14
doing compile
pid is 3644 -3644
pid is -1
output is  status 0
c-c++-common/patchable_function_entry-default.c  -std=gnu++14 : nop|NOP found 4 times
FAIL: c-c++-common/patchable_function_entry-default.c  -std=gnu++14  scan-assembler-times nop|NOP 3
Testing c-c++-common/patchable_function_entry-default.c,  -std=gnu++17
doing compile
pid is 3648 -3648
pid is -1
output is  status 0
c-c++-common/patchable_function_entry-default.c  -std=gnu++17 : nop|NOP found 4 times
FAIL: c-c++-common/patchable_function_entry-default.c  -std=gnu++17  scan-assembler-times nop|NOP 3
Testing c-c++-common/patchable_function_entry-default.c,  -std=gnu++2a
doing compile
pid is 3652 -3652
pid is -1
output is  status 0
c-c++-common/patchable_function_entry-default.c  -std=gnu++2a : nop|NOP found 4 times
FAIL: c-c++-common/patchable_function_entry-default.c  -std=gnu++2a  scan-assembler-times nop|NOP 3

                === g++ Summary ===

# of expected passes            4
# of unexpected failures        4
compiler is gcc
GCC path is .
shared lib extension: so
pid is 3660 -3660
pid is -1
output is /usr/lib/gcc/riscv64-linux-gnu/10.3.1/libgcc_s.so
 status 0
pid is 3663 -3663
pid is -1
output is .
 status 0
pid is 3666 -3666
pid is -1
output is .;
 status 0
LD_LIBRARY_PATH=.:/usr/lib/gcc/riscv64-linux-gnu/10.3.1
LD_RUN_PATH=.:/usr/lib/gcc/riscv64-linux-gnu/10.3.1
SHLIB_PATH=.:/usr/lib/gcc/riscv64-linux-gnu/10.3.1
LD_LIBRARY_PATH_32=.:/usr/lib/gcc/riscv64-linux-gnu/10.3.1
LD_LIBRARY_PATH_64=.:/usr/lib/gcc/riscv64-linux-gnu/10.3.1
DYLD_LIBRARY_PATH=.:/usr/lib/gcc/riscv64-linux-gnu/10.3.1
ALWAYS_CXXFLAGS set to {additional_flags=-fno-diagnostics-show-caret -fno-diagnostics-show-line-numbers -fdiagnostics-color=never  -fdiagnostics-urls=never } additional_flags= ldflags= additional_flags=-fmessage-length=0
pid is 3669 -3669
pid is -1
output is Using built-in specs.
COLLECT_GCC=c++
COLLECT_LTO_WRAPPER=/usr/libexec/gcc/riscv64-linux-gnu/10.3.1/lto-wrapper
Target: riscv64-linux-gnu
Configured with: ../configure --prefix=/usr --mandir=/usr/share/man --infodir=/usr/share/info --enable-shared --enable-threads=posix --enable-checking=release --with-system-zlib --enable-__cxa_atexit --disable-libunwind-exceptions --enable-gnu-unique-object --enable-linker-build-id --with-linker-hash-style=gnu --enable-languages=c,c++,fortran,objc,obj-c++,lto --enable-plugin --enable-initfini-array --disable-libgcj --without-isl --without-cloog --enable-gnu-indirect-function --build=riscv64-linux-gnu --with-stage1-ldflags=' -Wl,-z,relro,-z,now' --with-boot-ldflags=' -Wl,-z,relro,-z,now' --disable-bootstrap --with-arch=rv64g --with-abi=lp64d --disable-libquadmath --disable-multilib
Thread model: posix
Supported LTO compression algorithms: zlib
gcc version 10.3.1 (GCC) 
 status 0
/usr/bin/c++  version 10.3.1 (GCC) 

runtest completed at Wed May 17 22:51:48 2023